[2025-11-08 11:21:12] =========================================
[2025-11-08 11:21:12] Starting hourly pipeline
[2025-11-08 11:21:12] =========================================
[2025-11-08 11:21:12] Step 1: Ingesting odds, injuries, and recent results...
[2025-11-08 11:21:13] Ingestion complete
[2025-11-08 11:21:13] Step 2: Refreshing advanced stats...
[2025-11-08 11:21:14] Advanced stats ingestion complete
[2025-11-08 11:21:14] Step 3: Rebuilding datasets...
[2025-11-08 11:21:14] Building dataset for NFL...
[2025-11-08 11:21:17] Building dataset for NBA...
[2025-11-08 11:21:20] Building dataset for CFB...
[2025-11-08 11:21:22] Building dataset for EPL...
[2025-11-08 11:21:24] Building dataset for LALIGA...
[2025-11-08 11:21:25] Building dataset for BUNDESLIGA...
[2025-11-08 11:21:27] Building dataset for SERIEA...
[2025-11-08 11:21:28] Building dataset for LIGUE1...
[2025-11-08 11:21:30] Dataset rebuild complete
[2025-11-08 11:21:30] Step 4: Training models...
[2025-11-08 11:21:30] Training NFL model...
[2025-11-08 11:21:34] Training NBA model...
[2025-11-08 11:21:37] Training CFB model...
[2025-11-08 11:21:42] Training EPL model...
[2025-11-08 11:21:46] Training LALIGA model...
[2025-11-08 11:21:50] Training BUNDESLIGA model...
[2025-11-08 11:21:54] Training SERIEA model...
[2025-11-08 11:21:58] Training LIGUE1 model...
[2025-11-08 11:22:02] Model training complete
[2025-11-08 11:22:02] Step 5: Generating predictions...
[2025-11-08 11:22:02] Forward testing NFL...
[2025-11-08 11:22:11] Updating completed results for NFL...
[2025-11-08 11:22:13] Forward testing NBA...
[2025-11-08 11:22:18] Updating completed results for NBA...
[2025-11-08 11:22:21] Forward testing CFB...
[2025-11-08 11:22:25] Updating completed results for CFB...
[2025-11-08 11:22:28] Forward testing EPL...
[2025-11-08 11:22:32] Updating completed results for EPL...
[2025-11-08 11:22:35] Forward testing LALIGA...
[2025-11-08 11:22:40] Updating completed results for LALIGA...
[2025-11-08 11:22:42] Forward testing BUNDESLIGA...
[2025-11-08 11:22:47] Updating completed results for BUNDESLIGA...
[2025-11-08 11:22:49] Forward testing SERIEA...
[2025-11-08 11:22:54] Updating completed results for SERIEA...
[2025-11-08 11:22:56] Forward testing LIGUE1...
[2025-11-08 11:23:00] WARNING: Forward test failed for LIGUE1
[2025-11-08 11:23:00] Prediction generation complete
[2025-11-08 11:23:00] =========================================
[2025-11-08 11:23:00] Hourly pipeline completed
[2025-11-08 11:23:00] =========================================
