[2025-11-23 11:01:14] =========================================
[2025-11-23 11:01:14] Starting hourly pipeline
[2025-11-23 11:01:14] =========================================
[2025-11-23 11:01:14] Processing leagues: NFL, NBA, CFB, NCAAB, NHL, EPL, LALIGA, BUNDESLIGA, SERIEA, LIGUE1
[2025-11-23 11:01:14] Detecting available soccer seasons from data/raw/results...
[2025-11-23 11:01:22] Detected soccer seasons: EPL:	2022,2023,2024,2025,2026 | BUNDESLIGA:	2016,2023,2024,2025,2026 | LIGUE1:	2016,2023,2024,2025,2026 | LALIGA:	2016,2023,2024,2025,2026 | SERIEA:	2016,2023,2024,2025,2026
[2025-11-23 11:01:22] Step 1: Ingesting odds, injuries, and recent results...
[2025-11-23 11:01:23] Ingestion complete
[2025-11-23 11:01:23] Step 1b: Fetching The Odds API snapshots...
[2025-11-23 11:01:23] Skipping Odds API snapshot for NFL (SkipOdds enabled)
[2025-11-23 11:01:23] Skipping Odds API snapshot for NBA (SkipOdds enabled)
[2025-11-23 11:01:23] Skipping Odds API snapshot for CFB (SkipOdds enabled)
[2025-11-23 11:01:23] Skipping Odds API snapshot for NCAAB (SkipOdds enabled)
[2025-11-23 11:01:23] Skipping Odds API snapshot for NHL (SkipOdds enabled)
[2025-11-23 11:01:23] Skipping Odds API snapshot for EPL (SkipOdds enabled)
[2025-11-23 11:01:23] Skipping Odds API snapshot for LALIGA (SkipOdds enabled)
[2025-11-23 11:01:23] Skipping Odds API snapshot for BUNDESLIGA (SkipOdds enabled)
[2025-11-23 11:01:23] Skipping Odds API snapshot for SERIEA (SkipOdds enabled)
[2025-11-23 11:01:23] Skipping Odds API snapshot for LIGUE1 (SkipOdds enabled)
[2025-11-23 11:01:23] Syncing Understat archives for leagues: EPL,La_liga,Bundesliga,Serie_A,Ligue_1 (seasons: 2021,2022,2023,2024,2025)...
[2025-11-23 11:01:25] Fetching Understat match payloads for leagues: EPL,La_liga,Bundesliga,Serie_A,Ligue_1 (seasons: 2024,2025)...
[2025-11-23 11:01:27] Syncing football-data odds archives for leagues: premier-league,la-liga,bundesliga,serie-a,ligue-1...
[2025-11-23 11:01:29] Updating soccer totals from football-data for leagues: premier-league,la-liga,bundesliga,serie-a,ligue-1...
[2025-11-23 11:01:48] Fetching TeamRankings over/under picks for leagues: NFL,NBA,CFB...
[2025-11-23 11:02:20] Updating TeamRankings picks for leagues: NFL,NBA,CFB...
[2025-11-23 11:02:58] Step 2: Refreshing advanced stats...
[2025-11-23 11:02:58] Advanced stats ingestion complete
[2025-11-23 11:02:58] Step 3: Rebuilding datasets...
[2025-11-23 11:02:58] Building dataset for NFL (seasons: 2021, 2022, 2023, 2024, 2025)...
[2025-11-23 11:03:01] Building dataset for NBA (seasons: 2021, 2022, 2023, 2024, 2025)...
[2025-11-23 11:03:09] Building dataset for CFB (seasons: 2021, 2022, 2023, 2024, 2025)...
[2025-11-23 11:03:11] Building dataset for NCAAB (seasons: 2021, 2022, 2023, 2024, 2025)...
[2025-11-23 11:03:13] Building dataset for NHL (seasons: 2021, 2022, 2023, 2024, 2025)...
[2025-11-23 11:03:14] INFO: Augmenting EPL dataset with historical seasons: 2013, 2014, 2015, 2016, 2022, 2023, 2024, 2025, 2026
[2025-11-23 11:03:14] Building dataset for EPL (seasons: 2013, 2014, 2015, 2016, 2022, 2023, 2024, 2025, 2026)...
[2025-11-23 11:03:18] INFO: Augmenting LALIGA dataset with historical seasons: 2013, 2014, 2015, 2016, 2023, 2024, 2025, 2026
[2025-11-23 11:03:18] Building dataset for LALIGA (seasons: 2013, 2014, 2015, 2016, 2023, 2024, 2025, 2026)...
[2025-11-23 11:03:21] INFO: Augmenting BUNDESLIGA dataset with historical seasons: 2013, 2014, 2015, 2016, 2023, 2024, 2025, 2026
[2025-11-23 11:03:21] Building dataset for BUNDESLIGA (seasons: 2013, 2014, 2015, 2016, 2023, 2024, 2025, 2026)...
[2025-11-23 11:03:23] INFO: Augmenting SERIEA dataset with historical seasons: 2013, 2014, 2015, 2016, 2023, 2024, 2025, 2026
[2025-11-23 11:03:23] Building dataset for SERIEA (seasons: 2013, 2014, 2015, 2016, 2023, 2024, 2025, 2026)...
[2025-11-23 11:03:25] INFO: Augmenting LIGUE1 dataset with historical seasons: 2013, 2014, 2015, 2016, 2023, 2024, 2025, 2026
[2025-11-23 11:03:25] Building dataset for LIGUE1 (seasons: 2013, 2014, 2015, 2016, 2023, 2024, 2025, 2026)...
[2025-11-23 11:03:27] Dataset rebuild complete
[2025-11-23 11:03:27] Step 4: Training models...
[2025-11-23 11:03:27] Training NFL ensemble model...
[2025-11-23 11:04:33] Training NFL random_forest model...
[2025-11-23 11:04:38] Training NFL gradient_boosting model...
[2025-11-23 11:04:46] Training NBA ensemble model...
[2025-11-23 11:05:06] Training NBA random_forest model...
[2025-11-23 11:05:09] Training NBA gradient_boosting model...
[2025-11-23 11:05:12] Training CFB ensemble model...
[2025-11-23 11:05:24] Training CFB random_forest model...
[2025-11-23 11:05:28] Training CFB gradient_boosting model...
[2025-11-23 11:05:31] Training NCAAB ensemble model...
[2025-11-23 11:05:54] Training NCAAB random_forest model...
[2025-11-23 11:05:59] Training NCAAB gradient_boosting model...
[2025-11-23 11:06:04] Training NHL ensemble model...
[2025-11-23 11:06:10] Training NHL random_forest model...
[2025-11-23 11:06:13] Training NHL gradient_boosting model...
[2025-11-23 11:06:17] Training EPL ensemble model...
[2025-11-23 11:06:39] Training EPL random_forest model...
[2025-11-23 11:06:41] Training EPL gradient_boosting model...
[2025-11-23 11:06:45] Training LALIGA ensemble model...
[2025-11-23 11:06:58] Training LALIGA random_forest model...
[2025-11-23 11:07:01] Training LALIGA gradient_boosting model...
[2025-11-23 11:07:04] Training BUNDESLIGA ensemble model...
[2025-11-23 11:07:17] Training BUNDESLIGA random_forest model...
[2025-11-23 11:07:20] Training BUNDESLIGA gradient_boosting model...
[2025-11-23 11:07:24] Training SERIEA ensemble model...
[2025-11-23 11:07:36] Training SERIEA random_forest model...
[2025-11-23 11:07:38] Training SERIEA gradient_boosting model...
[2025-11-23 11:07:42] Training LIGUE1 ensemble model...
[2025-11-23 11:07:53] Training LIGUE1 random_forest model...
[2025-11-23 11:07:56] Training LIGUE1 gradient_boosting model...
[2025-11-23 11:07:59] Model training complete
[2025-11-23 11:07:59] Step 5: Generating predictions...
[2025-11-23 11:07:59] Forward testing NFL with ensemble model...
[2025-11-23 11:08:12] Updating completed results for NFL (ensemble)...
[2025-11-23 11:08:15] Forward testing NFL with random_forest model...
[2025-11-23 11:08:26] Updating completed results for NFL (random_forest)...
[2025-11-23 11:08:28] Forward testing NFL with gradient_boosting model...
[2025-11-23 11:08:40] Updating completed results for NFL (gradient_boosting)...
[2025-11-23 11:08:43] Forward testing NBA with ensemble model...
[2025-11-23 11:08:48] Updating completed results for NBA (ensemble)...
[2025-11-23 11:08:51] Forward testing NBA with random_forest model...
[2025-11-23 11:08:54] Updating completed results for NBA (random_forest)...
[2025-11-23 11:08:57] Forward testing NBA with gradient_boosting model...
[2025-11-23 11:09:01] Updating completed results for NBA (gradient_boosting)...
[2025-11-23 11:09:04] Forward testing CFB with ensemble model...
[2025-11-23 11:09:12] Updating completed results for CFB (ensemble)...
[2025-11-23 11:09:15] Forward testing CFB with random_forest model...
[2025-11-23 11:09:22] Updating completed results for CFB (random_forest)...
[2025-11-23 11:09:25] Forward testing CFB with gradient_boosting model...
[2025-11-23 11:09:29] Updating completed results for CFB (gradient_boosting)...
[2025-11-23 11:09:33] Forward testing NCAAB with ensemble model...
[2025-11-23 11:09:41] Updating completed results for NCAAB (ensemble)...
[2025-11-23 11:09:44] Forward testing NCAAB with random_forest model...
[2025-11-23 11:09:50] Updating completed results for NCAAB (random_forest)...
[2025-11-23 11:09:53] Forward testing NCAAB with gradient_boosting model...
[2025-11-23 11:09:58] Updating completed results for NCAAB (gradient_boosting)...
[2025-11-23 11:10:00] Forward testing NHL with ensemble model...
[2025-11-23 11:10:06] Updating completed results for NHL (ensemble)...
[2025-11-23 11:10:09] Forward testing NHL with random_forest model...
[2025-11-23 11:10:12] Updating completed results for NHL (random_forest)...
[2025-11-23 11:10:15] Forward testing NHL with gradient_boosting model...
[2025-11-23 11:10:19] Updating completed results for NHL (gradient_boosting)...
[2025-11-23 11:10:22] Forward testing EPL with ensemble model...
[2025-11-23 11:10:28] Updating completed results for EPL (ensemble)...
[2025-11-23 11:10:33] Forward testing EPL with random_forest model...
[2025-11-23 11:10:36] Updating completed results for EPL (random_forest)...
[2025-11-23 11:10:39] Forward testing EPL with gradient_boosting model...
[2025-11-23 11:10:44] Updating completed results for EPL (gradient_boosting)...
[2025-11-23 11:10:48] Forward testing LALIGA with ensemble model...
[2025-11-23 11:10:54] Updating completed results for LALIGA (ensemble)...
[2025-11-23 11:11:00] Forward testing LALIGA with random_forest model...
[2025-11-23 11:11:05] Updating completed results for LALIGA (random_forest)...
[2025-11-23 11:11:09] Forward testing LALIGA with gradient_boosting model...
[2025-11-23 11:11:13] Updating completed results for LALIGA (gradient_boosting)...
[2025-11-23 11:11:18] Forward testing BUNDESLIGA with ensemble model...
[2025-11-23 11:11:24] Updating completed results for BUNDESLIGA (ensemble)...
[2025-11-23 11:11:30] Forward testing BUNDESLIGA with random_forest model...
[2025-11-23 11:11:34] Updating completed results for BUNDESLIGA (random_forest)...
[2025-11-23 11:11:37] Forward testing BUNDESLIGA with gradient_boosting model...
[2025-11-23 11:11:41] Updating completed results for BUNDESLIGA (gradient_boosting)...
[2025-11-23 11:11:47] Forward testing SERIEA with ensemble model...
[2025-11-23 11:11:52] Updating completed results for SERIEA (ensemble)...
[2025-11-23 11:11:57] Forward testing SERIEA with random_forest model...
[2025-11-23 11:12:01] Updating completed results for SERIEA (random_forest)...
[2025-11-23 11:12:04] Forward testing SERIEA with gradient_boosting model...
[2025-11-23 11:12:08] Updating completed results for SERIEA (gradient_boosting)...
[2025-11-23 11:12:13] Forward testing LIGUE1 with ensemble model...
[2025-11-23 11:12:18] Updating completed results for LIGUE1 (ensemble)...
[2025-11-23 11:12:24] Forward testing LIGUE1 with random_forest model...
[2025-11-23 11:12:28] Updating completed results for LIGUE1 (random_forest)...
[2025-11-23 11:12:31] Forward testing LIGUE1 with gradient_boosting model...
[2025-11-23 11:12:35] Updating completed results for LIGUE1 (gradient_boosting)...
[2025-11-23 11:12:40] Prediction generation complete
[2025-11-23 11:12:40] Step 6: Syncing results across model types...
[2025-11-23 11:12:41] Results synced successfully across all model types
[2025-11-23 11:12:41] =========================================
[2025-11-23 11:12:41] Hourly pipeline completed
[2025-11-23 11:12:41] =========================================
