[2025-11-13 03:41:46] =========================================
[2025-11-13 03:41:46] Starting hourly pipeline
[2025-11-13 03:41:46] =========================================
[2025-11-13 03:41:46] Processing leagues: NFL, NBA, CFB, EPL, LALIGA, BUNDESLIGA, SERIEA, LIGUE1
[2025-11-13 03:41:46] Detecting available soccer seasons from data/raw/results...
[2025-11-13 03:41:54] Detected soccer seasons: EPL:	2022,2023,2024,2025,2026 | BUNDESLIGA:	2016,2023,2024,2025,2026 | LIGUE1:	2016,2023,2024,2025,2026 | LALIGA:	2016,2023,2024,2025,2026 | SERIEA:	2016,2023,2024,2025,2026
[2025-11-13 03:41:54] Step 1: Ingesting odds, injuries, and recent results...
[2025-11-13 03:41:55] Ingestion complete
[2025-11-13 03:41:55] Syncing Understat archives for leagues: EPL,La_liga,Bundesliga,Serie_A,Ligue_1 (seasons: 2021,2022,2023,2024,2025)...
[2025-11-13 03:41:57] Fetching Understat match payloads for leagues: EPL,La_liga,Bundesliga,Serie_A,Ligue_1 (seasons: 2024,2025)...
[2025-11-13 03:41:59] Syncing football-data odds archives for leagues: premier-league,la-liga,bundesliga,serie-a,ligue-1...
[2025-11-13 03:42:01] Step 2: Refreshing advanced stats...
[2025-11-13 03:42:02] Advanced stats ingestion complete
[2025-11-13 03:42:02] Step 3: Rebuilding datasets...
[2025-11-13 03:42:02] Building dataset for NFL (seasons: 2021, 2022, 2023, 2024, 2025)...
[2025-11-13 03:42:04] Building dataset for NBA (seasons: 2021, 2022, 2023, 2024, 2025)...
[2025-11-13 03:42:07] Building dataset for CFB (seasons: 2021, 2022, 2023, 2024, 2025)...
[2025-11-13 03:42:09] INFO: Augmenting EPL dataset with historical seasons: 2013, 2014, 2015, 2016, 2022, 2023, 2024, 2025, 2026
[2025-11-13 03:42:09] Building dataset for EPL (seasons: 2013, 2014, 2015, 2016, 2022, 2023, 2024, 2025, 2026)...
[2025-11-13 03:42:13] INFO: Augmenting LALIGA dataset with historical seasons: 2013, 2014, 2015, 2016, 2023, 2024, 2025, 2026
[2025-11-13 03:42:13] Building dataset for LALIGA (seasons: 2013, 2014, 2015, 2016, 2023, 2024, 2025, 2026)...
[2025-11-13 03:42:15] INFO: Augmenting BUNDESLIGA dataset with historical seasons: 2013, 2014, 2015, 2016, 2023, 2024, 2025, 2026
[2025-11-13 03:42:15] Building dataset for BUNDESLIGA (seasons: 2013, 2014, 2015, 2016, 2023, 2024, 2025, 2026)...
[2025-11-13 03:42:18] INFO: Augmenting SERIEA dataset with historical seasons: 2013, 2014, 2015, 2016, 2023, 2024, 2025, 2026
[2025-11-13 03:42:18] Building dataset for SERIEA (seasons: 2013, 2014, 2015, 2016, 2023, 2024, 2025, 2026)...
[2025-11-13 03:42:20] INFO: Augmenting LIGUE1 dataset with historical seasons: 2013, 2014, 2015, 2016, 2023, 2024, 2025, 2026
[2025-11-13 03:42:20] Building dataset for LIGUE1 (seasons: 2013, 2014, 2015, 2016, 2023, 2024, 2025, 2026)...
[2025-11-13 03:42:22] Dataset rebuild complete
[2025-11-13 03:42:22] Step 4: Training models...
[2025-11-13 03:42:22] Training NFL model...
[2025-11-13 03:42:34] Training NBA model...
[2025-11-13 03:42:51] Training CFB model...
[2025-11-13 03:42:55] Training EPL model...
[2025-11-13 03:43:00] Training LALIGA model...
[2025-11-13 03:43:04] Training BUNDESLIGA model...
[2025-11-13 03:43:08] Training SERIEA model...
[2025-11-13 03:43:13] Training LIGUE1 model...
[2025-11-13 03:43:17] Model training complete
[2025-11-13 03:43:17] Step 5: Generating predictions...
[2025-11-13 03:43:17] Forward testing NFL...
[2025-11-13 03:43:26] Updating completed results for NFL...
[2025-11-13 03:43:29] Forward testing NBA...
[2025-11-13 03:43:34] Updating completed results for NBA...
[2025-11-13 03:43:36] Forward testing CFB...
[2025-11-13 03:43:40] Updating completed results for CFB...
[2025-11-13 03:43:43] Forward testing EPL...
[2025-11-13 03:43:47] Updating completed results for EPL...
[2025-11-13 03:43:51] Forward testing LALIGA...
[2025-11-13 03:43:55] Updating completed results for LALIGA...
[2025-11-13 03:43:59] Forward testing BUNDESLIGA...
[2025-11-13 03:44:04] Updating completed results for BUNDESLIGA...
[2025-11-13 03:44:08] Forward testing SERIEA...
[2025-11-13 03:44:12] Updating completed results for SERIEA...
[2025-11-13 03:44:17] Forward testing LIGUE1...
[2025-11-13 03:44:19] Updating completed results for LIGUE1...
[2025-11-13 03:44:21] Prediction generation complete
[2025-11-13 03:44:21] =========================================
[2025-11-13 03:44:21] Hourly pipeline completed
[2025-11-13 03:44:21] =========================================
