[2025-11-08 13:27:29] =========================================
[2025-11-08 13:27:29] Starting hourly pipeline
[2025-11-08 13:27:29] =========================================
[2025-11-08 13:27:29] Step 1: Ingesting odds, injuries, and recent results...
[2025-11-08 13:27:31] Ingestion complete
[2025-11-08 13:27:31] Step 2: Refreshing advanced stats...
[2025-11-08 13:27:32] Advanced stats ingestion complete
[2025-11-08 13:27:32] Step 3: Rebuilding datasets...
[2025-11-08 13:27:32] Building dataset for NFL...
[2025-11-08 13:27:35] Building dataset for NBA...
[2025-11-08 13:27:38] Building dataset for CFB...
[2025-11-08 13:27:41] Building dataset for EPL...
[2025-11-08 13:27:43] WARNING: Dataset build failed for EPL
[2025-11-08 13:27:43] Building dataset for LALIGA...
[2025-11-08 13:27:44] Building dataset for BUNDESLIGA...
[2025-11-08 13:27:46] WARNING: Dataset build failed for BUNDESLIGA
[2025-11-08 13:27:46] Building dataset for SERIEA...
[2025-11-08 13:27:48] WARNING: Dataset build failed for SERIEA
[2025-11-08 13:27:48] Building dataset for LIGUE1...
[2025-11-08 13:27:49] WARNING: Dataset build failed for LIGUE1
[2025-11-08 13:27:49] Dataset rebuild complete
[2025-11-08 13:27:49] Step 4: Training models...
[2025-11-08 13:27:49] Training NFL model...
