[2025-11-10 18:31:17] =========================================
[2025-11-10 18:31:17] Starting hourly pipeline
[2025-11-10 18:31:17] =========================================
[2025-11-10 18:31:17] Step 1: Ingesting odds, injuries, and recent results...
[2025-11-10 18:31:18] Ingestion complete
[2025-11-10 18:31:18] Step 2: Refreshing advanced stats...
[2025-11-10 18:31:20] Advanced stats ingestion complete
[2025-11-10 18:31:20] Step 3: Rebuilding datasets...
[2025-11-10 18:31:20] Building dataset for NFL...
[2025-11-10 18:31:24] Building dataset for NBA...
[2025-11-10 18:31:27] Building dataset for CFB...
[2025-11-10 18:31:30] ERROR: Dataset rebuild step failed: You cannot call a method on a null-valued expression.
[2025-11-10 18:31:30] Step 4: Training models...
[2025-11-10 18:31:30] Training NFL model...
[2025-11-10 18:31:36] Training NBA model...
[2025-11-10 18:31:40] Training CFB model...
[2025-11-10 18:31:46] Model training complete
[2025-11-10 18:31:46] Step 5: Generating predictions...
[2025-11-10 18:31:46] Forward testing NFL...
[2025-11-10 18:32:15] Updating completed results for NFL...
[2025-11-10 18:32:20] Forward testing NBA...
[2025-11-10 18:32:49] Updating completed results for NBA...
[2025-11-10 18:32:54] Forward testing CFB...
[2025-11-10 18:33:01] Updating completed results for CFB...
[2025-11-10 18:33:06] Prediction generation complete
[2025-11-10 18:33:06] =========================================
[2025-11-10 18:33:06] Hourly pipeline completed
[2025-11-10 18:33:06] =========================================
[2025-11-10 18:33:06] Detecting available soccer seasons from data/raw/results...
[2025-11-10 18:33:09] Detected soccer seasons: EPL:	2022,2023,2024,2025,2026 | BUNDESLIGA:	2016,2023,2024,2025,2026 | LIGUE1:	2016,2023,2024,2025,2026 | LALIGA:	2016,2023,2024,2025,2026 | SERIEA:	2016,2023,2024,2025,2026
