[2025-11-10 18:06:14] =========================================
[2025-11-10 18:06:14] Starting hourly pipeline
[2025-11-10 18:06:14] =========================================
[2025-11-10 18:06:14] Step 1: Ingesting odds, injuries, and recent results...
[2025-11-10 18:06:16] Ingestion complete
[2025-11-10 18:06:16] Step 2: Refreshing advanced stats...
[2025-11-10 18:06:17] Advanced stats ingestion complete
[2025-11-10 18:06:17] Step 3: Rebuilding datasets...
[2025-11-10 18:06:17] Building dataset for NFL...
[2025-11-10 18:06:21] Building dataset for NBA...
[2025-11-10 18:06:25] Building dataset for CFB...
[2025-11-10 18:06:28] Building dataset for EPL...
[2025-11-10 18:06:30] Building dataset for LALIGA...
[2025-11-10 18:06:33] WARNING: Dataset build failed for LALIGA
[2025-11-10 18:06:33] Building dataset for BUNDESLIGA...
[2025-11-10 18:06:35] Building dataset for SERIEA...
[2025-11-10 18:06:37] WARNING: Dataset build failed for SERIEA
[2025-11-10 18:06:37] Building dataset for LIGUE1...
[2025-11-10 18:06:39] WARNING: Dataset build failed for LIGUE1
[2025-11-10 18:06:39] Dataset rebuild complete
[2025-11-10 18:06:39] Step 4: Training models...
[2025-11-10 18:06:39] Training NFL model...
[2025-11-10 18:06:45] Training NBA model...
[2025-11-10 18:06:49] Training CFB model...
[2025-11-10 18:06:54] Training EPL model...
[2025-11-10 18:06:57] WARNING: Training failed for EPL
[2025-11-10 18:06:57] Training BUNDESLIGA model...
[2025-11-10 18:07:00] WARNING: Training failed for BUNDESLIGA
[2025-11-10 18:07:00] Model training complete
[2025-11-10 18:07:00] Step 5: Generating predictions...
[2025-11-10 18:07:00] Forward testing NFL...
[2025-11-10 18:07:26] Updating completed results for NFL...
[2025-11-10 18:07:31] Forward testing NBA...
[2025-11-10 18:07:37] Updating completed results for NBA...
[2025-11-10 18:07:41] Forward testing CFB...
[2025-11-10 18:08:05] Updating completed results for CFB...
[2025-11-10 18:08:09] Prediction generation complete
[2025-11-10 18:08:09] =========================================
[2025-11-10 18:08:09] Hourly pipeline completed
[2025-11-10 18:08:09] =========================================
