[2025-11-10 19:28:44] =========================================
[2025-11-10 19:28:44] Starting hourly pipeline
[2025-11-10 19:28:44] =========================================
[2025-11-10 19:28:44] Detecting available soccer seasons from data/raw/results...
[2025-11-10 19:28:53] Detected soccer seasons: EPL:	2022,2023,2024,2025,2026 | BUNDESLIGA:	2016,2023,2024,2025,2026 | LIGUE1:	2016,2023,2024,2025,2026 | LALIGA:	2016,2023,2024,2025,2026 | SERIEA:	2016,2023,2024,2025,2026
[2025-11-10 19:28:53] Step 1: Ingesting odds, injuries, and recent results...
[2025-11-10 19:28:55] Ingestion complete
[2025-11-10 19:28:55] Step 2: Refreshing advanced stats...
[2025-11-10 19:28:57] Advanced stats ingestion complete
[2025-11-10 19:28:57] Step 3: Rebuilding datasets...
[2025-11-10 19:28:57] Building dataset for NFL...
[2025-11-10 19:29:01] Building dataset for NBA...
[2025-11-10 19:29:05] Building dataset for CFB...
[2025-11-10 19:29:08] Building dataset for EPL...
[2025-11-10 19:29:10] \INFO: Primary seasons for EPL produced insufficient data. Supplementing with historical seasons...\
[2025-11-10 19:29:13] Building dataset for LALIGA...
[2025-11-10 19:29:15] \INFO: Primary seasons for LALIGA produced insufficient data. Supplementing with historical seasons...\
[2025-11-10 19:29:18] Building dataset for BUNDESLIGA...
[2025-11-10 19:29:20] \INFO: Primary seasons for BUNDESLIGA produced insufficient data. Supplementing with historical seasons...\
[2025-11-10 19:29:23] Building dataset for SERIEA...
[2025-11-10 19:29:25] \INFO: Primary seasons for SERIEA produced insufficient data. Supplementing with historical seasons...\
[2025-11-10 19:29:27] Building dataset for LIGUE1...
[2025-11-10 19:29:30] \INFO: Primary seasons for LIGUE1 produced insufficient data. Supplementing with historical seasons...\
[2025-11-10 19:29:33] Dataset rebuild complete
[2025-11-10 19:29:33] Step 4: Training models...
[2025-11-10 19:29:33] Training NFL model...
[2025-11-10 19:29:46] Training NBA model...
[2025-11-10 19:29:51] Training CFB model...
[2025-11-10 19:30:18] Model training complete
[2025-11-10 19:30:18] Step 5: Generating predictions...
[2025-11-10 19:30:18] Forward testing NFL...
[2025-11-10 19:30:28] Updating completed results for NFL...
[2025-11-10 19:30:33] Forward testing NBA...
[2025-11-10 19:30:40] Updating completed results for NBA...
[2025-11-10 19:30:45] Forward testing CFB...
[2025-11-10 19:30:52] Updating completed results for CFB...
[2025-11-10 19:30:57] Prediction generation complete
[2025-11-10 19:30:57] =========================================
[2025-11-10 19:30:57] Hourly pipeline completed
[2025-11-10 19:30:57] =========================================
