[2025-11-13 00:05:33] =========================================
[2025-11-13 00:05:33] Starting hourly pipeline
[2025-11-13 00:05:33] =========================================
[2025-11-13 00:05:33] Processing leagues: NFL, NBA, CFB, EPL, LALIGA, BUNDESLIGA, SERIEA, LIGUE1
[2025-11-13 00:05:33] Detecting available soccer seasons from data/raw/results...
[2025-11-13 00:05:41] Detected soccer seasons: EPL:	2022,2023,2024,2025,2026 | BUNDESLIGA:	2016,2023,2024,2025,2026 | LIGUE1:	2016,2023,2024,2025,2026 | LALIGA:	2016,2023,2024,2025,2026 | SERIEA:	2016,2023,2024,2025,2026
[2025-11-13 00:05:41] Step 1: Ingesting odds, injuries, and recent results...
[2025-11-13 00:05:41] Ingestion complete
[2025-11-13 00:05:41] Syncing Understat archives for leagues: EPL,La_liga,Bundesliga,Serie_A,Ligue_1 (seasons: 2021,2022,2023,2024,2025)...
[2025-11-13 00:05:44] Fetching Understat match payloads for leagues: EPL,La_liga,Bundesliga,Serie_A,Ligue_1 (seasons: 2024,2025)...
[2025-11-13 00:05:46] Syncing football-data odds archives for leagues: premier-league,la-liga,bundesliga,serie-a,ligue-1...
[2025-11-13 00:05:47] Step 2: Refreshing advanced stats...
[2025-11-13 00:05:48] Advanced stats ingestion complete
[2025-11-13 00:05:48] Step 3: Rebuilding datasets...
[2025-11-13 00:05:48] Building dataset for NFL (seasons: 2021, 2022, 2023, 2024, 2025)...
[2025-11-13 00:05:51] Building dataset for NBA (seasons: 2021, 2022, 2023, 2024, 2025)...
[2025-11-13 00:05:54] Building dataset for CFB (seasons: 2021, 2022, 2023, 2024, 2025)...
[2025-11-13 00:05:56] INFO: Augmenting EPL dataset with historical seasons: 2013, 2014, 2015, 2016, 2022, 2023, 2024, 2025, 2026
[2025-11-13 00:05:56] Building dataset for EPL (seasons: 2013, 2014, 2015, 2016, 2022, 2023, 2024, 2025, 2026)...
[2025-11-13 00:06:00] INFO: Augmenting LALIGA dataset with historical seasons: 2013, 2014, 2015, 2016, 2023, 2024, 2025, 2026
[2025-11-13 00:06:00] Building dataset for LALIGA (seasons: 2013, 2014, 2015, 2016, 2023, 2024, 2025, 2026)...
[2025-11-13 00:06:02] INFO: Augmenting BUNDESLIGA dataset with historical seasons: 2013, 2014, 2015, 2016, 2023, 2024, 2025, 2026
[2025-11-13 00:06:02] Building dataset for BUNDESLIGA (seasons: 2013, 2014, 2015, 2016, 2023, 2024, 2025, 2026)...
[2025-11-13 00:06:05] INFO: Augmenting SERIEA dataset with historical seasons: 2013, 2014, 2015, 2016, 2023, 2024, 2025, 2026
[2025-11-13 00:06:05] Building dataset for SERIEA (seasons: 2013, 2014, 2015, 2016, 2023, 2024, 2025, 2026)...
[2025-11-13 00:06:07] INFO: Augmenting LIGUE1 dataset with historical seasons: 2013, 2014, 2015, 2016, 2023, 2024, 2025, 2026
[2025-11-13 00:06:07] Building dataset for LIGUE1 (seasons: 2013, 2014, 2015, 2016, 2023, 2024, 2025, 2026)...
[2025-11-13 00:06:09] Dataset rebuild complete
[2025-11-13 00:06:09] Step 4: Training models...
[2025-11-13 00:06:09] Training NFL model...
[2025-11-13 00:06:19] Training NBA model...
[2025-11-13 00:06:22] Training CFB model...
[2025-11-13 00:06:26] Training EPL model...
[2025-11-13 00:06:29] Training LALIGA model...
[2025-11-13 00:06:33] Training BUNDESLIGA model...
[2025-11-13 00:06:36] Training SERIEA model...
[2025-11-13 00:06:40] Training LIGUE1 model...
[2025-11-13 00:06:43] Model training complete
[2025-11-13 00:06:43] Step 5: Generating predictions...
[2025-11-13 00:06:43] Forward testing NFL...
[2025-11-13 00:06:52] Updating completed results for NFL...
[2025-11-13 00:06:55] Forward testing NBA...
[2025-11-13 00:07:00] Updating completed results for NBA...
[2025-11-13 00:07:03] Forward testing CFB...
[2025-11-13 00:07:08] Updating completed results for CFB...
[2025-11-13 00:07:12] Forward testing EPL...
[2025-11-13 00:07:17] Updating completed results for EPL...
[2025-11-13 00:07:22] Forward testing LALIGA...
[2025-11-13 00:07:26] Updating completed results for LALIGA...
[2025-11-13 00:07:34] Forward testing BUNDESLIGA...
[2025-11-13 00:07:38] Updating completed results for BUNDESLIGA...
[2025-11-13 00:07:46] Forward testing SERIEA...
[2025-11-13 00:07:50] Updating completed results for SERIEA...
[2025-11-13 00:07:57] Forward testing LIGUE1...
[2025-11-13 00:08:01] Updating completed results for LIGUE1...
[2025-11-13 00:08:03] Prediction generation complete
[2025-11-13 00:08:03] =========================================
[2025-11-13 00:08:03] Hourly pipeline completed
[2025-11-13 00:08:03] =========================================
