[2025-11-20 09:24:57] =========================================
[2025-11-20 09:24:57] Starting hourly pipeline
[2025-11-20 09:24:57] =========================================
[2025-11-20 09:24:57] Processing leagues: NFL, NBA, CFB, NCAAB, NHL, EPL, LALIGA, BUNDESLIGA, SERIEA, LIGUE1
[2025-11-20 09:24:57] Detecting available soccer seasons from data/raw/results...
[2025-11-20 09:24:59] Detected soccer seasons: EPL:	2022,2023,2024,2025,2026 | BUNDESLIGA:	2016,2023,2024,2025,2026 | LIGUE1:	2016,2023,2024,2025,2026 | LALIGA:	2016,2023,2024,2025,2026 | SERIEA:	2016,2023,2024,2025,2026
[2025-11-20 09:24:59] Step 1: Ingesting odds, injuries, and recent results...
[2025-11-20 09:25:01] Ingestion complete
[2025-11-20 09:25:01] Step 1b: Fetching The Odds API snapshots...
[2025-11-20 09:25:01] Requesting Odds API snapshot for NFL (moneyline + totals)...
[2025-11-20 09:25:05] Requesting Odds API snapshot for NBA (moneyline + totals)...
[2025-11-20 09:25:08] Requesting Odds API snapshot for CFB (moneyline + totals)...
[2025-11-20 09:25:12] Requesting Odds API snapshot for NCAAB (moneyline + totals)...
[2025-11-20 09:25:15] Requesting Odds API snapshot for NHL (moneyline + totals)...
[2025-11-20 09:25:19] Requesting Odds API snapshot for EPL (moneyline + totals)...
[2025-11-20 09:25:22] Requesting Odds API snapshot for LALIGA (moneyline + totals)...
[2025-11-20 09:25:26] Requesting Odds API snapshot for BUNDESLIGA (moneyline + totals)...
[2025-11-20 09:25:29] Requesting Odds API snapshot for SERIEA (moneyline + totals)...
[2025-11-20 09:25:33] Requesting Odds API snapshot for LIGUE1 (moneyline + totals)...
[2025-11-20 09:25:36] Syncing Understat archives for leagues: EPL,La_liga,Bundesliga,Serie_A,Ligue_1 (seasons: 2021,2022,2023,2024,2025)...
[2025-11-20 09:25:39] Fetching Understat match payloads for leagues: EPL,La_liga,Bundesliga,Serie_A,Ligue_1 (seasons: 2024,2025)...
[2025-11-20 09:25:41] Syncing football-data odds archives for leagues: premier-league,la-liga,bundesliga,serie-a,ligue-1...
[2025-11-20 09:25:44] Updating soccer totals from football-data for leagues: premier-league,la-liga,bundesliga,serie-a,ligue-1...
[2025-11-20 09:26:11] Fetching TeamRankings over/under picks for leagues: NFL,NBA,CFB...
[2025-11-20 09:27:50] Updating TeamRankings picks for leagues: NFL,NBA,CFB...
[2025-11-20 09:28:08] Step 2: Refreshing advanced stats...
[2025-11-20 09:28:10] Advanced stats ingestion complete
[2025-11-20 09:28:10] Step 3: Rebuilding datasets...
[2025-11-20 09:28:10] Building dataset for NFL (seasons: 2021, 2022, 2023, 2024, 2025)...
[2025-11-20 09:28:14] Building dataset for NBA (seasons: 2021, 2022, 2023, 2024, 2025)...
[2025-11-20 09:28:19] Building dataset for CFB (seasons: 2021, 2022, 2023, 2024, 2025)...
[2025-11-20 09:28:22] Building dataset for NCAAB (seasons: 2021, 2022, 2023, 2024, 2025)...
[2025-11-20 09:28:24] Building dataset for NHL (seasons: 2021, 2022, 2023, 2024, 2025)...
[2025-11-20 09:28:26] INFO: Augmenting EPL dataset with historical seasons: 2013, 2014, 2015, 2016, 2022, 2023, 2024, 2025, 2026
[2025-11-20 09:28:26] Building dataset for EPL (seasons: 2013, 2014, 2015, 2016, 2022, 2023, 2024, 2025, 2026)...
[2025-11-20 09:28:32] INFO: Augmenting LALIGA dataset with historical seasons: 2013, 2014, 2015, 2016, 2023, 2024, 2025, 2026
[2025-11-20 09:28:32] Building dataset for LALIGA (seasons: 2013, 2014, 2015, 2016, 2023, 2024, 2025, 2026)...
[2025-11-20 09:28:36] INFO: Augmenting BUNDESLIGA dataset with historical seasons: 2013, 2014, 2015, 2016, 2023, 2024, 2025, 2026
[2025-11-20 09:28:36] Building dataset for BUNDESLIGA (seasons: 2013, 2014, 2015, 2016, 2023, 2024, 2025, 2026)...
[2025-11-20 09:28:40] INFO: Augmenting SERIEA dataset with historical seasons: 2013, 2014, 2015, 2016, 2023, 2024, 2025, 2026
[2025-11-20 09:28:40] Building dataset for SERIEA (seasons: 2013, 2014, 2015, 2016, 2023, 2024, 2025, 2026)...
[2025-11-20 09:28:43] INFO: Augmenting LIGUE1 dataset with historical seasons: 2013, 2014, 2015, 2016, 2023, 2024, 2025, 2026
[2025-11-20 09:28:43] Building dataset for LIGUE1 (seasons: 2013, 2014, 2015, 2016, 2023, 2024, 2025, 2026)...
[2025-11-20 09:28:46] Dataset rebuild complete
[2025-11-20 09:28:46] Step 4: Training models...
[2025-11-20 09:28:46] Training NFL model...
[2025-11-20 09:28:56] Training NBA model...
[2025-11-20 09:29:01] Training CFB model...
[2025-11-20 09:29:07] Training NCAAB model...
[2025-11-20 09:29:12] Training NHL model...
[2025-11-20 09:29:16] Training EPL model...
[2025-11-20 09:29:21] Training LALIGA model...
[2025-11-20 09:29:27] Training BUNDESLIGA model...
[2025-11-20 09:29:32] Training SERIEA model...
[2025-11-20 09:29:38] Training LIGUE1 model...
[2025-11-20 09:29:43] Model training complete
[2025-11-20 09:29:43] Step 5: Generating predictions...
[2025-11-20 09:29:43] Forward testing NFL...
[2025-11-20 09:30:01] Updating completed results for NFL...
[2025-11-20 09:30:07] Forward testing NBA...
[2025-11-20 09:30:14] Updating completed results for NBA...
[2025-11-20 09:30:20] Forward testing CFB...
[2025-11-20 09:30:24] WARNING: Forward test failed for CFB
[2025-11-20 09:30:24] Forward testing NCAAB...
[2025-11-20 09:30:29] WARNING: Forward test failed for NCAAB
[2025-11-20 09:30:29] Forward testing NHL...
[2025-11-20 09:30:32] WARNING: Forward test failed for NHL
[2025-11-20 09:30:32] Forward testing EPL...
[2025-11-20 09:30:36] WARNING: Forward test failed for EPL
[2025-11-20 09:30:36] Forward testing LALIGA...
[2025-11-20 09:30:41] WARNING: Forward test failed for LALIGA
[2025-11-20 09:30:41] Forward testing BUNDESLIGA...
[2025-11-20 09:30:45] WARNING: Forward test failed for BUNDESLIGA
[2025-11-20 09:30:45] Forward testing SERIEA...
[2025-11-20 09:30:49] WARNING: Forward test failed for SERIEA
[2025-11-20 09:30:49] Forward testing LIGUE1...
[2025-11-20 09:30:54] WARNING: Forward test failed for LIGUE1
[2025-11-20 09:30:54] Prediction generation complete
[2025-11-20 09:30:54] =========================================
[2025-11-20 09:30:54] Hourly pipeline completed
[2025-11-20 09:30:54] =========================================
