[2025-11-22 19:34:30] =========================================
[2025-11-22 19:34:30] Starting hourly pipeline
[2025-11-22 19:34:30] =========================================
[2025-11-22 19:34:30] Processing leagues: NFL, NBA, CFB, NCAAB, NHL, EPL, LALIGA, BUNDESLIGA, SERIEA, LIGUE1
[2025-11-22 19:34:30] Detecting available soccer seasons from data/raw/results...
[2025-11-22 19:34:32] Detected soccer seasons: EPL:	2022,2023,2024,2025,2026 | BUNDESLIGA:	2016,2023,2024,2025,2026 | LIGUE1:	2016,2023,2024,2025,2026 | LALIGA:	2016,2023,2024,2025,2026 | SERIEA:	2016,2023,2024,2025,2026
[2025-11-22 19:34:32] Step 1: Ingesting odds, injuries, and recent results...
[2025-11-22 19:34:32] Ingestion complete
[2025-11-22 19:34:32] Step 1b: Fetching The Odds API snapshots...
[2025-11-22 19:34:32] Requesting Odds API snapshot for NFL (moneyline + totals)...
[2025-11-22 19:34:34] Requesting Odds API snapshot for NBA (moneyline + totals)...
[2025-11-22 19:34:36] Requesting Odds API snapshot for CFB (moneyline + totals)...
[2025-11-22 19:34:38] Requesting Odds API snapshot for NCAAB (moneyline + totals)...
[2025-11-22 19:34:39] Requesting Odds API snapshot for NHL (moneyline + totals)...
[2025-11-22 19:34:41] Requesting Odds API snapshot for EPL (moneyline + totals)...
[2025-11-22 19:34:43] Requesting Odds API snapshot for LALIGA (moneyline + totals)...
[2025-11-22 19:34:45] Requesting Odds API snapshot for BUNDESLIGA (moneyline + totals)...
[2025-11-22 19:34:46] Requesting Odds API snapshot for SERIEA (moneyline + totals)...
[2025-11-22 19:34:48] Requesting Odds API snapshot for LIGUE1 (moneyline + totals)...
[2025-11-22 19:34:49] Syncing Understat archives for leagues: EPL,La_liga,Bundesliga,Serie_A,Ligue_1 (seasons: 2021,2022,2023,2024,2025)...
[2025-11-22 19:34:52] Fetching Understat match payloads for leagues: EPL,La_liga,Bundesliga,Serie_A,Ligue_1 (seasons: 2024,2025)...
[2025-11-22 19:34:53] Syncing football-data odds archives for leagues: premier-league,la-liga,bundesliga,serie-a,ligue-1...
[2025-11-22 19:34:55] Updating soccer totals from football-data for leagues: premier-league,la-liga,bundesliga,serie-a,ligue-1...
[2025-11-22 19:35:14] Fetching TeamRankings over/under picks for leagues: NFL,NBA,CFB...
[2025-11-22 19:35:49] Updating TeamRankings picks for leagues: NFL,NBA,CFB...
[2025-11-22 19:36:20] Step 2: Refreshing advanced stats...
[2025-11-22 19:36:21] Advanced stats ingestion complete
[2025-11-22 19:36:21] Step 3: Rebuilding datasets...
[2025-11-22 19:36:21] Building dataset for NFL (seasons: 2021, 2022, 2023, 2024, 2025)...
[2025-11-22 19:36:23] Building dataset for NBA (seasons: 2021, 2022, 2023, 2024, 2025)...
[2025-11-22 19:36:32] Building dataset for CFB (seasons: 2021, 2022, 2023, 2024, 2025)...
[2025-11-22 19:36:34] Building dataset for NCAAB (seasons: 2021, 2022, 2023, 2024, 2025)...
[2025-11-22 19:36:37] Building dataset for NHL (seasons: 2021, 2022, 2023, 2024, 2025)...
[2025-11-22 19:36:38] INFO: Augmenting EPL dataset with historical seasons: 2013, 2014, 2015, 2016, 2022, 2023, 2024, 2025, 2026
[2025-11-22 19:36:38] Building dataset for EPL (seasons: 2013, 2014, 2015, 2016, 2022, 2023, 2024, 2025, 2026)...
[2025-11-22 19:36:42] INFO: Augmenting LALIGA dataset with historical seasons: 2013, 2014, 2015, 2016, 2023, 2024, 2025, 2026
[2025-11-22 19:36:42] Building dataset for LALIGA (seasons: 2013, 2014, 2015, 2016, 2023, 2024, 2025, 2026)...
[2025-11-22 19:36:45] INFO: Augmenting BUNDESLIGA dataset with historical seasons: 2013, 2014, 2015, 2016, 2023, 2024, 2025, 2026
[2025-11-22 19:36:45] Building dataset for BUNDESLIGA (seasons: 2013, 2014, 2015, 2016, 2023, 2024, 2025, 2026)...
[2025-11-22 19:36:47] INFO: Augmenting SERIEA dataset with historical seasons: 2013, 2014, 2015, 2016, 2023, 2024, 2025, 2026
[2025-11-22 19:36:47] Building dataset for SERIEA (seasons: 2013, 2014, 2015, 2016, 2023, 2024, 2025, 2026)...
[2025-11-22 19:36:49] INFO: Augmenting LIGUE1 dataset with historical seasons: 2013, 2014, 2015, 2016, 2023, 2024, 2025, 2026
[2025-11-22 19:36:49] Building dataset for LIGUE1 (seasons: 2013, 2014, 2015, 2016, 2023, 2024, 2025, 2026)...
[2025-11-22 19:36:51] Dataset rebuild complete
[2025-11-22 19:36:51] Step 4: Training models...
[2025-11-22 19:36:51] Training NFL model...
[2025-11-22 19:38:00] Training NBA model...
[2025-11-22 19:38:21] Training CFB model...
[2025-11-22 19:38:34] Training NCAAB model...
[2025-11-22 19:38:59] Training NHL model...
[2025-11-22 19:39:07] Training EPL model...
[2025-11-22 19:39:31] Training LALIGA model...
[2025-11-22 19:39:45] Training BUNDESLIGA model...
[2025-11-22 19:39:59] Training SERIEA model...
[2025-11-22 19:40:12] Training LIGUE1 model...
[2025-11-22 19:40:25] Model training complete
[2025-11-22 19:40:25] Step 5: Generating predictions...
[2025-11-22 19:40:25] Forward testing NFL...
[2025-11-22 19:40:39] Updating completed results for NFL...
[2025-11-22 19:40:42] Forward testing NBA...
[2025-11-22 19:40:48] Updating completed results for NBA...
[2025-11-22 19:40:51] Forward testing CFB...
[2025-11-22 19:40:57] Updating completed results for CFB...
[2025-11-22 19:41:02] Forward testing NCAAB...
[2025-11-22 19:41:08] Updating completed results for NCAAB...
[2025-11-22 19:41:13] Forward testing NHL...
[2025-11-22 19:41:19] Updating completed results for NHL...
[2025-11-22 19:41:22] Forward testing EPL...
[2025-11-22 19:41:27] Updating completed results for EPL...
[2025-11-22 19:41:31] Forward testing LALIGA...
[2025-11-22 19:41:36] Updating completed results for LALIGA...
[2025-11-22 19:41:41] Forward testing BUNDESLIGA...
[2025-11-22 19:41:46] Updating completed results for BUNDESLIGA...
[2025-11-22 19:41:51] Forward testing SERIEA...
[2025-11-22 19:41:56] Updating completed results for SERIEA...
[2025-11-22 19:42:00] Forward testing LIGUE1...
[2025-11-22 19:42:05] Updating completed results for LIGUE1...
[2025-11-22 19:42:11] Prediction generation complete
[2025-11-22 19:42:11] =========================================
[2025-11-22 19:42:11] Hourly pipeline completed
[2025-11-22 19:42:11] =========================================
