[2025-11-12 00:07:37] =========================================
[2025-11-12 00:07:37] Starting hourly pipeline
[2025-11-12 00:07:37] =========================================
[2025-11-12 00:07:37] Processing leagues: NFL, NBA, CFB, EPL, LALIGA, BUNDESLIGA, SERIEA, LIGUE1
[2025-11-12 00:07:37] Detecting available soccer seasons from data/raw/results...
[2025-11-12 00:07:41] Detected soccer seasons: EPL:	2022,2023,2024,2025,2026 | BUNDESLIGA:	2016,2023,2024,2025,2026 | LIGUE1:	2016,2023,2024,2025,2026 | LALIGA:	2016,2023,2024,2025,2026 | SERIEA:	2016,2023,2024,2025,2026
[2025-11-12 00:07:41] Step 1: Ingesting odds, injuries, and recent results...
[2025-11-12 00:07:43] Ingestion complete
[2025-11-12 00:07:43] Syncing Understat archives for leagues: EPL,La_liga,Bundesliga,Serie_A,Ligue_1 (seasons: 2021,2022,2023,2024,2025)...
[2025-11-12 00:07:47] Fetching Understat match payloads for leagues: EPL,La_liga,Bundesliga,Serie_A,Ligue_1 (seasons: 2024,2025)...
[2025-11-12 00:07:50] Syncing football-data odds archives for leagues: premier-league,la-liga,bundesliga,serie-a,ligue-1...
[2025-11-12 00:07:54] Step 2: Refreshing advanced stats...
[2025-11-12 00:07:56] Advanced stats ingestion complete
[2025-11-12 00:07:56] Step 3: Rebuilding datasets...
[2025-11-12 00:07:56] Building dataset for NFL (seasons: 2021, 2022, 2023, 2024, 2025)...
[2025-11-12 00:08:01] Building dataset for NBA (seasons: 2021, 2022, 2023, 2024, 2025)...
[2025-11-12 00:08:06] Building dataset for CFB (seasons: 2021, 2022, 2023, 2024, 2025)...
[2025-11-12 00:08:09] INFO: Augmenting EPL dataset with historical seasons: 2013, 2014, 2015, 2016, 2022, 2023, 2024, 2025, 2026
[2025-11-12 00:08:09] Building dataset for EPL (seasons: 2013, 2014, 2015, 2016, 2022, 2023, 2024, 2025, 2026)...
[2025-11-12 00:08:16] INFO: Augmenting LALIGA dataset with historical seasons: 2013, 2014, 2015, 2016, 2023, 2024, 2025, 2026
[2025-11-12 00:08:16] Building dataset for LALIGA (seasons: 2013, 2014, 2015, 2016, 2023, 2024, 2025, 2026)...
[2025-11-12 00:08:21] INFO: Augmenting BUNDESLIGA dataset with historical seasons: 2013, 2014, 2015, 2016, 2023, 2024, 2025, 2026
[2025-11-12 00:08:21] Building dataset for BUNDESLIGA (seasons: 2013, 2014, 2015, 2016, 2023, 2024, 2025, 2026)...
[2025-11-12 00:08:25] INFO: Augmenting SERIEA dataset with historical seasons: 2013, 2014, 2015, 2016, 2023, 2024, 2025, 2026
[2025-11-12 00:08:25] Building dataset for SERIEA (seasons: 2013, 2014, 2015, 2016, 2023, 2024, 2025, 2026)...
[2025-11-12 00:08:29] INFO: Augmenting LIGUE1 dataset with historical seasons: 2013, 2014, 2015, 2016, 2023, 2024, 2025, 2026
[2025-11-12 00:08:29] Building dataset for LIGUE1 (seasons: 2013, 2014, 2015, 2016, 2023, 2024, 2025, 2026)...
[2025-11-12 00:08:33] Dataset rebuild complete
[2025-11-12 00:08:33] Step 4: Training models...
[2025-11-12 00:08:33] Training NFL model...
[2025-11-12 00:08:40] Training NBA model...
[2025-11-12 00:09:24] Training CFB model...
[2025-11-12 00:10:05] Training EPL model...
[2025-11-12 00:10:45] Training LALIGA model...
[2025-11-12 00:11:26] Training BUNDESLIGA model...
[2025-11-12 00:11:33] Training SERIEA model...
[2025-11-12 00:12:20] Training LIGUE1 model...
[2025-11-12 00:13:01] Model training complete
[2025-11-12 00:13:01] Step 5: Generating predictions...
[2025-11-12 00:13:01] Forward testing NFL...
[2025-11-12 00:13:49] Updating completed results for NFL...
[2025-11-12 00:13:54] Forward testing NBA...
[2025-11-12 00:14:38] Updating completed results for NBA...
[2025-11-12 00:14:43] Forward testing CFB...
[2025-11-12 00:14:51] Updating completed results for CFB...
[2025-11-12 00:14:58] Forward testing EPL...
[2025-11-12 00:15:41] Updating completed results for EPL...
[2025-11-12 00:15:47] Forward testing LALIGA...
[2025-11-12 00:15:54] Updating completed results for LALIGA...
[2025-11-12 00:15:59] Forward testing BUNDESLIGA...
[2025-11-12 00:16:45] Updating completed results for BUNDESLIGA...
[2025-11-12 00:16:51] Forward testing SERIEA...
[2025-11-12 00:17:38] Updating completed results for SERIEA...
[2025-11-12 00:17:43] Forward testing LIGUE1...
[2025-11-12 00:17:48] Updating completed results for LIGUE1...
[2025-11-12 00:17:52] Prediction generation complete
[2025-11-12 00:17:52] =========================================
[2025-11-12 00:17:52] Hourly pipeline completed
[2025-11-12 00:17:52] =========================================
