[2025-11-08 03:05:21] =========================================
[2025-11-08 03:05:21] Starting hourly pipeline
[2025-11-08 03:05:21] =========================================
[2025-11-08 03:05:21] Step 1: Ingesting odds, injuries, and recent results...
[2025-11-08 03:05:22] Ingestion complete
[2025-11-08 03:05:22] Step 2: Refreshing advanced stats...
[2025-11-08 03:05:23] Advanced stats ingestion complete
[2025-11-08 03:05:23] Step 3: Rebuilding datasets...
[2025-11-08 03:05:23] Building dataset for NFL...
[2025-11-08 03:06:04] WARNING: Dataset build failed for NFL
[2025-11-08 03:06:04] Building dataset for NBA...
[2025-11-08 03:06:08] Building dataset for CFB...
[2025-11-08 03:06:10] Building dataset for EPL...
[2025-11-08 03:06:11] Building dataset for LALIGA...
[2025-11-08 03:06:13] Building dataset for BUNDESLIGA...
[2025-11-08 03:06:15] Building dataset for SERIEA...
[2025-11-08 03:06:16] Building dataset for LIGUE1...
[2025-11-08 03:06:18] Dataset rebuild complete
[2025-11-08 03:06:18] Step 4: Training models...
[2025-11-08 03:06:18] Training NFL model...
[2025-11-08 03:06:52] WARNING: Training failed for NFL
[2025-11-08 03:06:52] Training NBA model...
[2025-11-08 03:06:56] Training CFB model...
[2025-11-08 03:07:00] Training EPL model...
