[2025-11-16 11:19:23] =========================================
[2025-11-16 11:19:23] Starting hourly pipeline
[2025-11-16 11:19:23] =========================================
[2025-11-16 11:19:23] Processing leagues: NFL, NBA, CFB, EPL, LALIGA, BUNDESLIGA, SERIEA, LIGUE1
[2025-11-16 11:19:23] Detecting available soccer seasons from data/raw/results...
[2025-11-16 11:19:34] Detected soccer seasons: EPL:	2022,2023,2024,2025,2026 | BUNDESLIGA:	2016,2023,2024,2025,2026 | LIGUE1:	2016,2023,2024,2025,2026 | LALIGA:	2016,2023,2024,2025,2026 | SERIEA:	2016,2023,2024,2025,2026
[2025-11-16 11:19:34] Step 1: Ingesting odds, injuries, and recent results...
[2025-11-16 11:19:35] Ingestion complete
[2025-11-16 11:19:35] Syncing Understat archives for leagues: EPL,La_liga,Bundesliga,Serie_A,Ligue_1 (seasons: 2021,2022,2023,2024,2025)...
[2025-11-16 11:19:38] Fetching Understat match payloads for leagues: EPL,La_liga,Bundesliga,Serie_A,Ligue_1 (seasons: 2024,2025)...
[2025-11-16 11:19:40] Syncing football-data odds archives for leagues: premier-league,la-liga,bundesliga,serie-a,ligue-1...
[2025-11-16 11:19:42] Step 2: Refreshing advanced stats...
[2025-11-16 11:19:43] Advanced stats ingestion complete
[2025-11-16 11:19:43] Step 3: Rebuilding datasets...
[2025-11-16 11:19:43] Building dataset for NFL (seasons: 2021, 2022, 2023, 2024, 2025)...
[2025-11-16 11:19:46] Building dataset for NBA (seasons: 2021, 2022, 2023, 2024, 2025)...
[2025-11-16 11:19:49] Building dataset for CFB (seasons: 2021, 2022, 2023, 2024, 2025)...
[2025-11-16 11:19:51] INFO: Augmenting EPL dataset with historical seasons: 2013, 2014, 2015, 2016, 2022, 2023, 2024, 2025, 2026
[2025-11-16 11:19:51] Building dataset for EPL (seasons: 2013, 2014, 2015, 2016, 2022, 2023, 2024, 2025, 2026)...
[2025-11-16 11:19:55] INFO: Augmenting LALIGA dataset with historical seasons: 2013, 2014, 2015, 2016, 2023, 2024, 2025, 2026
[2025-11-16 11:19:55] Building dataset for LALIGA (seasons: 2013, 2014, 2015, 2016, 2023, 2024, 2025, 2026)...
[2025-11-16 11:19:58] INFO: Augmenting BUNDESLIGA dataset with historical seasons: 2013, 2014, 2015, 2016, 2023, 2024, 2025, 2026
[2025-11-16 11:19:58] Building dataset for BUNDESLIGA (seasons: 2013, 2014, 2015, 2016, 2023, 2024, 2025, 2026)...
[2025-11-16 11:20:00] INFO: Augmenting SERIEA dataset with historical seasons: 2013, 2014, 2015, 2016, 2023, 2024, 2025, 2026
[2025-11-16 11:20:00] Building dataset for SERIEA (seasons: 2013, 2014, 2015, 2016, 2023, 2024, 2025, 2026)...
[2025-11-16 11:20:03] INFO: Augmenting LIGUE1 dataset with historical seasons: 2013, 2014, 2015, 2016, 2023, 2024, 2025, 2026
[2025-11-16 11:20:03] Building dataset for LIGUE1 (seasons: 2013, 2014, 2015, 2016, 2023, 2024, 2025, 2026)...
[2025-11-16 11:20:05] Dataset rebuild complete
[2025-11-16 11:20:05] Step 4: Training models...
[2025-11-16 11:20:05] Training NFL model...
[2025-11-16 11:20:16] Training NBA model...
[2025-11-16 11:20:19] Training CFB model...
[2025-11-16 11:20:23] Training EPL model...
[2025-11-16 11:20:26] Training LALIGA model...
[2025-11-16 11:20:30] Training BUNDESLIGA model...
[2025-11-16 11:20:34] Training SERIEA model...
[2025-11-16 11:20:37] Training LIGUE1 model...
[2025-11-16 11:20:41] Model training complete
[2025-11-16 11:20:41] Step 5: Generating predictions...
[2025-11-16 11:20:41] Forward testing NFL...
[2025-11-16 11:20:49] Updating completed results for NFL...
[2025-11-16 11:20:52] Forward testing NBA...
[2025-11-16 11:20:56] Updating completed results for NBA...
[2025-11-16 11:20:59] Forward testing CFB...
[2025-11-16 11:21:03] Updating completed results for CFB...
[2025-11-16 11:21:07] Forward testing EPL...
[2025-11-16 11:21:11] Updating completed results for EPL...
[2025-11-16 11:21:17] Forward testing LALIGA...
[2025-11-16 11:21:22] Updating completed results for LALIGA...
[2025-11-16 11:21:28] Forward testing BUNDESLIGA...
[2025-11-16 11:21:33] Updating completed results for BUNDESLIGA...
[2025-11-16 11:21:38] Forward testing SERIEA...
[2025-11-16 11:21:43] Updating completed results for SERIEA...
[2025-11-16 11:21:49] Forward testing LIGUE1...
[2025-11-16 11:21:52] Updating completed results for LIGUE1...
[2025-11-16 11:21:54] Prediction generation complete
[2025-11-16 11:21:54] =========================================
[2025-11-16 11:21:54] Hourly pipeline completed
[2025-11-16 11:21:54] =========================================
