[2025-11-08 03:07:39] =========================================
[2025-11-08 03:07:39] Starting hourly pipeline
[2025-11-08 03:07:39] =========================================
[2025-11-08 03:07:39] Step 1: Ingesting odds, injuries, and recent results...
[2025-11-08 03:07:40] Ingestion complete
[2025-11-08 03:07:40] Step 2: Refreshing advanced stats...
[2025-11-08 03:07:41] Advanced stats ingestion complete
[2025-11-08 03:07:41] Step 3: Rebuilding datasets...
[2025-11-08 03:07:41] Building dataset for NFL...
[2025-11-08 03:08:29] Building dataset for NBA...
[2025-11-08 03:08:33] Building dataset for CFB...
[2025-11-08 03:08:35] Building dataset for EPL...
[2025-11-08 03:08:37] Building dataset for LALIGA...
[2025-11-08 03:08:38] Building dataset for BUNDESLIGA...
[2025-11-08 03:08:40] Building dataset for SERIEA...
[2025-11-08 03:08:41] Building dataset for LIGUE1...
[2025-11-08 03:08:43] Dataset rebuild complete
[2025-11-08 03:08:43] Step 4: Training models...
[2025-11-08 03:08:43] Training NFL model...
[2025-11-08 03:08:47] Training NBA model...
[2025-11-08 03:08:51] Training CFB model...
[2025-11-08 03:08:55] Training EPL model...
[2025-11-08 03:08:57] WARNING: Training failed for EPL
[2025-11-08 03:08:57] Training LALIGA model...
[2025-11-08 03:08:59] WARNING: Training failed for LALIGA
[2025-11-08 03:08:59] Training BUNDESLIGA model...
[2025-11-08 03:09:02] WARNING: Training failed for BUNDESLIGA
[2025-11-08 03:09:02] Training SERIEA model...
[2025-11-08 03:09:04] WARNING: Training failed for SERIEA
[2025-11-08 03:09:04] Training LIGUE1 model...
[2025-11-08 03:09:06] WARNING: Training failed for LIGUE1
[2025-11-08 03:09:06] Model training complete
[2025-11-08 03:09:06] Step 5: Generating predictions...
[2025-11-08 03:09:06] Forward testing NFL...
[2025-11-08 03:09:15] Forward testing NBA...
