[2025-11-24 18:21:47] =========================================
[2025-11-24 18:21:47] Starting hourly pipeline
[2025-11-24 18:21:47] =========================================
[2025-11-24 18:21:47] Processing leagues: NFL, NBA, CFB, NCAAB, NHL, EPL, LALIGA, BUNDESLIGA, SERIEA, LIGUE1
[2025-11-24 18:21:47] Detecting available soccer seasons from data/raw/results...
[2025-11-24 18:21:57] Detected soccer seasons: EPL:	2022,2023,2024,2025,2026 | BUNDESLIGA:	2016,2023,2024,2025,2026 | LIGUE1:	2016,2023,2024,2025,2026 | LALIGA:	2016,2023,2024,2025,2026 | SERIEA:	2016,2023,2024,2025,2026
[2025-11-24 18:21:57] Step 1: Ingesting odds, injuries, and recent results...
[2025-11-24 18:21:58] Ingestion complete
[2025-11-24 18:21:58] Step 1b: Fetching The Odds API snapshots...
[2025-11-24 18:21:58] Skipping Odds API snapshot for NFL (SkipOdds enabled)
[2025-11-24 18:21:58] Skipping Odds API snapshot for NBA (SkipOdds enabled)
[2025-11-24 18:21:58] Skipping Odds API snapshot for CFB (SkipOdds enabled)
[2025-11-24 18:21:58] Skipping Odds API snapshot for NCAAB (SkipOdds enabled)
[2025-11-24 18:21:58] Skipping Odds API snapshot for NHL (SkipOdds enabled)
[2025-11-24 18:21:58] Skipping Odds API snapshot for EPL (SkipOdds enabled)
[2025-11-24 18:21:58] Skipping Odds API snapshot for LALIGA (SkipOdds enabled)
[2025-11-24 18:21:58] Skipping Odds API snapshot for BUNDESLIGA (SkipOdds enabled)
[2025-11-24 18:21:58] Skipping Odds API snapshot for SERIEA (SkipOdds enabled)
[2025-11-24 18:21:58] Skipping Odds API snapshot for LIGUE1 (SkipOdds enabled)
[2025-11-24 18:21:58] Syncing Understat archives for leagues: EPL,La_liga,Bundesliga,Serie_A,Ligue_1 (seasons: 2021,2022,2023,2024,2025)...
[2025-11-24 18:22:01] Fetching Understat match payloads for leagues: EPL,La_liga,Bundesliga,Serie_A,Ligue_1 (seasons: 2024,2025)...
[2025-11-24 18:22:03] Syncing football-data odds archives for leagues: premier-league,la-liga,bundesliga,serie-a,ligue-1...
[2025-11-24 18:22:05] Updating soccer totals from football-data for leagues: premier-league,la-liga,bundesliga,serie-a,ligue-1...
[2025-11-24 18:22:29] Fetching TeamRankings over/under picks for leagues: NFL,NBA,CFB...
[2025-11-24 18:23:06] Updating TeamRankings picks for leagues: NFL,NBA,CFB...
[2025-11-24 18:24:03] Step 2: Refreshing advanced stats...
[2025-11-24 18:24:04] Advanced stats ingestion complete
[2025-11-24 18:24:04] Step 3: Rebuilding datasets...
[2025-11-24 18:24:04] Building dataset for NFL (seasons: 2021, 2022, 2023, 2024, 2025)...
[2025-11-24 18:24:08] Building dataset for NBA (seasons: 2021, 2022, 2023, 2024, 2025)...
[2025-11-24 18:24:20] Building dataset for CFB (seasons: 2021, 2022, 2023, 2024, 2025)...
[2025-11-24 18:24:23] Building dataset for NCAAB (seasons: 2021, 2022, 2023, 2024, 2025)...
[2025-11-24 18:24:25] Building dataset for NHL (seasons: 2021, 2022, 2023, 2024, 2025)...
[2025-11-24 18:24:27] INFO: Augmenting EPL dataset with historical seasons: 2013, 2014, 2015, 2016, 2022, 2023, 2024, 2025, 2026
[2025-11-24 18:24:27] Building dataset for EPL (seasons: 2013, 2014, 2015, 2016, 2022, 2023, 2024, 2025, 2026)...
[2025-11-24 18:24:31] INFO: Augmenting LALIGA dataset with historical seasons: 2013, 2014, 2015, 2016, 2023, 2024, 2025, 2026
[2025-11-24 18:24:31] Building dataset for LALIGA (seasons: 2013, 2014, 2015, 2016, 2023, 2024, 2025, 2026)...
[2025-11-24 18:24:34] INFO: Augmenting BUNDESLIGA dataset with historical seasons: 2013, 2014, 2015, 2016, 2023, 2024, 2025, 2026
[2025-11-24 18:24:34] Building dataset for BUNDESLIGA (seasons: 2013, 2014, 2015, 2016, 2023, 2024, 2025, 2026)...
[2025-11-24 18:24:37] INFO: Augmenting SERIEA dataset with historical seasons: 2013, 2014, 2015, 2016, 2023, 2024, 2025, 2026
[2025-11-24 18:24:37] Building dataset for SERIEA (seasons: 2013, 2014, 2015, 2016, 2023, 2024, 2025, 2026)...
[2025-11-24 18:24:40] INFO: Augmenting LIGUE1 dataset with historical seasons: 2013, 2014, 2015, 2016, 2023, 2024, 2025, 2026
[2025-11-24 18:24:40] Building dataset for LIGUE1 (seasons: 2013, 2014, 2015, 2016, 2023, 2024, 2025, 2026)...
[2025-11-24 18:24:43] Dataset rebuild complete
[2025-11-24 18:24:43] Step 4: Training models...
[2025-11-24 18:24:43] Training NFL ensemble model...
[2025-11-24 18:25:59] Training NFL random_forest model...
[2025-11-24 18:26:06] Training NFL gradient_boosting model...
[2025-11-24 18:26:15] Training NBA ensemble model...
[2025-11-24 18:26:41] Training NBA random_forest model...
[2025-11-24 18:26:45] Training NBA gradient_boosting model...
[2025-11-24 18:26:49] Training CFB ensemble model...
[2025-11-24 18:27:04] Training CFB random_forest model...
[2025-11-24 18:27:09] Training CFB gradient_boosting model...
[2025-11-24 18:27:14] Training NCAAB ensemble model...
[2025-11-24 18:27:40] Training NCAAB random_forest model...
[2025-11-24 18:27:46] Training NCAAB gradient_boosting model...
[2025-11-24 18:27:52] Training NHL ensemble model...
[2025-11-24 18:28:00] Training NHL random_forest model...
[2025-11-24 18:28:04] Training NHL gradient_boosting model...
[2025-11-24 18:28:08] Training EPL ensemble model...
[2025-11-24 18:28:35] Training EPL random_forest model...
[2025-11-24 18:28:39] Training EPL gradient_boosting model...
[2025-11-24 18:28:43] Training LALIGA ensemble model...
[2025-11-24 18:28:59] Training LALIGA random_forest model...
[2025-11-24 18:29:03] Training LALIGA gradient_boosting model...
[2025-11-24 18:29:07] Training BUNDESLIGA ensemble model...
[2025-11-24 18:29:23] Training BUNDESLIGA random_forest model...
[2025-11-24 18:29:27] Training BUNDESLIGA gradient_boosting model...
[2025-11-24 18:29:32] Training SERIEA ensemble model...
[2025-11-24 18:29:46] Training SERIEA random_forest model...
[2025-11-24 18:29:49] Training SERIEA gradient_boosting model...
[2025-11-24 18:29:54] Training LIGUE1 ensemble model...
[2025-11-24 18:30:07] Training LIGUE1 random_forest model...
[2025-11-24 18:30:11] Training LIGUE1 gradient_boosting model...
[2025-11-24 18:30:15] Model training complete
[2025-11-24 18:30:15] Step 5: Generating predictions...
[2025-11-24 18:30:15] Forward testing NFL with ensemble model...
[2025-11-24 18:30:18] WARNING: Forward test failed for NFL (ensemble)
[2025-11-24 18:30:18] Forward testing NFL with random_forest model...
[2025-11-24 18:30:21] WARNING: Forward test failed for NFL (random_forest)
[2025-11-24 18:30:21] Forward testing NFL with gradient_boosting model...
[2025-11-24 18:30:25] WARNING: Forward test failed for NFL (gradient_boosting)
[2025-11-24 18:30:25] Forward testing NBA with ensemble model...
[2025-11-24 18:30:28] WARNING: Forward test failed for NBA (ensemble)
[2025-11-24 18:30:28] Forward testing NBA with random_forest model...
[2025-11-24 18:30:31] WARNING: Forward test failed for NBA (random_forest)
[2025-11-24 18:30:31] Forward testing NBA with gradient_boosting model...
[2025-11-24 18:30:34] WARNING: Forward test failed for NBA (gradient_boosting)
[2025-11-24 18:30:34] Forward testing CFB with ensemble model...
[2025-11-24 18:30:37] WARNING: Forward test failed for CFB (ensemble)
[2025-11-24 18:30:37] Forward testing CFB with random_forest model...
[2025-11-24 18:30:39] WARNING: Forward test failed for CFB (random_forest)
[2025-11-24 18:30:39] Forward testing CFB with gradient_boosting model...
[2025-11-24 18:30:42] WARNING: Forward test failed for CFB (gradient_boosting)
[2025-11-24 18:30:42] Forward testing NCAAB with ensemble model...
[2025-11-24 18:30:45] WARNING: Forward test failed for NCAAB (ensemble)
[2025-11-24 18:30:45] Forward testing NCAAB with random_forest model...
[2025-11-24 18:30:48] WARNING: Forward test failed for NCAAB (random_forest)
[2025-11-24 18:30:48] Forward testing NCAAB with gradient_boosting model...
[2025-11-24 18:30:50] WARNING: Forward test failed for NCAAB (gradient_boosting)
[2025-11-24 18:30:50] Forward testing NHL with ensemble model...
[2025-11-24 18:30:53] WARNING: Forward test failed for NHL (ensemble)
[2025-11-24 18:30:53] Forward testing NHL with random_forest model...
[2025-11-24 18:30:56] WARNING: Forward test failed for NHL (random_forest)
[2025-11-24 18:30:56] Forward testing NHL with gradient_boosting model...
[2025-11-24 18:30:59] WARNING: Forward test failed for NHL (gradient_boosting)
[2025-11-24 18:30:59] Forward testing EPL with ensemble model...
[2025-11-24 18:31:02] WARNING: Forward test failed for EPL (ensemble)
[2025-11-24 18:31:02] Forward testing EPL with random_forest model...
[2025-11-24 18:31:04] WARNING: Forward test failed for EPL (random_forest)
[2025-11-24 18:31:04] Forward testing EPL with gradient_boosting model...
[2025-11-24 18:31:07] WARNING: Forward test failed for EPL (gradient_boosting)
[2025-11-24 18:31:07] Forward testing LALIGA with ensemble model...
[2025-11-24 18:31:10] WARNING: Forward test failed for LALIGA (ensemble)
[2025-11-24 18:31:10] Forward testing LALIGA with random_forest model...
[2025-11-24 18:31:12] WARNING: Forward test failed for LALIGA (random_forest)
[2025-11-24 18:31:12] Forward testing LALIGA with gradient_boosting model...
[2025-11-24 18:31:15] WARNING: Forward test failed for LALIGA (gradient_boosting)
[2025-11-24 18:31:15] Forward testing BUNDESLIGA with ensemble model...
[2025-11-24 18:31:18] WARNING: Forward test failed for BUNDESLIGA (ensemble)
[2025-11-24 18:31:18] Forward testing BUNDESLIGA with random_forest model...
[2025-11-24 18:31:21] WARNING: Forward test failed for BUNDESLIGA (random_forest)
[2025-11-24 18:31:21] Forward testing BUNDESLIGA with gradient_boosting model...
[2025-11-24 18:31:23] WARNING: Forward test failed for BUNDESLIGA (gradient_boosting)
[2025-11-24 18:31:23] Forward testing SERIEA with ensemble model...
[2025-11-24 18:31:26] WARNING: Forward test failed for SERIEA (ensemble)
[2025-11-24 18:31:26] Forward testing SERIEA with random_forest model...
[2025-11-24 18:31:29] WARNING: Forward test failed for SERIEA (random_forest)
[2025-11-24 18:31:29] Forward testing SERIEA with gradient_boosting model...
[2025-11-24 18:31:31] WARNING: Forward test failed for SERIEA (gradient_boosting)
[2025-11-24 18:31:31] Forward testing LIGUE1 with ensemble model...
[2025-11-24 18:31:34] WARNING: Forward test failed for LIGUE1 (ensemble)
[2025-11-24 18:31:34] Forward testing LIGUE1 with random_forest model...
[2025-11-24 18:31:37] WARNING: Forward test failed for LIGUE1 (random_forest)
[2025-11-24 18:31:37] Forward testing LIGUE1 with gradient_boosting model...
[2025-11-24 18:31:41] WARNING: Forward test failed for LIGUE1 (gradient_boosting)
[2025-11-24 18:31:41] Prediction generation complete
[2025-11-24 18:31:41] Step 6: Syncing results across model types...
[2025-11-24 18:31:43] Results synced successfully across all model types
[2025-11-24 18:31:43] =========================================
[2025-11-24 18:31:43] Hourly pipeline completed
[2025-11-24 18:31:43] =========================================
