[2025-11-16 22:33:02] =========================================
[2025-11-16 22:33:02] Starting hourly pipeline
[2025-11-16 22:33:02] =========================================
[2025-11-16 22:33:02] Processing leagues: NFL, NBA, CFB, EPL, LALIGA, BUNDESLIGA, SERIEA, LIGUE1
[2025-11-16 22:33:02] Detecting available soccer seasons from data/raw/results...
[2025-11-16 22:33:04] Detected soccer seasons: EPL:	2022,2023,2024,2025,2026 | BUNDESLIGA:	2016,2023,2024,2025,2026 | LIGUE1:	2016,2023,2024,2025,2026 | LALIGA:	2016,2023,2024,2025,2026 | SERIEA:	2016,2023,2024,2025,2026
[2025-11-16 22:33:04] Step 1: Ingesting odds, injuries, and recent results...
[2025-11-16 22:33:05] Ingestion complete
[2025-11-16 22:33:05] Step 1b: Fetching The Odds API snapshots...
[2025-11-16 22:33:05] Requesting Odds API snapshot for NFL...
[2025-11-16 22:33:08] Requesting Odds API snapshot for NBA...
[2025-11-16 22:33:10] Requesting Odds API snapshot for CFB...
[2025-11-16 22:33:13] Requesting Odds API snapshot for EPL...
[2025-11-16 22:33:16] Requesting Odds API snapshot for LALIGA...
[2025-11-16 22:33:18] Requesting Odds API snapshot for BUNDESLIGA...
[2025-11-16 22:33:21] Requesting Odds API snapshot for SERIEA...
[2025-11-16 22:33:23] Requesting Odds API snapshot for LIGUE1...
[2025-11-16 22:33:26] Syncing Understat archives for leagues: EPL,La_liga,Bundesliga,Serie_A,Ligue_1 (seasons: 2021,2022,2023,2024,2025)...
[2025-11-16 22:33:28] Fetching Understat match payloads for leagues: EPL,La_liga,Bundesliga,Serie_A,Ligue_1 (seasons: 2024,2025)...
[2025-11-16 22:33:30] Syncing football-data odds archives for leagues: premier-league,la-liga,bundesliga,serie-a,ligue-1...
[2025-11-16 22:33:32] Step 2: Refreshing advanced stats...
[2025-11-16 22:33:33] Advanced stats ingestion complete
[2025-11-16 22:33:33] Step 3: Rebuilding datasets...
[2025-11-16 22:33:33] Building dataset for NFL (seasons: 2021, 2022, 2023, 2024, 2025)...
[2025-11-16 22:33:36] Building dataset for NBA (seasons: 2021, 2022, 2023, 2024, 2025)...
[2025-11-16 22:33:39] Building dataset for CFB (seasons: 2021, 2022, 2023, 2024, 2025)...
[2025-11-16 22:33:41] INFO: Augmenting EPL dataset with historical seasons: 2013, 2014, 2015, 2016, 2022, 2023, 2024, 2025, 2026
[2025-11-16 22:33:41] Building dataset for EPL (seasons: 2013, 2014, 2015, 2016, 2022, 2023, 2024, 2025, 2026)...
[2025-11-16 22:33:46] INFO: Augmenting LALIGA dataset with historical seasons: 2013, 2014, 2015, 2016, 2023, 2024, 2025, 2026
[2025-11-16 22:33:46] Building dataset for LALIGA (seasons: 2013, 2014, 2015, 2016, 2023, 2024, 2025, 2026)...
[2025-11-16 22:33:49] INFO: Augmenting BUNDESLIGA dataset with historical seasons: 2013, 2014, 2015, 2016, 2023, 2024, 2025, 2026
[2025-11-16 22:33:49] Building dataset for BUNDESLIGA (seasons: 2013, 2014, 2015, 2016, 2023, 2024, 2025, 2026)...
[2025-11-16 22:33:52] INFO: Augmenting SERIEA dataset with historical seasons: 2013, 2014, 2015, 2016, 2023, 2024, 2025, 2026
[2025-11-16 22:33:52] Building dataset for SERIEA (seasons: 2013, 2014, 2015, 2016, 2023, 2024, 2025, 2026)...
[2025-11-16 22:33:55] INFO: Augmenting LIGUE1 dataset with historical seasons: 2013, 2014, 2015, 2016, 2023, 2024, 2025, 2026
[2025-11-16 22:33:55] Building dataset for LIGUE1 (seasons: 2013, 2014, 2015, 2016, 2023, 2024, 2025, 2026)...
[2025-11-16 22:33:58] Dataset rebuild complete
[2025-11-16 22:33:58] Step 4: Training models...
[2025-11-16 22:33:58] Training NFL model...
[2025-11-16 22:34:02] Training NBA model...
[2025-11-16 22:34:06] Training CFB model...
[2025-11-16 22:34:10] Training EPL model...
[2025-11-16 22:34:15] Training LALIGA model...
[2025-11-16 22:34:19] Training BUNDESLIGA model...
[2025-11-16 22:34:23] Training SERIEA model...
[2025-11-16 22:34:27] Training LIGUE1 model...
[2025-11-16 22:34:31] Model training complete
[2025-11-16 22:34:31] Step 5: Generating predictions...
[2025-11-16 22:34:31] Forward testing NFL...
[2025-11-16 22:34:39] Updating completed results for NFL...
[2025-11-16 22:34:42] Forward testing NBA...
[2025-11-16 22:34:47] Updating completed results for NBA...
[2025-11-16 22:34:51] Forward testing CFB...
[2025-11-16 22:34:57] Updating completed results for CFB...
[2025-11-16 22:35:00] Forward testing EPL...
[2025-11-16 22:35:05] Updating completed results for EPL...
[2025-11-16 22:35:11] Forward testing LALIGA...
[2025-11-16 22:35:16] Updating completed results for LALIGA...
[2025-11-16 22:35:24] Forward testing BUNDESLIGA...
[2025-11-16 22:35:28] Updating completed results for BUNDESLIGA...
[2025-11-16 22:35:34] Forward testing SERIEA...
[2025-11-16 22:35:39] Updating completed results for SERIEA...
[2025-11-16 22:35:45] Forward testing LIGUE1...
[2025-11-16 22:35:49] Updating completed results for LIGUE1...
[2025-11-16 22:35:51] Prediction generation complete
[2025-11-16 22:35:51] =========================================
[2025-11-16 22:35:51] Hourly pipeline completed
[2025-11-16 22:35:51] =========================================
