[2025-11-14 02:00:02] =========================================
[2025-11-14 02:00:02] Starting hourly pipeline
[2025-11-14 02:00:02] =========================================
[2025-11-14 02:00:02] Processing leagues: NFL, NBA, CFB, EPL, LALIGA, BUNDESLIGA, SERIEA, LIGUE1
[2025-11-14 02:00:02] Detecting available soccer seasons from data/raw/results...
[2025-11-14 02:00:12] Detected soccer seasons: EPL:	2022,2023,2024,2025,2026 | BUNDESLIGA:	2016,2023,2024,2025,2026 | LIGUE1:	2016,2023,2024,2025,2026 | LALIGA:	2016,2023,2024,2025,2026 | SERIEA:	2016,2023,2024,2025,2026
[2025-11-14 02:00:12] Step 1: Ingesting odds, injuries, and recent results...
[2025-11-14 02:00:13] Ingestion complete
[2025-11-14 02:00:13] Syncing Understat archives for leagues: EPL,La_liga,Bundesliga,Serie_A,Ligue_1 (seasons: 2021,2022,2023,2024,2025)...
[2025-11-14 02:00:15] Fetching Understat match payloads for leagues: EPL,La_liga,Bundesliga,Serie_A,Ligue_1 (seasons: 2024,2025)...
[2025-11-14 02:00:18] Syncing football-data odds archives for leagues: premier-league,la-liga,bundesliga,serie-a,ligue-1...
[2025-11-14 02:00:20] Step 2: Refreshing advanced stats...
[2025-11-14 02:00:21] Advanced stats ingestion complete
[2025-11-14 02:00:21] Step 3: Rebuilding datasets...
[2025-11-14 02:00:21] Building dataset for NFL (seasons: 2021, 2022, 2023, 2024, 2025)...
[2025-11-14 02:00:24] Building dataset for NBA (seasons: 2021, 2022, 2023, 2024, 2025)...
[2025-11-14 02:00:29] Building dataset for CFB (seasons: 2021, 2022, 2023, 2024, 2025)...
[2025-11-14 02:00:31] INFO: Augmenting EPL dataset with historical seasons: 2013, 2014, 2015, 2016, 2022, 2023, 2024, 2025, 2026
[2025-11-14 02:00:31] Building dataset for EPL (seasons: 2013, 2014, 2015, 2016, 2022, 2023, 2024, 2025, 2026)...
[2025-11-14 02:00:37] INFO: Augmenting LALIGA dataset with historical seasons: 2013, 2014, 2015, 2016, 2023, 2024, 2025, 2026
[2025-11-14 02:00:37] Building dataset for LALIGA (seasons: 2013, 2014, 2015, 2016, 2023, 2024, 2025, 2026)...
[2025-11-14 02:00:40] INFO: Augmenting BUNDESLIGA dataset with historical seasons: 2013, 2014, 2015, 2016, 2023, 2024, 2025, 2026
[2025-11-14 02:00:40] Building dataset for BUNDESLIGA (seasons: 2013, 2014, 2015, 2016, 2023, 2024, 2025, 2026)...
[2025-11-14 02:00:44] INFO: Augmenting SERIEA dataset with historical seasons: 2013, 2014, 2015, 2016, 2023, 2024, 2025, 2026
[2025-11-14 02:00:44] Building dataset for SERIEA (seasons: 2013, 2014, 2015, 2016, 2023, 2024, 2025, 2026)...
[2025-11-14 02:00:47] INFO: Augmenting LIGUE1 dataset with historical seasons: 2013, 2014, 2015, 2016, 2023, 2024, 2025, 2026
[2025-11-14 02:00:47] Building dataset for LIGUE1 (seasons: 2013, 2014, 2015, 2016, 2023, 2024, 2025, 2026)...
[2025-11-14 02:00:49] Dataset rebuild complete
[2025-11-14 02:00:49] Step 4: Training models...
[2025-11-14 02:00:49] Training NFL model...
[2025-11-14 02:01:02] Training NBA model...
[2025-11-14 02:01:07] Training CFB model...
[2025-11-14 02:01:12] Training EPL model...
[2025-11-14 02:01:16] Training LALIGA model...
[2025-11-14 02:01:21] Training BUNDESLIGA model...
[2025-11-14 02:01:25] Training SERIEA model...
[2025-11-14 02:01:30] Training LIGUE1 model...
[2025-11-14 02:01:35] Model training complete
[2025-11-14 02:01:35] Step 5: Generating predictions...
[2025-11-14 02:01:35] Forward testing NFL...
[2025-11-14 02:01:45] Updating completed results for NFL...
[2025-11-14 02:01:48] Forward testing NBA...
[2025-11-14 02:01:53] Updating completed results for NBA...
[2025-11-14 02:01:56] Forward testing CFB...
[2025-11-14 02:02:01] Updating completed results for CFB...
[2025-11-14 02:02:05] Forward testing EPL...
[2025-11-14 02:02:10] Updating completed results for EPL...
[2025-11-14 02:02:15] Forward testing LALIGA...
[2025-11-14 02:02:20] Updating completed results for LALIGA...
[2025-11-14 02:02:25] Forward testing BUNDESLIGA...
[2025-11-14 02:02:29] Updating completed results for BUNDESLIGA...
[2025-11-14 02:02:34] Forward testing SERIEA...
[2025-11-14 02:02:38] Updating completed results for SERIEA...
[2025-11-14 02:02:43] Forward testing LIGUE1...
[2025-11-14 02:02:45] Updating completed results for LIGUE1...
[2025-11-14 02:02:47] Prediction generation complete
[2025-11-14 02:02:47] =========================================
[2025-11-14 02:02:47] Hourly pipeline completed
[2025-11-14 02:02:47] =========================================
