[2025-11-12 02:00:02] =========================================
[2025-11-12 02:00:02] Starting hourly pipeline
[2025-11-12 02:00:02] =========================================
[2025-11-12 02:00:02] Processing leagues: NFL, NBA, CFB, EPL, LALIGA, BUNDESLIGA, SERIEA, LIGUE1
[2025-11-12 02:00:02] Detecting available soccer seasons from data/raw/results...
[2025-11-12 02:00:05] Detected soccer seasons: EPL:	2022,2023,2024,2025,2026 | BUNDESLIGA:	2016,2023,2024,2025,2026 | LIGUE1:	2016,2023,2024,2025,2026 | LALIGA:	2016,2023,2024,2025,2026 | SERIEA:	2016,2023,2024,2025,2026
[2025-11-12 02:00:05] Step 1: Ingesting odds, injuries, and recent results...
[2025-11-12 02:00:07] Ingestion complete
[2025-11-12 02:00:07] Syncing Understat archives for leagues: EPL,La_liga,Bundesliga,Serie_A,Ligue_1 (seasons: 2021,2022,2023,2024,2025)...
[2025-11-12 02:00:10] Fetching Understat match payloads for leagues: EPL,La_liga,Bundesliga,Serie_A,Ligue_1 (seasons: 2024,2025)...
[2025-11-12 02:00:13] Syncing football-data odds archives for leagues: premier-league,la-liga,bundesliga,serie-a,ligue-1...
[2025-11-12 02:00:16] Step 2: Refreshing advanced stats...
[2025-11-12 02:00:19] Advanced stats ingestion complete
[2025-11-12 02:00:19] Step 3: Rebuilding datasets...
[2025-11-12 02:00:19] Building dataset for NFL (seasons: 2021, 2022, 2023, 2024, 2025)...
[2025-11-12 02:00:23] Building dataset for NBA (seasons: 2021, 2022, 2023, 2024, 2025)...
[2025-11-12 02:00:27] Building dataset for CFB (seasons: 2021, 2022, 2023, 2024, 2025)...
[2025-11-12 02:00:31] INFO: Augmenting EPL dataset with historical seasons: 2013, 2014, 2015, 2016, 2022, 2023, 2024, 2025, 2026
[2025-11-12 02:00:31] Building dataset for EPL (seasons: 2013, 2014, 2015, 2016, 2022, 2023, 2024, 2025, 2026)...
[2025-11-12 02:00:36] INFO: Augmenting LALIGA dataset with historical seasons: 2013, 2014, 2015, 2016, 2023, 2024, 2025, 2026
[2025-11-12 02:00:36] Building dataset for LALIGA (seasons: 2013, 2014, 2015, 2016, 2023, 2024, 2025, 2026)...
[2025-11-12 02:00:40] INFO: Augmenting BUNDESLIGA dataset with historical seasons: 2013, 2014, 2015, 2016, 2023, 2024, 2025, 2026
[2025-11-12 02:00:40] Building dataset for BUNDESLIGA (seasons: 2013, 2014, 2015, 2016, 2023, 2024, 2025, 2026)...
[2025-11-12 02:00:44] INFO: Augmenting SERIEA dataset with historical seasons: 2013, 2014, 2015, 2016, 2023, 2024, 2025, 2026
[2025-11-12 02:00:44] Building dataset for SERIEA (seasons: 2013, 2014, 2015, 2016, 2023, 2024, 2025, 2026)...
[2025-11-12 02:00:48] INFO: Augmenting LIGUE1 dataset with historical seasons: 2013, 2014, 2015, 2016, 2023, 2024, 2025, 2026
[2025-11-12 02:00:48] Building dataset for LIGUE1 (seasons: 2013, 2014, 2015, 2016, 2023, 2024, 2025, 2026)...
[2025-11-12 02:00:52] Dataset rebuild complete
[2025-11-12 02:00:52] Step 4: Training models...
[2025-11-12 02:00:52] Training NFL model...
[2025-11-12 02:01:44] Training NBA model...
[2025-11-12 02:01:50] Training CFB model...
[2025-11-12 02:02:37] Training EPL model...
[2025-11-12 02:03:26] Training LALIGA model...
[2025-11-12 02:04:16] Training BUNDESLIGA model...
[2025-11-12 02:05:02] Training SERIEA model...
[2025-11-12 02:05:52] Training LIGUE1 model...
[2025-11-12 02:06:39] Model training complete
[2025-11-12 02:06:39] Step 5: Generating predictions...
[2025-11-12 02:06:39] Forward testing NFL...
[2025-11-12 02:07:31] Updating completed results for NFL...
[2025-11-12 02:07:36] Forward testing NBA...
[2025-11-12 02:08:26] Updating completed results for NBA...
[2025-11-12 02:08:31] Forward testing CFB...
[2025-11-12 02:09:19] Updating completed results for CFB...
[2025-11-12 02:09:24] Forward testing EPL...
[2025-11-12 02:10:11] Updating completed results for EPL...
[2025-11-12 02:10:16] Forward testing LALIGA...
[2025-11-12 02:11:01] Updating completed results for LALIGA...
[2025-11-12 02:11:06] Forward testing BUNDESLIGA...
[2025-11-12 02:11:53] Updating completed results for BUNDESLIGA...
[2025-11-12 02:11:58] Forward testing SERIEA...
[2025-11-12 02:12:44] Updating completed results for SERIEA...
[2025-11-12 02:12:49] Forward testing LIGUE1...
[2025-11-12 02:12:54] Updating completed results for LIGUE1...
[2025-11-12 02:12:57] Prediction generation complete
[2025-11-12 02:12:57] =========================================
[2025-11-12 02:12:57] Hourly pipeline completed
[2025-11-12 02:12:57] =========================================
