[2025-11-21 15:02:52] =========================================
[2025-11-21 15:02:52] Starting hourly pipeline
[2025-11-21 15:02:52] =========================================
[2025-11-21 15:02:52] Processing leagues: NFL, NBA, CFB, NCAAB, NHL, EPL, LALIGA, BUNDESLIGA, SERIEA, LIGUE1
[2025-11-21 15:02:52] Detecting available soccer seasons from data/raw/results...
[2025-11-21 15:02:56] Detected soccer seasons: EPL:	2022,2023,2024,2025,2026 | BUNDESLIGA:	2016,2023,2024,2025,2026 | LIGUE1:	2016,2023,2024,2025,2026 | LALIGA:	2016,2023,2024,2025,2026 | SERIEA:	2016,2023,2024,2025,2026
[2025-11-21 15:02:56] Step 1: Ingesting odds, injuries, and recent results...
[2025-11-21 15:02:57] Ingestion complete
[2025-11-21 15:02:57] Step 1b: Fetching The Odds API snapshots...
[2025-11-21 15:02:57] Requesting Odds API snapshot for NFL (moneyline + totals)...
[2025-11-21 15:03:02] Requesting Odds API snapshot for NBA (moneyline + totals)...
[2025-11-21 15:03:05] Requesting Odds API snapshot for CFB (moneyline + totals)...
[2025-11-21 15:03:09] Requesting Odds API snapshot for NCAAB (moneyline + totals)...
[2025-11-21 15:03:11] Requesting Odds API snapshot for NHL (moneyline + totals)...
[2025-11-21 15:03:14] Requesting Odds API snapshot for EPL (moneyline + totals)...
[2025-11-21 15:03:17] Requesting Odds API snapshot for LALIGA (moneyline + totals)...
[2025-11-21 15:03:20] Requesting Odds API snapshot for BUNDESLIGA (moneyline + totals)...
[2025-11-21 15:03:23] Requesting Odds API snapshot for SERIEA (moneyline + totals)...
[2025-11-21 15:03:26] Requesting Odds API snapshot for LIGUE1 (moneyline + totals)...
[2025-11-21 15:03:29] Syncing Understat archives for leagues: EPL,La_liga,Bundesliga,Serie_A,Ligue_1 (seasons: 2021,2022,2023,2024,2025)...
[2025-11-21 15:03:33] Fetching Understat match payloads for leagues: EPL,La_liga,Bundesliga,Serie_A,Ligue_1 (seasons: 2024,2025)...
[2025-11-21 15:03:36] Syncing football-data odds archives for leagues: premier-league,la-liga,bundesliga,serie-a,ligue-1...
[2025-11-21 15:03:39] Updating soccer totals from football-data for leagues: premier-league,la-liga,bundesliga,serie-a,ligue-1...
[2025-11-21 15:04:07] Fetching TeamRankings over/under picks for leagues: NFL,NBA,CFB...
[2025-11-21 15:04:53] Updating TeamRankings picks for leagues: NFL,NBA,CFB...
[2025-11-21 15:05:24] Step 2: Refreshing advanced stats...
[2025-11-21 15:05:26] Advanced stats ingestion complete
[2025-11-21 15:05:26] Step 3: Rebuilding datasets...
[2025-11-21 15:05:26] Building dataset for NFL (seasons: 2021, 2022, 2023, 2024, 2025)...
[2025-11-21 15:05:31] Building dataset for NBA (seasons: 2021, 2022, 2023, 2024, 2025)...
[2025-11-21 15:05:43] Building dataset for CFB (seasons: 2021, 2022, 2023, 2024, 2025)...
[2025-11-21 15:05:46] Building dataset for NCAAB (seasons: 2021, 2022, 2023, 2024, 2025)...
[2025-11-21 15:05:48] WARNING: Dataset build failed for NCAAB
[2025-11-21 15:05:48] Building dataset for NHL (seasons: 2021, 2022, 2023, 2024, 2025)...
[2025-11-21 15:05:50] WARNING: Dataset build failed for NHL
[2025-11-21 15:05:51] INFO: Augmenting EPL dataset with historical seasons: 2013, 2014, 2015, 2016, 2022, 2023, 2024, 2025, 2026
[2025-11-21 15:05:51] Building dataset for EPL (seasons: 2013, 2014, 2015, 2016, 2022, 2023, 2024, 2025, 2026)...
[2025-11-21 15:05:57] INFO: Augmenting LALIGA dataset with historical seasons: 2013, 2014, 2015, 2016, 2023, 2024, 2025, 2026
[2025-11-21 15:05:57] Building dataset for LALIGA (seasons: 2013, 2014, 2015, 2016, 2023, 2024, 2025, 2026)...
[2025-11-21 15:06:01] INFO: Augmenting BUNDESLIGA dataset with historical seasons: 2013, 2014, 2015, 2016, 2023, 2024, 2025, 2026
[2025-11-21 15:06:01] Building dataset for BUNDESLIGA (seasons: 2013, 2014, 2015, 2016, 2023, 2024, 2025, 2026)...
[2025-11-21 15:06:05] INFO: Augmenting SERIEA dataset with historical seasons: 2013, 2014, 2015, 2016, 2023, 2024, 2025, 2026
[2025-11-21 15:06:05] Building dataset for SERIEA (seasons: 2013, 2014, 2015, 2016, 2023, 2024, 2025, 2026)...
[2025-11-21 15:06:08] INFO: Augmenting LIGUE1 dataset with historical seasons: 2013, 2014, 2015, 2016, 2023, 2024, 2025, 2026
[2025-11-21 15:06:08] Building dataset for LIGUE1 (seasons: 2013, 2014, 2015, 2016, 2023, 2024, 2025, 2026)...
[2025-11-21 15:06:12] Dataset rebuild complete
[2025-11-21 15:06:12] Step 4: Training models...
[2025-11-21 15:06:12] Training NFL model...
[2025-11-21 15:06:32] Training NBA model...
[2025-11-21 15:06:39] Training CFB model...
[2025-11-21 15:06:44] Training EPL model...
[2025-11-21 15:06:49] Training LALIGA model...
[2025-11-21 15:06:55] Training BUNDESLIGA model...
[2025-11-21 15:07:00] Training SERIEA model...
[2025-11-21 15:07:07] Training LIGUE1 model...
[2025-11-21 15:07:12] Model training complete
[2025-11-21 15:07:12] Step 5: Generating predictions...
[2025-11-21 15:07:12] Forward testing NFL...
[2025-11-21 15:07:30] Updating completed results for NFL...
[2025-11-21 15:07:34] Forward testing NBA...
[2025-11-21 15:07:42] Updating completed results for NBA...
[2025-11-21 15:07:46] Forward testing CFB...
[2025-11-21 15:07:53] Updating completed results for CFB...
[2025-11-21 15:07:58] Forward testing NCAAB...
[2025-11-21 15:08:05] Updating completed results for NCAAB...
[2025-11-21 15:08:10] Forward testing NHL...
[2025-11-21 15:08:14] WARNING: Forward test failed for NHL
[2025-11-21 15:08:14] Forward testing EPL...
[2025-11-21 15:08:20] Updating completed results for EPL...
[2025-11-21 15:08:25] Forward testing LALIGA...
[2025-11-21 15:08:32] Updating completed results for LALIGA...
[2025-11-21 15:08:38] Forward testing BUNDESLIGA...
[2025-11-21 15:08:44] Updating completed results for BUNDESLIGA...
[2025-11-21 15:08:51] Forward testing SERIEA...
[2025-11-21 15:08:59] Updating completed results for SERIEA...
[2025-11-21 15:09:03] Forward testing LIGUE1...
[2025-11-21 15:09:11] Updating completed results for LIGUE1...
[2025-11-21 15:09:17] Prediction generation complete
[2025-11-21 15:09:17] =========================================
[2025-11-21 15:09:17] Hourly pipeline completed
[2025-11-21 15:09:17] =========================================
