[2025-11-09 14:00:01] =========================================
[2025-11-09 14:00:01] Starting hourly pipeline
[2025-11-09 14:00:01] =========================================
[2025-11-09 14:00:01] Step 1: Ingesting odds, injuries, and recent results...
[2025-11-09 14:00:07] Ingestion complete
[2025-11-09 14:00:07] Step 1b: Fetching soccer odds via OddsPAPI...
[2025-11-09 14:00:42] WARNING: OddsPAPI ingest exited with code 1
[2025-11-09 14:00:42] Step 2: Refreshing advanced stats...
[2025-11-09 14:00:44] Advanced stats ingestion complete
[2025-11-09 14:00:44] Step 3: Rebuilding datasets...
[2025-11-09 14:00:44] Building dataset for NFL...
[2025-11-09 14:00:47] Building dataset for NBA...
[2025-11-09 14:00:50] Building dataset for CFB...
[2025-11-09 14:00:53] Building dataset for EPL...
[2025-11-09 14:00:54] Building dataset for LALIGA...
[2025-11-09 14:00:56] WARNING: Dataset build failed for LALIGA
[2025-11-09 14:00:56] Building dataset for BUNDESLIGA...
[2025-11-09 14:00:58] Building dataset for SERIEA...
[2025-11-09 14:01:00] WARNING: Dataset build failed for SERIEA
[2025-11-09 14:01:00] Building dataset for LIGUE1...
[2025-11-09 14:01:02] WARNING: Dataset build failed for LIGUE1
[2025-11-09 14:01:02] Dataset rebuild complete
[2025-11-09 14:01:02] Step 4: Training models...
[2025-11-09 14:01:02] Training NFL model...
[2025-11-09 14:01:15] Training NBA model...
[2025-11-09 14:01:21] Training CFB model...
[2025-11-09 14:01:25] Training EPL model...
[2025-11-09 14:01:28] WARNING: Training failed for EPL
[2025-11-09 14:01:28] Training BUNDESLIGA model...
[2025-11-09 14:01:31] WARNING: Training failed for BUNDESLIGA
[2025-11-09 14:01:31] Model training complete
[2025-11-09 14:01:31] Step 5: Generating predictions...
[2025-11-09 14:01:31] Forward testing NFL...
[2025-11-09 14:01:39] Updating completed results for NFL...
[2025-11-09 14:01:42] Forward testing NBA...
[2025-11-09 14:01:48] Updating completed results for NBA...
[2025-11-09 14:01:51] Forward testing CFB...
[2025-11-09 14:01:56] Updating completed results for CFB...
[2025-11-09 14:02:00] Prediction generation complete
[2025-11-09 14:02:00] =========================================
[2025-11-09 14:02:00] Hourly pipeline completed
[2025-11-09 14:02:00] =========================================
