[2025-11-11 14:00:03] =========================================
[2025-11-11 14:00:03] Starting hourly pipeline
[2025-11-11 14:00:03] =========================================
[2025-11-11 14:00:03] Processing leagues: NFL, NBA, CFB, EPL, LALIGA, BUNDESLIGA, SERIEA, LIGUE1
[2025-11-11 14:00:03] Detecting available soccer seasons from data/raw/results...
[2025-11-11 14:00:13] Detected soccer seasons: EPL:	2022,2023,2024,2025,2026 | BUNDESLIGA:	2016,2023,2024,2025,2026 | LIGUE1:	2016,2023,2024,2025,2026 | LALIGA:	2016,2023,2024,2025,2026 | SERIEA:	2016,2023,2024,2025,2026
[2025-11-11 14:00:13] Step 1: Ingesting odds, injuries, and recent results...
[2025-11-11 14:00:15] Ingestion complete
[2025-11-11 14:00:15] Syncing Understat archives for leagues: EPL,La_liga,Bundesliga,Serie_A,Ligue_1 (seasons: 2021,2022,2023,2024,2025)...
[2025-11-11 14:00:18] Fetching Understat match payloads for leagues: EPL,La_liga,Bundesliga,Serie_A,Ligue_1 (seasons: 2021,2022,2023,2024,2025)...
[2025-11-11 14:15:37] Syncing football-data odds archives for leagues: premier-league,la-liga,bundesliga,serie-a,ligue-1...
[2025-11-11 14:15:40] Step 2: Refreshing advanced stats...
[2025-11-11 14:15:42] Advanced stats ingestion complete
[2025-11-11 14:15:42] Step 3: Rebuilding datasets...
[2025-11-11 14:15:42] Building dataset for NFL (seasons: 2021, 2022, 2023, 2024, 2025)...
[2025-11-11 14:15:46] Building dataset for NBA (seasons: 2021, 2022, 2023, 2024, 2025)...
[2025-11-11 14:15:50] Building dataset for CFB (seasons: 2021, 2022, 2023, 2024, 2025)...
[2025-11-11 14:15:54] INFO: Augmenting EPL dataset with historical seasons: 2013, 2014, 2015, 2016, 2022, 2023, 2024, 2025, 2026
[2025-11-11 14:15:54] Building dataset for EPL (seasons: 2013, 2014, 2015, 2016, 2022, 2023, 2024, 2025, 2026)...
[2025-11-11 14:16:00] INFO: Augmenting LALIGA dataset with historical seasons: 2013, 2014, 2015, 2016, 2023, 2024, 2025, 2026
[2025-11-11 14:16:00] Building dataset for LALIGA (seasons: 2013, 2014, 2015, 2016, 2023, 2024, 2025, 2026)...
[2025-11-11 14:16:05] INFO: Augmenting BUNDESLIGA dataset with historical seasons: 2013, 2014, 2015, 2016, 2023, 2024, 2025, 2026
[2025-11-11 14:16:05] Building dataset for BUNDESLIGA (seasons: 2013, 2014, 2015, 2016, 2023, 2024, 2025, 2026)...
[2025-11-11 14:16:09] INFO: Augmenting SERIEA dataset with historical seasons: 2013, 2014, 2015, 2016, 2023, 2024, 2025, 2026
[2025-11-11 14:16:09] Building dataset for SERIEA (seasons: 2013, 2014, 2015, 2016, 2023, 2024, 2025, 2026)...
[2025-11-11 14:16:13] INFO: Augmenting LIGUE1 dataset with historical seasons: 2013, 2014, 2015, 2016, 2023, 2024, 2025, 2026
[2025-11-11 14:16:13] Building dataset for LIGUE1 (seasons: 2013, 2014, 2015, 2016, 2023, 2024, 2025, 2026)...
[2025-11-11 14:16:17] Dataset rebuild complete
[2025-11-11 14:16:17] Step 4: Training models...
[2025-11-11 14:16:17] Training NFL model...
[2025-11-11 14:16:30] Training NBA model...
[2025-11-11 14:16:36] Training CFB model...
[2025-11-11 14:16:41] Training EPL model...
[2025-11-11 14:16:47] Training LALIGA model...
[2025-11-11 14:16:52] Training BUNDESLIGA model...
[2025-11-11 14:16:57] Training SERIEA model...
[2025-11-11 14:17:26] Training LIGUE1 model...
[2025-11-11 14:17:31] Model training complete
[2025-11-11 14:17:31] Step 5: Generating predictions...
[2025-11-11 14:17:31] Forward testing NFL...
[2025-11-11 14:18:02] Updating completed results for NFL...
[2025-11-11 14:18:07] Forward testing NBA...
[2025-11-11 14:18:37] Updating completed results for NBA...
[2025-11-11 14:18:42] Forward testing CFB...
[2025-11-11 14:18:49] Updating completed results for CFB...
[2025-11-11 14:18:54] Forward testing EPL...
[2025-11-11 14:19:01] Updating completed results for EPL...
[2025-11-11 14:19:06] Forward testing LALIGA...
[2025-11-11 14:19:12] Updating completed results for LALIGA...
[2025-11-11 14:19:17] Forward testing BUNDESLIGA...
[2025-11-11 14:19:23] Updating completed results for BUNDESLIGA...
[2025-11-11 14:19:28] Forward testing SERIEA...
[2025-11-11 14:19:34] Updating completed results for SERIEA...
[2025-11-11 14:19:40] Forward testing LIGUE1...
[2025-11-11 14:19:45] Updating completed results for LIGUE1...
[2025-11-11 14:19:48] Prediction generation complete
[2025-11-11 14:19:48] =========================================
[2025-11-11 14:19:48] Hourly pipeline completed
[2025-11-11 14:19:48] =========================================
