[2025-11-15 10:56:58] =========================================
[2025-11-15 10:56:58] Starting hourly pipeline
[2025-11-15 10:56:58] =========================================
[2025-11-15 10:56:58] Processing leagues: NFL, NBA, CFB, EPL, LALIGA, BUNDESLIGA, SERIEA, LIGUE1
[2025-11-15 10:56:58] Detecting available soccer seasons from data/raw/results...
[2025-11-15 10:57:00] Detected soccer seasons: EPL:	2022,2023,2024,2025,2026 | BUNDESLIGA:	2016,2023,2024,2025,2026 | LIGUE1:	2016,2023,2024,2025,2026 | LALIGA:	2016,2023,2024,2025,2026 | SERIEA:	2016,2023,2024,2025,2026
[2025-11-15 10:57:00] Step 1: Ingesting odds, injuries, and recent results...
[2025-11-15 10:57:01] Ingestion complete
[2025-11-15 10:57:01] Syncing Understat archives for leagues: EPL,La_liga,Bundesliga,Serie_A,Ligue_1 (seasons: 2021,2022,2023,2024,2025)...
[2025-11-15 10:57:04] Fetching Understat match payloads for leagues: EPL,La_liga,Bundesliga,Serie_A,Ligue_1 (seasons: 2024,2025)...
[2025-11-15 10:57:05] Syncing football-data odds archives for leagues: premier-league,la-liga,bundesliga,serie-a,ligue-1...
[2025-11-15 10:57:07] Step 2: Refreshing advanced stats...
[2025-11-15 10:57:08] Advanced stats ingestion complete
[2025-11-15 10:57:08] Step 3: Rebuilding datasets...
[2025-11-15 10:57:08] Building dataset for NFL (seasons: 2021, 2022, 2023, 2024, 2025)...
[2025-11-15 10:57:11] Building dataset for NBA (seasons: 2021, 2022, 2023, 2024, 2025)...
[2025-11-15 10:57:14] Building dataset for CFB (seasons: 2021, 2022, 2023, 2024, 2025)...
[2025-11-15 10:57:16] INFO: Augmenting EPL dataset with historical seasons: 2013, 2014, 2015, 2016, 2022, 2023, 2024, 2025, 2026
[2025-11-15 10:57:16] Building dataset for EPL (seasons: 2013, 2014, 2015, 2016, 2022, 2023, 2024, 2025, 2026)...
[2025-11-15 10:57:20] INFO: Augmenting LALIGA dataset with historical seasons: 2013, 2014, 2015, 2016, 2023, 2024, 2025, 2026
[2025-11-15 10:57:20] Building dataset for LALIGA (seasons: 2013, 2014, 2015, 2016, 2023, 2024, 2025, 2026)...
[2025-11-15 10:57:23] INFO: Augmenting BUNDESLIGA dataset with historical seasons: 2013, 2014, 2015, 2016, 2023, 2024, 2025, 2026
[2025-11-15 10:57:23] Building dataset for BUNDESLIGA (seasons: 2013, 2014, 2015, 2016, 2023, 2024, 2025, 2026)...
[2025-11-15 10:57:25] INFO: Augmenting SERIEA dataset with historical seasons: 2013, 2014, 2015, 2016, 2023, 2024, 2025, 2026
[2025-11-15 10:57:25] Building dataset for SERIEA (seasons: 2013, 2014, 2015, 2016, 2023, 2024, 2025, 2026)...
[2025-11-15 10:57:27] INFO: Augmenting LIGUE1 dataset with historical seasons: 2013, 2014, 2015, 2016, 2023, 2024, 2025, 2026
[2025-11-15 10:57:27] Building dataset for LIGUE1 (seasons: 2013, 2014, 2015, 2016, 2023, 2024, 2025, 2026)...
[2025-11-15 10:57:29] Dataset rebuild complete
[2025-11-15 10:57:29] Step 4: Training models...
[2025-11-15 10:57:29] Training NFL model...
[2025-11-15 10:57:33] Training NBA model...
[2025-11-15 10:57:36] Training CFB model...
[2025-11-15 10:57:40] Training EPL model...
[2025-11-15 10:57:43] Training LALIGA model...
[2025-11-15 10:57:46] Training BUNDESLIGA model...
[2025-11-15 10:57:50] Training SERIEA model...
[2025-11-15 10:57:53] Training LIGUE1 model...
[2025-11-15 10:57:57] Model training complete
[2025-11-15 10:57:57] Step 5: Generating predictions...
[2025-11-15 10:57:57] Forward testing NFL...
[2025-11-15 10:58:06] Updating completed results for NFL...
[2025-11-15 10:58:09] Forward testing NBA...
[2025-11-15 10:58:14] Updating completed results for NBA...
[2025-11-15 10:58:17] Forward testing CFB...
[2025-11-15 10:58:22] Updating completed results for CFB...
[2025-11-15 10:58:25] Forward testing EPL...
[2025-11-15 10:58:30] Updating completed results for EPL...
[2025-11-15 10:58:36] Forward testing LALIGA...
[2025-11-15 10:58:41] Updating completed results for LALIGA...
[2025-11-15 10:58:49] Forward testing BUNDESLIGA...
[2025-11-15 10:58:53] Updating completed results for BUNDESLIGA...
[2025-11-15 10:59:02] Forward testing SERIEA...
[2025-11-15 10:59:07] Updating completed results for SERIEA...
[2025-11-15 10:59:14] Forward testing LIGUE1...
[2025-11-15 10:59:18] Updating completed results for LIGUE1...
[2025-11-15 10:59:20] Prediction generation complete
[2025-11-15 10:59:20] =========================================
[2025-11-15 10:59:20] Hourly pipeline completed
[2025-11-15 10:59:20] =========================================
