[2025-11-21 13:03:22] =========================================
[2025-11-21 13:03:22] Starting hourly pipeline
[2025-11-21 13:03:22] =========================================
[2025-11-21 13:03:22] Processing leagues: NFL, NBA, CFB, NCAAB, NHL, EPL, LALIGA, BUNDESLIGA, SERIEA, LIGUE1
[2025-11-21 13:03:22] Detecting available soccer seasons from data/raw/results...
[2025-11-21 13:03:33] Detected soccer seasons: EPL:	2022,2023,2024,2025,2026 | BUNDESLIGA:	2016,2023,2024,2025,2026 | LIGUE1:	2016,2023,2024,2025,2026 | LALIGA:	2016,2023,2024,2025,2026 | SERIEA:	2016,2023,2024,2025,2026
[2025-11-21 13:03:33] Step 1: Ingesting odds, injuries, and recent results...
[2025-11-21 13:03:34] Ingestion complete
[2025-11-21 13:03:34] Step 1b: Fetching The Odds API snapshots...
[2025-11-21 13:03:34] Requesting Odds API snapshot for NFL (moneyline + totals)...
[2025-11-21 13:03:38] Requesting Odds API snapshot for NBA (moneyline + totals)...
[2025-11-21 13:03:48] Requesting Odds API snapshot for CFB (moneyline + totals)...
[2025-11-21 13:03:51] Requesting Odds API snapshot for NCAAB (moneyline + totals)...
[2025-11-21 13:03:56] Requesting Odds API snapshot for NHL (moneyline + totals)...
[2025-11-21 13:03:59] Requesting Odds API snapshot for EPL (moneyline + totals)...
[2025-11-21 13:04:03] Requesting Odds API snapshot for LALIGA (moneyline + totals)...
[2025-11-21 13:04:06] Requesting Odds API snapshot for BUNDESLIGA (moneyline + totals)...
[2025-11-21 13:04:09] Requesting Odds API snapshot for SERIEA (moneyline + totals)...
[2025-11-21 13:04:18] Requesting Odds API snapshot for LIGUE1 (moneyline + totals)...
[2025-11-21 13:04:23] Syncing Understat archives for leagues: EPL,La_liga,Bundesliga,Serie_A,Ligue_1 (seasons: 2021,2022,2023,2024,2025)...
[2025-11-21 13:04:26] Fetching Understat match payloads for leagues: EPL,La_liga,Bundesliga,Serie_A,Ligue_1 (seasons: 2024,2025)...
[2025-11-21 13:04:29] Syncing football-data odds archives for leagues: premier-league,la-liga,bundesliga,serie-a,ligue-1...
[2025-11-21 13:04:32] Updating soccer totals from football-data for leagues: premier-league,la-liga,bundesliga,serie-a,ligue-1...
[2025-11-21 13:05:01] Fetching TeamRankings over/under picks for leagues: NFL,NBA,CFB...
[2025-11-21 13:05:46] Updating TeamRankings picks for leagues: NFL,NBA,CFB...
[2025-11-21 13:06:14] Step 2: Refreshing advanced stats...
[2025-11-21 13:06:16] Advanced stats ingestion complete
[2025-11-21 13:06:16] Step 3: Rebuilding datasets...
[2025-11-21 13:06:16] Building dataset for NFL (seasons: 2021, 2022, 2023, 2024, 2025)...
[2025-11-21 13:06:21] Building dataset for NBA (seasons: 2021, 2022, 2023, 2024, 2025)...
[2025-11-21 13:06:33] Building dataset for CFB (seasons: 2021, 2022, 2023, 2024, 2025)...
[2025-11-21 13:06:37] Building dataset for NCAAB (seasons: 2021, 2022, 2023, 2024, 2025)...
[2025-11-21 13:06:39] WARNING: Dataset build failed for NCAAB
[2025-11-21 13:06:39] Building dataset for NHL (seasons: 2021, 2022, 2023, 2024, 2025)...
[2025-11-21 13:06:41] WARNING: Dataset build failed for NHL
[2025-11-21 13:06:41] INFO: Augmenting EPL dataset with historical seasons: 2013, 2014, 2015, 2016, 2022, 2023, 2024, 2025, 2026
[2025-11-21 13:06:41] Building dataset for EPL (seasons: 2013, 2014, 2015, 2016, 2022, 2023, 2024, 2025, 2026)...
[2025-11-21 13:06:48] INFO: Augmenting LALIGA dataset with historical seasons: 2013, 2014, 2015, 2016, 2023, 2024, 2025, 2026
[2025-11-21 13:06:48] Building dataset for LALIGA (seasons: 2013, 2014, 2015, 2016, 2023, 2024, 2025, 2026)...
[2025-11-21 13:06:51] INFO: Augmenting BUNDESLIGA dataset with historical seasons: 2013, 2014, 2015, 2016, 2023, 2024, 2025, 2026
[2025-11-21 13:06:51] Building dataset for BUNDESLIGA (seasons: 2013, 2014, 2015, 2016, 2023, 2024, 2025, 2026)...
[2025-11-21 13:06:55] INFO: Augmenting SERIEA dataset with historical seasons: 2013, 2014, 2015, 2016, 2023, 2024, 2025, 2026
[2025-11-21 13:06:55] Building dataset for SERIEA (seasons: 2013, 2014, 2015, 2016, 2023, 2024, 2025, 2026)...
[2025-11-21 13:06:59] INFO: Augmenting LIGUE1 dataset with historical seasons: 2013, 2014, 2015, 2016, 2023, 2024, 2025, 2026
[2025-11-21 13:06:59] Building dataset for LIGUE1 (seasons: 2013, 2014, 2015, 2016, 2023, 2024, 2025, 2026)...
[2025-11-21 13:07:02] Dataset rebuild complete
[2025-11-21 13:07:02] Step 4: Training models...
[2025-11-21 13:07:02] Training NFL model...
[2025-11-21 13:07:23] Training NBA model...
[2025-11-21 13:07:28] Training CFB model...
[2025-11-21 13:07:34] Training EPL model...
[2025-11-21 13:07:39] Training LALIGA model...
[2025-11-21 13:07:44] Training BUNDESLIGA model...
[2025-11-21 13:07:50] Training SERIEA model...
[2025-11-21 13:07:55] Training LIGUE1 model...
[2025-11-21 13:08:01] Model training complete
[2025-11-21 13:08:01] Step 5: Generating predictions...
[2025-11-21 13:08:01] Forward testing NFL...
[2025-11-21 13:08:18] Updating completed results for NFL...
[2025-11-21 13:08:22] Forward testing NBA...
[2025-11-21 13:08:32] Updating completed results for NBA...
[2025-11-21 13:08:37] Forward testing CFB...
[2025-11-21 13:08:44] Updating completed results for CFB...
[2025-11-21 13:08:49] Forward testing NCAAB...
[2025-11-21 13:08:55] Updating completed results for NCAAB...
[2025-11-21 13:09:01] Forward testing NHL...
[2025-11-21 13:09:04] WARNING: Forward test failed for NHL
[2025-11-21 13:09:04] Forward testing EPL...
[2025-11-21 13:09:10] Updating completed results for EPL...
[2025-11-21 13:09:15] Forward testing LALIGA...
[2025-11-21 13:09:21] Updating completed results for LALIGA...
[2025-11-21 13:09:26] Forward testing BUNDESLIGA...
[2025-11-21 13:09:33] Updating completed results for BUNDESLIGA...
[2025-11-21 13:09:37] Forward testing SERIEA...
[2025-11-21 13:09:44] Updating completed results for SERIEA...
[2025-11-21 13:09:48] Forward testing LIGUE1...
[2025-11-21 13:09:55] Updating completed results for LIGUE1...
[2025-11-21 13:09:59] Prediction generation complete
[2025-11-21 13:09:59] =========================================
[2025-11-21 13:09:59] Hourly pipeline completed
[2025-11-21 13:09:59] =========================================
