[2025-11-11 02:00:02] =========================================
[2025-11-11 02:00:02] Starting hourly pipeline
[2025-11-11 02:00:02] =========================================
[2025-11-11 02:00:02] Processing leagues: NFL, NBA, CFB, EPL, LALIGA, BUNDESLIGA, SERIEA, LIGUE1
[2025-11-11 02:00:02] Detecting available soccer seasons from data/raw/results...
[2025-11-11 02:00:06] Detected soccer seasons: EPL:	2022,2023,2024,2025,2026 | BUNDESLIGA:	2016,2023,2024,2025,2026 | LIGUE1:	2016,2023,2024,2025,2026 | LALIGA:	2016,2023,2024,2025,2026 | SERIEA:	2016,2023,2024,2025,2026
[2025-11-11 02:00:06] Step 1: Ingesting odds, injuries, and recent results...
[2025-11-11 02:00:08] Ingestion complete
[2025-11-11 02:00:08] Syncing Understat archives for leagues: EPL,La_liga,Bundesliga,Serie_A,Ligue_1 (seasons: 2021,2022,2023,2024,2025)...
[2025-11-11 02:00:12] Syncing football-data odds archives for leagues: premier-league,la-liga,bundesliga,serie-a,ligue-1...
[2025-11-11 02:00:15] Step 2: Refreshing advanced stats...
[2025-11-11 02:00:17] Advanced stats ingestion complete
[2025-11-11 02:00:17] Step 3: Rebuilding datasets...
[2025-11-11 02:00:17] Building dataset for NFL (seasons: 2021, 2022, 2023, 2024, 2025)...
[2025-11-11 02:00:21] Building dataset for NBA (seasons: 2021, 2022, 2023, 2024, 2025)...
[2025-11-11 02:00:27] Building dataset for CFB (seasons: 2021, 2022, 2023, 2024, 2025)...
[2025-11-11 02:00:31] INFO: Augmenting EPL dataset with historical seasons: 2013, 2014, 2015, 2016, 2022, 2023, 2024, 2025, 2026
[2025-11-11 02:00:31] Building dataset for EPL (seasons: 2013, 2014, 2015, 2016, 2022, 2023, 2024, 2025, 2026)...
[2025-11-11 02:00:33] INFO: Augmenting LALIGA dataset with historical seasons: 2013, 2014, 2015, 2016, 2023, 2024, 2025, 2026
[2025-11-11 02:00:33] Building dataset for LALIGA (seasons: 2013, 2014, 2015, 2016, 2023, 2024, 2025, 2026)...
[2025-11-11 02:00:36] WARNING: Dataset build failed for LALIGA
[2025-11-11 02:00:36] INFO: Augmenting BUNDESLIGA dataset with historical seasons: 2013, 2014, 2015, 2016, 2023, 2024, 2025, 2026
[2025-11-11 02:00:36] Building dataset for BUNDESLIGA (seasons: 2013, 2014, 2015, 2016, 2023, 2024, 2025, 2026)...
[2025-11-11 02:00:39] INFO: Augmenting SERIEA dataset with historical seasons: 2013, 2014, 2015, 2016, 2023, 2024, 2025, 2026
[2025-11-11 02:00:39] Building dataset for SERIEA (seasons: 2013, 2014, 2015, 2016, 2023, 2024, 2025, 2026)...
[2025-11-11 02:00:42] WARNING: Dataset build failed for SERIEA
[2025-11-11 02:00:42] INFO: Augmenting LIGUE1 dataset with historical seasons: 2013, 2014, 2015, 2016, 2023, 2024, 2025, 2026
[2025-11-11 02:00:42] Building dataset for LIGUE1 (seasons: 2013, 2014, 2015, 2016, 2023, 2024, 2025, 2026)...
[2025-11-11 02:00:44] WARNING: Dataset build failed for LIGUE1
[2025-11-11 02:00:44] Dataset rebuild complete
[2025-11-11 02:00:44] Step 4: Training models...
[2025-11-11 02:00:44] Training NFL model...
[2025-11-11 02:01:36] Training NBA model...
[2025-11-11 02:02:20] Training CFB model...
[2025-11-11 02:03:03] Training EPL model...
[2025-11-11 02:03:09] Training BUNDESLIGA model...
[2025-11-11 02:03:15] Model training complete
[2025-11-11 02:03:15] Step 5: Generating predictions...
[2025-11-11 02:03:15] Forward testing NFL...
[2025-11-11 02:04:01] Updating completed results for NFL...
[2025-11-11 02:04:06] Forward testing NBA...
[2025-11-11 02:04:46] Updating completed results for NBA...
[2025-11-11 02:04:51] Forward testing CFB...
[2025-11-11 02:05:30] Updating completed results for CFB...
[2025-11-11 02:05:35] Forward testing EPL...
[2025-11-11 02:05:42] Updating completed results for EPL...
[2025-11-11 02:05:48] Forward testing BUNDESLIGA...
[2025-11-11 02:05:55] Updating completed results for BUNDESLIGA...
[2025-11-11 02:06:00] Prediction generation complete
[2025-11-11 02:06:00] =========================================
[2025-11-11 02:06:00] Hourly pipeline completed
[2025-11-11 02:06:00] =========================================
