[2025-11-09 22:53:24] =========================================
[2025-11-09 22:53:24] Starting hourly pipeline
[2025-11-09 22:53:24] =========================================
[2025-11-09 22:53:24] Step 1: Ingesting odds, injuries, and recent results...
[2025-11-09 22:53:26] Ingestion complete
[2025-11-09 22:53:26] Step 1b: Fetching soccer odds via OddsPAPI...
[2025-11-09 22:53:55] WARNING: OddsPAPI ingest exited with code 1
[2025-11-09 22:53:55] Step 2: Refreshing advanced stats...
[2025-11-09 22:53:57] Advanced stats ingestion complete
[2025-11-09 22:53:57] Step 3: Rebuilding datasets...
[2025-11-09 22:53:57] Building dataset for NFL...
[2025-11-09 22:54:02] Building dataset for NBA...
[2025-11-09 22:54:07] Building dataset for CFB...
[2025-11-09 22:54:10] Building dataset for EPL...
[2025-11-09 22:54:12] Building dataset for LALIGA...
[2025-11-09 22:54:15] WARNING: Dataset build failed for LALIGA
[2025-11-09 22:54:15] Building dataset for BUNDESLIGA...
[2025-11-09 22:54:17] Building dataset for SERIEA...
[2025-11-09 22:54:19] WARNING: Dataset build failed for SERIEA
[2025-11-09 22:54:19] Building dataset for LIGUE1...
[2025-11-09 22:54:22] WARNING: Dataset build failed for LIGUE1
[2025-11-09 22:54:22] Dataset rebuild complete
[2025-11-09 22:54:22] Step 4: Training models...
[2025-11-09 22:54:22] Training NFL model...
[2025-11-09 22:54:27] Training NBA model...
[2025-11-09 22:54:33] Training CFB model...
[2025-11-09 22:54:38] Training EPL model...
[2025-11-09 22:54:42] WARNING: Training failed for EPL
[2025-11-09 22:54:42] Training BUNDESLIGA model...
[2025-11-09 22:54:45] WARNING: Training failed for BUNDESLIGA
[2025-11-09 22:54:45] Model training complete
[2025-11-09 22:54:45] Step 5: Generating predictions...
[2025-11-09 22:54:45] Forward testing NFL...
[2025-11-09 22:54:55] Updating completed results for NFL...
[2025-11-09 22:54:59] Forward testing NBA...
[2025-11-09 22:55:06] Updating completed results for NBA...
[2025-11-09 22:55:09] Forward testing CFB...
[2025-11-09 22:55:16] Updating completed results for CFB...
[2025-11-09 22:55:20] Prediction generation complete
[2025-11-09 22:55:20] =========================================
[2025-11-09 22:55:20] Hourly pipeline completed
[2025-11-09 22:55:20] =========================================
