[2025-11-10 00:35:37] =========================================
[2025-11-10 00:35:37] Starting hourly pipeline
[2025-11-10 00:35:37] =========================================
[2025-11-10 00:35:37] Step 1: Ingesting odds, injuries, and recent results...
[2025-11-10 00:35:39] Ingestion complete
[2025-11-10 00:35:39] Step 2: Refreshing advanced stats...
[2025-11-10 00:35:41] Advanced stats ingestion complete
[2025-11-10 00:35:41] Step 3: Rebuilding datasets...
[2025-11-10 00:35:41] Building dataset for NFL...
[2025-11-10 00:35:44] Building dataset for NBA...
[2025-11-10 00:35:49] Building dataset for CFB...
[2025-11-10 00:35:52] Building dataset for EPL...
[2025-11-10 00:35:54] Building dataset for LALIGA...
[2025-11-10 00:35:56] WARNING: Dataset build failed for LALIGA
[2025-11-10 00:35:56] Building dataset for BUNDESLIGA...
[2025-11-10 00:35:58] Building dataset for SERIEA...
[2025-11-10 00:36:01] WARNING: Dataset build failed for SERIEA
[2025-11-10 00:36:01] Building dataset for LIGUE1...
[2025-11-10 00:36:03] WARNING: Dataset build failed for LIGUE1
[2025-11-10 00:36:03] Dataset rebuild complete
[2025-11-10 00:36:03] Step 4: Training models...
[2025-11-10 00:36:03] Training NFL model...
[2025-11-10 00:36:09] Training NBA model...
[2025-11-10 00:36:14] Training CFB model...
[2025-11-10 00:36:19] Training EPL model...
[2025-11-10 00:36:22] WARNING: Training failed for EPL
[2025-11-10 00:36:22] Training BUNDESLIGA model...
[2025-11-10 00:36:25] WARNING: Training failed for BUNDESLIGA
[2025-11-10 00:36:25] Model training complete
[2025-11-10 00:36:25] Step 5: Generating predictions...
[2025-11-10 00:36:25] Forward testing NFL...
[2025-11-10 00:36:35] Updating completed results for NFL...
[2025-11-10 00:36:39] Forward testing NBA...
[2025-11-10 00:36:45] Updating completed results for NBA...
[2025-11-10 00:36:49] Forward testing CFB...
[2025-11-10 00:36:56] Updating completed results for CFB...
[2025-11-10 00:37:00] Prediction generation complete
[2025-11-10 00:37:00] =========================================
[2025-11-10 00:37:00] Hourly pipeline completed
[2025-11-10 00:37:00] =========================================
