[2025-11-08 03:09:49] =========================================
[2025-11-08 03:09:49] Starting hourly pipeline
[2025-11-08 03:09:49] =========================================
[2025-11-08 03:09:49] Step 1: Ingesting odds, injuries, and recent results...
[2025-11-08 03:09:50] Ingestion complete
[2025-11-08 03:09:50] Step 2: Refreshing advanced stats...
[2025-11-08 03:09:51] Advanced stats ingestion complete
[2025-11-08 03:09:51] Step 3: Rebuilding datasets...
[2025-11-08 03:09:51] Building dataset for NFL...
[2025-11-08 03:09:54] Building dataset for NBA...
[2025-11-08 03:09:57] Building dataset for CFB...
[2025-11-08 03:09:59] Dataset rebuild complete
[2025-11-08 03:09:59] Step 4: Training models...
[2025-11-08 03:09:59] Training NFL model...
[2025-11-08 03:10:03] Training NBA model...
[2025-11-08 03:10:07] Training CFB model...
[2025-11-08 03:10:11] Model training complete
[2025-11-08 03:10:11] Step 5: Generating predictions...
[2025-11-08 03:10:11] Forward testing NFL...
[2025-11-08 03:10:20] Forward testing NBA...
[2025-11-08 03:10:25] Forward testing CFB...
[2025-11-08 03:10:30] Prediction generation complete
[2025-11-08 03:10:30] =========================================
[2025-11-08 03:10:30] Hourly pipeline completed
[2025-11-08 03:10:30] =========================================
