[2025-11-10 14:00:02] =========================================
[2025-11-10 14:00:02] Starting hourly pipeline
[2025-11-10 14:00:02] =========================================
[2025-11-10 14:00:02] Step 1: Ingesting odds, injuries, and recent results...
[2025-11-10 14:00:08] Ingestion complete
[2025-11-10 14:00:08] Step 2: Refreshing advanced stats...
[2025-11-10 14:00:10] Advanced stats ingestion complete
[2025-11-10 14:00:10] Step 3: Rebuilding datasets...
[2025-11-10 14:00:10] Building dataset for NFL...
[2025-11-10 14:00:17] Building dataset for NBA...
[2025-11-10 14:00:21] Building dataset for CFB...
[2025-11-10 14:00:25] Building dataset for EPL...
[2025-11-10 14:00:27] Building dataset for LALIGA...
[2025-11-10 14:00:29] WARNING: Dataset build failed for LALIGA
[2025-11-10 14:00:29] Building dataset for BUNDESLIGA...
[2025-11-10 14:00:31] Building dataset for SERIEA...
[2025-11-10 14:00:34] WARNING: Dataset build failed for SERIEA
[2025-11-10 14:00:34] Building dataset for LIGUE1...
[2025-11-10 14:00:36] WARNING: Dataset build failed for LIGUE1
[2025-11-10 14:00:36] Dataset rebuild complete
[2025-11-10 14:00:36] Step 4: Training models...
[2025-11-10 14:00:36] Training NFL model...
[2025-11-10 14:01:02] Training NBA model...
[2025-11-10 14:01:07] Training CFB model...
[2025-11-10 14:01:25] Training EPL model...
[2025-11-10 14:01:28] WARNING: Training failed for EPL
[2025-11-10 14:01:28] Training BUNDESLIGA model...
[2025-11-10 14:01:31] WARNING: Training failed for BUNDESLIGA
[2025-11-10 14:01:31] Model training complete
[2025-11-10 14:01:31] Step 5: Generating predictions...
[2025-11-10 14:01:31] Forward testing NFL...
[2025-11-10 14:01:41] Updating completed results for NFL...
[2025-11-10 14:01:45] Forward testing NBA...
[2025-11-10 14:02:05] Updating completed results for NBA...
[2025-11-10 14:02:09] Forward testing CFB...
[2025-11-10 14:02:15] Updating completed results for CFB...
[2025-11-10 14:02:20] Prediction generation complete
[2025-11-10 14:02:20] =========================================
[2025-11-10 14:02:20] Hourly pipeline completed
[2025-11-10 14:02:20] =========================================
