[2025-11-09 22:53:56] =========================================
[2025-11-09 22:53:56] Starting hourly pipeline
[2025-11-09 22:53:56] =========================================
[2025-11-09 22:53:56] Step 1: Ingesting odds, injuries, and recent results...
[2025-11-09 22:53:58] Ingestion complete
[2025-11-09 22:53:58] Step 1b: Fetching soccer odds via OddsPAPI...
[2025-11-09 22:54:28] WARNING: OddsPAPI ingest exited with code 1
[2025-11-09 22:54:28] Step 2: Refreshing advanced stats...
[2025-11-09 22:54:30] Advanced stats ingestion complete
[2025-11-09 22:54:30] Step 3: Rebuilding datasets...
[2025-11-09 22:54:30] Building dataset for NFL...
[2025-11-09 22:54:34] Building dataset for NBA...
[2025-11-09 22:54:38] Building dataset for CFB...
[2025-11-09 22:54:41] Building dataset for EPL...
[2025-11-09 22:54:43] Building dataset for LALIGA...
[2025-11-09 22:54:45] WARNING: Dataset build failed for LALIGA
[2025-11-09 22:54:45] Building dataset for BUNDESLIGA...
[2025-11-09 22:54:48] Building dataset for SERIEA...
[2025-11-09 22:54:50] WARNING: Dataset build failed for SERIEA
[2025-11-09 22:54:50] Building dataset for LIGUE1...
[2025-11-09 22:54:52] WARNING: Dataset build failed for LIGUE1
[2025-11-09 22:54:52] Dataset rebuild complete
[2025-11-09 22:54:52] Step 4: Training models...
[2025-11-09 22:54:52] Training NFL model...
[2025-11-09 22:54:58] Training NBA model...
[2025-11-09 22:55:05] Training CFB model...
[2025-11-09 22:55:10] Training EPL model...
[2025-11-09 22:55:13] WARNING: Training failed for EPL
[2025-11-09 22:55:13] Training BUNDESLIGA model...
[2025-11-09 22:55:16] WARNING: Training failed for BUNDESLIGA
[2025-11-09 22:55:16] Model training complete
[2025-11-09 22:55:16] Step 5: Generating predictions...
[2025-11-09 22:55:16] Forward testing NFL...
[2025-11-09 22:55:23] Updating completed results for NFL...
[2025-11-09 22:55:27] Forward testing NBA...
[2025-11-09 22:55:32] Updating completed results for NBA...
[2025-11-09 22:55:36] Forward testing CFB...
[2025-11-09 22:55:41] Updating completed results for CFB...
[2025-11-09 22:55:44] Prediction generation complete
[2025-11-09 22:55:44] =========================================
[2025-11-09 22:55:44] Hourly pipeline completed
[2025-11-09 22:55:44] =========================================
