[2025-11-19 10:32:53] =========================================
[2025-11-19 10:32:53] Starting hourly pipeline
[2025-11-19 10:32:53] =========================================
[2025-11-19 10:32:53] Processing leagues: NFL, NBA, CFB, EPL, LALIGA, BUNDESLIGA, SERIEA, LIGUE1
[2025-11-19 10:32:53] Detecting available soccer seasons from data/raw/results...
[2025-11-19 10:32:55] Detected soccer seasons: EPL:	2022,2023,2024,2025,2026 | BUNDESLIGA:	2016,2023,2024,2025,2026 | LIGUE1:	2016,2023,2024,2025,2026 | LALIGA:	2016,2023,2024,2025,2026 | SERIEA:	2016,2023,2024,2025,2026
[2025-11-19 10:32:55] Step 1: Ingesting odds, injuries, and recent results...
[2025-11-19 10:32:56] Ingestion complete
[2025-11-19 10:32:56] Step 1b: Fetching The Odds API snapshots...
[2025-11-19 10:32:56] Requesting Odds API snapshot for NFL (moneyline + totals)...
[2025-11-19 10:32:59] Requesting Odds API snapshot for NBA (moneyline + totals)...
[2025-11-19 10:33:04] Requesting Odds API snapshot for CFB (moneyline + totals)...
[2025-11-19 10:33:06] Requesting Odds API snapshot for EPL (moneyline + totals)...
[2025-11-19 10:33:09] Requesting Odds API snapshot for LALIGA (moneyline + totals)...
[2025-11-19 10:33:12] Requesting Odds API snapshot for BUNDESLIGA (moneyline + totals)...
[2025-11-19 10:33:17] Requesting Odds API snapshot for SERIEA (moneyline + totals)...
[2025-11-19 10:33:25] Requesting Odds API snapshot for LIGUE1 (moneyline + totals)...
[2025-11-19 10:33:28] Syncing Understat archives for leagues: EPL,La_liga,Bundesliga,Serie_A,Ligue_1 (seasons: 2021,2022,2023,2024,2025)...
[2025-11-19 10:33:31] Fetching Understat match payloads for leagues: EPL,La_liga,Bundesliga,Serie_A,Ligue_1 (seasons: 2024,2025)...
[2025-11-19 10:33:33] Syncing football-data odds archives for leagues: premier-league,la-liga,bundesliga,serie-a,ligue-1...
[2025-11-19 10:33:35] Updating soccer totals from football-data for leagues: premier-league,la-liga,bundesliga,serie-a,ligue-1...
[2025-11-19 10:33:59] Fetching TeamRankings over/under picks for leagues: NFL,NBA,CFB...
[2025-11-19 10:34:42] Updating TeamRankings picks for leagues: NFL,NBA,CFB...
[2025-11-19 10:34:49] Step 2: Refreshing advanced stats...
[2025-11-19 10:34:50] Advanced stats ingestion complete
[2025-11-19 10:34:50] Step 3: Rebuilding datasets...
[2025-11-19 10:34:50] Building dataset for NFL (seasons: 2021, 2022, 2023, 2024, 2025)...
[2025-11-19 10:34:53] Building dataset for NBA (seasons: 2021, 2022, 2023, 2024, 2025)...
[2025-11-19 10:34:57] WARNING: Dataset build failed for NBA
[2025-11-19 10:34:57] Building dataset for CFB (seasons: 2021, 2022, 2023, 2024, 2025)...
[2025-11-19 10:35:00] INFO: Augmenting EPL dataset with historical seasons: 2013, 2014, 2015, 2016, 2022, 2023, 2024, 2025, 2026
[2025-11-19 10:35:00] Building dataset for EPL (seasons: 2013, 2014, 2015, 2016, 2022, 2023, 2024, 2025, 2026)...
[2025-11-19 10:35:05] INFO: Augmenting LALIGA dataset with historical seasons: 2013, 2014, 2015, 2016, 2023, 2024, 2025, 2026
[2025-11-19 10:35:05] Building dataset for LALIGA (seasons: 2013, 2014, 2015, 2016, 2023, 2024, 2025, 2026)...
[2025-11-19 10:35:08] INFO: Augmenting BUNDESLIGA dataset with historical seasons: 2013, 2014, 2015, 2016, 2023, 2024, 2025, 2026
[2025-11-19 10:35:08] Building dataset for BUNDESLIGA (seasons: 2013, 2014, 2015, 2016, 2023, 2024, 2025, 2026)...
[2025-11-19 10:35:11] INFO: Augmenting SERIEA dataset with historical seasons: 2013, 2014, 2015, 2016, 2023, 2024, 2025, 2026
[2025-11-19 10:35:11] Building dataset for SERIEA (seasons: 2013, 2014, 2015, 2016, 2023, 2024, 2025, 2026)...
[2025-11-19 10:35:14] INFO: Augmenting LIGUE1 dataset with historical seasons: 2013, 2014, 2015, 2016, 2023, 2024, 2025, 2026
[2025-11-19 10:35:14] Building dataset for LIGUE1 (seasons: 2013, 2014, 2015, 2016, 2023, 2024, 2025, 2026)...
[2025-11-19 10:35:17] Dataset rebuild complete
[2025-11-19 10:35:17] Step 4: Training models...
[2025-11-19 10:35:17] Training NFL model...
[2025-11-19 10:35:28] Training CFB model...
[2025-11-19 10:35:33] Training EPL model...
[2025-11-19 10:35:37] Training LALIGA model...
[2025-11-19 10:35:42] Training BUNDESLIGA model...
[2025-11-19 10:35:46] Training SERIEA model...
[2025-11-19 10:35:51] Training LIGUE1 model...
[2025-11-19 10:35:55] Model training complete
[2025-11-19 10:35:55] Step 5: Generating predictions...
[2025-11-19 10:35:55] Forward testing NFL...
[2025-11-19 10:36:10] Updating completed results for NFL...
[2025-11-19 10:36:14] Forward testing CFB...
[2025-11-19 10:36:20] Updating completed results for CFB...
[2025-11-19 10:36:25] Forward testing EPL...
[2025-11-19 10:36:30] Updating completed results for EPL...
[2025-11-19 10:36:36] Forward testing LALIGA...
[2025-11-19 10:36:41] Updating completed results for LALIGA...
[2025-11-19 10:36:47] Forward testing BUNDESLIGA...
[2025-11-19 10:36:53] Updating completed results for BUNDESLIGA...
[2025-11-19 10:36:58] Forward testing SERIEA...
[2025-11-19 10:37:04] Updating completed results for SERIEA...
[2025-11-19 10:37:10] Forward testing LIGUE1...
[2025-11-19 10:37:16] Updating completed results for LIGUE1...
[2025-11-19 10:37:20] Prediction generation complete
[2025-11-19 10:37:20] =========================================
[2025-11-19 10:37:20] Hourly pipeline completed
[2025-11-19 10:37:20] =========================================
