[2025-11-09 23:20:52] =========================================
[2025-11-09 23:20:52] Starting hourly pipeline
[2025-11-09 23:20:52] =========================================
[2025-11-09 23:20:52] Step 1: Ingesting odds, injuries, and recent results...
[2025-11-09 23:20:54] Ingestion complete
[2025-11-09 23:20:54] Step 2: Refreshing advanced stats...
[2025-11-09 23:20:56] Advanced stats ingestion complete
[2025-11-09 23:20:56] Step 3: Rebuilding datasets...
[2025-11-09 23:20:56] Building dataset for NFL...
[2025-11-09 23:20:59] Building dataset for NBA...
[2025-11-09 23:21:03] Building dataset for CFB...
[2025-11-09 23:21:05] Building dataset for EPL...
[2025-11-09 23:21:08] Building dataset for LALIGA...
[2025-11-09 23:21:10] WARNING: Dataset build failed for LALIGA
[2025-11-09 23:21:10] Building dataset for BUNDESLIGA...
[2025-11-09 23:21:12] Building dataset for SERIEA...
[2025-11-09 23:21:14] WARNING: Dataset build failed for SERIEA
[2025-11-09 23:21:14] Building dataset for LIGUE1...
[2025-11-09 23:21:16] WARNING: Dataset build failed for LIGUE1
[2025-11-09 23:21:16] Dataset rebuild complete
[2025-11-09 23:21:16] Step 4: Training models...
[2025-11-09 23:21:16] Training NFL model...
[2025-11-09 23:21:20] Training NBA model...
[2025-11-09 23:21:25] Training CFB model...
[2025-11-09 23:21:30] Training EPL model...
[2025-11-09 23:21:33] WARNING: Training failed for EPL
[2025-11-09 23:21:33] Training BUNDESLIGA model...
[2025-11-09 23:21:36] WARNING: Training failed for BUNDESLIGA
[2025-11-09 23:21:36] Model training complete
[2025-11-09 23:21:36] Step 5: Generating predictions...
[2025-11-09 23:21:36] Forward testing NFL...
[2025-11-09 23:21:44] Updating completed results for NFL...
[2025-11-09 23:21:47] Forward testing NBA...
[2025-11-09 23:21:53] Updating completed results for NBA...
[2025-11-09 23:21:58] Forward testing CFB...
[2025-11-09 23:22:04] Updating completed results for CFB...
[2025-11-09 23:22:08] Prediction generation complete
[2025-11-09 23:22:08] =========================================
[2025-11-09 23:22:08] Hourly pipeline completed
[2025-11-09 23:22:08] =========================================
