[2025-11-20 15:20:05] =========================================
[2025-11-20 15:20:05] Starting hourly pipeline
[2025-11-20 15:20:05] =========================================
[2025-11-20 15:20:05] Processing leagues: NFL, NBA, CFB, NCAAB, NHL, EPL, LALIGA, BUNDESLIGA, SERIEA, LIGUE1
[2025-11-20 15:20:05] Detecting available soccer seasons from data/raw/results...
[2025-11-20 15:20:18] Detected soccer seasons: EPL:	2022,2023,2024,2025,2026 | BUNDESLIGA:	2016,2023,2024,2025,2026 | LIGUE1:	2016,2023,2024,2025,2026 | LALIGA:	2016,2023,2024,2025,2026 | SERIEA:	2016,2023,2024,2025,2026
[2025-11-20 15:20:18] Step 1: Ingesting odds, injuries, and recent results...
[2025-11-20 15:20:19] Ingestion complete
[2025-11-20 15:20:19] Step 1b: Fetching The Odds API snapshots...
[2025-11-20 15:20:19] Requesting Odds API snapshot for NFL (moneyline + totals)...
[2025-11-20 15:20:24] Requesting Odds API snapshot for NBA (moneyline + totals)...
[2025-11-20 15:20:27] Requesting Odds API snapshot for CFB (moneyline + totals)...
[2025-11-20 15:20:30] Requesting Odds API snapshot for NCAAB (moneyline + totals)...
[2025-11-20 15:20:34] Requesting Odds API snapshot for NHL (moneyline + totals)...
[2025-11-20 15:20:37] Requesting Odds API snapshot for EPL (moneyline + totals)...
[2025-11-20 15:20:41] Requesting Odds API snapshot for LALIGA (moneyline + totals)...
[2025-11-20 15:20:45] Requesting Odds API snapshot for BUNDESLIGA (moneyline + totals)...
[2025-11-20 15:20:48] Requesting Odds API snapshot for SERIEA (moneyline + totals)...
[2025-11-20 15:20:52] Requesting Odds API snapshot for LIGUE1 (moneyline + totals)...
[2025-11-20 15:20:55] Syncing Understat archives for leagues: EPL,La_liga,Bundesliga,Serie_A,Ligue_1 (seasons: 2021,2022,2023,2024,2025)...
[2025-11-20 15:20:59] Fetching Understat match payloads for leagues: EPL,La_liga,Bundesliga,Serie_A,Ligue_1 (seasons: 2024,2025)...
[2025-11-20 15:21:02] Syncing football-data odds archives for leagues: premier-league,la-liga,bundesliga,serie-a,ligue-1...
[2025-11-20 15:21:05] Updating soccer totals from football-data for leagues: premier-league,la-liga,bundesliga,serie-a,ligue-1...
[2025-11-20 15:21:32] Fetching TeamRankings over/under picks for leagues: NFL,NBA,CFB...
[2025-11-20 15:22:50] Updating TeamRankings picks for leagues: NFL,NBA,CFB...
[2025-11-20 15:23:09] Step 2: Refreshing advanced stats...
[2025-11-20 15:23:11] Advanced stats ingestion complete
[2025-11-20 15:23:11] Step 3: Rebuilding datasets...
[2025-11-20 15:23:11] Building dataset for NFL (seasons: 2021, 2022, 2023, 2024, 2025)...
[2025-11-20 15:23:15] Building dataset for NBA (seasons: 2021, 2022, 2023, 2024, 2025)...
[2025-11-20 15:23:19] Building dataset for CFB (seasons: 2021, 2022, 2023, 2024, 2025)...
[2025-11-20 15:23:22] Building dataset for NCAAB (seasons: 2021, 2022, 2023, 2024, 2025)...
[2025-11-20 15:23:24] Building dataset for NHL (seasons: 2021, 2022, 2023, 2024, 2025)...
[2025-11-20 15:23:26] INFO: Augmenting EPL dataset with historical seasons: 2013, 2014, 2015, 2016, 2022, 2023, 2024, 2025, 2026
[2025-11-20 15:23:26] Building dataset for EPL (seasons: 2013, 2014, 2015, 2016, 2022, 2023, 2024, 2025, 2026)...
[2025-11-20 15:23:32] INFO: Augmenting LALIGA dataset with historical seasons: 2013, 2014, 2015, 2016, 2023, 2024, 2025, 2026
[2025-11-20 15:23:32] Building dataset for LALIGA (seasons: 2013, 2014, 2015, 2016, 2023, 2024, 2025, 2026)...
[2025-11-20 15:23:36] INFO: Augmenting BUNDESLIGA dataset with historical seasons: 2013, 2014, 2015, 2016, 2023, 2024, 2025, 2026
[2025-11-20 15:23:36] Building dataset for BUNDESLIGA (seasons: 2013, 2014, 2015, 2016, 2023, 2024, 2025, 2026)...
[2025-11-20 15:23:40] INFO: Augmenting SERIEA dataset with historical seasons: 2013, 2014, 2015, 2016, 2023, 2024, 2025, 2026
[2025-11-20 15:23:40] Building dataset for SERIEA (seasons: 2013, 2014, 2015, 2016, 2023, 2024, 2025, 2026)...
[2025-11-20 15:23:43] INFO: Augmenting LIGUE1 dataset with historical seasons: 2013, 2014, 2015, 2016, 2023, 2024, 2025, 2026
[2025-11-20 15:23:43] Building dataset for LIGUE1 (seasons: 2013, 2014, 2015, 2016, 2023, 2024, 2025, 2026)...
[2025-11-20 15:23:46] Dataset rebuild complete
[2025-11-20 15:23:46] Step 4: Training models...
[2025-11-20 15:23:46] Training NFL model...
[2025-11-20 15:24:02] Training NBA model...
[2025-11-20 15:24:08] Training CFB model...
[2025-11-20 15:24:13] Training NCAAB model...
[2025-11-20 15:24:18] Training NHL model...
[2025-11-20 15:24:23] Training EPL model...
[2025-11-20 15:24:28] Training LALIGA model...
[2025-11-20 15:24:34] Training BUNDESLIGA model...
[2025-11-20 15:24:41] Training SERIEA model...
[2025-11-20 15:24:47] Training LIGUE1 model...
[2025-11-20 15:24:52] Model training complete
[2025-11-20 15:24:52] Step 5: Generating predictions...
[2025-11-20 15:24:52] Forward testing NFL...
[2025-11-20 15:24:56] WARNING: Forward test failed for NFL
[2025-11-20 15:24:56] Forward testing NBA...
[2025-11-20 15:25:01] WARNING: Forward test failed for NBA
[2025-11-20 15:25:01] Forward testing CFB...
[2025-11-20 15:25:05] WARNING: Forward test failed for CFB
[2025-11-20 15:25:05] Forward testing NCAAB...
[2025-11-20 15:25:10] WARNING: Forward test failed for NCAAB
[2025-11-20 15:25:10] Forward testing NHL...
[2025-11-20 15:25:13] WARNING: Forward test failed for NHL
[2025-11-20 15:25:13] Forward testing EPL...
[2025-11-20 15:25:18] WARNING: Forward test failed for EPL
[2025-11-20 15:25:18] Forward testing LALIGA...
[2025-11-20 15:25:22] WARNING: Forward test failed for LALIGA
[2025-11-20 15:25:22] Forward testing BUNDESLIGA...
[2025-11-20 15:25:27] WARNING: Forward test failed for BUNDESLIGA
[2025-11-20 15:25:27] Forward testing SERIEA...
[2025-11-20 15:25:31] WARNING: Forward test failed for SERIEA
[2025-11-20 15:25:31] Forward testing LIGUE1...
[2025-11-20 15:25:36] WARNING: Forward test failed for LIGUE1
[2025-11-20 15:25:36] Prediction generation complete
[2025-11-20 15:25:36] =========================================
[2025-11-20 15:25:36] Hourly pipeline completed
[2025-11-20 15:25:36] =========================================
