[2025-11-17 20:55:25] =========================================
[2025-11-17 20:55:25] Starting hourly pipeline
[2025-11-17 20:55:25] =========================================
[2025-11-17 20:55:25] Processing leagues: NFL, NBA, CFB, EPL, LALIGA, BUNDESLIGA, SERIEA, LIGUE1
[2025-11-17 20:55:25] Detecting available soccer seasons from data/raw/results...
[2025-11-17 20:55:26] Detected soccer seasons: EPL:	2022,2023,2024,2025,2026 | BUNDESLIGA:	2016,2023,2024,2025,2026 | LIGUE1:	2016,2023,2024,2025,2026 | LALIGA:	2016,2023,2024,2025,2026 | SERIEA:	2016,2023,2024,2025,2026
[2025-11-17 20:55:26] Step 1: Ingesting odds, injuries, and recent results...
[2025-11-17 20:55:27] Ingestion complete
[2025-11-17 20:55:27] Step 1b: Fetching The Odds API snapshots...
[2025-11-17 20:55:27] Requesting Odds API snapshot for NFL (moneyline + totals)...
[2025-11-17 20:55:29] Requesting Odds API snapshot for NBA (moneyline + totals)...
[2025-11-17 20:55:31] Requesting Odds API snapshot for CFB (moneyline + totals)...
[2025-11-17 20:55:34] Requesting Odds API snapshot for EPL (moneyline + totals)...
[2025-11-17 20:55:36] Requesting Odds API snapshot for LALIGA (moneyline + totals)...
[2025-11-17 20:55:37] Requesting Odds API snapshot for BUNDESLIGA (moneyline + totals)...
[2025-11-17 20:55:39] Requesting Odds API snapshot for SERIEA (moneyline + totals)...
[2025-11-17 20:55:41] Requesting Odds API snapshot for LIGUE1 (moneyline + totals)...
[2025-11-17 20:55:43] Syncing Understat archives for leagues: EPL,La_liga,Bundesliga,Serie_A,Ligue_1 (seasons: 2021,2022,2023,2024,2025)...
[2025-11-17 20:55:45] Fetching Understat match payloads for leagues: EPL,La_liga,Bundesliga,Serie_A,Ligue_1 (seasons: 2024,2025)...
[2025-11-17 20:55:47] Syncing football-data odds archives for leagues: premier-league,la-liga,bundesliga,serie-a,ligue-1...
[2025-11-17 20:55:49] Step 2: Refreshing advanced stats...
[2025-11-17 20:55:50] Advanced stats ingestion complete
[2025-11-17 20:55:50] Step 3: Rebuilding datasets...
[2025-11-17 20:55:50] Building dataset for NFL (seasons: 2021, 2022, 2023, 2024, 2025)...
[2025-11-17 20:55:52] Building dataset for NBA (seasons: 2021, 2022, 2023, 2024, 2025)...
[2025-11-17 20:55:55] Building dataset for CFB (seasons: 2021, 2022, 2023, 2024, 2025)...
[2025-11-17 20:55:57] INFO: Augmenting EPL dataset with historical seasons: 2013, 2014, 2015, 2016, 2022, 2023, 2024, 2025, 2026
[2025-11-17 20:55:57] Building dataset for EPL (seasons: 2013, 2014, 2015, 2016, 2022, 2023, 2024, 2025, 2026)...
[2025-11-17 20:56:02] INFO: Augmenting LALIGA dataset with historical seasons: 2013, 2014, 2015, 2016, 2023, 2024, 2025, 2026
[2025-11-17 20:56:02] Building dataset for LALIGA (seasons: 2013, 2014, 2015, 2016, 2023, 2024, 2025, 2026)...
[2025-11-17 20:56:05] INFO: Augmenting BUNDESLIGA dataset with historical seasons: 2013, 2014, 2015, 2016, 2023, 2024, 2025, 2026
[2025-11-17 20:56:05] Building dataset for BUNDESLIGA (seasons: 2013, 2014, 2015, 2016, 2023, 2024, 2025, 2026)...
[2025-11-17 20:56:07] INFO: Augmenting SERIEA dataset with historical seasons: 2013, 2014, 2015, 2016, 2023, 2024, 2025, 2026
[2025-11-17 20:56:07] Building dataset for SERIEA (seasons: 2013, 2014, 2015, 2016, 2023, 2024, 2025, 2026)...
[2025-11-17 20:56:10] INFO: Augmenting LIGUE1 dataset with historical seasons: 2013, 2014, 2015, 2016, 2023, 2024, 2025, 2026
[2025-11-17 20:56:10] Building dataset for LIGUE1 (seasons: 2013, 2014, 2015, 2016, 2023, 2024, 2025, 2026)...
[2025-11-17 20:56:12] Dataset rebuild complete
[2025-11-17 20:56:12] Step 4: Training models...
[2025-11-17 20:56:12] Training NFL model...
[2025-11-17 20:56:16] Training NBA model...
[2025-11-17 20:56:20] Training CFB model...
[2025-11-17 20:56:24] Training EPL model...
[2025-11-17 20:56:28] Training LALIGA model...
[2025-11-17 20:56:32] Training BUNDESLIGA model...
[2025-11-17 20:56:36] Training SERIEA model...
[2025-11-17 20:56:40] Training LIGUE1 model...
[2025-11-17 20:56:44] Model training complete
[2025-11-17 20:56:44] Step 5: Generating predictions...
[2025-11-17 20:56:44] Forward testing NFL...
[2025-11-17 20:56:52] Updating completed results for NFL...
[2025-11-17 20:56:55] Forward testing NBA...
[2025-11-17 20:57:00] Updating completed results for NBA...
[2025-11-17 20:57:04] Forward testing CFB...
[2025-11-17 20:57:09] Updating completed results for CFB...
[2025-11-17 20:57:12] Forward testing EPL...
[2025-11-17 20:57:17] Updating completed results for EPL...
[2025-11-17 20:57:23] Forward testing LALIGA...
[2025-11-17 20:57:29] Updating completed results for LALIGA...
[2025-11-17 20:57:35] Forward testing BUNDESLIGA...
[2025-11-17 20:57:40] Updating completed results for BUNDESLIGA...
[2025-11-17 20:57:47] Forward testing SERIEA...
[2025-11-17 20:57:52] Updating completed results for SERIEA...
[2025-11-17 20:57:58] Forward testing LIGUE1...
[2025-11-17 20:58:03] Updating completed results for LIGUE1...
[2025-11-17 20:58:07] Prediction generation complete
[2025-11-17 20:58:07] =========================================
[2025-11-17 20:58:07] Hourly pipeline completed
[2025-11-17 20:58:07] =========================================
