[2025-11-14 14:00:01] =========================================
[2025-11-14 14:00:01] Starting hourly pipeline
[2025-11-14 14:00:01] =========================================
[2025-11-14 14:00:01] Processing leagues: NFL, NBA, CFB, EPL, LALIGA, BUNDESLIGA, SERIEA, LIGUE1
[2025-11-14 14:00:01] Detecting available soccer seasons from data/raw/results...
[2025-11-14 14:00:09] Detected soccer seasons: EPL:	2022,2023,2024,2025,2026 | BUNDESLIGA:	2016,2023,2024,2025,2026 | LIGUE1:	2016,2023,2024,2025,2026 | LALIGA:	2016,2023,2024,2025,2026 | SERIEA:	2016,2023,2024,2025,2026
[2025-11-14 14:00:09] Step 1: Ingesting odds, injuries, and recent results...
[2025-11-14 14:00:10] Ingestion complete
[2025-11-14 14:00:10] Syncing Understat archives for leagues: EPL,La_liga,Bundesliga,Serie_A,Ligue_1 (seasons: 2021,2022,2023,2024,2025)...
[2025-11-14 14:00:12] Fetching Understat match payloads for leagues: EPL,La_liga,Bundesliga,Serie_A,Ligue_1 (seasons: 2024,2025)...
[2025-11-14 14:00:14] Syncing football-data odds archives for leagues: premier-league,la-liga,bundesliga,serie-a,ligue-1...
[2025-11-14 14:00:15] Step 2: Refreshing advanced stats...
[2025-11-14 14:00:16] Advanced stats ingestion complete
[2025-11-14 14:00:16] Step 3: Rebuilding datasets...
[2025-11-14 14:00:16] Building dataset for NFL (seasons: 2021, 2022, 2023, 2024, 2025)...
[2025-11-14 14:00:19] Building dataset for NBA (seasons: 2021, 2022, 2023, 2024, 2025)...
[2025-11-14 14:00:22] Building dataset for CFB (seasons: 2021, 2022, 2023, 2024, 2025)...
[2025-11-14 14:00:24] INFO: Augmenting EPL dataset with historical seasons: 2013, 2014, 2015, 2016, 2022, 2023, 2024, 2025, 2026
[2025-11-14 14:00:24] Building dataset for EPL (seasons: 2013, 2014, 2015, 2016, 2022, 2023, 2024, 2025, 2026)...
[2025-11-14 14:00:29] INFO: Augmenting LALIGA dataset with historical seasons: 2013, 2014, 2015, 2016, 2023, 2024, 2025, 2026
[2025-11-14 14:00:29] Building dataset for LALIGA (seasons: 2013, 2014, 2015, 2016, 2023, 2024, 2025, 2026)...
[2025-11-14 14:00:31] INFO: Augmenting BUNDESLIGA dataset with historical seasons: 2013, 2014, 2015, 2016, 2023, 2024, 2025, 2026
[2025-11-14 14:00:31] Building dataset for BUNDESLIGA (seasons: 2013, 2014, 2015, 2016, 2023, 2024, 2025, 2026)...
[2025-11-14 14:00:33] INFO: Augmenting SERIEA dataset with historical seasons: 2013, 2014, 2015, 2016, 2023, 2024, 2025, 2026
[2025-11-14 14:00:33] Building dataset for SERIEA (seasons: 2013, 2014, 2015, 2016, 2023, 2024, 2025, 2026)...
[2025-11-14 14:00:35] INFO: Augmenting LIGUE1 dataset with historical seasons: 2013, 2014, 2015, 2016, 2023, 2024, 2025, 2026
[2025-11-14 14:00:35] Building dataset for LIGUE1 (seasons: 2013, 2014, 2015, 2016, 2023, 2024, 2025, 2026)...
[2025-11-14 14:00:37] Dataset rebuild complete
[2025-11-14 14:00:37] Step 4: Training models...
[2025-11-14 14:00:37] Training NFL model...
[2025-11-14 14:00:48] Training NBA model...
[2025-11-14 14:00:51] Training CFB model...
[2025-11-14 14:00:54] Training EPL model...
[2025-11-14 14:00:57] Training LALIGA model...
[2025-11-14 14:01:01] Training BUNDESLIGA model...
[2025-11-14 14:01:04] Training SERIEA model...
[2025-11-14 14:01:07] Training LIGUE1 model...
[2025-11-14 14:01:11] Model training complete
[2025-11-14 14:01:11] Step 5: Generating predictions...
[2025-11-14 14:01:11] Forward testing NFL...
[2025-11-14 14:01:19] Updating completed results for NFL...
[2025-11-14 14:01:21] Forward testing NBA...
[2025-11-14 14:01:25] Updating completed results for NBA...
[2025-11-14 14:01:27] Forward testing CFB...
[2025-11-14 14:01:31] Updating completed results for CFB...
[2025-11-14 14:01:33] Forward testing EPL...
[2025-11-14 14:01:37] Updating completed results for EPL...
[2025-11-14 14:01:41] Forward testing LALIGA...
[2025-11-14 14:01:45] Updating completed results for LALIGA...
[2025-11-14 14:01:49] Forward testing BUNDESLIGA...
[2025-11-14 14:01:52] Updating completed results for BUNDESLIGA...
[2025-11-14 14:01:56] Forward testing SERIEA...
[2025-11-14 14:02:00] Updating completed results for SERIEA...
[2025-11-14 14:02:05] Forward testing LIGUE1...
[2025-11-14 14:02:07] Updating completed results for LIGUE1...
[2025-11-14 14:02:09] Prediction generation complete
[2025-11-14 14:02:09] =========================================
[2025-11-14 14:02:09] Hourly pipeline completed
[2025-11-14 14:02:09] =========================================
