[2025-11-21 18:57:38] =========================================
[2025-11-21 18:57:38] Starting hourly pipeline
[2025-11-21 18:57:38] =========================================
[2025-11-21 18:57:38] Processing leagues: NFL, NBA, CFB, NCAAB, NHL, EPL, LALIGA, BUNDESLIGA, SERIEA, LIGUE1
[2025-11-21 18:57:38] Detecting available soccer seasons from data/raw/results...
[2025-11-21 18:57:40] Detected soccer seasons: EPL:	2022,2023,2024,2025,2026 | BUNDESLIGA:	2016,2023,2024,2025,2026 | LIGUE1:	2016,2023,2024,2025,2026 | LALIGA:	2016,2023,2024,2025,2026 | SERIEA:	2016,2023,2024,2025,2026
[2025-11-21 18:57:40] Step 1: Ingesting odds, injuries, and recent results...
[2025-11-21 18:57:42] Ingestion complete
[2025-11-21 18:57:42] Step 1b: Fetching The Odds API snapshots...
[2025-11-21 18:57:42] Skipping Odds API snapshot for NFL (SkipOdds enabled)
[2025-11-21 18:57:42] Skipping Odds API snapshot for NBA (SkipOdds enabled)
[2025-11-21 18:57:42] Skipping Odds API snapshot for CFB (SkipOdds enabled)
[2025-11-21 18:57:42] Skipping Odds API snapshot for NCAAB (SkipOdds enabled)
[2025-11-21 18:57:42] Skipping Odds API snapshot for NHL (SkipOdds enabled)
[2025-11-21 18:57:42] Skipping Odds API snapshot for EPL (SkipOdds enabled)
[2025-11-21 18:57:42] Skipping Odds API snapshot for LALIGA (SkipOdds enabled)
[2025-11-21 18:57:42] Skipping Odds API snapshot for BUNDESLIGA (SkipOdds enabled)
[2025-11-21 18:57:42] Skipping Odds API snapshot for SERIEA (SkipOdds enabled)
[2025-11-21 18:57:42] Skipping Odds API snapshot for LIGUE1 (SkipOdds enabled)
[2025-11-21 18:57:42] Syncing Understat archives for leagues: EPL,La_liga,Bundesliga,Serie_A,Ligue_1 (seasons: 2021,2022,2023,2024,2025)...
[2025-11-21 18:57:45] Fetching Understat match payloads for leagues: EPL,La_liga,Bundesliga,Serie_A,Ligue_1 (seasons: 2024,2025)...
[2025-11-21 18:57:47] Syncing football-data odds archives for leagues: premier-league,la-liga,bundesliga,serie-a,ligue-1...
[2025-11-21 18:57:50] Updating soccer totals from football-data for leagues: premier-league,la-liga,bundesliga,serie-a,ligue-1...
[2025-11-21 18:58:11] Fetching TeamRankings over/under picks for leagues: NFL,NBA,CFB...
[2025-11-21 18:58:53] Updating TeamRankings picks for leagues: NFL,NBA,CFB...
[2025-11-21 18:59:36] Step 2: Refreshing advanced stats...
[2025-11-21 18:59:38] Advanced stats ingestion complete
[2025-11-21 18:59:38] Step 3: Rebuilding datasets...
[2025-11-21 18:59:38] Building dataset for NFL (seasons: 2021, 2022, 2023, 2024, 2025)...
[2025-11-21 18:59:42] Building dataset for NBA (seasons: 2021, 2022, 2023, 2024, 2025)...
[2025-11-21 18:59:56] Building dataset for CFB (seasons: 2021, 2022, 2023, 2024, 2025)...
[2025-11-21 19:00:00] Building dataset for NCAAB (seasons: 2021, 2022, 2023, 2024, 2025)...
[2025-11-21 19:00:03] Building dataset for NHL (seasons: 2021, 2022, 2023, 2024, 2025)...
[2025-11-21 19:00:05] INFO: Augmenting EPL dataset with historical seasons: 2013, 2014, 2015, 2016, 2022, 2023, 2024, 2025, 2026
[2025-11-21 19:00:05] Building dataset for EPL (seasons: 2013, 2014, 2015, 2016, 2022, 2023, 2024, 2025, 2026)...
[2025-11-21 19:00:12] INFO: Augmenting LALIGA dataset with historical seasons: 2013, 2014, 2015, 2016, 2023, 2024, 2025, 2026
[2025-11-21 19:00:12] Building dataset for LALIGA (seasons: 2013, 2014, 2015, 2016, 2023, 2024, 2025, 2026)...
[2025-11-21 19:00:16] INFO: Augmenting BUNDESLIGA dataset with historical seasons: 2013, 2014, 2015, 2016, 2023, 2024, 2025, 2026
[2025-11-21 19:00:16] Building dataset for BUNDESLIGA (seasons: 2013, 2014, 2015, 2016, 2023, 2024, 2025, 2026)...
[2025-11-21 19:00:20] INFO: Augmenting SERIEA dataset with historical seasons: 2013, 2014, 2015, 2016, 2023, 2024, 2025, 2026
[2025-11-21 19:00:20] Building dataset for SERIEA (seasons: 2013, 2014, 2015, 2016, 2023, 2024, 2025, 2026)...
[2025-11-21 19:00:24] INFO: Augmenting LIGUE1 dataset with historical seasons: 2013, 2014, 2015, 2016, 2023, 2024, 2025, 2026
[2025-11-21 19:00:24] Building dataset for LIGUE1 (seasons: 2013, 2014, 2015, 2016, 2023, 2024, 2025, 2026)...
[2025-11-21 19:00:27] Dataset rebuild complete
[2025-11-21 19:00:27] Step 4: Training models...
[2025-11-21 19:00:27] Training NFL model...
[2025-11-21 19:01:47] Training NBA model...
[2025-11-21 19:02:14] Training CFB model...
[2025-11-21 19:02:30] Training NCAAB model...
[2025-11-21 19:03:00] Training NHL model...
[2025-11-21 19:03:10] Training EPL model...
[2025-11-21 19:03:40] Training LALIGA model...
[2025-11-21 19:04:03] Training BUNDESLIGA model...
[2025-11-21 19:04:20] Training SERIEA model...
[2025-11-21 19:04:38] Training LIGUE1 model...
[2025-11-21 19:04:53] Model training complete
[2025-11-21 19:04:53] Step 5: Generating predictions...
[2025-11-21 19:04:53] Forward testing NFL...
[2025-11-21 19:05:09] Updating completed results for NFL...
[2025-11-21 19:05:13] Forward testing NBA...
[2025-11-21 19:05:20] Updating completed results for NBA...
[2025-11-21 19:05:24] Forward testing CFB...
[2025-11-21 19:05:40] Updating completed results for CFB...
[2025-11-21 19:05:44] Forward testing NCAAB...
[2025-11-21 19:05:53] Updating completed results for NCAAB...
[2025-11-21 19:06:04] Forward testing NHL...
[2025-11-21 19:06:07] WARNING: Forward test failed for NHL
[2025-11-21 19:06:07] Forward testing EPL...
[2025-11-21 19:06:15] Updating completed results for EPL...
[2025-11-21 19:06:20] Forward testing LALIGA...
[2025-11-21 19:06:28] Updating completed results for LALIGA...
[2025-11-21 19:06:34] Forward testing BUNDESLIGA...
[2025-11-21 19:06:41] Updating completed results for BUNDESLIGA...
[2025-11-21 19:06:47] Forward testing SERIEA...
[2025-11-21 19:07:01] Updating completed results for SERIEA...
[2025-11-21 19:07:05] Forward testing LIGUE1...
[2025-11-21 19:07:12] Updating completed results for LIGUE1...
[2025-11-21 19:07:17] Prediction generation complete
[2025-11-21 19:07:17] =========================================
[2025-11-21 19:07:17] Hourly pipeline completed
[2025-11-21 19:07:17] =========================================
