[2025-11-24 11:24:05] =========================================
[2025-11-24 11:24:05] Starting hourly pipeline
[2025-11-24 11:24:05] =========================================
[2025-11-24 11:24:05] Processing leagues: NFL, NBA, CFB, NCAAB, NHL, EPL, LALIGA, BUNDESLIGA, SERIEA, LIGUE1
[2025-11-24 11:24:05] Detecting available soccer seasons from data/raw/results...
[2025-11-24 11:24:13] Detected soccer seasons: EPL:	2022,2023,2024,2025,2026 | BUNDESLIGA:	2016,2023,2024,2025,2026 | LIGUE1:	2016,2023,2024,2025,2026 | LALIGA:	2016,2023,2024,2025,2026 | SERIEA:	2016,2023,2024,2025,2026
[2025-11-24 11:24:13] Step 1: Ingesting odds, injuries, and recent results...
[2025-11-24 11:24:14] Ingestion complete
[2025-11-24 11:24:14] Step 1b: Fetching The Odds API snapshots...
[2025-11-24 11:24:14] Skipping Odds API snapshot for NFL (SkipOdds enabled)
[2025-11-24 11:24:14] Skipping Odds API snapshot for NBA (SkipOdds enabled)
[2025-11-24 11:24:14] Skipping Odds API snapshot for CFB (SkipOdds enabled)
[2025-11-24 11:24:14] Skipping Odds API snapshot for NCAAB (SkipOdds enabled)
[2025-11-24 11:24:14] Skipping Odds API snapshot for NHL (SkipOdds enabled)
[2025-11-24 11:24:14] Skipping Odds API snapshot for EPL (SkipOdds enabled)
[2025-11-24 11:24:14] Skipping Odds API snapshot for LALIGA (SkipOdds enabled)
[2025-11-24 11:24:14] Skipping Odds API snapshot for BUNDESLIGA (SkipOdds enabled)
[2025-11-24 11:24:14] Skipping Odds API snapshot for SERIEA (SkipOdds enabled)
[2025-11-24 11:24:14] Skipping Odds API snapshot for LIGUE1 (SkipOdds enabled)
[2025-11-24 11:24:14] Syncing Understat archives for leagues: EPL,La_liga,Bundesliga,Serie_A,Ligue_1 (seasons: 2021,2022,2023,2024,2025)...
[2025-11-24 11:24:17] Fetching Understat match payloads for leagues: EPL,La_liga,Bundesliga,Serie_A,Ligue_1 (seasons: 2024,2025)...
[2025-11-24 11:24:19] Syncing football-data odds archives for leagues: premier-league,la-liga,bundesliga,serie-a,ligue-1...
[2025-11-24 11:24:21] Updating soccer totals from football-data for leagues: premier-league,la-liga,bundesliga,serie-a,ligue-1...
[2025-11-24 11:24:47] Fetching TeamRankings over/under picks for leagues: NFL,NBA,CFB...
[2025-11-24 11:25:28] Updating TeamRankings picks for leagues: NFL,NBA,CFB...
[2025-11-24 11:26:30] Step 2: Refreshing advanced stats...
[2025-11-24 11:26:32] Advanced stats ingestion complete
[2025-11-24 11:26:32] Step 3: Rebuilding datasets...
[2025-11-24 11:26:32] Building dataset for NFL (seasons: 2021, 2022, 2023, 2024, 2025)...
[2025-11-24 11:26:35] Building dataset for NBA (seasons: 2021, 2022, 2023, 2024, 2025)...
[2025-11-24 11:26:47] Building dataset for CFB (seasons: 2021, 2022, 2023, 2024, 2025)...
[2025-11-24 11:26:50] Building dataset for NCAAB (seasons: 2021, 2022, 2023, 2024, 2025)...
[2025-11-24 11:26:52] Building dataset for NHL (seasons: 2021, 2022, 2023, 2024, 2025)...
[2025-11-24 11:26:54] INFO: Augmenting EPL dataset with historical seasons: 2013, 2014, 2015, 2016, 2022, 2023, 2024, 2025, 2026
[2025-11-24 11:26:54] Building dataset for EPL (seasons: 2013, 2014, 2015, 2016, 2022, 2023, 2024, 2025, 2026)...
[2025-11-24 11:26:59] INFO: Augmenting LALIGA dataset with historical seasons: 2013, 2014, 2015, 2016, 2023, 2024, 2025, 2026
[2025-11-24 11:26:59] Building dataset for LALIGA (seasons: 2013, 2014, 2015, 2016, 2023, 2024, 2025, 2026)...
[2025-11-24 11:27:02] INFO: Augmenting BUNDESLIGA dataset with historical seasons: 2013, 2014, 2015, 2016, 2023, 2024, 2025, 2026
[2025-11-24 11:27:02] Building dataset for BUNDESLIGA (seasons: 2013, 2014, 2015, 2016, 2023, 2024, 2025, 2026)...
[2025-11-24 11:27:05] INFO: Augmenting SERIEA dataset with historical seasons: 2013, 2014, 2015, 2016, 2023, 2024, 2025, 2026
[2025-11-24 11:27:05] Building dataset for SERIEA (seasons: 2013, 2014, 2015, 2016, 2023, 2024, 2025, 2026)...
[2025-11-24 11:27:08] INFO: Augmenting LIGUE1 dataset with historical seasons: 2013, 2014, 2015, 2016, 2023, 2024, 2025, 2026
[2025-11-24 11:27:08] Building dataset for LIGUE1 (seasons: 2013, 2014, 2015, 2016, 2023, 2024, 2025, 2026)...
[2025-11-24 11:27:11] Dataset rebuild complete
[2025-11-24 11:27:11] Step 4: Training models...
[2025-11-24 11:27:11] Training NFL ensemble model...
[2025-11-24 11:28:30] Training NFL random_forest model...
[2025-11-24 11:28:37] Training NFL gradient_boosting model...
[2025-11-24 11:28:45] Training NBA ensemble model...
[2025-11-24 11:29:11] Training NBA random_forest model...
[2025-11-24 11:29:15] Training NBA gradient_boosting model...
[2025-11-24 11:29:19] Training CFB ensemble model...
[2025-11-24 11:29:34] Training CFB random_forest model...
[2025-11-24 11:29:39] Training CFB gradient_boosting model...
[2025-11-24 11:29:44] Training NCAAB ensemble model...
[2025-11-24 11:30:13] Training NCAAB random_forest model...
[2025-11-24 11:30:19] Training NCAAB gradient_boosting model...
[2025-11-24 11:30:24] Training NHL ensemble model...
[2025-11-24 11:30:33] Training NHL random_forest model...
[2025-11-24 11:30:37] Training NHL gradient_boosting model...
[2025-11-24 11:30:41] Training EPL ensemble model...
[2025-11-24 11:31:08] Training EPL random_forest model...
[2025-11-24 11:31:11] Training EPL gradient_boosting model...
[2025-11-24 11:31:16] Training LALIGA ensemble model...
[2025-11-24 11:31:31] Training LALIGA random_forest model...
[2025-11-24 11:31:36] Training LALIGA gradient_boosting model...
[2025-11-24 11:31:40] Training BUNDESLIGA ensemble model...
[2025-11-24 11:31:56] Training BUNDESLIGA random_forest model...
[2025-11-24 11:32:00] Training BUNDESLIGA gradient_boosting model...
[2025-11-24 11:32:04] Training SERIEA ensemble model...
[2025-11-24 11:32:19] Training SERIEA random_forest model...
[2025-11-24 11:32:22] Training SERIEA gradient_boosting model...
[2025-11-24 11:32:26] Training LIGUE1 ensemble model...
[2025-11-24 11:32:40] Training LIGUE1 random_forest model...
[2025-11-24 11:32:43] Training LIGUE1 gradient_boosting model...
[2025-11-24 11:32:47] Model training complete
[2025-11-24 11:32:47] Step 5: Generating predictions...
[2025-11-24 11:32:47] Forward testing NFL with ensemble model...
[2025-11-24 11:32:59] Updating completed results for NFL (ensemble)...
[2025-11-24 11:33:03] Forward testing NFL with random_forest model...
[2025-11-24 11:33:12] Updating completed results for NFL (random_forest)...
[2025-11-24 11:33:16] Forward testing NFL with gradient_boosting model...
[2025-11-24 11:33:26] Updating completed results for NFL (gradient_boosting)...
[2025-11-24 11:33:30] Forward testing NBA with ensemble model...
[2025-11-24 11:33:36] Updating completed results for NBA (ensemble)...
[2025-11-24 11:33:40] Forward testing NBA with random_forest model...
[2025-11-24 11:33:44] Updating completed results for NBA (random_forest)...
[2025-11-24 11:33:48] Forward testing NBA with gradient_boosting model...
[2025-11-24 11:33:53] Updating completed results for NBA (gradient_boosting)...
[2025-11-24 11:33:57] Forward testing CFB with ensemble model...
[2025-11-24 11:34:09] Updating completed results for CFB (ensemble)...
[2025-11-24 11:34:13] Forward testing CFB with random_forest model...
[2025-11-24 11:34:22] Updating completed results for CFB (random_forest)...
[2025-11-24 11:34:26] Forward testing CFB with gradient_boosting model...
[2025-11-24 11:34:31] Updating completed results for CFB (gradient_boosting)...
[2025-11-24 11:34:35] Forward testing NCAAB with ensemble model...
[2025-11-24 11:34:46] Updating completed results for NCAAB (ensemble)...
[2025-11-24 11:34:51] Forward testing NCAAB with random_forest model...
[2025-11-24 11:34:59] Updating completed results for NCAAB (random_forest)...
[2025-11-24 11:35:03] Forward testing NCAAB with gradient_boosting model...
[2025-11-24 11:35:09] Updating completed results for NCAAB (gradient_boosting)...
[2025-11-24 11:35:13] Forward testing NHL with ensemble model...
[2025-11-24 11:35:19] Updating completed results for NHL (ensemble)...
[2025-11-24 11:35:23] Forward testing NHL with random_forest model...
[2025-11-24 11:35:27] Updating completed results for NHL (random_forest)...
[2025-11-24 11:35:31] Forward testing NHL with gradient_boosting model...
[2025-11-24 11:35:36] Updating completed results for NHL (gradient_boosting)...
[2025-11-24 11:35:39] Forward testing EPL with ensemble model...
[2025-11-24 11:35:46] Updating completed results for EPL (ensemble)...
[2025-11-24 11:35:52] Forward testing EPL with random_forest model...
[2025-11-24 11:35:56] Updating completed results for EPL (random_forest)...
[2025-11-24 11:36:01] Forward testing EPL with gradient_boosting model...
[2025-11-24 11:36:06] Updating completed results for EPL (gradient_boosting)...
[2025-11-24 11:36:13] Forward testing LALIGA with ensemble model...
[2025-11-24 11:36:16] WARNING: Forward test failed for LALIGA (ensemble)
[2025-11-24 11:36:16] Forward testing LALIGA with random_forest model...
[2025-11-24 11:36:19] WARNING: Forward test failed for LALIGA (random_forest)
[2025-11-24 11:36:19] Forward testing LALIGA with gradient_boosting model...
[2025-11-24 11:36:23] WARNING: Forward test failed for LALIGA (gradient_boosting)
[2025-11-24 11:36:23] Forward testing BUNDESLIGA with ensemble model...
[2025-11-24 11:36:26] WARNING: Forward test failed for BUNDESLIGA (ensemble)
[2025-11-24 11:36:26] Forward testing BUNDESLIGA with random_forest model...
[2025-11-24 11:36:29] WARNING: Forward test failed for BUNDESLIGA (random_forest)
[2025-11-24 11:36:29] Forward testing BUNDESLIGA with gradient_boosting model...
[2025-11-24 11:36:32] WARNING: Forward test failed for BUNDESLIGA (gradient_boosting)
[2025-11-24 11:36:32] Forward testing SERIEA with ensemble model...
[2025-11-24 11:36:35] WARNING: Forward test failed for SERIEA (ensemble)
[2025-11-24 11:36:35] Forward testing SERIEA with random_forest model...
[2025-11-24 11:36:38] WARNING: Forward test failed for SERIEA (random_forest)
[2025-11-24 11:36:38] Forward testing SERIEA with gradient_boosting model...
[2025-11-24 11:36:41] WARNING: Forward test failed for SERIEA (gradient_boosting)
[2025-11-24 11:36:41] Forward testing LIGUE1 with ensemble model...
[2025-11-24 11:36:45] WARNING: Forward test failed for LIGUE1 (ensemble)
[2025-11-24 11:36:45] Forward testing LIGUE1 with random_forest model...
[2025-11-24 11:36:48] WARNING: Forward test failed for LIGUE1 (random_forest)
[2025-11-24 11:36:48] Forward testing LIGUE1 with gradient_boosting model...
[2025-11-24 11:36:51] WARNING: Forward test failed for LIGUE1 (gradient_boosting)
[2025-11-24 11:36:51] Prediction generation complete
[2025-11-24 11:36:51] Step 6: Syncing results across model types...
[2025-11-24 11:36:53] Results synced successfully across all model types
[2025-11-24 11:36:53] =========================================
[2025-11-24 11:36:53] Hourly pipeline completed
[2025-11-24 11:36:53] =========================================
