[2025-11-18 15:22:37] =========================================
[2025-11-18 15:22:37] Starting hourly pipeline
[2025-11-18 15:22:37] =========================================
[2025-11-18 15:22:37] Processing leagues: NFL, NBA, CFB, EPL, LALIGA, BUNDESLIGA, SERIEA, LIGUE1
[2025-11-18 15:22:37] Detecting available soccer seasons from data/raw/results...
[2025-11-18 15:22:38] Detected soccer seasons: EPL:	2022,2023,2024,2025,2026 | BUNDESLIGA:	2016,2023,2024,2025,2026 | LIGUE1:	2016,2023,2024,2025,2026 | LALIGA:	2016,2023,2024,2025,2026 | SERIEA:	2016,2023,2024,2025,2026
[2025-11-18 15:22:38] Step 1: Ingesting odds, injuries, and recent results...
[2025-11-18 15:22:40] Ingestion complete
[2025-11-18 15:22:40] Step 1b: Fetching The Odds API snapshots...
[2025-11-18 15:22:40] Requesting Odds API snapshot for NFL (moneyline + totals)...
[2025-11-18 15:22:42] Requesting Odds API snapshot for NBA (moneyline + totals)...
[2025-11-18 15:22:44] Requesting Odds API snapshot for CFB (moneyline + totals)...
[2025-11-18 15:22:46] Requesting Odds API snapshot for EPL (moneyline + totals)...
[2025-11-18 15:22:48] Requesting Odds API snapshot for LALIGA (moneyline + totals)...
[2025-11-18 15:22:50] Requesting Odds API snapshot for BUNDESLIGA (moneyline + totals)...
[2025-11-18 15:22:52] Requesting Odds API snapshot for SERIEA (moneyline + totals)...
[2025-11-18 15:22:54] Requesting Odds API snapshot for LIGUE1 (moneyline + totals)...
[2025-11-18 15:22:56] Syncing Understat archives for leagues: EPL,La_liga,Bundesliga,Serie_A,Ligue_1 (seasons: 2021,2022,2023,2024,2025)...
[2025-11-18 15:22:58] Fetching Understat match payloads for leagues: EPL,La_liga,Bundesliga,Serie_A,Ligue_1 (seasons: 2024,2025)...
[2025-11-18 15:23:00] Syncing football-data odds archives for leagues: premier-league,la-liga,bundesliga,serie-a,ligue-1...
[2025-11-18 15:23:02] Updating soccer totals from football-data for leagues: premier-league,la-liga,bundesliga,serie-a,ligue-1...
[2025-11-18 15:23:24] Updating TeamRankings picks for leagues: NFL,NBA,CFB...
[2025-11-18 15:23:26] Step 2: Refreshing advanced stats...
[2025-11-18 15:23:27] Advanced stats ingestion complete
[2025-11-18 15:23:27] Step 3: Rebuilding datasets...
[2025-11-18 15:23:27] Building dataset for NFL (seasons: 2021, 2022, 2023, 2024, 2025)...
[2025-11-18 15:23:30] Building dataset for NBA (seasons: 2021, 2022, 2023, 2024, 2025)...
[2025-11-18 15:23:33] WARNING: Dataset build failed for NBA
[2025-11-18 15:23:33] Building dataset for CFB (seasons: 2021, 2022, 2023, 2024, 2025)...
[2025-11-18 15:23:35] INFO: Augmenting EPL dataset with historical seasons: 2013, 2014, 2015, 2016, 2022, 2023, 2024, 2025, 2026
[2025-11-18 15:23:35] Building dataset for EPL (seasons: 2013, 2014, 2015, 2016, 2022, 2023, 2024, 2025, 2026)...
[2025-11-18 15:23:40] INFO: Augmenting LALIGA dataset with historical seasons: 2013, 2014, 2015, 2016, 2023, 2024, 2025, 2026
[2025-11-18 15:23:40] Building dataset for LALIGA (seasons: 2013, 2014, 2015, 2016, 2023, 2024, 2025, 2026)...
[2025-11-18 15:23:43] INFO: Augmenting BUNDESLIGA dataset with historical seasons: 2013, 2014, 2015, 2016, 2023, 2024, 2025, 2026
[2025-11-18 15:23:43] Building dataset for BUNDESLIGA (seasons: 2013, 2014, 2015, 2016, 2023, 2024, 2025, 2026)...
[2025-11-18 15:23:46] INFO: Augmenting SERIEA dataset with historical seasons: 2013, 2014, 2015, 2016, 2023, 2024, 2025, 2026
[2025-11-18 15:23:46] Building dataset for SERIEA (seasons: 2013, 2014, 2015, 2016, 2023, 2024, 2025, 2026)...
[2025-11-18 15:23:49] INFO: Augmenting LIGUE1 dataset with historical seasons: 2013, 2014, 2015, 2016, 2023, 2024, 2025, 2026
[2025-11-18 15:23:49] Building dataset for LIGUE1 (seasons: 2013, 2014, 2015, 2016, 2023, 2024, 2025, 2026)...
[2025-11-18 15:23:51] Dataset rebuild complete
[2025-11-18 15:23:51] Step 4: Training models...
[2025-11-18 15:23:51] Training NFL model...
[2025-11-18 15:23:56] Training CFB model...
[2025-11-18 15:23:59] Training EPL model...
[2025-11-18 15:24:04] Training LALIGA model...
[2025-11-18 15:24:08] Training BUNDESLIGA model...
[2025-11-18 15:24:12] Training SERIEA model...
[2025-11-18 15:24:16] Training LIGUE1 model...
[2025-11-18 15:24:20] Model training complete
[2025-11-18 15:24:20] Step 5: Generating predictions...
[2025-11-18 15:24:20] Forward testing NFL...
[2025-11-18 15:24:29] Updating completed results for NFL...
[2025-11-18 15:24:32] Forward testing CFB...
[2025-11-18 15:24:37] Updating completed results for CFB...
[2025-11-18 15:24:40] Forward testing EPL...
[2025-11-18 15:24:43] WARNING: Forward test failed for EPL
[2025-11-18 15:24:43] Forward testing LALIGA...
[2025-11-18 15:24:46] WARNING: Forward test failed for LALIGA
[2025-11-18 15:24:46] Forward testing BUNDESLIGA...
[2025-11-18 15:24:49] WARNING: Forward test failed for BUNDESLIGA
[2025-11-18 15:24:49] Forward testing SERIEA...
[2025-11-18 15:24:51] WARNING: Forward test failed for SERIEA
[2025-11-18 15:24:51] Forward testing LIGUE1...
[2025-11-18 15:24:54] WARNING: Forward test failed for LIGUE1
[2025-11-18 15:24:54] Prediction generation complete
[2025-11-18 15:24:54] =========================================
[2025-11-18 15:24:54] Hourly pipeline completed
[2025-11-18 15:24:54] =========================================
