[2025-11-10 22:26:22] =========================================
[2025-11-10 22:26:22] Starting hourly pipeline
[2025-11-10 22:26:22] =========================================
[2025-11-10 22:26:22] Processing leagues: NFL, NBA, CFB, EPL, LALIGA, BUNDESLIGA, SERIEA, LIGUE1
[2025-11-10 22:26:22] Detecting available soccer seasons from data/raw/results...
[2025-11-10 22:26:24] Detected soccer seasons: EPL:	2022,2023,2024,2025,2026 | BUNDESLIGA:	2016,2023,2024,2025,2026 | LIGUE1:	2016,2023,2024,2025,2026 | LALIGA:	2016,2023,2024,2025,2026 | SERIEA:	2016,2023,2024,2025,2026
[2025-11-10 22:26:24] Step 1: Ingesting odds, injuries, and recent results...
[2025-11-10 22:26:26] Ingestion complete
[2025-11-10 22:26:26] Step 2: Refreshing advanced stats...
[2025-11-10 22:26:28] Advanced stats ingestion complete
[2025-11-10 22:26:28] Step 3: Rebuilding datasets...
[2025-11-10 22:26:28] Building dataset for NFL (seasons: 2021, 2022, 2023, 2024, 2025)...
[2025-11-10 22:26:31] Building dataset for NBA (seasons: 2021, 2022, 2023, 2024, 2025)...
[2025-11-10 22:26:35] Building dataset for CFB (seasons: 2021, 2022, 2023, 2024, 2025)...
[2025-11-10 22:26:39] INFO: Augmenting EPL dataset with historical seasons: 2013, 2014, 2015, 2016, 2022, 2023, 2024, 2025, 2026
[2025-11-10 22:26:39] Building dataset for EPL (seasons: 2013, 2014, 2015, 2016, 2022, 2023, 2024, 2025, 2026)...
[2025-11-10 22:26:41] INFO: Augmenting LALIGA dataset with historical seasons: 2013, 2014, 2015, 2016, 2023, 2024, 2025, 2026
[2025-11-10 22:26:41] Building dataset for LALIGA (seasons: 2013, 2014, 2015, 2016, 2023, 2024, 2025, 2026)...
[2025-11-10 22:26:44] INFO: Augmenting BUNDESLIGA dataset with historical seasons: 2013, 2014, 2015, 2016, 2023, 2024, 2025, 2026
[2025-11-10 22:26:44] Building dataset for BUNDESLIGA (seasons: 2013, 2014, 2015, 2016, 2023, 2024, 2025, 2026)...
[2025-11-10 22:26:46] INFO: Augmenting SERIEA dataset with historical seasons: 2013, 2014, 2015, 2016, 2023, 2024, 2025, 2026
[2025-11-10 22:26:46] Building dataset for SERIEA (seasons: 2013, 2014, 2015, 2016, 2023, 2024, 2025, 2026)...
[2025-11-10 22:26:49] INFO: Augmenting LIGUE1 dataset with historical seasons: 2013, 2014, 2015, 2016, 2023, 2024, 2025, 2026
[2025-11-10 22:26:49] Building dataset for LIGUE1 (seasons: 2013, 2014, 2015, 2016, 2023, 2024, 2025, 2026)...
[2025-11-10 22:26:51] Dataset rebuild complete
[2025-11-10 22:26:51] Step 4: Training models...
[2025-11-10 22:26:51] Training NFL model...
[2025-11-10 22:27:15] Training NBA model...
[2025-11-10 22:27:20] Training CFB model...
[2025-11-10 22:27:25] Training EPL model...
[2025-11-10 22:27:47] Training LALIGA model...
[2025-11-10 22:27:53] Training BUNDESLIGA model...
[2025-11-10 22:27:58] Training SERIEA model...
[2025-11-10 22:28:04] Training LIGUE1 model...
[2025-11-10 22:28:09] Model training complete
[2025-11-10 22:28:09] Step 5: Generating predictions...
[2025-11-10 22:28:09] Forward testing NFL...
[2025-11-10 22:28:36] Updating completed results for NFL...
[2025-11-10 22:28:41] Forward testing NBA...
[2025-11-10 22:28:48] Updating completed results for NBA...
[2025-11-10 22:28:52] Forward testing CFB...
[2025-11-10 22:28:59] Updating completed results for CFB...
[2025-11-10 22:29:03] Forward testing EPL...
[2025-11-10 22:29:26] Updating completed results for EPL...
[2025-11-10 22:29:31] Forward testing LALIGA...
[2025-11-10 22:29:54] Updating completed results for LALIGA...
[2025-11-10 22:29:58] Forward testing BUNDESLIGA...
[2025-11-10 22:30:20] Updating completed results for BUNDESLIGA...
[2025-11-10 22:30:25] Forward testing SERIEA...
[2025-11-10 22:30:49] Updating completed results for SERIEA...
[2025-11-10 22:30:54] Forward testing LIGUE1...
[2025-11-10 22:30:59] Updating completed results for LIGUE1...
[2025-11-10 22:31:02] Prediction generation complete
[2025-11-10 22:31:02] =========================================
[2025-11-10 22:31:02] Hourly pipeline completed
[2025-11-10 22:31:02] =========================================
