[2025-11-08 11:48:37] =========================================
[2025-11-08 11:48:37] Starting hourly pipeline
[2025-11-08 11:48:37] =========================================
[2025-11-08 11:48:37] Step 1: Ingesting odds, injuries, and recent results...
[2025-11-08 11:48:38] Ingestion complete
[2025-11-08 11:48:38] Step 2: Refreshing advanced stats...
[2025-11-08 11:48:40] Advanced stats ingestion complete
[2025-11-08 11:48:40] Step 3: Rebuilding datasets...
[2025-11-08 11:48:40] Building dataset for NFL...
[2025-11-08 11:48:43] Building dataset for NBA...
[2025-11-08 11:48:46] Building dataset for CFB...
[2025-11-08 11:48:48] Building dataset for EPL...
[2025-11-08 11:48:50] Building dataset for LALIGA...
[2025-11-08 11:48:51] Building dataset for BUNDESLIGA...
[2025-11-08 11:48:53] Building dataset for SERIEA...
[2025-11-08 11:48:54] Building dataset for LIGUE1...
[2025-11-08 11:48:56] Dataset rebuild complete
[2025-11-08 11:48:56] Step 4: Training models...
[2025-11-08 11:48:56] Training NFL model...
[2025-11-08 11:49:00] Training NBA model...
[2025-11-08 11:49:04] Training CFB model...
[2025-11-08 11:49:08] Training EPL model...
[2025-11-08 11:49:13] Training LALIGA model...
[2025-11-08 11:49:17] Training BUNDESLIGA model...
[2025-11-08 11:49:20] Training SERIEA model...
[2025-11-08 11:49:25] Training LIGUE1 model...
[2025-11-08 11:49:29] Model training complete
[2025-11-08 11:49:29] Step 5: Generating predictions...
[2025-11-08 11:49:29] Forward testing NFL...
[2025-11-08 11:49:37] Updating completed results for NFL...
[2025-11-08 11:49:39] Forward testing NBA...
[2025-11-08 11:49:45] Updating completed results for NBA...
[2025-11-08 11:49:47] Forward testing CFB...
[2025-11-08 11:49:52] Updating completed results for CFB...
[2025-11-08 11:49:54] Forward testing EPL...
[2025-11-08 11:49:59] Updating completed results for EPL...
[2025-11-08 11:50:02] Forward testing LALIGA...
[2025-11-08 11:50:07] Updating completed results for LALIGA...
[2025-11-08 11:50:09] Forward testing BUNDESLIGA...
[2025-11-08 11:50:14] Updating completed results for BUNDESLIGA...
[2025-11-08 11:50:17] Forward testing SERIEA...
[2025-11-08 11:50:21] Updating completed results for SERIEA...
[2025-11-08 11:50:24] Forward testing LIGUE1...
[2025-11-08 11:50:27] Updating completed results for LIGUE1...
[2025-11-08 11:50:29] Prediction generation complete
[2025-11-08 11:50:29] =========================================
[2025-11-08 11:50:29] Hourly pipeline completed
[2025-11-08 11:50:29] =========================================
