[2025-11-08 02:49:58] =========================================
[2025-11-08 02:49:58] Starting hourly pipeline
[2025-11-08 02:49:58] =========================================
[2025-11-08 02:49:58] Step 1: Ingesting hourly data...
[2025-11-08 02:50:00] Hourly data ingestion completed
[2025-11-08 02:50:00] Step 2: Ingesting advanced stats...
[2025-11-08 02:50:01] Advanced stats ingestion completed
[2025-11-08 02:50:01] Step 3: Rebuilding datasets...
[2025-11-08 02:50:01] Rebuilding NBA dataset...
[2025-11-08 02:50:04] Rebuilding NFL dataset...
[2025-11-08 02:50:52] WARNING: NFL dataset rebuild failed
[2025-11-08 02:50:52] Rebuilding CFB dataset...
[2025-11-08 02:50:55] Rebuilding EPL dataset...
[2025-11-08 02:50:56] Dataset rebuilding completed
[2025-11-08 02:50:56] Step 4: Training models...
[2025-11-08 02:50:56] Training NBA model...
[2025-11-08 02:51:01] Training NFL model...
[2025-11-08 02:51:03] WARNING: NFL model training failed
[2025-11-08 02:51:03] Training CFB model...
[2025-11-08 02:51:07] Training EPL model...
[2025-11-08 02:51:11] Model training completed
[2025-11-08 02:51:11] Step 5: Generating predictions...
[2025-11-08 02:51:11] Generating predictions for NBA...
[2025-11-08 02:51:17] Generating predictions for NFL...
[2025-11-08 02:51:26] Generating predictions for CFB...
[2025-11-08 02:51:32] Generating predictions for EPL...
[2025-11-08 02:51:37] Generating predictions for LALIGA...
[2025-11-08 02:51:42] Generating predictions for BUNDESLIGA...
[2025-11-08 02:51:47] Generating predictions for SERIEA...
[2025-11-08 02:51:52] Generating predictions for LIGUE1...
[2025-11-08 02:51:56] WARNING: LIGUE1 prediction generation failed
[2025-11-08 02:51:56] Prediction generation completed
[2025-11-08 02:51:56] =========================================
[2025-11-08 02:51:56] Hourly pipeline completed
[2025-11-08 02:51:56] =========================================
