[2025-11-21 00:16:36] =========================================
[2025-11-21 00:16:36] Starting hourly pipeline
[2025-11-21 00:16:36] =========================================
[2025-11-21 00:16:36] Processing leagues: NFL, NBA, CFB, NCAAB, NHL, EPL, LALIGA, BUNDESLIGA, SERIEA, LIGUE1
[2025-11-21 00:16:36] Detecting available soccer seasons from data/raw/results...
[2025-11-21 00:16:38] Detected soccer seasons: EPL:	2022,2023,2024,2025,2026 | BUNDESLIGA:	2016,2023,2024,2025,2026 | LIGUE1:	2016,2023,2024,2025,2026 | LALIGA:	2016,2023,2024,2025,2026 | SERIEA:	2016,2023,2024,2025,2026
[2025-11-21 00:16:38] Step 1: Ingesting odds, injuries, and recent results...
[2025-11-21 00:16:39] Ingestion complete
[2025-11-21 00:16:39] Step 1b: Fetching The Odds API snapshots...
[2025-11-21 00:16:39] Requesting Odds API snapshot for NFL (moneyline + totals)...
[2025-11-21 00:16:42] Requesting Odds API snapshot for NBA (moneyline + totals)...
[2025-11-21 00:16:45] Requesting Odds API snapshot for CFB (moneyline + totals)...
[2025-11-21 00:16:47] Requesting Odds API snapshot for NCAAB (moneyline + totals)...
[2025-11-21 00:16:50] Requesting Odds API snapshot for NHL (moneyline + totals)...
[2025-11-21 00:16:53] Requesting Odds API snapshot for EPL (moneyline + totals)...
[2025-11-21 00:16:56] Requesting Odds API snapshot for LALIGA (moneyline + totals)...
[2025-11-21 00:16:58] Requesting Odds API snapshot for BUNDESLIGA (moneyline + totals)...
[2025-11-21 00:17:01] Requesting Odds API snapshot for SERIEA (moneyline + totals)...
[2025-11-21 00:17:04] Requesting Odds API snapshot for LIGUE1 (moneyline + totals)...
[2025-11-21 00:17:06] Syncing Understat archives for leagues: EPL,La_liga,Bundesliga,Serie_A,Ligue_1 (seasons: 2021,2022,2023,2024,2025)...
[2025-11-21 00:17:09] Fetching Understat match payloads for leagues: EPL,La_liga,Bundesliga,Serie_A,Ligue_1 (seasons: 2024,2025)...
[2025-11-21 00:17:12] Syncing football-data odds archives for leagues: premier-league,la-liga,bundesliga,serie-a,ligue-1...
[2025-11-21 00:17:14] Updating soccer totals from football-data for leagues: premier-league,la-liga,bundesliga,serie-a,ligue-1...
[2025-11-21 00:17:36] Fetching TeamRankings over/under picks for leagues: NFL,NBA,CFB...
[2025-11-21 00:18:17] Updating TeamRankings picks for leagues: NFL,NBA,CFB...
[2025-11-21 00:18:38] Step 2: Refreshing advanced stats...
[2025-11-21 00:18:40] Advanced stats ingestion complete
[2025-11-21 00:18:40] Step 3: Rebuilding datasets...
[2025-11-21 00:18:40] Building dataset for NFL (seasons: 2021, 2022, 2023, 2024, 2025)...
[2025-11-21 00:18:43] Building dataset for NBA (seasons: 2021, 2022, 2023, 2024, 2025)...
[2025-11-21 00:18:47] WARNING: Dataset build failed for NBA
[2025-11-21 00:18:47] Building dataset for CFB (seasons: 2021, 2022, 2023, 2024, 2025)...
[2025-11-21 00:18:50] Building dataset for NCAAB (seasons: 2021, 2022, 2023, 2024, 2025)...
[2025-11-21 00:18:53] WARNING: Dataset build failed for NCAAB
[2025-11-21 00:18:53] Building dataset for NHL (seasons: 2021, 2022, 2023, 2024, 2025)...
[2025-11-21 00:18:55] WARNING: Dataset build failed for NHL
[2025-11-21 00:18:55] INFO: Augmenting EPL dataset with historical seasons: 2013, 2014, 2015, 2016, 2022, 2023, 2024, 2025, 2026
[2025-11-21 00:18:55] Building dataset for EPL (seasons: 2013, 2014, 2015, 2016, 2022, 2023, 2024, 2025, 2026)...
[2025-11-21 00:19:00] INFO: Augmenting LALIGA dataset with historical seasons: 2013, 2014, 2015, 2016, 2023, 2024, 2025, 2026
[2025-11-21 00:19:00] Building dataset for LALIGA (seasons: 2013, 2014, 2015, 2016, 2023, 2024, 2025, 2026)...
[2025-11-21 00:19:03] INFO: Augmenting BUNDESLIGA dataset with historical seasons: 2013, 2014, 2015, 2016, 2023, 2024, 2025, 2026
[2025-11-21 00:19:03] Building dataset for BUNDESLIGA (seasons: 2013, 2014, 2015, 2016, 2023, 2024, 2025, 2026)...
[2025-11-21 00:19:06] INFO: Augmenting SERIEA dataset with historical seasons: 2013, 2014, 2015, 2016, 2023, 2024, 2025, 2026
[2025-11-21 00:19:06] Building dataset for SERIEA (seasons: 2013, 2014, 2015, 2016, 2023, 2024, 2025, 2026)...
[2025-11-21 00:19:10] INFO: Augmenting LIGUE1 dataset with historical seasons: 2013, 2014, 2015, 2016, 2023, 2024, 2025, 2026
[2025-11-21 00:19:10] Building dataset for LIGUE1 (seasons: 2013, 2014, 2015, 2016, 2023, 2024, 2025, 2026)...
[2025-11-21 00:19:13] Dataset rebuild complete
[2025-11-21 00:19:13] Step 4: Training models...
[2025-11-21 00:19:13] Training NFL model...
[2025-11-21 00:19:29] Training CFB model...
[2025-11-21 00:19:33] Training EPL model...
[2025-11-21 00:19:39] Training LALIGA model...
[2025-11-21 00:19:43] Training BUNDESLIGA model...
[2025-11-21 00:19:50] Training SERIEA model...
[2025-11-21 00:19:55] Training LIGUE1 model...
[2025-11-21 00:20:01] Model training complete
[2025-11-21 00:20:01] Step 5: Generating predictions...
[2025-11-21 00:20:01] Forward testing NFL...
[2025-11-21 00:20:16] Updating completed results for NFL...
[2025-11-21 00:20:23] Forward testing NBA...
[2025-11-21 00:20:29] Updating completed results for NBA...
[2025-11-21 00:20:33] Forward testing CFB...
[2025-11-21 00:20:40] Updating completed results for CFB...
[2025-11-21 00:20:45] Forward testing NCAAB...
[2025-11-21 00:20:54] Updating completed results for NCAAB...
[2025-11-21 00:21:02] Forward testing NHL...
[2025-11-21 00:21:07] WARNING: Forward test failed for NHL
[2025-11-21 00:21:07] Forward testing EPL...
[2025-11-21 00:21:13] Updating completed results for EPL...
[2025-11-21 00:21:17] Forward testing LALIGA...
[2025-11-21 00:21:23] Updating completed results for LALIGA...
[2025-11-21 00:21:27] Forward testing BUNDESLIGA...
[2025-11-21 00:21:33] Updating completed results for BUNDESLIGA...
[2025-11-21 00:21:37] Forward testing SERIEA...
[2025-11-21 00:21:43] Updating completed results for SERIEA...
[2025-11-21 00:21:46] Forward testing LIGUE1...
[2025-11-21 00:21:52] Updating completed results for LIGUE1...
[2025-11-21 00:21:56] Prediction generation complete
[2025-11-21 00:21:56] =========================================
[2025-11-21 00:21:56] Hourly pipeline completed
[2025-11-21 00:21:56] =========================================
