[2025-11-08 02:52:33] =========================================
[2025-11-08 02:52:33] Starting hourly pipeline
[2025-11-08 02:52:33] =========================================
[2025-11-08 02:52:33] Step 1: Ingesting hourly data...
[2025-11-08 02:52:34] Hourly data ingestion completed
[2025-11-08 02:52:34] Step 2: Ingesting advanced stats...
[2025-11-08 02:52:35] Advanced stats ingestion completed
[2025-11-08 02:52:35] Step 3: Rebuilding datasets...
[2025-11-08 02:52:35] Rebuilding NBA dataset...
[2025-11-08 02:52:40] Rebuilding NFL dataset...
[2025-11-08 02:53:59] WARNING: NFL dataset rebuild failed
[2025-11-08 02:53:59] Rebuilding CFB dataset...
[2025-11-08 02:54:02] Rebuilding EPL dataset...
[2025-11-08 02:54:03] Dataset rebuilding completed
[2025-11-08 02:54:03] Step 4: Training models...
[2025-11-08 02:54:03] Training NBA model...
[2025-11-08 02:54:08] Training NFL model...
[2025-11-08 02:54:10] WARNING: NFL model training failed
[2025-11-08 02:54:10] Training CFB model...
[2025-11-08 02:54:14] Training EPL model...
[2025-11-08 02:54:19] Model training completed
[2025-11-08 02:54:19] Step 5: Generating predictions...
[2025-11-08 02:54:19] Generating predictions for NBA...
[2025-11-08 02:54:23] WARNING: NBA prediction generation failed
[2025-11-08 02:54:23] Generating predictions for NFL...
[2025-11-08 02:54:26] WARNING: NFL prediction generation failed
[2025-11-08 02:54:26] Generating predictions for CFB...
[2025-11-08 02:54:29] WARNING: CFB prediction generation failed
[2025-11-08 02:54:29] Generating predictions for EPL...
[2025-11-08 02:54:34] WARNING: EPL prediction generation failed
[2025-11-08 02:54:34] Generating predictions for LALIGA...
[2025-11-08 02:54:38] WARNING: LALIGA prediction generation failed
[2025-11-08 02:54:38] Generating predictions for BUNDESLIGA...
[2025-11-08 02:54:41] WARNING: BUNDESLIGA prediction generation failed
[2025-11-08 02:54:41] Generating predictions for SERIEA...
[2025-11-08 02:54:45] WARNING: SERIEA prediction generation failed
[2025-11-08 02:54:45] Generating predictions for LIGUE1...
[2025-11-08 02:54:48] WARNING: LIGUE1 prediction generation failed
[2025-11-08 02:54:48] Prediction generation completed
[2025-11-08 02:54:48] =========================================
[2025-11-08 02:54:48] Hourly pipeline completed
[2025-11-08 02:54:48] =========================================
