[2025-11-08 11:05:28] =========================================
[2025-11-08 11:05:28] Starting hourly pipeline
[2025-11-08 11:05:28] =========================================
[2025-11-08 11:05:28] Step 1: Ingesting odds, injuries, and recent results...
[2025-11-08 11:05:29] Ingestion complete
[2025-11-08 11:05:29] Step 2: Refreshing advanced stats...
[2025-11-08 11:05:30] Advanced stats ingestion complete
[2025-11-08 11:05:30] Step 3: Rebuilding datasets...
[2025-11-08 11:05:30] Building dataset for NFL...
[2025-11-08 11:05:33] Building dataset for NBA...
[2025-11-08 11:05:37] Building dataset for CFB...
[2025-11-08 11:05:39] Building dataset for EPL...
[2025-11-08 11:05:40] Building dataset for LALIGA...
[2025-11-08 11:05:42] Building dataset for BUNDESLIGA...
[2025-11-08 11:05:43] Building dataset for SERIEA...
[2025-11-08 11:05:45] Building dataset for LIGUE1...
[2025-11-08 11:05:46] Dataset rebuild complete
[2025-11-08 11:05:46] Step 4: Training models...
[2025-11-08 11:05:46] Training NFL model...
[2025-11-08 11:05:50] Training NBA model...
[2025-11-08 11:05:54] Training CFB model...
[2025-11-08 11:05:58] Training EPL model...
[2025-11-08 11:06:00] WARNING: Training failed for EPL
[2025-11-08 11:06:00] Training LALIGA model...
[2025-11-08 11:06:02] WARNING: Training failed for LALIGA
[2025-11-08 11:06:02] Training BUNDESLIGA model...
[2025-11-08 11:06:05] WARNING: Training failed for BUNDESLIGA
[2025-11-08 11:06:05] Training SERIEA model...
[2025-11-08 11:06:07] WARNING: Training failed for SERIEA
[2025-11-08 11:06:07] Training LIGUE1 model...
[2025-11-08 11:06:10] WARNING: Training failed for LIGUE1
[2025-11-08 11:06:10] Model training complete
[2025-11-08 11:06:10] Step 5: Generating predictions...
[2025-11-08 11:06:10] Forward testing NFL...
[2025-11-08 11:06:18] Updating completed results for NFL...
[2025-11-08 11:06:21] Forward testing NBA...
[2025-11-08 11:06:26] Updating completed results for NBA...
[2025-11-08 11:06:28] Forward testing CFB...
[2025-11-08 11:06:33] Updating completed results for CFB...
[2025-11-08 11:06:35] Prediction generation complete
[2025-11-08 11:06:35] =========================================
[2025-11-08 11:06:35] Hourly pipeline completed
[2025-11-08 11:06:35] =========================================
