[2025-11-23 19:57:02] =========================================
[2025-11-23 19:57:02] Starting hourly pipeline
[2025-11-23 19:57:02] =========================================
[2025-11-23 19:57:02] Processing leagues: NFL, NBA, CFB, NCAAB, NHL, EPL, LALIGA, BUNDESLIGA, SERIEA, LIGUE1
[2025-11-23 19:57:02] Detecting available soccer seasons from data/raw/results...
[2025-11-23 19:57:04] Detected soccer seasons: EPL:	2022,2023,2024,2025,2026 | BUNDESLIGA:	2016,2023,2024,2025,2026 | LIGUE1:	2016,2023,2024,2025,2026 | LALIGA:	2016,2023,2024,2025,2026 | SERIEA:	2016,2023,2024,2025,2026
[2025-11-23 19:57:04] Step 1: Ingesting odds, injuries, and recent results...
[2025-11-23 19:57:05] Ingestion complete
[2025-11-23 19:57:05] Step 1b: Fetching The Odds API snapshots...
[2025-11-23 19:57:05] Skipping Odds API snapshot for NFL (SkipOdds enabled)
[2025-11-23 19:57:05] Skipping Odds API snapshot for NBA (SkipOdds enabled)
[2025-11-23 19:57:05] Skipping Odds API snapshot for CFB (SkipOdds enabled)
[2025-11-23 19:57:05] Skipping Odds API snapshot for NCAAB (SkipOdds enabled)
[2025-11-23 19:57:05] Skipping Odds API snapshot for NHL (SkipOdds enabled)
[2025-11-23 19:57:05] Skipping Odds API snapshot for EPL (SkipOdds enabled)
[2025-11-23 19:57:05] Skipping Odds API snapshot for LALIGA (SkipOdds enabled)
[2025-11-23 19:57:05] Skipping Odds API snapshot for BUNDESLIGA (SkipOdds enabled)
[2025-11-23 19:57:05] Skipping Odds API snapshot for SERIEA (SkipOdds enabled)
[2025-11-23 19:57:05] Skipping Odds API snapshot for LIGUE1 (SkipOdds enabled)
[2025-11-23 19:57:05] Syncing Understat archives for leagues: EPL,La_liga,Bundesliga,Serie_A,Ligue_1 (seasons: 2021,2022,2023,2024,2025)...
[2025-11-23 19:57:07] Fetching Understat match payloads for leagues: EPL,La_liga,Bundesliga,Serie_A,Ligue_1 (seasons: 2024,2025)...
[2025-11-23 19:57:09] Syncing football-data odds archives for leagues: premier-league,la-liga,bundesliga,serie-a,ligue-1...
[2025-11-23 19:57:11] Updating soccer totals from football-data for leagues: premier-league,la-liga,bundesliga,serie-a,ligue-1...
[2025-11-23 19:57:31] Fetching TeamRankings over/under picks for leagues: NFL,NBA,CFB...
[2025-11-23 19:58:02] Updating TeamRankings picks for leagues: NFL,NBA,CFB...
[2025-11-23 19:58:43] Step 2: Refreshing advanced stats...
[2025-11-23 19:58:44] Advanced stats ingestion complete
[2025-11-23 19:58:44] Step 3: Rebuilding datasets...
[2025-11-23 19:58:44] Building dataset for NFL (seasons: 2021, 2022, 2023, 2024, 2025)...
[2025-11-23 19:58:47] Building dataset for NBA (seasons: 2021, 2022, 2023, 2024, 2025)...
[2025-11-23 19:58:56] Building dataset for CFB (seasons: 2021, 2022, 2023, 2024, 2025)...
[2025-11-23 19:58:58] Building dataset for NCAAB (seasons: 2021, 2022, 2023, 2024, 2025)...
[2025-11-23 19:59:00] Building dataset for NHL (seasons: 2021, 2022, 2023, 2024, 2025)...
[2025-11-23 19:59:01] INFO: Augmenting EPL dataset with historical seasons: 2013, 2014, 2015, 2016, 2022, 2023, 2024, 2025, 2026
[2025-11-23 19:59:01] Building dataset for EPL (seasons: 2013, 2014, 2015, 2016, 2022, 2023, 2024, 2025, 2026)...
[2025-11-23 19:59:06] INFO: Augmenting LALIGA dataset with historical seasons: 2013, 2014, 2015, 2016, 2023, 2024, 2025, 2026
[2025-11-23 19:59:06] Building dataset for LALIGA (seasons: 2013, 2014, 2015, 2016, 2023, 2024, 2025, 2026)...
[2025-11-23 19:59:08] INFO: Augmenting BUNDESLIGA dataset with historical seasons: 2013, 2014, 2015, 2016, 2023, 2024, 2025, 2026
[2025-11-23 19:59:08] Building dataset for BUNDESLIGA (seasons: 2013, 2014, 2015, 2016, 2023, 2024, 2025, 2026)...
[2025-11-23 19:59:11] INFO: Augmenting SERIEA dataset with historical seasons: 2013, 2014, 2015, 2016, 2023, 2024, 2025, 2026
[2025-11-23 19:59:11] Building dataset for SERIEA (seasons: 2013, 2014, 2015, 2016, 2023, 2024, 2025, 2026)...
[2025-11-23 19:59:13] INFO: Augmenting LIGUE1 dataset with historical seasons: 2013, 2014, 2015, 2016, 2023, 2024, 2025, 2026
[2025-11-23 19:59:13] Building dataset for LIGUE1 (seasons: 2013, 2014, 2015, 2016, 2023, 2024, 2025, 2026)...
[2025-11-23 19:59:15] Dataset rebuild complete
[2025-11-23 19:59:15] Step 4: Training models...
[2025-11-23 19:59:15] Training NFL ensemble model...
[2025-11-23 20:00:18] Training NFL random_forest model...
[2025-11-23 20:00:24] Training NFL gradient_boosting model...
[2025-11-23 20:00:32] Training NBA ensemble model...
[2025-11-23 20:00:54] Training NBA random_forest model...
[2025-11-23 20:00:57] Training NBA gradient_boosting model...
[2025-11-23 20:01:00] Training CFB ensemble model...
[2025-11-23 20:01:13] Training CFB random_forest model...
[2025-11-23 20:01:17] Training CFB gradient_boosting model...
[2025-11-23 20:01:21] Training NCAAB ensemble model...
[2025-11-23 20:01:45] Training NCAAB random_forest model...
[2025-11-23 20:01:50] Training NCAAB gradient_boosting model...
[2025-11-23 20:01:54] Training NHL ensemble model...
[2025-11-23 20:02:01] Training NHL random_forest model...
[2025-11-23 20:02:05] Training NHL gradient_boosting model...
[2025-11-23 20:02:08] Training EPL ensemble model...
[2025-11-23 20:02:31] Training EPL random_forest model...
[2025-11-23 20:02:34] Training EPL gradient_boosting model...
[2025-11-23 20:02:38] Training LALIGA ensemble model...
[2025-11-23 20:02:52] Training LALIGA random_forest model...
[2025-11-23 20:02:56] Training LALIGA gradient_boosting model...
[2025-11-23 20:03:00] Training BUNDESLIGA ensemble model...
[2025-11-23 20:03:14] Training BUNDESLIGA random_forest model...
[2025-11-23 20:03:17] Training BUNDESLIGA gradient_boosting model...
[2025-11-23 20:03:20] Training SERIEA ensemble model...
[2025-11-23 20:03:36] Training SERIEA random_forest model...
[2025-11-23 20:03:39] Training SERIEA gradient_boosting model...
[2025-11-23 20:03:43] Training LIGUE1 ensemble model...
[2025-11-23 20:03:58] Training LIGUE1 random_forest model...
[2025-11-23 20:04:01] Training LIGUE1 gradient_boosting model...
[2025-11-23 20:04:05] Model training complete
[2025-11-23 20:04:05] Step 5: Generating predictions...
[2025-11-23 20:04:05] Forward testing NFL with ensemble model...
[2025-11-23 20:04:17] Updating completed results for NFL (ensemble)...
[2025-11-23 20:04:21] Forward testing NFL with random_forest model...
[2025-11-23 20:04:32] Updating completed results for NFL (random_forest)...
[2025-11-23 20:04:35] Forward testing NFL with gradient_boosting model...
[2025-11-23 20:04:46] Updating completed results for NFL (gradient_boosting)...
[2025-11-23 20:04:50] Forward testing NBA with ensemble model...
[2025-11-23 20:04:56] Updating completed results for NBA (ensemble)...
[2025-11-23 20:05:00] Forward testing NBA with random_forest model...
[2025-11-23 20:05:05] Updating completed results for NBA (random_forest)...
[2025-11-23 20:05:08] Forward testing NBA with gradient_boosting model...
[2025-11-23 20:05:13] Updating completed results for NBA (gradient_boosting)...
[2025-11-23 20:05:17] Forward testing CFB with ensemble model...
[2025-11-23 20:05:29] Updating completed results for CFB (ensemble)...
[2025-11-23 20:05:33] Forward testing CFB with random_forest model...
[2025-11-23 20:05:43] Updating completed results for CFB (random_forest)...
[2025-11-23 20:05:46] Forward testing CFB with gradient_boosting model...
[2025-11-23 20:05:52] Updating completed results for CFB (gradient_boosting)...
[2025-11-23 20:05:55] Forward testing NCAAB with ensemble model...
[2025-11-23 20:06:05] Updating completed results for NCAAB (ensemble)...
[2025-11-23 20:06:13] Forward testing NCAAB with random_forest model...
[2025-11-23 20:06:21] Updating completed results for NCAAB (random_forest)...
[2025-11-23 20:06:28] Forward testing NCAAB with gradient_boosting model...
[2025-11-23 20:06:33] Updating completed results for NCAAB (gradient_boosting)...
[2025-11-23 20:06:41] Forward testing NHL with ensemble model...
[2025-11-23 20:06:46] Updating completed results for NHL (ensemble)...
[2025-11-23 20:06:49] Forward testing NHL with random_forest model...
[2025-11-23 20:06:53] Updating completed results for NHL (random_forest)...
[2025-11-23 20:06:57] Forward testing NHL with gradient_boosting model...
[2025-11-23 20:07:02] Updating completed results for NHL (gradient_boosting)...
[2025-11-23 20:07:05] Forward testing EPL with ensemble model...
[2025-11-23 20:07:12] Updating completed results for EPL (ensemble)...
[2025-11-23 20:07:18] Forward testing EPL with random_forest model...
[2025-11-23 20:07:23] Updating completed results for EPL (random_forest)...
[2025-11-23 20:07:28] Forward testing EPL with gradient_boosting model...
[2025-11-23 20:07:33] Updating completed results for EPL (gradient_boosting)...
[2025-11-23 20:07:39] Forward testing LALIGA with ensemble model...
[2025-11-23 20:07:46] Updating completed results for LALIGA (ensemble)...
[2025-11-23 20:07:53] Forward testing LALIGA with random_forest model...
[2025-11-23 20:07:58] Updating completed results for LALIGA (random_forest)...
[2025-11-23 20:08:03] Forward testing LALIGA with gradient_boosting model...
[2025-11-23 20:08:06] WARNING: Forward test failed for LALIGA (gradient_boosting)
[2025-11-23 20:08:06] Forward testing BUNDESLIGA with ensemble model...
[2025-11-23 20:08:09] WARNING: Forward test failed for BUNDESLIGA (ensemble)
[2025-11-23 20:08:09] Forward testing BUNDESLIGA with random_forest model...
[2025-11-23 20:08:12] WARNING: Forward test failed for BUNDESLIGA (random_forest)
[2025-11-23 20:08:12] Forward testing BUNDESLIGA with gradient_boosting model...
[2025-11-23 20:08:15] WARNING: Forward test failed for BUNDESLIGA (gradient_boosting)
[2025-11-23 20:08:15] Forward testing SERIEA with ensemble model...
[2025-11-23 20:08:18] WARNING: Forward test failed for SERIEA (ensemble)
[2025-11-23 20:08:18] Forward testing SERIEA with random_forest model...
[2025-11-23 20:08:21] WARNING: Forward test failed for SERIEA (random_forest)
[2025-11-23 20:08:21] Forward testing SERIEA with gradient_boosting model...
[2025-11-23 20:08:24] WARNING: Forward test failed for SERIEA (gradient_boosting)
[2025-11-23 20:08:24] Forward testing LIGUE1 with ensemble model...
[2025-11-23 20:08:27] WARNING: Forward test failed for LIGUE1 (ensemble)
[2025-11-23 20:08:27] Forward testing LIGUE1 with random_forest model...
[2025-11-23 20:08:30] WARNING: Forward test failed for LIGUE1 (random_forest)
[2025-11-23 20:08:30] Forward testing LIGUE1 with gradient_boosting model...
[2025-11-23 20:08:33] WARNING: Forward test failed for LIGUE1 (gradient_boosting)
[2025-11-23 20:08:33] Prediction generation complete
[2025-11-23 20:08:33] Step 6: Syncing results across model types...
[2025-11-23 20:08:35] Results synced successfully across all model types
[2025-11-23 20:08:35] =========================================
[2025-11-23 20:08:35] Hourly pipeline completed
[2025-11-23 20:08:35] =========================================
