[2025-11-17 15:06:21] =========================================
[2025-11-17 15:06:21] Starting hourly pipeline
[2025-11-17 15:06:21] =========================================
[2025-11-17 15:06:21] Processing leagues: NFL, NBA, CFB, EPL, LALIGA, BUNDESLIGA, SERIEA, LIGUE1
[2025-11-17 15:06:21] Detecting available soccer seasons from data/raw/results...
[2025-11-17 15:06:30] Detected soccer seasons: EPL:	2022,2023,2024,2025,2026 | BUNDESLIGA:	2016,2023,2024,2025,2026 | LIGUE1:	2016,2023,2024,2025,2026 | LALIGA:	2016,2023,2024,2025,2026 | SERIEA:	2016,2023,2024,2025,2026
[2025-11-17 15:06:30] Step 1: Ingesting odds, injuries, and recent results...
[2025-11-17 15:06:31] Ingestion complete
[2025-11-17 15:06:31] Step 1b: Fetching The Odds API snapshots...
[2025-11-17 15:06:31] Requesting Odds API snapshot for NFL...
[2025-11-17 15:06:33] Requesting Odds API snapshot for NBA...
[2025-11-17 15:06:35] Requesting Odds API snapshot for CFB...
[2025-11-17 15:06:37] Requesting Odds API snapshot for EPL...
[2025-11-17 15:06:39] Requesting Odds API snapshot for LALIGA...
[2025-11-17 15:06:41] Requesting Odds API snapshot for BUNDESLIGA...
[2025-11-17 15:06:43] Requesting Odds API snapshot for SERIEA...
[2025-11-17 15:06:45] Requesting Odds API snapshot for LIGUE1...
[2025-11-17 15:06:47] Syncing Understat archives for leagues: EPL,La_liga,Bundesliga,Serie_A,Ligue_1 (seasons: 2021,2022,2023,2024,2025)...
[2025-11-17 15:06:49] Fetching Understat match payloads for leagues: EPL,La_liga,Bundesliga,Serie_A,Ligue_1 (seasons: 2024,2025)...
[2025-11-17 15:06:51] Syncing football-data odds archives for leagues: premier-league,la-liga,bundesliga,serie-a,ligue-1...
[2025-11-17 15:06:53] Step 2: Refreshing advanced stats...
[2025-11-17 15:06:54] Advanced stats ingestion complete
[2025-11-17 15:06:54] Step 3: Rebuilding datasets...
[2025-11-17 15:06:54] Building dataset for NFL (seasons: 2021, 2022, 2023, 2024, 2025)...
[2025-11-17 15:06:57] Building dataset for NBA (seasons: 2021, 2022, 2023, 2024, 2025)...
[2025-11-17 15:07:00] Building dataset for CFB (seasons: 2021, 2022, 2023, 2024, 2025)...
[2025-11-17 15:07:03] INFO: Augmenting EPL dataset with historical seasons: 2013, 2014, 2015, 2016, 2022, 2023, 2024, 2025, 2026
[2025-11-17 15:07:03] Building dataset for EPL (seasons: 2013, 2014, 2015, 2016, 2022, 2023, 2024, 2025, 2026)...
[2025-11-17 15:07:08] INFO: Augmenting LALIGA dataset with historical seasons: 2013, 2014, 2015, 2016, 2023, 2024, 2025, 2026
[2025-11-17 15:07:08] Building dataset for LALIGA (seasons: 2013, 2014, 2015, 2016, 2023, 2024, 2025, 2026)...
[2025-11-17 15:07:10] INFO: Augmenting BUNDESLIGA dataset with historical seasons: 2013, 2014, 2015, 2016, 2023, 2024, 2025, 2026
[2025-11-17 15:07:10] Building dataset for BUNDESLIGA (seasons: 2013, 2014, 2015, 2016, 2023, 2024, 2025, 2026)...
[2025-11-17 15:07:13] INFO: Augmenting SERIEA dataset with historical seasons: 2013, 2014, 2015, 2016, 2023, 2024, 2025, 2026
[2025-11-17 15:07:13] Building dataset for SERIEA (seasons: 2013, 2014, 2015, 2016, 2023, 2024, 2025, 2026)...
[2025-11-17 15:07:15] INFO: Augmenting LIGUE1 dataset with historical seasons: 2013, 2014, 2015, 2016, 2023, 2024, 2025, 2026
[2025-11-17 15:07:15] Building dataset for LIGUE1 (seasons: 2013, 2014, 2015, 2016, 2023, 2024, 2025, 2026)...
[2025-11-17 15:07:18] Dataset rebuild complete
[2025-11-17 15:07:18] Step 4: Training models...
[2025-11-17 15:07:18] Training NFL model...
[2025-11-17 15:07:28] Training NBA model...
[2025-11-17 15:07:32] Training CFB model...
[2025-11-17 15:07:36] Training EPL model...
[2025-11-17 15:07:40] Training LALIGA model...
[2025-11-17 15:07:44] Training BUNDESLIGA model...
[2025-11-17 15:07:48] Training SERIEA model...
[2025-11-17 15:07:51] Training LIGUE1 model...
[2025-11-17 15:07:55] Model training complete
[2025-11-17 15:07:56] Step 5: Generating predictions...
[2025-11-17 15:07:56] Forward testing NFL...
[2025-11-17 15:08:02] Updating completed results for NFL...
[2025-11-17 15:08:05] Forward testing NBA...
[2025-11-17 15:08:09] Updating completed results for NBA...
[2025-11-17 15:08:12] Forward testing CFB...
[2025-11-17 15:08:16] Updating completed results for CFB...
[2025-11-17 15:08:19] Forward testing EPL...
[2025-11-17 15:08:23] Updating completed results for EPL...
[2025-11-17 15:08:28] Forward testing LALIGA...
[2025-11-17 15:08:32] Updating completed results for LALIGA...
[2025-11-17 15:08:37] Forward testing BUNDESLIGA...
[2025-11-17 15:08:41] Updating completed results for BUNDESLIGA...
[2025-11-17 15:08:45] Forward testing SERIEA...
[2025-11-17 15:08:50] Updating completed results for SERIEA...
[2025-11-17 15:08:54] Forward testing LIGUE1...
[2025-11-17 15:08:58] Updating completed results for LIGUE1...
[2025-11-17 15:09:01] Prediction generation complete
[2025-11-17 15:09:01] =========================================
[2025-11-17 15:09:01] Hourly pipeline completed
[2025-11-17 15:09:01] =========================================
