[2025-11-10 18:14:53] =========================================
[2025-11-10 18:14:53] Starting hourly pipeline
[2025-11-10 18:14:53] =========================================
[2025-11-10 18:14:53] Step 1: Ingesting odds, injuries, and recent results...
[2025-11-10 18:14:54] Ingestion complete
[2025-11-10 18:14:54] Step 2: Refreshing advanced stats...
[2025-11-10 18:14:56] Advanced stats ingestion complete
[2025-11-10 18:14:56] Step 3: Rebuilding datasets...
[2025-11-10 18:14:56] Building dataset for NFL...
[2025-11-10 18:15:00] Building dataset for NBA...
[2025-11-10 18:15:04] Building dataset for CFB...
[2025-11-10 18:15:07] Building dataset for EPL...
[2025-11-10 18:15:09] \INFO: Primary seasons for EPL produced insufficient data. Supplementing with historical seasons...\
[2025-11-10 18:15:11] \WARNING: Dataset build failed for EPL even after supplementing\
[2025-11-10 18:15:11] Building dataset for LALIGA...
[2025-11-10 18:15:14] \INFO: Primary seasons for LALIGA produced insufficient data. Supplementing with historical seasons...\
[2025-11-10 18:15:16] \WARNING: Dataset build failed for LALIGA even after supplementing\
[2025-11-10 18:15:16] Building dataset for BUNDESLIGA...
[2025-11-10 18:15:18] \INFO: Primary seasons for BUNDESLIGA produced insufficient data. Supplementing with historical seasons...\
[2025-11-10 18:15:21] \WARNING: Dataset build failed for BUNDESLIGA even after supplementing\
[2025-11-10 18:15:21] Building dataset for SERIEA...
[2025-11-10 18:15:23] \INFO: Primary seasons for SERIEA produced insufficient data. Supplementing with historical seasons...\
[2025-11-10 18:15:26] \WARNING: Dataset build failed for SERIEA even after supplementing\
[2025-11-10 18:15:26] Building dataset for LIGUE1...
[2025-11-10 18:15:28] \INFO: Primary seasons for LIGUE1 produced insufficient data. Supplementing with historical seasons...\
[2025-11-10 18:15:30] \WARNING: Dataset build failed for LIGUE1 even after supplementing\
[2025-11-10 18:15:30] Dataset rebuild complete
[2025-11-10 18:15:30] Step 4: Training models...
[2025-11-10 18:15:30] Training NFL model...
[2025-11-10 18:15:52] Training NBA model...
[2025-11-10 18:16:16] Training CFB model...
[2025-11-10 18:16:38] Model training complete
[2025-11-10 18:16:38] Step 5: Generating predictions...
[2025-11-10 18:16:38] Forward testing NFL...
[2025-11-10 18:17:03] Updating completed results for NFL...
[2025-11-10 18:17:08] Forward testing NBA...
[2025-11-10 18:17:29] Updating completed results for NBA...
[2025-11-10 18:17:34] Forward testing CFB...
[2025-11-10 18:17:57] Updating completed results for CFB...
[2025-11-10 18:18:02] Prediction generation complete
[2025-11-10 18:18:02] =========================================
[2025-11-10 18:18:02] Hourly pipeline completed
[2025-11-10 18:18:02] =========================================
