[2025-11-08 14:00:01] =========================================
[2025-11-08 14:00:01] Starting hourly pipeline
[2025-11-08 14:00:01] =========================================
[2025-11-08 14:00:01] Step 1: Ingesting odds, injuries, and recent results...
[2025-11-08 14:00:02] Ingestion complete
[2025-11-08 14:00:02] Step 2: Refreshing advanced stats...
[2025-11-08 14:00:04] Advanced stats ingestion complete
[2025-11-08 14:00:04] Step 3: Rebuilding datasets...
[2025-11-08 14:00:04] Building dataset for NFL...
[2025-11-08 14:00:06] Building dataset for NBA...
[2025-11-08 14:00:10] Building dataset for CFB...
[2025-11-08 14:00:13] Building dataset for EPL...
[2025-11-08 14:00:15] WARNING: Dataset build failed for EPL
[2025-11-08 14:00:15] Building dataset for LALIGA...
[2025-11-08 14:00:16] Building dataset for BUNDESLIGA...
[2025-11-08 14:00:18] WARNING: Dataset build failed for BUNDESLIGA
[2025-11-08 14:00:18] Building dataset for SERIEA...
[2025-11-08 14:00:19] WARNING: Dataset build failed for SERIEA
[2025-11-08 14:00:19] Building dataset for LIGUE1...
[2025-11-08 14:00:21] WARNING: Dataset build failed for LIGUE1
[2025-11-08 14:00:21] Dataset rebuild complete
[2025-11-08 14:00:21] Step 4: Training models...
[2025-11-08 14:00:21] Training NFL model...
[2025-11-08 14:00:25] Training NBA model...
[2025-11-08 14:00:29] Training CFB model...
[2025-11-08 14:00:33] Training LALIGA model...
[2025-11-08 14:00:37] WARNING: Training failed for LALIGA
[2025-11-08 14:00:37] Model training complete
[2025-11-08 14:00:37] Step 5: Generating predictions...
[2025-11-08 14:00:37] Forward testing NFL...
[2025-11-08 14:00:46] Updating completed results for NFL...
[2025-11-08 14:00:49] Forward testing NBA...
[2025-11-08 14:00:54] Updating completed results for NBA...
[2025-11-08 14:00:56] Forward testing CFB...
[2025-11-08 14:01:01] Updating completed results for CFB...
[2025-11-08 14:01:04] Prediction generation complete
[2025-11-08 14:01:04] =========================================
[2025-11-08 14:01:04] Hourly pipeline completed
[2025-11-08 14:01:04] =========================================
