[2025-11-09 22:53:11] =========================================
[2025-11-09 22:53:11] Starting hourly pipeline
[2025-11-09 22:53:11] =========================================
[2025-11-09 22:53:11] Step 1: Ingesting odds, injuries, and recent results...
[2025-11-09 22:53:12] Ingestion complete
[2025-11-09 22:53:12] Step 1b: Fetching soccer odds via OddsPAPI...
[2025-11-09 22:53:42] WARNING: OddsPAPI ingest exited with code 1
[2025-11-09 22:53:42] Step 2: Refreshing advanced stats...
[2025-11-09 22:53:44] Advanced stats ingestion complete
[2025-11-09 22:53:44] Step 3: Rebuilding datasets...
[2025-11-09 22:53:44] Building dataset for NFL...
[2025-11-09 22:53:48] Building dataset for NBA...
[2025-11-09 22:53:52] Building dataset for CFB...
[2025-11-09 22:53:56] Building dataset for EPL...
[2025-11-09 22:53:59] Building dataset for LALIGA...
[2025-11-09 22:54:01] WARNING: Dataset build failed for LALIGA
[2025-11-09 22:54:01] Building dataset for BUNDESLIGA...
[2025-11-09 22:54:04] Building dataset for SERIEA...
[2025-11-09 22:54:06] WARNING: Dataset build failed for SERIEA
[2025-11-09 22:54:06] Building dataset for LIGUE1...
[2025-11-09 22:54:09] WARNING: Dataset build failed for LIGUE1
[2025-11-09 22:54:09] Dataset rebuild complete
[2025-11-09 22:54:09] Step 4: Training models...
[2025-11-09 22:54:09] Training NFL model...
[2025-11-09 22:54:24] Training NBA model...
[2025-11-09 22:54:30] Training CFB model...
[2025-11-09 22:54:36] Training EPL model...
[2025-11-09 22:54:39] WARNING: Training failed for EPL
[2025-11-09 22:54:39] Training BUNDESLIGA model...
[2025-11-09 22:54:43] WARNING: Training failed for BUNDESLIGA
[2025-11-09 22:54:43] Model training complete
[2025-11-09 22:54:43] Step 5: Generating predictions...
[2025-11-09 22:54:43] Forward testing NFL...
[2025-11-09 22:54:52] Updating completed results for NFL...
[2025-11-09 22:54:56] Forward testing NBA...
[2025-11-09 22:55:04] Updating completed results for NBA...
[2025-11-09 22:55:08] Forward testing CFB...
[2025-11-09 22:55:14] Updating completed results for CFB...
[2025-11-09 22:55:18] Prediction generation complete
[2025-11-09 22:55:18] =========================================
[2025-11-09 22:55:18] Hourly pipeline completed
[2025-11-09 22:55:18] =========================================
