[2025-11-12 14:00:02] =========================================
[2025-11-12 14:00:02] Starting hourly pipeline
[2025-11-12 14:00:02] =========================================
[2025-11-12 14:00:02] Processing leagues: NFL, NBA, CFB, EPL, LALIGA, BUNDESLIGA, SERIEA, LIGUE1
[2025-11-12 14:00:02] Detecting available soccer seasons from data/raw/results...
[2025-11-12 14:00:03] Detected soccer seasons: EPL:	2022,2023,2024,2025,2026 | BUNDESLIGA:	2016,2023,2024,2025,2026 | LIGUE1:	2016,2023,2024,2025,2026 | LALIGA:	2016,2023,2024,2025,2026 | SERIEA:	2016,2023,2024,2025,2026
[2025-11-12 14:00:03] Step 1: Ingesting odds, injuries, and recent results...
[2025-11-12 14:00:04] Ingestion complete
[2025-11-12 14:00:04] Syncing Understat archives for leagues: EPL,La_liga,Bundesliga,Serie_A,Ligue_1 (seasons: 2021,2022,2023,2024,2025)...
[2025-11-12 14:00:06] Fetching Understat match payloads for leagues: EPL,La_liga,Bundesliga,Serie_A,Ligue_1 (seasons: 2024,2025)...
[2025-11-12 14:00:08] Syncing football-data odds archives for leagues: premier-league,la-liga,bundesliga,serie-a,ligue-1...
[2025-11-12 14:00:09] Step 2: Refreshing advanced stats...
[2025-11-12 14:00:10] Advanced stats ingestion complete
[2025-11-12 14:00:10] Step 3: Rebuilding datasets...
[2025-11-12 14:00:10] Building dataset for NFL (seasons: 2021, 2022, 2023, 2024, 2025)...
[2025-11-12 14:00:12] Building dataset for NBA (seasons: 2021, 2022, 2023, 2024, 2025)...
[2025-11-12 14:00:16] Building dataset for CFB (seasons: 2021, 2022, 2023, 2024, 2025)...
[2025-11-12 14:00:18] INFO: Augmenting EPL dataset with historical seasons: 2013, 2014, 2015, 2016, 2022, 2023, 2024, 2025, 2026
[2025-11-12 14:00:18] Building dataset for EPL (seasons: 2013, 2014, 2015, 2016, 2022, 2023, 2024, 2025, 2026)...
[2025-11-12 14:00:22] INFO: Augmenting LALIGA dataset with historical seasons: 2013, 2014, 2015, 2016, 2023, 2024, 2025, 2026
[2025-11-12 14:00:22] Building dataset for LALIGA (seasons: 2013, 2014, 2015, 2016, 2023, 2024, 2025, 2026)...
[2025-11-12 14:00:24] INFO: Augmenting BUNDESLIGA dataset with historical seasons: 2013, 2014, 2015, 2016, 2023, 2024, 2025, 2026
[2025-11-12 14:00:24] Building dataset for BUNDESLIGA (seasons: 2013, 2014, 2015, 2016, 2023, 2024, 2025, 2026)...
[2025-11-12 14:00:27] INFO: Augmenting SERIEA dataset with historical seasons: 2013, 2014, 2015, 2016, 2023, 2024, 2025, 2026
[2025-11-12 14:00:27] Building dataset for SERIEA (seasons: 2013, 2014, 2015, 2016, 2023, 2024, 2025, 2026)...
[2025-11-12 14:00:29] INFO: Augmenting LIGUE1 dataset with historical seasons: 2013, 2014, 2015, 2016, 2023, 2024, 2025, 2026
[2025-11-12 14:00:29] Building dataset for LIGUE1 (seasons: 2013, 2014, 2015, 2016, 2023, 2024, 2025, 2026)...
[2025-11-12 14:00:31] Dataset rebuild complete
[2025-11-12 14:00:31] Step 4: Training models...
[2025-11-12 14:00:31] Training NFL model...
[2025-11-12 14:00:35] Training NBA model...
[2025-11-12 14:00:38] Training CFB model...
[2025-11-12 14:00:41] Training EPL model...
[2025-11-12 14:00:45] Training LALIGA model...
[2025-11-12 14:00:48] Training BUNDESLIGA model...
[2025-11-12 14:00:51] Training SERIEA model...
[2025-11-12 14:00:55] Training LIGUE1 model...
[2025-11-12 14:00:58] Model training complete
[2025-11-12 14:00:58] Step 5: Generating predictions...
[2025-11-12 14:00:58] Forward testing NFL...
[2025-11-12 14:01:07] Updating completed results for NFL...
[2025-11-12 14:01:09] Forward testing NBA...
[2025-11-12 14:01:14] Updating completed results for NBA...
[2025-11-12 14:01:17] Forward testing CFB...
[2025-11-12 14:01:21] Updating completed results for CFB...
[2025-11-12 14:01:25] Forward testing EPL...
[2025-11-12 14:01:29] Updating completed results for EPL...
[2025-11-12 14:01:35] Forward testing LALIGA...
[2025-11-12 14:01:39] Updating completed results for LALIGA...
[2025-11-12 14:01:47] Forward testing BUNDESLIGA...
[2025-11-12 14:01:51] Updating completed results for BUNDESLIGA...
[2025-11-12 14:01:58] Forward testing SERIEA...
[2025-11-12 14:02:02] Updating completed results for SERIEA...
[2025-11-12 14:02:10] Forward testing LIGUE1...
[2025-11-12 14:02:13] Updating completed results for LIGUE1...
[2025-11-12 14:02:15] Prediction generation complete
[2025-11-12 14:02:15] =========================================
[2025-11-12 14:02:15] Hourly pipeline completed
[2025-11-12 14:02:15] =========================================
