[2025-11-08 02:00:01] =========================================
[2025-11-08 02:00:01] Starting hourly pipeline
[2025-11-08 02:00:01] =========================================
[2025-11-08 02:00:01] Step 1: Ingesting hourly data...
[2025-11-08 02:00:02] Hourly data ingestion completed
[2025-11-08 02:00:02] Step 2: Ingesting advanced stats...
[2025-11-08 02:00:03] Advanced stats ingestion completed
[2025-11-08 02:00:03] Step 3: Rebuilding datasets...
[2025-11-08 02:00:03] Rebuilding NBA dataset...
[2025-11-08 02:00:09] Rebuilding NFL dataset...
[2025-11-08 02:00:49] WARNING: NFL dataset rebuild failed
[2025-11-08 02:00:49] Rebuilding CFB dataset...
[2025-11-08 02:00:52] Rebuilding EPL dataset...
[2025-11-08 02:00:53] Dataset rebuilding completed
[2025-11-08 02:00:53] Step 4: Training models...
[2025-11-08 02:00:53] Training NBA model...
[2025-11-08 02:01:04] Training NFL model...
[2025-11-08 02:02:47] WARNING: NFL model training failed
[2025-11-08 02:02:47] Training CFB model...
[2025-11-08 02:02:51] Training EPL model...
[2025-11-08 02:02:55] Model training completed
[2025-11-08 02:02:55] Step 5: Generating predictions...
[2025-11-08 02:02:55] Generating predictions for NBA...
[2025-11-08 02:03:00] Generating predictions for NFL...
[2025-11-08 02:03:09] Generating predictions for CFB...
[2025-11-08 02:03:14] Generating predictions for EPL...
[2025-11-08 02:03:18] Generating predictions for LALIGA...
[2025-11-08 02:03:23] Generating predictions for BUNDESLIGA...
[2025-11-08 02:03:28] Generating predictions for SERIEA...
[2025-11-08 02:03:32] Generating predictions for LIGUE1...
[2025-11-08 02:03:35] WARNING: LIGUE1 prediction generation failed
[2025-11-08 02:03:35] Prediction generation completed
[2025-11-08 02:03:35] =========================================
[2025-11-08 02:03:35] Hourly pipeline completed
[2025-11-08 02:03:35] =========================================
