[2025-11-22 20:07:10] =========================================
[2025-11-22 20:07:10] Starting hourly pipeline
[2025-11-22 20:07:10] =========================================
[2025-11-22 20:07:10] Processing leagues: NFL, NBA, CFB, NCAAB, NHL, EPL, LALIGA, BUNDESLIGA, SERIEA, LIGUE1
[2025-11-22 20:07:10] Detecting available soccer seasons from data/raw/results...
[2025-11-22 20:07:11] Detected soccer seasons: EPL:	2022,2023,2024,2025,2026 | BUNDESLIGA:	2016,2023,2024,2025,2026 | LIGUE1:	2016,2023,2024,2025,2026 | LALIGA:	2016,2023,2024,2025,2026 | SERIEA:	2016,2023,2024,2025,2026
[2025-11-22 20:07:11] Step 1: Ingesting odds, injuries, and recent results...
[2025-11-22 20:07:12] Ingestion complete
[2025-11-22 20:07:12] Step 1b: Fetching The Odds API snapshots...
[2025-11-22 20:07:12] Requesting Odds API snapshot for NFL (moneyline + totals)...
[2025-11-22 20:07:13] Requesting Odds API snapshot for NBA (moneyline + totals)...
[2025-11-22 20:07:15] Requesting Odds API snapshot for CFB (moneyline + totals)...
[2025-11-22 20:07:17] Requesting Odds API snapshot for NCAAB (moneyline + totals)...
[2025-11-22 20:07:18] Requesting Odds API snapshot for NHL (moneyline + totals)...
[2025-11-22 20:07:20] Requesting Odds API snapshot for EPL (moneyline + totals)...
[2025-11-22 20:07:22] Requesting Odds API snapshot for LALIGA (moneyline + totals)...
[2025-11-22 20:07:24] Requesting Odds API snapshot for BUNDESLIGA (moneyline + totals)...
[2025-11-22 20:07:25] Requesting Odds API snapshot for SERIEA (moneyline + totals)...
[2025-11-22 20:07:27] Requesting Odds API snapshot for LIGUE1 (moneyline + totals)...
[2025-11-22 20:07:29] Syncing Understat archives for leagues: EPL,La_liga,Bundesliga,Serie_A,Ligue_1 (seasons: 2021,2022,2023,2024,2025)...
[2025-11-22 20:07:30] Fetching Understat match payloads for leagues: EPL,La_liga,Bundesliga,Serie_A,Ligue_1 (seasons: 2024,2025)...
[2025-11-22 20:07:31] Syncing football-data odds archives for leagues: premier-league,la-liga,bundesliga,serie-a,ligue-1...
[2025-11-22 20:07:33] Updating soccer totals from football-data for leagues: premier-league,la-liga,bundesliga,serie-a,ligue-1...
[2025-11-22 20:07:52] Fetching TeamRankings over/under picks for leagues: NFL,NBA,CFB...
[2025-11-22 20:08:25] Updating TeamRankings picks for leagues: NFL,NBA,CFB...
[2025-11-22 20:09:01] Step 2: Refreshing advanced stats...
[2025-11-22 20:09:01] Advanced stats ingestion complete
[2025-11-22 20:09:01] Step 3: Rebuilding datasets...
[2025-11-22 20:09:01] Building dataset for NFL (seasons: 2021, 2022, 2023, 2024, 2025)...
[2025-11-22 20:09:04] Building dataset for NBA (seasons: 2021, 2022, 2023, 2024, 2025)...
[2025-11-22 20:09:13] Building dataset for CFB (seasons: 2021, 2022, 2023, 2024, 2025)...
[2025-11-22 20:09:15] Building dataset for NCAAB (seasons: 2021, 2022, 2023, 2024, 2025)...
[2025-11-22 20:09:17] Building dataset for NHL (seasons: 2021, 2022, 2023, 2024, 2025)...
[2025-11-22 20:09:18] INFO: Augmenting EPL dataset with historical seasons: 2013, 2014, 2015, 2016, 2022, 2023, 2024, 2025, 2026
[2025-11-22 20:09:18] Building dataset for EPL (seasons: 2013, 2014, 2015, 2016, 2022, 2023, 2024, 2025, 2026)...
[2025-11-22 20:09:22] INFO: Augmenting LALIGA dataset with historical seasons: 2013, 2014, 2015, 2016, 2023, 2024, 2025, 2026
[2025-11-22 20:09:22] Building dataset for LALIGA (seasons: 2013, 2014, 2015, 2016, 2023, 2024, 2025, 2026)...
[2025-11-22 20:09:25] INFO: Augmenting BUNDESLIGA dataset with historical seasons: 2013, 2014, 2015, 2016, 2023, 2024, 2025, 2026
[2025-11-22 20:09:25] Building dataset for BUNDESLIGA (seasons: 2013, 2014, 2015, 2016, 2023, 2024, 2025, 2026)...
[2025-11-22 20:09:27] INFO: Augmenting SERIEA dataset with historical seasons: 2013, 2014, 2015, 2016, 2023, 2024, 2025, 2026
[2025-11-22 20:09:27] Building dataset for SERIEA (seasons: 2013, 2014, 2015, 2016, 2023, 2024, 2025, 2026)...
[2025-11-22 20:09:29] INFO: Augmenting LIGUE1 dataset with historical seasons: 2013, 2014, 2015, 2016, 2023, 2024, 2025, 2026
[2025-11-22 20:09:29] Building dataset for LIGUE1 (seasons: 2013, 2014, 2015, 2016, 2023, 2024, 2025, 2026)...
[2025-11-22 20:09:31] Dataset rebuild complete
[2025-11-22 20:09:31] Step 4: Training models...
[2025-11-22 20:09:31] Training NFL ensemble model...
[2025-11-22 20:10:33] Training NFL random_forest model...
[2025-11-22 20:10:39] Training NFL gradient_boosting model...
[2025-11-22 20:10:47] Training NBA ensemble model...
[2025-11-22 20:11:07] Training NBA random_forest model...
[2025-11-22 20:11:10] Training NBA gradient_boosting model...
[2025-11-22 20:11:14] Training CFB ensemble model...
[2025-11-22 20:11:25] Training CFB random_forest model...
[2025-11-22 20:11:29] Training CFB gradient_boosting model...
[2025-11-22 20:11:33] Training NCAAB ensemble model...
[2025-11-22 20:11:56] Training NCAAB random_forest model...
[2025-11-22 20:12:00] Training NCAAB gradient_boosting model...
[2025-11-22 20:12:05] Training NHL ensemble model...
[2025-11-22 20:12:11] Training NHL random_forest model...
[2025-11-22 20:12:14] Training NHL gradient_boosting model...
[2025-11-22 20:12:18] Training EPL ensemble model...
[2025-11-22 20:12:40] Training EPL random_forest model...
[2025-11-22 20:12:43] Training EPL gradient_boosting model...
[2025-11-22 20:12:46] Training LALIGA ensemble model...
[2025-11-22 20:12:59] Training LALIGA random_forest model...
[2025-11-22 20:13:02] Training LALIGA gradient_boosting model...
[2025-11-22 20:13:05] Training BUNDESLIGA ensemble model...
[2025-11-22 20:13:18] Training BUNDESLIGA random_forest model...
[2025-11-22 20:13:21] Training BUNDESLIGA gradient_boosting model...
[2025-11-22 20:13:25] Training SERIEA ensemble model...
[2025-11-22 20:13:37] Training SERIEA random_forest model...
[2025-11-22 20:13:39] Training SERIEA gradient_boosting model...
[2025-11-22 20:13:43] Training LIGUE1 ensemble model...
[2025-11-22 20:13:54] Training LIGUE1 random_forest model...
[2025-11-22 20:13:57] Training LIGUE1 gradient_boosting model...
[2025-11-22 20:14:00] Model training complete
[2025-11-22 20:14:00] Step 5: Generating predictions...
[2025-11-22 20:14:00] Forward testing NFL with ensemble model...
[2025-11-22 20:14:12] Updating completed results for NFL (ensemble)...
[2025-11-22 20:14:15] Forward testing NFL with random_forest model...
[2025-11-22 20:14:26] Updating completed results for NFL (random_forest)...
[2025-11-22 20:14:29] Forward testing NFL with gradient_boosting model...
[2025-11-22 20:14:40] Updating completed results for NFL (gradient_boosting)...
[2025-11-22 20:14:43] Forward testing NBA with ensemble model...
[2025-11-22 20:14:46] WARNING: Forward test failed for NBA (ensemble)
[2025-11-22 20:14:46] Forward testing NBA with random_forest model...
[2025-11-22 20:14:49] WARNING: Forward test failed for NBA (random_forest)
[2025-11-22 20:14:49] Forward testing NBA with gradient_boosting model...
[2025-11-22 20:14:51] WARNING: Forward test failed for NBA (gradient_boosting)
[2025-11-22 20:14:51] Forward testing CFB with ensemble model...
[2025-11-22 20:14:54] WARNING: Forward test failed for CFB (ensemble)
[2025-11-22 20:14:54] Forward testing CFB with random_forest model...
[2025-11-22 20:14:56] WARNING: Forward test failed for CFB (random_forest)
[2025-11-22 20:14:56] Forward testing CFB with gradient_boosting model...
[2025-11-22 20:14:58] WARNING: Forward test failed for CFB (gradient_boosting)
[2025-11-22 20:14:58] Forward testing NCAAB with ensemble model...
[2025-11-22 20:15:01] WARNING: Forward test failed for NCAAB (ensemble)
[2025-11-22 20:15:01] Forward testing NCAAB with random_forest model...
[2025-11-22 20:15:03] WARNING: Forward test failed for NCAAB (random_forest)
[2025-11-22 20:15:03] Forward testing NCAAB with gradient_boosting model...
[2025-11-22 20:15:06] WARNING: Forward test failed for NCAAB (gradient_boosting)
[2025-11-22 20:15:06] Forward testing NHL with ensemble model...
[2025-11-22 20:15:08] WARNING: Forward test failed for NHL (ensemble)
[2025-11-22 20:15:08] Forward testing NHL with random_forest model...
[2025-11-22 20:15:10] WARNING: Forward test failed for NHL (random_forest)
[2025-11-22 20:15:10] Forward testing NHL with gradient_boosting model...
[2025-11-22 20:15:13] WARNING: Forward test failed for NHL (gradient_boosting)
[2025-11-22 20:15:13] Forward testing EPL with ensemble model...
[2025-11-22 20:15:15] WARNING: Forward test failed for EPL (ensemble)
[2025-11-22 20:15:15] Forward testing EPL with random_forest model...
[2025-11-22 20:15:18] WARNING: Forward test failed for EPL (random_forest)
[2025-11-22 20:15:18] Forward testing EPL with gradient_boosting model...
[2025-11-22 20:15:20] WARNING: Forward test failed for EPL (gradient_boosting)
[2025-11-22 20:15:20] Forward testing LALIGA with ensemble model...
[2025-11-22 20:15:22] WARNING: Forward test failed for LALIGA (ensemble)
[2025-11-22 20:15:22] Forward testing LALIGA with random_forest model...
[2025-11-22 20:15:25] WARNING: Forward test failed for LALIGA (random_forest)
[2025-11-22 20:15:25] Forward testing LALIGA with gradient_boosting model...
[2025-11-22 20:15:27] WARNING: Forward test failed for LALIGA (gradient_boosting)
[2025-11-22 20:15:27] Forward testing BUNDESLIGA with ensemble model...
[2025-11-22 20:15:30] WARNING: Forward test failed for BUNDESLIGA (ensemble)
[2025-11-22 20:15:30] Forward testing BUNDESLIGA with random_forest model...
[2025-11-22 20:15:32] WARNING: Forward test failed for BUNDESLIGA (random_forest)
[2025-11-22 20:15:32] Forward testing BUNDESLIGA with gradient_boosting model...
[2025-11-22 20:15:34] WARNING: Forward test failed for BUNDESLIGA (gradient_boosting)
[2025-11-22 20:15:34] Forward testing SERIEA with ensemble model...
[2025-11-22 20:15:37] WARNING: Forward test failed for SERIEA (ensemble)
[2025-11-22 20:15:37] Forward testing SERIEA with random_forest model...
[2025-11-22 20:15:39] WARNING: Forward test failed for SERIEA (random_forest)
[2025-11-22 20:15:39] Forward testing SERIEA with gradient_boosting model...
[2025-11-22 20:15:42] WARNING: Forward test failed for SERIEA (gradient_boosting)
[2025-11-22 20:15:42] Forward testing LIGUE1 with ensemble model...
[2025-11-22 20:15:44] WARNING: Forward test failed for LIGUE1 (ensemble)
[2025-11-22 20:15:44] Forward testing LIGUE1 with random_forest model...
[2025-11-22 20:15:46] WARNING: Forward test failed for LIGUE1 (random_forest)
[2025-11-22 20:15:46] Forward testing LIGUE1 with gradient_boosting model...
[2025-11-22 20:15:49] WARNING: Forward test failed for LIGUE1 (gradient_boosting)
[2025-11-22 20:15:49] Prediction generation complete
[2025-11-22 20:15:49] =========================================
[2025-11-22 20:15:49] Hourly pipeline completed
[2025-11-22 20:15:49] =========================================
