[2025-11-11 22:26:31] =========================================
[2025-11-11 22:26:31] Starting hourly pipeline
[2025-11-11 22:26:31] =========================================
[2025-11-11 22:26:31] Processing leagues: NFL, NBA, CFB, EPL, LALIGA, BUNDESLIGA, SERIEA, LIGUE1
[2025-11-11 22:26:31] Detecting available soccer seasons from data/raw/results...
[2025-11-11 22:26:34] Detected soccer seasons: EPL:	2022,2023,2024,2025,2026 | BUNDESLIGA:	2016,2023,2024,2025,2026 | LIGUE1:	2016,2023,2024,2025,2026 | LALIGA:	2016,2023,2024,2025,2026 | SERIEA:	2016,2023,2024,2025,2026
[2025-11-11 22:26:34] Step 1: Ingesting odds, injuries, and recent results...
[2025-11-11 22:26:37] Ingestion complete
[2025-11-11 22:26:37] Syncing Understat archives for leagues: EPL,La_liga,Bundesliga,Serie_A,Ligue_1 (seasons: 2021,2022,2023,2024,2025)...
[2025-11-11 22:26:40] Fetching Understat match payloads for leagues: EPL,La_liga,Bundesliga,Serie_A,Ligue_1 (seasons: 2024,2025)...
[2025-11-11 22:26:43] Syncing football-data odds archives for leagues: premier-league,la-liga,bundesliga,serie-a,ligue-1...
[2025-11-11 22:26:47] Step 2: Refreshing advanced stats...
[2025-11-11 22:26:49] Advanced stats ingestion complete
[2025-11-11 22:26:49] Step 3: Rebuilding datasets...
[2025-11-11 22:26:49] Building dataset for NFL (seasons: 2021, 2022, 2023, 2024, 2025)...
[2025-11-11 22:26:54] Building dataset for NBA (seasons: 2021, 2022, 2023, 2024, 2025)...
[2025-11-11 22:26:58] Building dataset for CFB (seasons: 2021, 2022, 2023, 2024, 2025)...
[2025-11-11 22:27:02] INFO: Augmenting EPL dataset with historical seasons: 2013, 2014, 2015, 2016, 2022, 2023, 2024, 2025, 2026
[2025-11-11 22:27:02] Building dataset for EPL (seasons: 2013, 2014, 2015, 2016, 2022, 2023, 2024, 2025, 2026)...
[2025-11-11 22:27:08] INFO: Augmenting LALIGA dataset with historical seasons: 2013, 2014, 2015, 2016, 2023, 2024, 2025, 2026
[2025-11-11 22:27:08] Building dataset for LALIGA (seasons: 2013, 2014, 2015, 2016, 2023, 2024, 2025, 2026)...
[2025-11-11 22:27:13] INFO: Augmenting BUNDESLIGA dataset with historical seasons: 2013, 2014, 2015, 2016, 2023, 2024, 2025, 2026
[2025-11-11 22:27:13] Building dataset for BUNDESLIGA (seasons: 2013, 2014, 2015, 2016, 2023, 2024, 2025, 2026)...
[2025-11-11 22:27:17] INFO: Augmenting SERIEA dataset with historical seasons: 2013, 2014, 2015, 2016, 2023, 2024, 2025, 2026
[2025-11-11 22:27:17] Building dataset for SERIEA (seasons: 2013, 2014, 2015, 2016, 2023, 2024, 2025, 2026)...
[2025-11-11 22:27:21] INFO: Augmenting LIGUE1 dataset with historical seasons: 2013, 2014, 2015, 2016, 2023, 2024, 2025, 2026
[2025-11-11 22:27:21] Building dataset for LIGUE1 (seasons: 2013, 2014, 2015, 2016, 2023, 2024, 2025, 2026)...
[2025-11-11 22:27:25] Dataset rebuild complete
[2025-11-11 22:27:25] Step 4: Training models...
[2025-11-11 22:27:25] Training NFL model...
[2025-11-11 22:28:07] Training NBA model...
[2025-11-11 22:28:49] Training CFB model...
[2025-11-11 22:29:29] Training EPL model...
[2025-11-11 22:30:07] Training LALIGA model...
[2025-11-11 22:30:12] Training BUNDESLIGA model...
[2025-11-11 22:30:18] Training SERIEA model...
[2025-11-11 22:30:55] Training LIGUE1 model...
[2025-11-11 22:31:01] Model training complete
[2025-11-11 22:31:01] Step 5: Generating predictions...
[2025-11-11 22:31:01] Forward testing NFL...
[2025-11-11 22:31:43] Updating completed results for NFL...
[2025-11-11 22:31:48] Forward testing NBA...
[2025-11-11 22:31:55] Updating completed results for NBA...
[2025-11-11 22:32:00] Forward testing CFB...
[2025-11-11 22:32:41] Updating completed results for CFB...
[2025-11-11 22:32:49] Forward testing EPL...
[2025-11-11 22:32:55] Updating completed results for EPL...
[2025-11-11 22:33:01] Forward testing LALIGA...
[2025-11-11 22:33:38] Updating completed results for LALIGA...
[2025-11-11 22:33:43] Forward testing BUNDESLIGA...
[2025-11-11 22:33:50] Updating completed results for BUNDESLIGA...
[2025-11-11 22:33:55] Forward testing SERIEA...
[2025-11-11 22:34:32] Updating completed results for SERIEA...
[2025-11-11 22:34:37] Forward testing LIGUE1...
[2025-11-11 22:34:43] Updating completed results for LIGUE1...
[2025-11-11 22:34:47] Prediction generation complete
[2025-11-11 22:34:47] =========================================
[2025-11-11 22:34:47] Hourly pipeline completed
[2025-11-11 22:34:47] =========================================
