[2025-11-08 11:00:06] =========================================
[2025-11-08 11:00:06] Starting hourly pipeline
[2025-11-08 11:00:06] =========================================
[2025-11-08 11:00:06] Step 1: Ingesting odds, injuries, and recent results...
[2025-11-08 11:00:12] Ingestion complete
[2025-11-08 11:00:12] Step 2: Refreshing advanced stats...
[2025-11-08 11:00:13] Advanced stats ingestion complete
[2025-11-08 11:00:13] Step 3: Rebuilding datasets...
[2025-11-08 11:00:13] Building dataset for NFL...
[2025-11-08 11:00:19] Building dataset for NBA...
[2025-11-08 11:00:22] Building dataset for CFB...
[2025-11-08 11:00:24] Building dataset for EPL...
[2025-11-08 11:00:26] Building dataset for LALIGA...
[2025-11-08 11:00:27] Building dataset for BUNDESLIGA...
[2025-11-08 11:00:29] Building dataset for SERIEA...
[2025-11-08 11:00:30] Building dataset for LIGUE1...
[2025-11-08 11:00:32] Dataset rebuild complete
[2025-11-08 11:00:32] Step 4: Training models...
[2025-11-08 11:00:32] Training NFL model...
[2025-11-08 11:00:44] Training NBA model...
[2025-11-08 11:00:48] Training CFB model...
[2025-11-08 11:00:53] Training EPL model...
[2025-11-08 11:00:56] WARNING: Training failed for EPL
[2025-11-08 11:00:56] Training LALIGA model...
[2025-11-08 11:00:58] WARNING: Training failed for LALIGA
[2025-11-08 11:00:58] Training BUNDESLIGA model...
[2025-11-08 11:01:00] WARNING: Training failed for BUNDESLIGA
[2025-11-08 11:01:00] Training SERIEA model...
[2025-11-08 11:01:02] WARNING: Training failed for SERIEA
[2025-11-08 11:01:02] Training LIGUE1 model...
[2025-11-08 11:01:05] WARNING: Training failed for LIGUE1
[2025-11-08 11:01:05] Model training complete
[2025-11-08 11:01:05] Step 5: Generating predictions...
[2025-11-08 11:01:05] Forward testing NFL...
[2025-11-08 11:01:15] Updating completed results for NFL...
[2025-11-08 11:01:17] Forward testing NBA...
[2025-11-08 11:01:22] Updating completed results for NBA...
[2025-11-08 11:01:24] Forward testing CFB...
[2025-11-08 11:01:30] Updating completed results for CFB...
[2025-11-08 11:01:32] Forward testing EPL...
[2025-11-08 11:01:37] Updating completed results for EPL...
[2025-11-08 11:01:40] Forward testing LALIGA...
[2025-11-08 11:01:45] Updating completed results for LALIGA...
[2025-11-08 11:01:48] Forward testing BUNDESLIGA...
[2025-11-08 11:01:53] Updating completed results for BUNDESLIGA...
[2025-11-08 11:01:55] Forward testing SERIEA...
[2025-11-08 11:02:00] Updating completed results for SERIEA...
[2025-11-08 11:02:03] Forward testing LIGUE1...
[2025-11-08 11:02:06] WARNING: Forward test failed for LIGUE1
[2025-11-08 11:02:06] Updating completed results for LIGUE1...
[2025-11-08 11:02:09] Prediction generation complete
[2025-11-08 11:02:09] =========================================
[2025-11-08 11:02:09] Hourly pipeline completed
[2025-11-08 11:02:09] =========================================
