[2025-11-10 20:36:57] =========================================
[2025-11-10 20:36:57] Starting hourly pipeline
[2025-11-10 20:36:57] =========================================
[2025-11-10 20:36:57] Soccer-only mode enabled. Processing leagues: EPL, LALIGA, BUNDESLIGA, SERIEA, LIGUE1
[2025-11-10 20:36:57] Detecting available soccer seasons from data/raw/results...
[2025-11-10 20:36:59] Detected soccer seasons: EPL:	2022,2023,2024,2025,2026 | BUNDESLIGA:	2016,2023,2024,2025,2026 | LIGUE1:	2016,2023,2024,2025,2026 | LALIGA:	2016,2023,2024,2025,2026 | SERIEA:	2016,2023,2024,2025,2026
[2025-11-10 20:36:59] Step 1: Ingesting odds, injuries, and recent results...
[2025-11-10 20:37:01] Ingestion complete
[2025-11-10 20:37:01] Step 2: Refreshing advanced stats...
[2025-11-10 20:37:03] Advanced stats ingestion complete
[2025-11-10 20:37:03] Step 3: Rebuilding datasets...
[2025-11-10 20:37:03] INFO: Augmenting EPL dataset with historical seasons: 2013, 2014, 2015, 2016, 2022, 2023, 2024, 2025, 2026
[2025-11-10 20:37:03] Building dataset for EPL (seasons: 2013, 2014, 2015, 2016, 2022, 2023, 2024, 2025, 2026)...
[2025-11-10 20:37:05] INFO: Augmenting LALIGA dataset with historical seasons: 2013, 2014, 2015, 2016, 2023, 2024, 2025, 2026
[2025-11-10 20:37:05] Building dataset for LALIGA (seasons: 2013, 2014, 2015, 2016, 2023, 2024, 2025, 2026)...
[2025-11-10 20:37:08] INFO: Augmenting BUNDESLIGA dataset with historical seasons: 2013, 2014, 2015, 2016, 2023, 2024, 2025, 2026
[2025-11-10 20:37:08] Building dataset for BUNDESLIGA (seasons: 2013, 2014, 2015, 2016, 2023, 2024, 2025, 2026)...
[2025-11-10 20:37:10] INFO: Augmenting SERIEA dataset with historical seasons: 2013, 2014, 2015, 2016, 2023, 2024, 2025, 2026
[2025-11-10 20:37:10] Building dataset for SERIEA (seasons: 2013, 2014, 2015, 2016, 2023, 2024, 2025, 2026)...
[2025-11-10 20:37:13] INFO: Augmenting LIGUE1 dataset with historical seasons: 2013, 2014, 2015, 2016, 2023, 2024, 2025, 2026
[2025-11-10 20:37:13] Building dataset for LIGUE1 (seasons: 2013, 2014, 2015, 2016, 2023, 2024, 2025, 2026)...
[2025-11-10 20:37:16] Dataset rebuild complete
[2025-11-10 20:37:16] Step 4: Training models...
[2025-11-10 20:37:16] Training EPL model...
[2025-11-10 20:37:40] Training LALIGA model...
[2025-11-10 20:37:46] Training BUNDESLIGA model...
[2025-11-10 20:38:09] Training SERIEA model...
[2025-11-10 20:38:15] Training LIGUE1 model...
[2025-11-10 20:38:20] Model training complete
[2025-11-10 20:38:20] Step 5: Generating predictions...
[2025-11-10 20:38:20] Forward testing EPL...
[2025-11-10 20:38:26] Updating completed results for EPL...
[2025-11-10 20:38:30] Forward testing LALIGA...
[2025-11-10 20:38:37] Updating completed results for LALIGA...
[2025-11-10 20:38:42] Forward testing BUNDESLIGA...
[2025-11-10 20:38:48] Updating completed results for BUNDESLIGA...
[2025-11-10 20:38:53] Forward testing SERIEA...
[2025-11-10 20:39:19] Updating completed results for SERIEA...
[2025-11-10 20:39:23] Forward testing LIGUE1...
[2025-11-10 20:39:28] Updating completed results for LIGUE1...
[2025-11-10 20:39:32] Prediction generation complete
[2025-11-10 20:39:32] =========================================
[2025-11-10 20:39:32] Hourly pipeline completed
[2025-11-10 20:39:32] =========================================
