[2025-11-10 00:02:26] =========================================
[2025-11-10 00:02:26] Starting hourly pipeline
[2025-11-10 00:02:26] =========================================
[2025-11-10 00:02:26] Step 1: Ingesting odds, injuries, and recent results...
[2025-11-10 00:02:28] Ingestion complete
[2025-11-10 00:02:28] Step 2: Refreshing advanced stats...
[2025-11-10 00:02:29] Advanced stats ingestion complete
[2025-11-10 00:02:29] Step 3: Rebuilding datasets...
[2025-11-10 00:02:29] Building dataset for NFL...
[2025-11-10 00:02:33] Building dataset for NBA...
[2025-11-10 00:02:37] Building dataset for CFB...
[2025-11-10 00:02:40] Building dataset for EPL...
[2025-11-10 00:02:42] Building dataset for LALIGA...
[2025-11-10 00:02:45] WARNING: Dataset build failed for LALIGA
[2025-11-10 00:02:45] Building dataset for BUNDESLIGA...
[2025-11-10 00:02:47] Building dataset for SERIEA...
[2025-11-10 00:02:49] WARNING: Dataset build failed for SERIEA
[2025-11-10 00:02:49] Building dataset for LIGUE1...
[2025-11-10 00:02:51] WARNING: Dataset build failed for LIGUE1
[2025-11-10 00:02:51] Dataset rebuild complete
[2025-11-10 00:02:51] Step 4: Training models...
[2025-11-10 00:02:51] Training NFL model...
[2025-11-10 00:02:56] Training NBA model...
[2025-11-10 00:03:01] Training CFB model...
[2025-11-10 00:03:06] Training EPL model...
[2025-11-10 00:03:09] WARNING: Training failed for EPL
[2025-11-10 00:03:09] Training BUNDESLIGA model...
[2025-11-10 00:03:11] WARNING: Training failed for BUNDESLIGA
[2025-11-10 00:03:11] Model training complete
[2025-11-10 00:03:11] Step 5: Generating predictions...
[2025-11-10 00:03:11] Forward testing NFL...
[2025-11-10 00:03:20] Updating completed results for NFL...
[2025-11-10 00:03:24] Forward testing NBA...
[2025-11-10 00:03:31] Updating completed results for NBA...
[2025-11-10 00:03:35] Forward testing CFB...
[2025-11-10 00:03:41] Updating completed results for CFB...
[2025-11-10 00:03:45] Prediction generation complete
[2025-11-10 00:03:45] =========================================
[2025-11-10 00:03:45] Hourly pipeline completed
[2025-11-10 00:03:45] =========================================
