[2025-11-08 12:59:12] =========================================
[2025-11-08 12:59:12] Starting hourly pipeline
[2025-11-08 12:59:12] =========================================
[2025-11-08 12:59:12] Step 1: Ingesting odds, injuries, and recent results...
[2025-11-08 12:59:14] Ingestion complete
[2025-11-08 12:59:14] Step 2: Refreshing advanced stats...
[2025-11-08 12:59:15] Advanced stats ingestion complete
[2025-11-08 12:59:15] Step 3: Rebuilding datasets...
[2025-11-08 12:59:15] Building dataset for NFL...
[2025-11-08 12:59:17] Building dataset for NBA...
[2025-11-08 12:59:21] Building dataset for CFB...
[2025-11-08 12:59:23] Building dataset for EPL...
[2025-11-08 12:59:24] Building dataset for LALIGA...
[2025-11-08 12:59:26] Building dataset for BUNDESLIGA...
[2025-11-08 12:59:28] Building dataset for SERIEA...
[2025-11-08 12:59:29] Building dataset for LIGUE1...
[2025-11-08 12:59:31] Dataset rebuild complete
[2025-11-08 12:59:31] Step 4: Training models...
[2025-11-08 12:59:31] Training NFL model...
[2025-11-08 12:59:35] Training NBA model...
[2025-11-08 12:59:39] Training CFB model...
[2025-11-08 12:59:44] Training EPL model...
[2025-11-08 12:59:46] WARNING: Training failed for EPL
[2025-11-08 12:59:46] Training LALIGA model...
[2025-11-08 12:59:50] WARNING: Training failed for LALIGA
[2025-11-08 12:59:50] Training BUNDESLIGA model...
[2025-11-08 12:59:53] WARNING: Training failed for BUNDESLIGA
[2025-11-08 12:59:53] Training SERIEA model...
[2025-11-08 12:59:55] WARNING: Training failed for SERIEA
[2025-11-08 12:59:55] Training LIGUE1 model...
[2025-11-08 12:59:57] WARNING: Training failed for LIGUE1
[2025-11-08 12:59:57] Model training complete
[2025-11-08 12:59:57] Step 5: Generating predictions...
[2025-11-08 12:59:57] Forward testing NFL...
[2025-11-08 13:00:06] Updating completed results for NFL...
[2025-11-08 13:00:09] Forward testing NBA...
[2025-11-08 13:00:15] Updating completed results for NBA...
[2025-11-08 13:00:17] Forward testing CFB...
[2025-11-08 13:00:24] Updating completed results for CFB...
[2025-11-08 13:00:26] Prediction generation complete
[2025-11-08 13:00:26] =========================================
[2025-11-08 13:00:26] Hourly pipeline completed
[2025-11-08 13:00:26] =========================================
