[2025-11-08 03:00:02] =========================================
[2025-11-08 03:00:02] Starting hourly pipeline
[2025-11-08 03:00:02] =========================================
[2025-11-08 03:00:02] Step 1: Ingesting hourly data...
[2025-11-08 03:00:03] Hourly data ingestion completed
[2025-11-08 03:00:03] Step 2: Ingesting advanced stats...
[2025-11-08 03:00:04] Advanced stats ingestion completed
[2025-11-08 03:00:04] Step 3: Rebuilding datasets...
[2025-11-08 03:00:04] Rebuilding NBA dataset...
[2025-11-08 03:00:07] Rebuilding NFL dataset...
[2025-11-08 03:01:00] WARNING: NFL dataset rebuild failed
[2025-11-08 03:01:00] Rebuilding CFB dataset...
[2025-11-08 03:01:03] Rebuilding EPL dataset...
[2025-11-08 03:01:05] Dataset rebuilding completed
[2025-11-08 03:01:05] Step 4: Training models...
[2025-11-08 03:01:05] Training NBA model...
[2025-11-08 03:01:09] Training NFL model...
[2025-11-08 03:01:12] WARNING: NFL model training failed
[2025-11-08 03:01:12] Training CFB model...
[2025-11-08 03:01:16] Training EPL model...
[2025-11-08 03:01:20] Model training completed
[2025-11-08 03:01:20] Step 5: Generating predictions...
[2025-11-08 03:01:20] Generating predictions for NBA...
[2025-11-08 03:01:26] Generating predictions for NFL...
[2025-11-08 03:01:36] Generating predictions for CFB...
[2025-11-08 03:01:41] Generating predictions for EPL...
[2025-11-08 03:01:46] Generating predictions for LALIGA...
[2025-11-08 03:01:51] Generating predictions for BUNDESLIGA...
[2025-11-08 03:01:56] Generating predictions for SERIEA...
[2025-11-08 03:02:01] Generating predictions for LIGUE1...
[2025-11-08 03:02:05] WARNING: LIGUE1 prediction generation failed
[2025-11-08 03:02:05] Prediction generation completed
[2025-11-08 03:02:05] =========================================
[2025-11-08 03:02:05] Hourly pipeline completed
[2025-11-08 03:02:05] =========================================
