[2025-11-10 20:07:44] =========================================
[2025-11-10 20:07:44] Starting hourly pipeline
[2025-11-10 20:07:44] =========================================
[2025-11-10 20:07:44] Detecting available soccer seasons from data/raw/results...
[2025-11-10 20:07:47] Detected soccer seasons: EPL:	2022,2023,2024,2025,2026 | BUNDESLIGA:	2016,2023,2024,2025,2026 | LIGUE1:	2016,2023,2024,2025,2026 | LALIGA:	2016,2023,2024,2025,2026 | SERIEA:	2016,2023,2024,2025,2026
[2025-11-10 20:07:47] Step 1: Ingesting odds, injuries, and recent results...
[2025-11-10 20:07:49] Ingestion complete
[2025-11-10 20:07:49] Step 2: Refreshing advanced stats...
[2025-11-10 20:07:50] Advanced stats ingestion complete
[2025-11-10 20:07:50] Step 3: Rebuilding datasets...
[2025-11-10 20:07:50] Building dataset for NFL...
[2025-11-10 20:07:54] Building dataset for NBA...
[2025-11-10 20:07:58] Building dataset for CFB...
[2025-11-10 20:08:02] Building dataset for EPL...
[2025-11-10 20:08:04] Building dataset for LALIGA...
[2025-11-10 20:08:07] \INFO: Primary seasons for LALIGA produced insufficient data. Supplementing with historical seasons...\
[2025-11-10 20:08:09] Building dataset for BUNDESLIGA...
[2025-11-10 20:08:11] Building dataset for SERIEA...
[2025-11-10 20:08:14] \INFO: Primary seasons for SERIEA produced insufficient data. Supplementing with historical seasons...\
[2025-11-10 20:08:16] Building dataset for LIGUE1...
[2025-11-10 20:08:19] \INFO: Primary seasons for LIGUE1 produced insufficient data. Supplementing with historical seasons...\
[2025-11-10 20:08:21] Dataset rebuild complete
[2025-11-10 20:08:21] Step 4: Training models...
[2025-11-10 20:08:21] Training NFL model...
[2025-11-10 20:08:50] Training NBA model...
[2025-11-10 20:08:55] Training CFB model...
[2025-11-10 20:09:00] Training EPL model...
[2025-11-10 20:09:03] WARNING: Training failed for EPL
[2025-11-10 20:09:03] Training LALIGA model...
[2025-11-10 20:09:09] Training BUNDESLIGA model...
[2025-11-10 20:09:12] WARNING: Training failed for BUNDESLIGA
[2025-11-10 20:09:12] Training SERIEA model...
[2025-11-10 20:09:41] Training LIGUE1 model...
[2025-11-10 20:09:45] Model training complete
[2025-11-10 20:09:45] Step 5: Generating predictions...
[2025-11-10 20:09:45] Forward testing NFL...
[2025-11-10 20:09:54] Updating completed results for NFL...
[2025-11-10 20:09:59] Forward testing NBA...
[2025-11-10 20:10:28] Updating completed results for NBA...
[2025-11-10 20:10:33] Forward testing CFB...
[2025-11-10 20:10:40] Updating completed results for CFB...
[2025-11-10 20:10:45] Forward testing LALIGA...
[2025-11-10 20:11:16] Updating completed results for LALIGA...
[2025-11-10 20:11:21] Forward testing SERIEA...
[2025-11-10 20:11:27] Updating completed results for SERIEA...
[2025-11-10 20:11:32] Forward testing LIGUE1...
[2025-11-10 20:11:37] Updating completed results for LIGUE1...
[2025-11-10 20:11:40] Prediction generation complete
[2025-11-10 20:11:40] =========================================
[2025-11-10 20:11:40] Hourly pipeline completed
[2025-11-10 20:11:40] =========================================
