[2025-11-16 21:57:59] =========================================
[2025-11-16 21:57:59] Starting hourly pipeline
[2025-11-16 21:57:59] =========================================
[2025-11-16 21:57:59] Processing leagues: NFL, NBA, CFB, EPL, LALIGA, BUNDESLIGA, SERIEA, LIGUE1
[2025-11-16 21:57:59] Detecting available soccer seasons from data/raw/results...
[2025-11-16 21:58:01] Detected soccer seasons: EPL:	2022,2023,2024,2025,2026 | BUNDESLIGA:	2016,2023,2024,2025,2026 | LIGUE1:	2016,2023,2024,2025,2026 | LALIGA:	2016,2023,2024,2025,2026 | SERIEA:	2016,2023,2024,2025,2026
[2025-11-16 21:58:01] Step 1: Ingesting odds, injuries, and recent results...
[2025-11-16 21:58:02] Ingestion complete
[2025-11-16 21:58:02] Syncing Understat archives for leagues: EPL,La_liga,Bundesliga,Serie_A,Ligue_1 (seasons: 2021,2022,2023,2024,2025)...
[2025-11-16 21:58:04] Fetching Understat match payloads for leagues: EPL,La_liga,Bundesliga,Serie_A,Ligue_1 (seasons: 2024,2025)...
[2025-11-16 21:58:06] Syncing football-data odds archives for leagues: premier-league,la-liga,bundesliga,serie-a,ligue-1...
[2025-11-16 21:58:08] Step 2: Refreshing advanced stats...
[2025-11-16 21:58:09] Advanced stats ingestion complete
[2025-11-16 21:58:09] Step 3: Rebuilding datasets...
[2025-11-16 21:58:09] Building dataset for NFL (seasons: 2021, 2022, 2023, 2024, 2025)...
[2025-11-16 21:58:12] Building dataset for NBA (seasons: 2021, 2022, 2023, 2024, 2025)...
[2025-11-16 21:58:15] Building dataset for CFB (seasons: 2021, 2022, 2023, 2024, 2025)...
[2025-11-16 21:58:18] INFO: Augmenting EPL dataset with historical seasons: 2013, 2014, 2015, 2016, 2022, 2023, 2024, 2025, 2026
[2025-11-16 21:58:18] Building dataset for EPL (seasons: 2013, 2014, 2015, 2016, 2022, 2023, 2024, 2025, 2026)...
[2025-11-16 21:58:22] INFO: Augmenting LALIGA dataset with historical seasons: 2013, 2014, 2015, 2016, 2023, 2024, 2025, 2026
[2025-11-16 21:58:22] Building dataset for LALIGA (seasons: 2013, 2014, 2015, 2016, 2023, 2024, 2025, 2026)...
[2025-11-16 21:58:25] INFO: Augmenting BUNDESLIGA dataset with historical seasons: 2013, 2014, 2015, 2016, 2023, 2024, 2025, 2026
[2025-11-16 21:58:25] Building dataset for BUNDESLIGA (seasons: 2013, 2014, 2015, 2016, 2023, 2024, 2025, 2026)...
[2025-11-16 21:58:27] INFO: Augmenting SERIEA dataset with historical seasons: 2013, 2014, 2015, 2016, 2023, 2024, 2025, 2026
[2025-11-16 21:58:27] Building dataset for SERIEA (seasons: 2013, 2014, 2015, 2016, 2023, 2024, 2025, 2026)...
[2025-11-16 21:58:30] INFO: Augmenting LIGUE1 dataset with historical seasons: 2013, 2014, 2015, 2016, 2023, 2024, 2025, 2026
[2025-11-16 21:58:30] Building dataset for LIGUE1 (seasons: 2013, 2014, 2015, 2016, 2023, 2024, 2025, 2026)...
[2025-11-16 21:58:32] Dataset rebuild complete
[2025-11-16 21:58:32] Step 4: Training models...
[2025-11-16 21:58:32] Training NFL model...
[2025-11-16 21:58:36] Training NBA model...
[2025-11-16 21:58:42] Training CFB model...
[2025-11-16 21:58:54] Training EPL model...
[2025-11-16 21:58:59] Training LALIGA model...
[2025-11-16 21:59:03] Training BUNDESLIGA model...
[2025-11-16 21:59:07] Training SERIEA model...
[2025-11-16 21:59:11] Training LIGUE1 model...
[2025-11-16 21:59:15] Model training complete
[2025-11-16 21:59:15] Step 5: Generating predictions...
[2025-11-16 21:59:15] Forward testing NFL...
[2025-11-16 21:59:22] Updating completed results for NFL...
[2025-11-16 21:59:26] Forward testing NBA...
[2025-11-16 21:59:31] Updating completed results for NBA...
[2025-11-16 21:59:34] Forward testing CFB...
[2025-11-16 21:59:39] Updating completed results for CFB...
[2025-11-16 21:59:44] Forward testing EPL...
[2025-11-16 21:59:48] Updating completed results for EPL...
[2025-11-16 21:59:54] Forward testing LALIGA...
[2025-11-16 21:59:59] Updating completed results for LALIGA...
[2025-11-16 22:00:06] Forward testing BUNDESLIGA...
[2025-11-16 22:00:11] Updating completed results for BUNDESLIGA...
[2025-11-16 22:00:18] Forward testing SERIEA...
[2025-11-16 22:00:23] Updating completed results for SERIEA...
[2025-11-16 22:00:29] Forward testing LIGUE1...
[2025-11-16 22:00:33] Updating completed results for LIGUE1...
[2025-11-16 22:00:35] Prediction generation complete
[2025-11-16 22:00:35] =========================================
[2025-11-16 22:00:35] Hourly pipeline completed
[2025-11-16 22:00:35] =========================================
