[2025-11-08 02:50:21] =========================================
[2025-11-08 02:50:21] Starting hourly pipeline
[2025-11-08 02:50:21] =========================================
[2025-11-08 02:50:21] Step 1: Ingesting hourly data...
[2025-11-08 02:50:22] Hourly data ingestion completed
[2025-11-08 02:50:22] Step 2: Ingesting advanced stats...
[2025-11-08 02:50:23] Advanced stats ingestion completed
[2025-11-08 02:50:23] Step 3: Rebuilding datasets...
[2025-11-08 02:50:23] Rebuilding NBA dataset...
[2025-11-08 02:50:27] Rebuilding NFL dataset...
[2025-11-08 02:51:51] WARNING: NFL dataset rebuild failed
[2025-11-08 02:51:51] Rebuilding CFB dataset...
[2025-11-08 02:51:55] Rebuilding EPL dataset...
[2025-11-08 02:51:56] Dataset rebuilding completed
[2025-11-08 02:51:56] Step 4: Training models...
[2025-11-08 02:51:56] Training NBA model...
[2025-11-08 02:52:02] Training NFL model...
[2025-11-08 02:52:04] WARNING: NFL model training failed
[2025-11-08 02:52:04] Training CFB model...
[2025-11-08 02:52:09] Training EPL model...
[2025-11-08 02:52:13] Model training completed
[2025-11-08 02:52:13] Step 5: Generating predictions...
[2025-11-08 02:52:13] Generating predictions for NBA...
[2025-11-08 02:52:18] Generating predictions for NFL...
[2025-11-08 02:52:22] WARNING: NFL prediction generation failed
[2025-11-08 02:52:22] Generating predictions for CFB...
[2025-11-08 02:52:26] WARNING: CFB prediction generation failed
[2025-11-08 02:52:26] Generating predictions for EPL...
[2025-11-08 02:52:30] WARNING: EPL prediction generation failed
[2025-11-08 02:52:30] Generating predictions for LALIGA...
[2025-11-08 02:52:34] WARNING: LALIGA prediction generation failed
[2025-11-08 02:52:34] Generating predictions for BUNDESLIGA...
[2025-11-08 02:52:40] WARNING: BUNDESLIGA prediction generation failed
[2025-11-08 02:52:40] Generating predictions for SERIEA...
[2025-11-08 02:52:44] WARNING: SERIEA prediction generation failed
[2025-11-08 02:52:44] Generating predictions for LIGUE1...
[2025-11-08 02:52:48] WARNING: LIGUE1 prediction generation failed
[2025-11-08 02:52:48] Prediction generation completed
[2025-11-08 02:52:48] =========================================
[2025-11-08 02:52:48] Hourly pipeline completed
[2025-11-08 02:52:48] =========================================
