[2025-11-08 11:41:46] =========================================
[2025-11-08 11:41:46] Starting hourly pipeline
[2025-11-08 11:41:46] =========================================
[2025-11-08 11:41:46] Step 1: Ingesting odds, injuries, and recent results...
[2025-11-08 11:41:47] Ingestion complete
[2025-11-08 11:41:47] Step 2: Refreshing advanced stats...
[2025-11-08 11:41:48] Advanced stats ingestion complete
[2025-11-08 11:41:48] Step 3: Rebuilding datasets...
[2025-11-08 11:41:48] Building dataset for NFL...
[2025-11-08 11:42:23] WARNING: Dataset build failed for NFL
[2025-11-08 11:42:23] Building dataset for NBA...
[2025-11-08 11:42:27] Building dataset for CFB...
[2025-11-08 11:42:29] Building dataset for EPL...
[2025-11-08 11:42:30] Building dataset for LALIGA...
[2025-11-08 11:42:32] Building dataset for BUNDESLIGA...
[2025-11-08 11:42:33] Building dataset for SERIEA...
[2025-11-08 11:42:35] Building dataset for LIGUE1...
[2025-11-08 11:42:36] Dataset rebuild complete
[2025-11-08 11:42:36] Step 4: Training models...
[2025-11-08 11:42:36] Training NBA model...
[2025-11-08 11:42:40] Training CFB model...
[2025-11-08 11:42:44] Training EPL model...
[2025-11-08 11:42:49] Training LALIGA model...
[2025-11-08 11:42:53] Training BUNDESLIGA model...
[2025-11-08 11:42:57] Training SERIEA model...
[2025-11-08 11:43:01] Training LIGUE1 model...
[2025-11-08 11:43:05] Model training complete
[2025-11-08 11:43:05] Step 5: Generating predictions...
[2025-11-08 11:43:05] Forward testing NBA...
[2025-11-08 11:43:10] Updating completed results for NBA...
[2025-11-08 11:43:13] Forward testing CFB...
[2025-11-08 11:43:18] Updating completed results for CFB...
[2025-11-08 11:43:21] Forward testing EPL...
[2025-11-08 11:43:26] Updating completed results for EPL...
[2025-11-08 11:43:28] Forward testing LALIGA...
[2025-11-08 11:43:33] Updating completed results for LALIGA...
[2025-11-08 11:43:36] Forward testing BUNDESLIGA...
[2025-11-08 11:43:41] Updating completed results for BUNDESLIGA...
[2025-11-08 11:43:43] Forward testing SERIEA...
[2025-11-08 11:43:48] Updating completed results for SERIEA...
[2025-11-08 11:43:50] Forward testing LIGUE1...
[2025-11-08 11:43:54] WARNING: Forward test failed for LIGUE1
[2025-11-08 11:43:54] Prediction generation complete
[2025-11-08 11:43:54] =========================================
[2025-11-08 11:43:54] Hourly pipeline completed
[2025-11-08 11:43:54] =========================================
