[2025-11-18 06:30:53] =========================================
[2025-11-18 06:30:54] Starting hourly pipeline
[2025-11-18 06:30:54] =========================================
[2025-11-18 06:30:54] Processing leagues: NFL, NBA, CFB, EPL, LALIGA, BUNDESLIGA, SERIEA, LIGUE1
[2025-11-18 06:30:54] Detecting available soccer seasons from data/raw/results...
[2025-11-18 06:30:55] Detected soccer seasons: EPL:	2022,2023,2024,2025,2026 | BUNDESLIGA:	2016,2023,2024,2025,2026 | LIGUE1:	2016,2023,2024,2025,2026 | LALIGA:	2016,2023,2024,2025,2026 | SERIEA:	2016,2023,2024,2025,2026
[2025-11-18 06:30:55] Step 1: Ingesting odds, injuries, and recent results...
[2025-11-18 06:30:57] Ingestion complete
[2025-11-18 06:30:57] Step 1b: Fetching The Odds API snapshots...
[2025-11-18 06:30:57] Requesting Odds API snapshot for NFL (moneyline + totals)...
[2025-11-18 06:30:59] Requesting Odds API snapshot for NBA (moneyline + totals)...
[2025-11-18 06:31:01] Requesting Odds API snapshot for CFB (moneyline + totals)...
[2025-11-18 06:31:04] Requesting Odds API snapshot for EPL (moneyline + totals)...
[2025-11-18 06:31:07] Requesting Odds API snapshot for LALIGA (moneyline + totals)...
[2025-11-18 06:31:14] Requesting Odds API snapshot for BUNDESLIGA (moneyline + totals)...
[2025-11-18 06:31:22] Requesting Odds API snapshot for SERIEA (moneyline + totals)...
[2025-11-18 06:31:24] Requesting Odds API snapshot for LIGUE1 (moneyline + totals)...
[2025-11-18 06:31:27] Syncing Understat archives for leagues: EPL,La_liga,Bundesliga,Serie_A,Ligue_1 (seasons: 2021,2022,2023,2024,2025)...
[2025-11-18 06:31:30] Fetching Understat match payloads for leagues: EPL,La_liga,Bundesliga,Serie_A,Ligue_1 (seasons: 2024,2025)...
[2025-11-18 06:31:32] Syncing football-data odds archives for leagues: premier-league,la-liga,bundesliga,serie-a,ligue-1...
[2025-11-18 06:31:34] Step 2: Refreshing advanced stats...
[2025-11-18 06:31:35] Advanced stats ingestion complete
[2025-11-18 06:31:35] Step 3: Rebuilding datasets...
[2025-11-18 06:31:35] Building dataset for NFL (seasons: 2021, 2022, 2023, 2024, 2025)...
[2025-11-18 06:31:38] Building dataset for NBA (seasons: 2021, 2022, 2023, 2024, 2025)...
[2025-11-18 06:31:41] Building dataset for CFB (seasons: 2021, 2022, 2023, 2024, 2025)...
[2025-11-18 06:31:43] INFO: Augmenting EPL dataset with historical seasons: 2013, 2014, 2015, 2016, 2022, 2023, 2024, 2025, 2026
[2025-11-18 06:31:43] Building dataset for EPL (seasons: 2013, 2014, 2015, 2016, 2022, 2023, 2024, 2025, 2026)...
[2025-11-18 06:31:48] INFO: Augmenting LALIGA dataset with historical seasons: 2013, 2014, 2015, 2016, 2023, 2024, 2025, 2026
[2025-11-18 06:31:48] Building dataset for LALIGA (seasons: 2013, 2014, 2015, 2016, 2023, 2024, 2025, 2026)...
[2025-11-18 06:31:50] INFO: Augmenting BUNDESLIGA dataset with historical seasons: 2013, 2014, 2015, 2016, 2023, 2024, 2025, 2026
[2025-11-18 06:31:50] Building dataset for BUNDESLIGA (seasons: 2013, 2014, 2015, 2016, 2023, 2024, 2025, 2026)...
[2025-11-18 06:31:53] INFO: Augmenting SERIEA dataset with historical seasons: 2013, 2014, 2015, 2016, 2023, 2024, 2025, 2026
[2025-11-18 06:31:53] Building dataset for SERIEA (seasons: 2013, 2014, 2015, 2016, 2023, 2024, 2025, 2026)...
[2025-11-18 06:31:55] INFO: Augmenting LIGUE1 dataset with historical seasons: 2013, 2014, 2015, 2016, 2023, 2024, 2025, 2026
[2025-11-18 06:31:55] Building dataset for LIGUE1 (seasons: 2013, 2014, 2015, 2016, 2023, 2024, 2025, 2026)...
[2025-11-18 06:31:58] Dataset rebuild complete
[2025-11-18 06:31:58] Step 4: Training models...
[2025-11-18 06:31:58] Training NFL model...
[2025-11-18 06:32:09] Training NBA model...
[2025-11-18 06:32:13] Training CFB model...
[2025-11-18 06:32:17] Training EPL model...
[2025-11-18 06:32:22] Training LALIGA model...
[2025-11-18 06:32:26] Training BUNDESLIGA model...
[2025-11-18 06:32:31] Training SERIEA model...
[2025-11-18 06:32:35] Training LIGUE1 model...
[2025-11-18 06:32:39] Model training complete
[2025-11-18 06:32:39] Step 5: Generating predictions...
[2025-11-18 06:32:39] Forward testing NFL...
[2025-11-18 06:32:48] Updating completed results for NFL...
[2025-11-18 06:32:51] Forward testing NBA...
[2025-11-18 06:32:56] Updating completed results for NBA...
[2025-11-18 06:32:59] Forward testing CFB...
[2025-11-18 06:33:04] Updating completed results for CFB...
[2025-11-18 06:33:07] Forward testing EPL...
[2025-11-18 06:33:12] Updating completed results for EPL...
[2025-11-18 06:33:19] Forward testing LALIGA...
[2025-11-18 06:33:24] Updating completed results for LALIGA...
[2025-11-18 06:33:30] Forward testing BUNDESLIGA...
[2025-11-18 06:33:36] Updating completed results for BUNDESLIGA...
[2025-11-18 06:33:42] Forward testing SERIEA...
[2025-11-18 06:33:47] Updating completed results for SERIEA...
[2025-11-18 06:33:53] Forward testing LIGUE1...
[2025-11-18 06:33:58] Updating completed results for LIGUE1...
[2025-11-18 06:34:01] Prediction generation complete
[2025-11-18 06:34:01] =========================================
[2025-11-18 06:34:01] Hourly pipeline completed
[2025-11-18 06:34:01] =========================================
