[2025-11-10 20:16:28] =========================================
[2025-11-10 20:16:28] Starting hourly pipeline
[2025-11-10 20:16:28] =========================================
[2025-11-10 20:16:28] Soccer-only mode enabled. Processing leagues: EPL, LALIGA, BUNDESLIGA, SERIEA, LIGUE1
[2025-11-10 20:16:28] Detecting available soccer seasons from data/raw/results...
[2025-11-10 20:16:30] Detected soccer seasons: EPL:	2022,2023,2024,2025,2026 | BUNDESLIGA:	2016,2023,2024,2025,2026 | LIGUE1:	2016,2023,2024,2025,2026 | LALIGA:	2016,2023,2024,2025,2026 | SERIEA:	2016,2023,2024,2025,2026
[2025-11-10 20:16:30] Step 1: Ingesting odds, injuries, and recent results...
[2025-11-10 20:16:32] Ingestion complete
[2025-11-10 20:16:32] Step 2: Refreshing advanced stats...
[2025-11-10 20:16:34] Advanced stats ingestion complete
[2025-11-10 20:16:34] Step 3: Rebuilding datasets...
[2025-11-10 20:16:34] Building dataset for EPL...
[2025-11-10 20:16:36] Building dataset for LALIGA...
[2025-11-10 20:16:39] \INFO: Primary seasons for LALIGA produced insufficient data. Supplementing with historical seasons...\
[2025-11-10 20:16:41] Building dataset for BUNDESLIGA...
[2025-11-10 20:16:44] Building dataset for SERIEA...
[2025-11-10 20:16:46] \INFO: Primary seasons for SERIEA produced insufficient data. Supplementing with historical seasons...\
[2025-11-10 20:16:49] Building dataset for LIGUE1...
[2025-11-10 20:16:51] \INFO: Primary seasons for LIGUE1 produced insufficient data. Supplementing with historical seasons...\
[2025-11-10 20:16:54] Dataset rebuild complete
[2025-11-10 20:16:54] Step 4: Training models...
[2025-11-10 20:16:54] Training EPL model...
[2025-11-10 20:16:59] WARNING: Training failed for EPL
[2025-11-10 20:16:59] Training LALIGA model...
[2025-11-10 20:17:04] Training BUNDESLIGA model...
[2025-11-10 20:17:09] WARNING: Training failed for BUNDESLIGA
[2025-11-10 20:17:09] Training SERIEA model...
[2025-11-10 20:17:39] Training LIGUE1 model...
[2025-11-10 20:17:44] Model training complete
[2025-11-10 20:17:44] Step 5: Generating predictions...
[2025-11-10 20:17:44] Forward testing LALIGA...
[2025-11-10 20:17:49] WARNING: Forward test failed for LALIGA
[2025-11-10 20:17:49] Forward testing SERIEA...
[2025-11-10 20:17:54] WARNING: Forward test failed for SERIEA
[2025-11-10 20:17:54] Forward testing LIGUE1...
[2025-11-10 20:17:59] Updating completed results for LIGUE1...
[2025-11-10 20:18:03] Prediction generation complete
[2025-11-10 20:18:03] =========================================
[2025-11-10 20:18:03] Hourly pipeline completed
[2025-11-10 20:18:03] =========================================
