[2025-11-08 11:00:38] =========================================
[2025-11-08 11:00:38] Starting hourly pipeline
[2025-11-08 11:00:38] =========================================
[2025-11-08 11:00:38] Step 1: Ingesting odds, injuries, and recent results...
[2025-11-08 11:00:40] Ingestion complete
[2025-11-08 11:00:40] Step 2: Refreshing advanced stats...
[2025-11-08 11:00:41] Advanced stats ingestion complete
[2025-11-08 11:00:41] Step 3: Rebuilding datasets...
[2025-11-08 11:00:41] Building dataset for NFL...
[2025-11-08 11:00:44] Building dataset for NBA...
[2025-11-08 11:00:48] Building dataset for CFB...
[2025-11-08 11:00:51] Building dataset for EPL...
[2025-11-08 11:00:52] Building dataset for LALIGA...
[2025-11-08 11:00:54] Building dataset for BUNDESLIGA...
[2025-11-08 11:00:56] Building dataset for SERIEA...
[2025-11-08 11:00:57] Building dataset for LIGUE1...
[2025-11-08 11:00:59] Dataset rebuild complete
[2025-11-08 11:00:59] Step 4: Training models...
[2025-11-08 11:00:59] Training NFL model...
[2025-11-08 11:01:03] Training NBA model...
[2025-11-08 11:01:07] Training CFB model...
[2025-11-08 11:01:12] Training EPL model...
[2025-11-08 11:01:14] WARNING: Training failed for EPL
[2025-11-08 11:01:14] Training LALIGA model...
[2025-11-08 11:01:17] WARNING: Training failed for LALIGA
[2025-11-08 11:01:17] Training BUNDESLIGA model...
[2025-11-08 11:01:19] WARNING: Training failed for BUNDESLIGA
[2025-11-08 11:01:19] Training SERIEA model...
[2025-11-08 11:01:21] WARNING: Training failed for SERIEA
[2025-11-08 11:01:21] Training LIGUE1 model...
[2025-11-08 11:01:23] WARNING: Training failed for LIGUE1
[2025-11-08 11:01:23] Model training complete
[2025-11-08 11:01:23] Step 5: Generating predictions...
[2025-11-08 11:01:23] Forward testing NFL...
[2025-11-08 11:01:32] Updating completed results for NFL...
[2025-11-08 11:01:35] Forward testing NBA...
[2025-11-08 11:01:40] Updating completed results for NBA...
[2025-11-08 11:01:42] Forward testing CFB...
[2025-11-08 11:01:47] Updating completed results for CFB...
[2025-11-08 11:01:50] Forward testing EPL...
[2025-11-08 11:01:55] Updating completed results for EPL...
[2025-11-08 11:01:57] Forward testing LALIGA...
[2025-11-08 11:02:02] Updating completed results for LALIGA...
[2025-11-08 11:02:05] Forward testing BUNDESLIGA...
[2025-11-08 11:02:10] Updating completed results for BUNDESLIGA...
[2025-11-08 11:02:12] Forward testing SERIEA...
[2025-11-08 11:02:17] Updating completed results for SERIEA...
[2025-11-08 11:02:20] Forward testing LIGUE1...
[2025-11-08 11:02:23] WARNING: Forward test failed for LIGUE1
[2025-11-08 11:02:23] Updating completed results for LIGUE1...
[2025-11-08 11:02:26] Prediction generation complete
[2025-11-08 11:02:26] =========================================
[2025-11-08 11:02:26] Hourly pipeline completed
[2025-11-08 11:02:26] =========================================
