[2025-11-10 18:40:28] =========================================
[2025-11-10 18:40:28] Starting hourly pipeline
[2025-11-10 18:40:28] =========================================
[2025-11-10 18:40:28] Step 1: Ingesting odds, injuries, and recent results...
[2025-11-10 18:40:30] Ingestion complete
[2025-11-10 18:40:30] Step 2: Refreshing advanced stats...
[2025-11-10 18:40:32] Advanced stats ingestion complete
[2025-11-10 18:40:32] Step 3: Rebuilding datasets...
[2025-11-10 18:40:32] Building dataset for NFL...
[2025-11-10 18:40:36] Building dataset for NBA...
[2025-11-10 18:40:40] Building dataset for CFB...
[2025-11-10 18:40:43] Building dataset for EPL...
[2025-11-10 18:40:45] \INFO: Primary seasons for EPL produced insufficient data. Supplementing with historical seasons...\
[2025-11-10 18:40:47] Building dataset for LALIGA...
[2025-11-10 18:40:50] \INFO: Primary seasons for LALIGA produced insufficient data. Supplementing with historical seasons...\
[2025-11-10 18:40:52] Building dataset for BUNDESLIGA...
[2025-11-10 18:40:54] \INFO: Primary seasons for BUNDESLIGA produced insufficient data. Supplementing with historical seasons...\
[2025-11-10 18:40:57] Building dataset for SERIEA...
[2025-11-10 18:40:59] \INFO: Primary seasons for SERIEA produced insufficient data. Supplementing with historical seasons...\
[2025-11-10 18:41:02] Building dataset for LIGUE1...
[2025-11-10 18:41:05] \INFO: Primary seasons for LIGUE1 produced insufficient data. Supplementing with historical seasons...\
[2025-11-10 18:41:07] Dataset rebuild complete
[2025-11-10 18:41:07] Step 4: Training models...
[2025-11-10 18:41:07] Training NFL model...
[2025-11-10 18:41:12] Training NBA model...
[2025-11-10 18:41:17] Training CFB model...
[2025-11-10 18:41:45] Model training complete
[2025-11-10 18:41:45] Step 5: Generating predictions...
[2025-11-10 18:41:45] Forward testing NFL...
[2025-11-10 18:41:54] Updating completed results for NFL...
[2025-11-10 18:41:58] Forward testing NBA...
[2025-11-10 18:42:26] Updating completed results for NBA...
[2025-11-10 18:42:30] Forward testing CFB...
[2025-11-10 18:42:37] Updating completed results for CFB...
[2025-11-10 18:42:42] Prediction generation complete
[2025-11-10 18:42:42] =========================================
[2025-11-10 18:42:42] Hourly pipeline completed
[2025-11-10 18:42:42] =========================================
[2025-11-10 18:42:42] Detecting available soccer seasons from data/raw/results...
[2025-11-10 18:42:44] Detected soccer seasons: LALIGA:	2016,2023,2024,2025,2026 | BUNDESLIGA:	2016,2023,2024,2025,2026 | SERIEA:	2016,2023,2024,2025,2026 | EPL:	2022,2023,2024,2025,2026 | LIGUE1:	2016,2023,2024,2025,2026
