[2025-11-23 22:08:18] =========================================
[2025-11-23 22:08:18] Starting hourly pipeline
[2025-11-23 22:08:18] =========================================
[2025-11-23 22:08:18] Processing leagues: NFL, NBA, CFB, NCAAB, NHL, EPL, LALIGA, BUNDESLIGA, SERIEA, LIGUE1
[2025-11-23 22:08:18] Detecting available soccer seasons from data/raw/results...
[2025-11-23 22:08:20] Detected soccer seasons: EPL:	2022,2023,2024,2025,2026 | BUNDESLIGA:	2016,2023,2024,2025,2026 | LIGUE1:	2016,2023,2024,2025,2026 | LALIGA:	2016,2023,2024,2025,2026 | SERIEA:	2016,2023,2024,2025,2026
[2025-11-23 22:08:20] Step 1: Ingesting odds, injuries, and recent results...
[2025-11-23 22:08:21] Ingestion complete
[2025-11-23 22:08:21] Step 1b: Fetching The Odds API snapshots...
[2025-11-23 22:08:21] Requesting Odds API snapshot for NFL (moneyline + totals)...
[2025-11-23 22:08:22] Requesting Odds API snapshot for NBA (moneyline + totals)...
[2025-11-23 22:08:24] Requesting Odds API snapshot for CFB (moneyline + totals)...
[2025-11-23 22:08:26] Requesting Odds API snapshot for NCAAB (moneyline + totals)...
[2025-11-23 22:08:28] Requesting Odds API snapshot for NHL (moneyline + totals)...
[2025-11-23 22:08:30] Requesting Odds API snapshot for EPL (moneyline + totals)...
[2025-11-23 22:08:31] Requesting Odds API snapshot for LALIGA (moneyline + totals)...
[2025-11-23 22:08:33] Requesting Odds API snapshot for BUNDESLIGA (moneyline + totals)...
[2025-11-23 22:08:35] Requesting Odds API snapshot for SERIEA (moneyline + totals)...
[2025-11-23 22:08:37] Requesting Odds API snapshot for LIGUE1 (moneyline + totals)...
[2025-11-23 22:08:39] Syncing Understat archives for leagues: EPL,La_liga,Bundesliga,Serie_A,Ligue_1 (seasons: 2021,2022,2023,2024,2025)...
[2025-11-23 22:08:40] Fetching Understat match payloads for leagues: EPL,La_liga,Bundesliga,Serie_A,Ligue_1 (seasons: 2024,2025)...
[2025-11-23 22:08:42] Syncing football-data odds archives for leagues: premier-league,la-liga,bundesliga,serie-a,ligue-1...
[2025-11-23 22:08:43] Updating soccer totals from football-data for leagues: premier-league,la-liga,bundesliga,serie-a,ligue-1...
[2025-11-23 22:09:03] Fetching TeamRankings over/under picks for leagues: NFL,NBA,CFB...
[2025-11-23 22:09:38] Updating TeamRankings picks for leagues: NFL,NBA,CFB...
[2025-11-23 22:10:26] Step 2: Refreshing advanced stats...
[2025-11-23 22:10:26] Advanced stats ingestion complete
[2025-11-23 22:10:26] Step 3: Rebuilding datasets...
[2025-11-23 22:10:26] Building dataset for NFL (seasons: 2021, 2022, 2023, 2024, 2025)...
[2025-11-23 22:10:30] Building dataset for NBA (seasons: 2021, 2022, 2023, 2024, 2025)...
[2025-11-23 22:10:38] Building dataset for CFB (seasons: 2021, 2022, 2023, 2024, 2025)...
[2025-11-23 22:10:41] Building dataset for NCAAB (seasons: 2021, 2022, 2023, 2024, 2025)...
[2025-11-23 22:10:42] Building dataset for NHL (seasons: 2021, 2022, 2023, 2024, 2025)...
[2025-11-23 22:10:44] INFO: Augmenting EPL dataset with historical seasons: 2013, 2014, 2015, 2016, 2022, 2023, 2024, 2025, 2026
[2025-11-23 22:10:44] Building dataset for EPL (seasons: 2013, 2014, 2015, 2016, 2022, 2023, 2024, 2025, 2026)...
[2025-11-23 22:10:48] INFO: Augmenting LALIGA dataset with historical seasons: 2013, 2014, 2015, 2016, 2023, 2024, 2025, 2026
[2025-11-23 22:10:48] Building dataset for LALIGA (seasons: 2013, 2014, 2015, 2016, 2023, 2024, 2025, 2026)...
[2025-11-23 22:10:51] INFO: Augmenting BUNDESLIGA dataset with historical seasons: 2013, 2014, 2015, 2016, 2023, 2024, 2025, 2026
[2025-11-23 22:10:51] Building dataset for BUNDESLIGA (seasons: 2013, 2014, 2015, 2016, 2023, 2024, 2025, 2026)...
[2025-11-23 22:10:53] INFO: Augmenting SERIEA dataset with historical seasons: 2013, 2014, 2015, 2016, 2023, 2024, 2025, 2026
[2025-11-23 22:10:53] Building dataset for SERIEA (seasons: 2013, 2014, 2015, 2016, 2023, 2024, 2025, 2026)...
[2025-11-23 22:10:55] INFO: Augmenting LIGUE1 dataset with historical seasons: 2013, 2014, 2015, 2016, 2023, 2024, 2025, 2026
[2025-11-23 22:10:55] Building dataset for LIGUE1 (seasons: 2013, 2014, 2015, 2016, 2023, 2024, 2025, 2026)...
[2025-11-23 22:10:57] Dataset rebuild complete
[2025-11-23 22:10:57] Step 4: Training models...
[2025-11-23 22:10:57] Training NFL ensemble model...
[2025-11-23 22:12:12] Training NFL random_forest model...
[2025-11-23 22:12:18] Training NFL gradient_boosting model...
[2025-11-23 22:12:26] Training NBA ensemble model...
[2025-11-23 22:12:48] Training NBA random_forest model...
[2025-11-23 22:12:51] Training NBA gradient_boosting model...
[2025-11-23 22:12:55] Training CFB ensemble model...
[2025-11-23 22:13:07] Training CFB random_forest model...
[2025-11-23 22:13:11] Training CFB gradient_boosting model...
[2025-11-23 22:13:14] Training NCAAB ensemble model...
[2025-11-23 22:13:40] Training NCAAB random_forest model...
[2025-11-23 22:13:45] Training NCAAB gradient_boosting model...
[2025-11-23 22:13:50] Training NHL ensemble model...
[2025-11-23 22:13:59] Training NHL random_forest model...
[2025-11-23 22:14:03] Training NHL gradient_boosting model...
[2025-11-23 22:14:06] Training EPL ensemble model...
[2025-11-23 22:14:29] Training EPL random_forest model...
[2025-11-23 22:14:32] Training EPL gradient_boosting model...
[2025-11-23 22:14:35] Training LALIGA ensemble model...
[2025-11-23 22:14:48] Training LALIGA random_forest model...
[2025-11-23 22:14:52] Training LALIGA gradient_boosting model...
[2025-11-23 22:14:55] Training BUNDESLIGA ensemble model...
[2025-11-23 22:15:08] Training BUNDESLIGA random_forest model...
[2025-11-23 22:15:12] Training BUNDESLIGA gradient_boosting model...
[2025-11-23 22:15:15] Training SERIEA ensemble model...
[2025-11-23 22:15:27] Training SERIEA random_forest model...
[2025-11-23 22:15:30] Training SERIEA gradient_boosting model...
[2025-11-23 22:15:33] Training LIGUE1 ensemble model...
[2025-11-23 22:15:47] Training LIGUE1 random_forest model...
[2025-11-23 22:15:51] Training LIGUE1 gradient_boosting model...
[2025-11-23 22:15:54] Model training complete
[2025-11-23 22:15:54] Step 5: Generating predictions...
[2025-11-23 22:15:54] Forward testing NFL with ensemble model...
[2025-11-23 22:16:05] Updating completed results for NFL (ensemble)...
[2025-11-23 22:16:09] Forward testing NFL with random_forest model...
[2025-11-23 22:16:17] Updating completed results for NFL (random_forest)...
[2025-11-23 22:16:20] Forward testing NFL with gradient_boosting model...
[2025-11-23 22:16:30] Updating completed results for NFL (gradient_boosting)...
[2025-11-23 22:16:34] Forward testing NBA with ensemble model...
[2025-11-23 22:16:40] Updating completed results for NBA (ensemble)...
[2025-11-23 22:16:43] Forward testing NBA with random_forest model...
[2025-11-23 22:16:47] Updating completed results for NBA (random_forest)...
[2025-11-23 22:16:51] Forward testing NBA with gradient_boosting model...
[2025-11-23 22:16:56] Updating completed results for NBA (gradient_boosting)...
[2025-11-23 22:16:59] Forward testing CFB with ensemble model...
[2025-11-23 22:17:08] Updating completed results for CFB (ensemble)...
[2025-11-23 22:17:11] Forward testing CFB with random_forest model...
[2025-11-23 22:17:21] Updating completed results for CFB (random_forest)...
[2025-11-23 22:17:24] Forward testing CFB with gradient_boosting model...
[2025-11-23 22:17:29] Updating completed results for CFB (gradient_boosting)...
[2025-11-23 22:17:33] Forward testing NCAAB with ensemble model...
[2025-11-23 22:17:43] Updating completed results for NCAAB (ensemble)...
[2025-11-23 22:17:50] Forward testing NCAAB with random_forest model...
[2025-11-23 22:17:57] Updating completed results for NCAAB (random_forest)...
[2025-11-23 22:18:04] Forward testing NCAAB with gradient_boosting model...
[2025-11-23 22:18:09] Updating completed results for NCAAB (gradient_boosting)...
[2025-11-23 22:18:16] Forward testing NHL with ensemble model...
[2025-11-23 22:18:22] Updating completed results for NHL (ensemble)...
[2025-11-23 22:18:25] Forward testing NHL with random_forest model...
[2025-11-23 22:18:29] Updating completed results for NHL (random_forest)...
[2025-11-23 22:18:32] Forward testing NHL with gradient_boosting model...
[2025-11-23 22:18:36] Updating completed results for NHL (gradient_boosting)...
[2025-11-23 22:18:39] Forward testing EPL with ensemble model...
[2025-11-23 22:18:45] Updating completed results for EPL (ensemble)...
[2025-11-23 22:18:51] Forward testing EPL with random_forest model...
[2025-11-23 22:18:55] Updating completed results for EPL (random_forest)...
[2025-11-23 22:18:59] Forward testing EPL with gradient_boosting model...
[2025-11-23 22:19:03] Updating completed results for EPL (gradient_boosting)...
[2025-11-23 22:19:08] Forward testing LALIGA with ensemble model...
[2025-11-23 22:19:14] Updating completed results for LALIGA (ensemble)...
[2025-11-23 22:19:21] Forward testing LALIGA with random_forest model...
[2025-11-23 22:19:25] Updating completed results for LALIGA (random_forest)...
[2025-11-23 22:19:29] Forward testing LALIGA with gradient_boosting model...
[2025-11-23 22:19:33] Updating completed results for LALIGA (gradient_boosting)...
[2025-11-23 22:19:38] Forward testing BUNDESLIGA with ensemble model...
[2025-11-23 22:19:44] Updating completed results for BUNDESLIGA (ensemble)...
[2025-11-23 22:19:50] Forward testing BUNDESLIGA with random_forest model...
[2025-11-23 22:19:54] Updating completed results for BUNDESLIGA (random_forest)...
[2025-11-23 22:19:58] Forward testing BUNDESLIGA with gradient_boosting model...
[2025-11-23 22:20:02] Updating completed results for BUNDESLIGA (gradient_boosting)...
[2025-11-23 22:20:07] Forward testing SERIEA with ensemble model...
[2025-11-23 22:20:13] Updating completed results for SERIEA (ensemble)...
[2025-11-23 22:20:18] Forward testing SERIEA with random_forest model...
[2025-11-23 22:20:22] Updating completed results for SERIEA (random_forest)...
[2025-11-23 22:20:27] Forward testing SERIEA with gradient_boosting model...
[2025-11-23 22:20:31] Updating completed results for SERIEA (gradient_boosting)...
[2025-11-23 22:20:36] Forward testing LIGUE1 with ensemble model...
[2025-11-23 22:20:42] Updating completed results for LIGUE1 (ensemble)...
[2025-11-23 22:20:48] Forward testing LIGUE1 with random_forest model...
[2025-11-23 22:20:52] Updating completed results for LIGUE1 (random_forest)...
[2025-11-23 22:20:56] Forward testing LIGUE1 with gradient_boosting model...
[2025-11-23 22:21:01] Updating completed results for LIGUE1 (gradient_boosting)...
[2025-11-23 22:21:07] Prediction generation complete
[2025-11-23 22:21:07] Step 6: Syncing results across model types...
[2025-11-23 22:21:09] Results synced successfully across all model types
[2025-11-23 22:21:09] =========================================
[2025-11-23 22:21:09] Hourly pipeline completed
[2025-11-23 22:21:09] =========================================
