[2025-11-21 17:29:16] =========================================
[2025-11-21 17:29:16] Starting hourly pipeline
[2025-11-21 17:29:16] =========================================
[2025-11-21 17:29:16] Processing leagues: NFL, NBA, CFB, NCAAB, NHL, EPL, LALIGA, BUNDESLIGA, SERIEA, LIGUE1
[2025-11-21 17:29:16] Detecting available soccer seasons from data/raw/results...
[2025-11-21 17:29:18] Detected soccer seasons: EPL:	2022,2023,2024,2025,2026 | BUNDESLIGA:	2016,2023,2024,2025,2026 | LIGUE1:	2016,2023,2024,2025,2026 | LALIGA:	2016,2023,2024,2025,2026 | SERIEA:	2016,2023,2024,2025,2026
[2025-11-21 17:29:18] Step 1: Ingesting odds, injuries, and recent results...
[2025-11-21 17:29:20] Ingestion complete
[2025-11-21 17:29:20] Step 1b: Fetching The Odds API snapshots...
[2025-11-21 17:29:20] Requesting Odds API snapshot for NFL (moneyline + totals)...
[2025-11-21 17:29:23] Requesting Odds API snapshot for NBA (moneyline + totals)...
[2025-11-21 17:29:26] Requesting Odds API snapshot for CFB (moneyline + totals)...
[2025-11-21 17:29:29] Requesting Odds API snapshot for NCAAB (moneyline + totals)...
[2025-11-21 17:29:31] Requesting Odds API snapshot for NHL (moneyline + totals)...
[2025-11-21 17:29:34] Requesting Odds API snapshot for EPL (moneyline + totals)...
[2025-11-21 17:29:36] Requesting Odds API snapshot for LALIGA (moneyline + totals)...
[2025-11-21 17:29:39] Requesting Odds API snapshot for BUNDESLIGA (moneyline + totals)...
[2025-11-21 17:29:41] Requesting Odds API snapshot for SERIEA (moneyline + totals)...
[2025-11-21 17:29:44] Requesting Odds API snapshot for LIGUE1 (moneyline + totals)...
[2025-11-21 17:29:47] Syncing Understat archives for leagues: EPL,La_liga,Bundesliga,Serie_A,Ligue_1 (seasons: 2021,2022,2023,2024,2025)...
[2025-11-21 17:29:49] Fetching Understat match payloads for leagues: EPL,La_liga,Bundesliga,Serie_A,Ligue_1 (seasons: 2024,2025)...
[2025-11-21 17:29:51] Syncing football-data odds archives for leagues: premier-league,la-liga,bundesliga,serie-a,ligue-1...
[2025-11-21 17:29:54] Updating soccer totals from football-data for leagues: premier-league,la-liga,bundesliga,serie-a,ligue-1...
[2025-11-21 17:30:15] Fetching TeamRankings over/under picks for leagues: NFL,NBA,CFB...
[2025-11-21 17:30:53] Updating TeamRankings picks for leagues: NFL,NBA,CFB...
[2025-11-21 17:31:21] Step 2: Refreshing advanced stats...
[2025-11-21 17:31:23] Advanced stats ingestion complete
[2025-11-21 17:31:23] Step 3: Rebuilding datasets...
[2025-11-21 17:31:23] Building dataset for NFL (seasons: 2021, 2022, 2023, 2024, 2025)...
[2025-11-21 17:31:27] Building dataset for NBA (seasons: 2021, 2022, 2023, 2024, 2025)...
[2025-11-21 17:31:36] Building dataset for CFB (seasons: 2021, 2022, 2023, 2024, 2025)...
[2025-11-21 17:31:38] Building dataset for NCAAB (seasons: 2021, 2022, 2023, 2024, 2025)...
[2025-11-21 17:31:41] Building dataset for NHL (seasons: 2021, 2022, 2023, 2024, 2025)...
[2025-11-21 17:31:43] INFO: Augmenting EPL dataset with historical seasons: 2013, 2014, 2015, 2016, 2022, 2023, 2024, 2025, 2026
[2025-11-21 17:31:43] Building dataset for EPL (seasons: 2013, 2014, 2015, 2016, 2022, 2023, 2024, 2025, 2026)...
[2025-11-21 17:31:48] INFO: Augmenting LALIGA dataset with historical seasons: 2013, 2014, 2015, 2016, 2023, 2024, 2025, 2026
[2025-11-21 17:31:48] Building dataset for LALIGA (seasons: 2013, 2014, 2015, 2016, 2023, 2024, 2025, 2026)...
[2025-11-21 17:31:52] INFO: Augmenting BUNDESLIGA dataset with historical seasons: 2013, 2014, 2015, 2016, 2023, 2024, 2025, 2026
[2025-11-21 17:31:52] Building dataset for BUNDESLIGA (seasons: 2013, 2014, 2015, 2016, 2023, 2024, 2025, 2026)...
[2025-11-21 17:31:55] INFO: Augmenting SERIEA dataset with historical seasons: 2013, 2014, 2015, 2016, 2023, 2024, 2025, 2026
[2025-11-21 17:31:55] Building dataset for SERIEA (seasons: 2013, 2014, 2015, 2016, 2023, 2024, 2025, 2026)...
[2025-11-21 17:31:58] INFO: Augmenting LIGUE1 dataset with historical seasons: 2013, 2014, 2015, 2016, 2023, 2024, 2025, 2026
[2025-11-21 17:31:58] Building dataset for LIGUE1 (seasons: 2013, 2014, 2015, 2016, 2023, 2024, 2025, 2026)...
[2025-11-21 17:32:01] Dataset rebuild complete
[2025-11-21 17:32:01] Step 4: Training models...
[2025-11-21 17:32:01] Training NFL model...
[2025-11-21 17:32:13] Training NBA model...
[2025-11-21 17:32:18] Training CFB model...
[2025-11-21 17:32:24] Training NCAAB model...
[2025-11-21 17:32:30] Training NHL model...
[2025-11-21 17:32:34] Training EPL model...
[2025-11-21 17:32:39] Training LALIGA model...
[2025-11-21 17:32:44] Training BUNDESLIGA model...
[2025-11-21 17:32:49] Training SERIEA model...
[2025-11-21 17:32:55] Training LIGUE1 model...
[2025-11-21 17:32:59] Model training complete
[2025-11-21 17:32:59] Step 5: Generating predictions...
[2025-11-21 17:32:59] Forward testing NFL...
[2025-11-21 17:33:14] Updating completed results for NFL...
[2025-11-21 17:33:18] Forward testing NBA...
[2025-11-21 17:33:25] Updating completed results for NBA...
[2025-11-21 17:33:29] Forward testing CFB...
[2025-11-21 17:33:36] Updating completed results for CFB...
[2025-11-21 17:33:40] Forward testing NCAAB...
[2025-11-21 17:33:46] Updating completed results for NCAAB...
[2025-11-21 17:33:52] Forward testing NHL...
[2025-11-21 17:33:55] WARNING: Forward test failed for NHL
[2025-11-21 17:33:55] Forward testing EPL...
[2025-11-21 17:33:59] WARNING: Forward test failed for EPL
[2025-11-21 17:33:59] Forward testing LALIGA...
[2025-11-21 17:34:02] WARNING: Forward test failed for LALIGA
[2025-11-21 17:34:02] Forward testing BUNDESLIGA...
[2025-11-21 17:34:06] WARNING: Forward test failed for BUNDESLIGA
[2025-11-21 17:34:06] Forward testing SERIEA...
[2025-11-21 17:34:09] WARNING: Forward test failed for SERIEA
[2025-11-21 17:34:09] Forward testing LIGUE1...
[2025-11-21 17:34:14] WARNING: Forward test failed for LIGUE1
[2025-11-21 17:34:14] Prediction generation complete
[2025-11-21 17:34:14] =========================================
[2025-11-21 17:34:14] Hourly pipeline completed
[2025-11-21 17:34:14] =========================================
