[2025-11-08 13:05:03] =========================================
[2025-11-08 13:05:03] Starting hourly pipeline
[2025-11-08 13:05:03] =========================================
[2025-11-08 13:05:03] Step 1: Ingesting odds, injuries, and recent results...
[2025-11-08 13:05:04] Ingestion complete
[2025-11-08 13:05:04] Step 2: Refreshing advanced stats...
[2025-11-08 13:05:05] Advanced stats ingestion complete
[2025-11-08 13:05:05] Step 3: Rebuilding datasets...
[2025-11-08 13:05:05] Building dataset for NFL...
[2025-11-08 13:05:09] Building dataset for NBA...
[2025-11-08 13:05:13] Building dataset for CFB...
[2025-11-08 13:05:15] Building dataset for EPL...
[2025-11-08 13:05:17] Building dataset for LALIGA...
[2025-11-08 13:05:19] Building dataset for BUNDESLIGA...
[2025-11-08 13:05:21] Building dataset for SERIEA...
[2025-11-08 13:05:22] Building dataset for LIGUE1...
[2025-11-08 13:05:24] Dataset rebuild complete
[2025-11-08 13:05:24] Step 4: Training models...
[2025-11-08 13:05:24] Training NFL model...
[2025-11-08 13:05:28] Training NBA model...
[2025-11-08 13:05:32] Training CFB model...
[2025-11-08 13:05:37] Training EPL model...
[2025-11-08 13:05:39] WARNING: Training failed for EPL
[2025-11-08 13:05:39] Training LALIGA model...
[2025-11-08 13:05:44] WARNING: Training failed for LALIGA
[2025-11-08 13:05:44] Training BUNDESLIGA model...
[2025-11-08 13:05:46] WARNING: Training failed for BUNDESLIGA
[2025-11-08 13:05:46] Training SERIEA model...
[2025-11-08 13:05:49] WARNING: Training failed for SERIEA
[2025-11-08 13:05:49] Training LIGUE1 model...
[2025-11-08 13:05:51] WARNING: Training failed for LIGUE1
[2025-11-08 13:05:51] Model training complete
[2025-11-08 13:05:51] Step 5: Generating predictions...
[2025-11-08 13:05:51] Forward testing NFL...
[2025-11-08 13:06:01] Updating completed results for NFL...
[2025-11-08 13:06:04] Forward testing NBA...
[2025-11-08 13:06:09] Updating completed results for NBA...
[2025-11-08 13:06:12] Forward testing CFB...
[2025-11-08 13:06:18] Updating completed results for CFB...
[2025-11-08 13:06:20] Prediction generation complete
[2025-11-08 13:06:20] =========================================
[2025-11-08 13:06:20] Hourly pipeline completed
[2025-11-08 13:06:20] =========================================
