[2025-11-17 10:30:36] =========================================
[2025-11-17 10:30:36] Starting hourly pipeline
[2025-11-17 10:30:36] =========================================
[2025-11-17 10:30:36] Processing leagues: NFL, NBA, CFB, EPL, LALIGA, BUNDESLIGA, SERIEA, LIGUE1
[2025-11-17 10:30:36] Detecting available soccer seasons from data/raw/results...
[2025-11-17 10:30:45] Detected soccer seasons: EPL:	2022,2023,2024,2025,2026 | BUNDESLIGA:	2016,2023,2024,2025,2026 | LIGUE1:	2016,2023,2024,2025,2026 | LALIGA:	2016,2023,2024,2025,2026 | SERIEA:	2016,2023,2024,2025,2026
[2025-11-17 10:30:45] Step 1: Ingesting odds, injuries, and recent results...
[2025-11-17 10:30:46] Ingestion complete
[2025-11-17 10:30:46] Step 1b: Fetching The Odds API snapshots...
[2025-11-17 10:30:46] Requesting Odds API snapshot for NFL...
[2025-11-17 10:30:49] Requesting Odds API snapshot for NBA...
[2025-11-17 10:30:51] Requesting Odds API snapshot for CFB...
[2025-11-17 10:30:53] Requesting Odds API snapshot for EPL...
[2025-11-17 10:30:56] Requesting Odds API snapshot for LALIGA...
[2025-11-17 10:30:58] Requesting Odds API snapshot for BUNDESLIGA...
[2025-11-17 10:31:00] Requesting Odds API snapshot for SERIEA...
[2025-11-17 10:31:02] Requesting Odds API snapshot for LIGUE1...
[2025-11-17 10:31:04] Syncing Understat archives for leagues: EPL,La_liga,Bundesliga,Serie_A,Ligue_1 (seasons: 2021,2022,2023,2024,2025)...
[2025-11-17 10:31:06] Fetching Understat match payloads for leagues: EPL,La_liga,Bundesliga,Serie_A,Ligue_1 (seasons: 2024,2025)...
[2025-11-17 10:31:08] Syncing football-data odds archives for leagues: premier-league,la-liga,bundesliga,serie-a,ligue-1...
[2025-11-17 10:31:10] Step 2: Refreshing advanced stats...
[2025-11-17 10:31:12] Advanced stats ingestion complete
[2025-11-17 10:31:12] Step 3: Rebuilding datasets...
[2025-11-17 10:31:12] Building dataset for NFL (seasons: 2021, 2022, 2023, 2024, 2025)...
[2025-11-17 10:31:15] Building dataset for NBA (seasons: 2021, 2022, 2023, 2024, 2025)...
[2025-11-17 10:31:18] Building dataset for CFB (seasons: 2021, 2022, 2023, 2024, 2025)...
[2025-11-17 10:31:21] INFO: Augmenting EPL dataset with historical seasons: 2013, 2014, 2015, 2016, 2022, 2023, 2024, 2025, 2026
[2025-11-17 10:31:21] Building dataset for EPL (seasons: 2013, 2014, 2015, 2016, 2022, 2023, 2024, 2025, 2026)...
[2025-11-17 10:31:27] INFO: Augmenting LALIGA dataset with historical seasons: 2013, 2014, 2015, 2016, 2023, 2024, 2025, 2026
[2025-11-17 10:31:27] Building dataset for LALIGA (seasons: 2013, 2014, 2015, 2016, 2023, 2024, 2025, 2026)...
[2025-11-17 10:31:30] INFO: Augmenting BUNDESLIGA dataset with historical seasons: 2013, 2014, 2015, 2016, 2023, 2024, 2025, 2026
[2025-11-17 10:31:30] Building dataset for BUNDESLIGA (seasons: 2013, 2014, 2015, 2016, 2023, 2024, 2025, 2026)...
[2025-11-17 10:31:33] INFO: Augmenting SERIEA dataset with historical seasons: 2013, 2014, 2015, 2016, 2023, 2024, 2025, 2026
[2025-11-17 10:31:33] Building dataset for SERIEA (seasons: 2013, 2014, 2015, 2016, 2023, 2024, 2025, 2026)...
[2025-11-17 10:31:36] INFO: Augmenting LIGUE1 dataset with historical seasons: 2013, 2014, 2015, 2016, 2023, 2024, 2025, 2026
[2025-11-17 10:31:36] Building dataset for LIGUE1 (seasons: 2013, 2014, 2015, 2016, 2023, 2024, 2025, 2026)...
[2025-11-17 10:31:38] Dataset rebuild complete
[2025-11-17 10:31:38] Step 4: Training models...
[2025-11-17 10:31:38] Training NFL model...
[2025-11-17 10:31:50] Training NBA model...
[2025-11-17 10:31:54] Training CFB model...
[2025-11-17 10:31:58] Training EPL model...
[2025-11-17 10:32:02] Training LALIGA model...
[2025-11-17 10:32:06] Training BUNDESLIGA model...
[2025-11-17 10:32:11] Training SERIEA model...
[2025-11-17 10:32:15] Training LIGUE1 model...
[2025-11-17 10:32:19] Model training complete
[2025-11-17 10:32:19] Step 5: Generating predictions...
[2025-11-17 10:32:19] Forward testing NFL...
[2025-11-17 10:32:26] Updating completed results for NFL...
[2025-11-17 10:32:29] Forward testing NBA...
[2025-11-17 10:32:33] Updating completed results for NBA...
[2025-11-17 10:32:36] Forward testing CFB...
[2025-11-17 10:32:40] Updating completed results for CFB...
[2025-11-17 10:32:43] Forward testing EPL...
[2025-11-17 10:32:47] Updating completed results for EPL...
[2025-11-17 10:32:52] Forward testing LALIGA...
[2025-11-17 10:32:56] Updating completed results for LALIGA...
[2025-11-17 10:33:01] Forward testing BUNDESLIGA...
[2025-11-17 10:33:06] Updating completed results for BUNDESLIGA...
[2025-11-17 10:33:11] Forward testing SERIEA...
[2025-11-17 10:33:15] Updating completed results for SERIEA...
[2025-11-17 10:33:20] Forward testing LIGUE1...
[2025-11-17 10:33:25] Updating completed results for LIGUE1...
[2025-11-17 10:33:27] Prediction generation complete
[2025-11-17 10:33:27] =========================================
[2025-11-17 10:33:27] Hourly pipeline completed
[2025-11-17 10:33:27] =========================================
