[2025-11-10 18:25:26] =========================================
[2025-11-10 18:25:26] Starting hourly pipeline
[2025-11-10 18:25:26] =========================================
[2025-11-10 18:25:26] Step 1: Ingesting odds, injuries, and recent results...
[2025-11-10 18:25:27] Ingestion complete
[2025-11-10 18:25:27] Step 2: Refreshing advanced stats...
[2025-11-10 18:25:29] Advanced stats ingestion complete
[2025-11-10 18:25:29] Step 3: Rebuilding datasets...
[2025-11-10 18:25:29] Building dataset for NFL...
[2025-11-10 18:25:33] Building dataset for NBA...
[2025-11-10 18:25:37] Building dataset for CFB...
[2025-11-10 18:25:41] ERROR: Dataset rebuild step failed: You cannot call a method on a null-valued expression.
[2025-11-10 18:25:41] Step 4: Training models...
[2025-11-10 18:25:41] Training NFL model...
[2025-11-10 18:25:46] Training NBA model...
[2025-11-10 18:25:52] Training CFB model...
[2025-11-10 18:25:57] Model training complete
[2025-11-10 18:25:57] Step 5: Generating predictions...
[2025-11-10 18:25:57] Forward testing NFL...
[2025-11-10 18:26:25] Updating completed results for NFL...
[2025-11-10 18:26:30] Forward testing NBA...
[2025-11-10 18:26:36] Updating completed results for NBA...
[2025-11-10 18:26:41] Forward testing CFB...
[2025-11-10 18:26:48] Updating completed results for CFB...
[2025-11-10 18:26:52] Prediction generation complete
[2025-11-10 18:26:52] =========================================
[2025-11-10 18:26:52] Hourly pipeline completed
[2025-11-10 18:26:52] =========================================
[2025-11-10 18:26:52] Detecting available soccer seasons from data/raw/results...
[2025-11-10 18:26:55] Detected soccer seasons: EPL:	2022,2023,2024,2025,2026 | BUNDESLIGA:	2016,2023,2024,2025,2026 | LIGUE1:	2016,2023,2024,2025,2026 | LALIGA:	2016,2023,2024,2025,2026 | SERIEA:	2016,2023,2024,2025,2026
