[2025-11-10 17:09:13] =========================================
[2025-11-10 17:09:13] Starting hourly pipeline
[2025-11-10 17:09:13] =========================================
[2025-11-10 17:09:13] Step 1: Ingesting odds, injuries, and recent results...
[2025-11-10 17:09:15] Ingestion complete
[2025-11-10 17:09:15] Step 2: Refreshing advanced stats...
[2025-11-10 17:09:17] Advanced stats ingestion complete
[2025-11-10 17:09:17] Step 3: Rebuilding datasets...
[2025-11-10 17:09:17] Building dataset for NFL...
[2025-11-10 17:09:21] Building dataset for NBA...
[2025-11-10 17:09:26] Building dataset for CFB...
[2025-11-10 17:09:30] Building dataset for EPL...
[2025-11-10 17:09:32] Building dataset for LALIGA...
[2025-11-10 17:09:34] WARNING: Dataset build failed for LALIGA
[2025-11-10 17:09:34] Building dataset for BUNDESLIGA...
[2025-11-10 17:09:37] Building dataset for SERIEA...
[2025-11-10 17:09:40] WARNING: Dataset build failed for SERIEA
[2025-11-10 17:09:40] Building dataset for LIGUE1...
[2025-11-10 17:09:42] WARNING: Dataset build failed for LIGUE1
[2025-11-10 17:09:42] Dataset rebuild complete
[2025-11-10 17:09:42] Step 4: Training models...
[2025-11-10 17:09:42] Training NFL model...
[2025-11-10 17:10:07] Training NBA model...
[2025-11-10 17:10:12] Training CFB model...
[2025-11-10 17:10:31] Training EPL model...
[2025-11-10 17:10:34] WARNING: Training failed for EPL
[2025-11-10 17:10:34] Training BUNDESLIGA model...
[2025-11-10 17:10:38] WARNING: Training failed for BUNDESLIGA
[2025-11-10 17:10:38] Model training complete
[2025-11-10 17:10:38] Step 5: Generating predictions...
[2025-11-10 17:10:38] Forward testing NFL...
[2025-11-10 17:11:00] Updating completed results for NFL...
[2025-11-10 17:11:06] Forward testing NBA...
