[2025-11-08 03:16:37] =========================================
[2025-11-08 03:16:37] Starting hourly pipeline
[2025-11-08 03:16:37] =========================================
[2025-11-08 03:16:37] Step 1: Ingesting odds, injuries, and recent results...
[2025-11-08 03:16:39] Ingestion complete
[2025-11-08 03:16:39] Step 2: Refreshing advanced stats...
[2025-11-08 03:16:40] Advanced stats ingestion complete
[2025-11-08 03:16:40] Step 3: Rebuilding datasets...
[2025-11-08 03:16:40] Building dataset for NFL...
[2025-11-08 03:16:43] Building dataset for NBA...
[2025-11-08 03:16:46] Building dataset for CFB...
[2025-11-08 03:16:48] Dataset rebuild complete
[2025-11-08 03:16:48] Step 4: Training models...
[2025-11-08 03:16:48] Training NFL model...
[2025-11-08 03:16:52] Training NBA model...
[2025-11-08 03:16:55] Training CFB model...
[2025-11-08 03:16:59] Model training complete
[2025-11-08 03:16:59] Step 5: Generating predictions...
[2025-11-08 03:16:59] Forward testing NFL...
[2025-11-08 03:17:08] Updating completed results for NFL...
[2025-11-08 03:17:10] Forward testing NBA...
[2025-11-08 03:17:15] Updating completed results for NBA...
[2025-11-08 03:17:18] Forward testing CFB...
[2025-11-08 03:17:23] Updating completed results for CFB...
[2025-11-08 03:17:25] Prediction generation complete
[2025-11-08 03:17:25] =========================================
[2025-11-08 03:17:25] Hourly pipeline completed
[2025-11-08 03:17:25] =========================================
