[2025-11-19 23:51:49] =========================================
[2025-11-19 23:51:49] Starting hourly pipeline
[2025-11-19 23:51:49] =========================================
[2025-11-19 23:51:49] Processing leagues: NFL, NBA, CFB, NCAAB, NHL, EPL, LALIGA, BUNDESLIGA, SERIEA, LIGUE1
[2025-11-19 23:51:49] Detecting available soccer seasons from data/raw/results...
[2025-11-19 23:51:59] Detected soccer seasons: EPL:	2022,2023,2024,2025,2026 | BUNDESLIGA:	2016,2023,2024,2025,2026 | LIGUE1:	2016,2023,2024,2025,2026 | LALIGA:	2016,2023,2024,2025,2026 | SERIEA:	2016,2023,2024,2025,2026
[2025-11-19 23:51:59] Step 1: Ingesting odds, injuries, and recent results...
[2025-11-19 23:52:01] Ingestion complete
[2025-11-19 23:52:01] Step 1b: Fetching The Odds API snapshots...
[2025-11-19 23:52:01] Requesting Odds API snapshot for NFL (moneyline + totals)...
[2025-11-19 23:52:05] Requesting Odds API snapshot for NBA (moneyline + totals)...
[2025-11-19 23:52:08] Requesting Odds API snapshot for CFB (moneyline + totals)...
[2025-11-19 23:52:12] Requesting Odds API snapshot for NCAAB (moneyline + totals)...
[2025-11-19 23:52:16] Requesting Odds API snapshot for NHL (moneyline + totals)...
[2025-11-19 23:52:19] Requesting Odds API snapshot for EPL (moneyline + totals)...
[2025-11-19 23:52:24] Requesting Odds API snapshot for LALIGA (moneyline + totals)...
[2025-11-19 23:52:27] Requesting Odds API snapshot for BUNDESLIGA (moneyline + totals)...
[2025-11-19 23:52:31] Requesting Odds API snapshot for SERIEA (moneyline + totals)...
[2025-11-19 23:52:34] Requesting Odds API snapshot for LIGUE1 (moneyline + totals)...
[2025-11-19 23:52:37] Syncing Understat archives for leagues: EPL,La_liga,Bundesliga,Serie_A,Ligue_1 (seasons: 2021,2022,2023,2024,2025)...
[2025-11-19 23:52:42] Fetching Understat match payloads for leagues: EPL,La_liga,Bundesliga,Serie_A,Ligue_1 (seasons: 2024,2025)...
[2025-11-19 23:52:44] Syncing football-data odds archives for leagues: premier-league,la-liga,bundesliga,serie-a,ligue-1...
[2025-11-19 23:52:48] Updating soccer totals from football-data for leagues: premier-league,la-liga,bundesliga,serie-a,ligue-1...
[2025-11-19 23:53:11] Fetching TeamRankings over/under picks for leagues: NFL,NBA,CFB...
[2025-11-19 23:54:38] Updating TeamRankings picks for leagues: NFL,NBA,CFB...
[2025-11-19 23:54:50] Step 2: Refreshing advanced stats...
[2025-11-19 23:54:52] Advanced stats ingestion complete
[2025-11-19 23:54:52] Step 3: Rebuilding datasets...
[2025-11-19 23:54:52] Building dataset for NFL (seasons: 2021, 2022, 2023, 2024, 2025)...
[2025-11-19 23:54:56] Building dataset for NBA (seasons: 2021, 2022, 2023, 2024, 2025)...
[2025-11-19 23:55:00] Building dataset for CFB (seasons: 2021, 2022, 2023, 2024, 2025)...
[2025-11-19 23:55:03] Building dataset for NCAAB (seasons: 2021, 2022, 2023, 2024, 2025)...
[2025-11-19 23:55:06] Building dataset for NHL (seasons: 2021, 2022, 2023, 2024, 2025)...
[2025-11-19 23:55:08] INFO: Augmenting EPL dataset with historical seasons: 2013, 2014, 2015, 2016, 2022, 2023, 2024, 2025, 2026
[2025-11-19 23:55:08] Building dataset for EPL (seasons: 2013, 2014, 2015, 2016, 2022, 2023, 2024, 2025, 2026)...
[2025-11-19 23:55:14] INFO: Augmenting LALIGA dataset with historical seasons: 2013, 2014, 2015, 2016, 2023, 2024, 2025, 2026
[2025-11-19 23:55:14] Building dataset for LALIGA (seasons: 2013, 2014, 2015, 2016, 2023, 2024, 2025, 2026)...
[2025-11-19 23:55:18] INFO: Augmenting BUNDESLIGA dataset with historical seasons: 2013, 2014, 2015, 2016, 2023, 2024, 2025, 2026
[2025-11-19 23:55:18] Building dataset for BUNDESLIGA (seasons: 2013, 2014, 2015, 2016, 2023, 2024, 2025, 2026)...
[2025-11-19 23:55:21] INFO: Augmenting SERIEA dataset with historical seasons: 2013, 2014, 2015, 2016, 2023, 2024, 2025, 2026
[2025-11-19 23:55:21] Building dataset for SERIEA (seasons: 2013, 2014, 2015, 2016, 2023, 2024, 2025, 2026)...
[2025-11-19 23:55:24] INFO: Augmenting LIGUE1 dataset with historical seasons: 2013, 2014, 2015, 2016, 2023, 2024, 2025, 2026
[2025-11-19 23:55:24] Building dataset for LIGUE1 (seasons: 2013, 2014, 2015, 2016, 2023, 2024, 2025, 2026)...
[2025-11-19 23:55:27] Dataset rebuild complete
[2025-11-19 23:55:27] Step 4: Training models...
[2025-11-19 23:55:27] Training NFL model...
[2025-11-19 23:55:46] Training NBA model...
[2025-11-19 23:55:51] Training CFB model...
[2025-11-19 23:55:56] Training NCAAB model...
[2025-11-19 23:56:01] Training NHL model...
[2025-11-19 23:56:06] Training EPL model...
[2025-11-19 23:56:11] Training LALIGA model...
[2025-11-19 23:56:16] Training BUNDESLIGA model...
[2025-11-19 23:56:24] Training SERIEA model...
[2025-11-19 23:56:29] Training LIGUE1 model...
[2025-11-19 23:56:34] Model training complete
[2025-11-19 23:56:34] Step 5: Generating predictions...
[2025-11-19 23:56:34] Forward testing NFL...
[2025-11-19 23:56:52] Updating completed results for NFL...
[2025-11-19 23:56:57] Forward testing NBA...
[2025-11-19 23:57:06] Updating completed results for NBA...
[2025-11-19 23:57:12] Forward testing CFB...
[2025-11-19 23:57:22] Updating completed results for CFB...
[2025-11-19 23:57:30] Forward testing NCAAB...
[2025-11-19 23:57:39] Updating completed results for NCAAB...
[2025-11-19 23:57:49] Forward testing NHL...
[2025-11-19 23:57:52] WARNING: Forward test failed for NHL
[2025-11-19 23:57:52] Forward testing EPL...
[2025-11-19 23:57:59] Updating completed results for EPL...
[2025-11-19 23:58:05] Forward testing LALIGA...
[2025-11-19 23:58:13] Updating completed results for LALIGA...
[2025-11-19 23:58:18] Forward testing BUNDESLIGA...
[2025-11-19 23:58:26] Updating completed results for BUNDESLIGA...
[2025-11-19 23:58:32] Forward testing SERIEA...
[2025-11-19 23:58:40] Updating completed results for SERIEA...
[2025-11-19 23:58:46] Forward testing LIGUE1...
[2025-11-19 23:58:54] Updating completed results for LIGUE1...
[2025-11-19 23:58:59] Prediction generation complete
[2025-11-19 23:58:59] =========================================
[2025-11-19 23:58:59] Hourly pipeline completed
[2025-11-19 23:58:59] =========================================
