[2025-11-11 21:36:52] =========================================
[2025-11-11 21:36:52] Starting hourly pipeline
[2025-11-11 21:36:52] =========================================
[2025-11-11 21:36:52] Processing leagues: NFL, NBA, CFB, EPL, LALIGA, BUNDESLIGA, SERIEA, LIGUE1
[2025-11-11 21:36:52] Detecting available soccer seasons from data/raw/results...
[2025-11-11 21:36:55] Detected soccer seasons: EPL:	2022,2023,2024,2025,2026 | BUNDESLIGA:	2016,2023,2024,2025,2026 | LIGUE1:	2016,2023,2024,2025,2026 | LALIGA:	2016,2023,2024,2025,2026 | SERIEA:	2016,2023,2024,2025,2026
[2025-11-11 21:36:55] Step 1: Ingesting odds, injuries, and recent results...
[2025-11-11 21:36:58] Ingestion complete
[2025-11-11 21:36:58] Syncing Understat archives for leagues: EPL,La_liga,Bundesliga,Serie_A,Ligue_1 (seasons: 2021,2022,2023,2024,2025)...
[2025-11-11 21:37:01] Fetching Understat match payloads for leagues: EPL,La_liga,Bundesliga,Serie_A,Ligue_1 (seasons: 2024,2025)...
[2025-11-11 21:37:04] Syncing football-data odds archives for leagues: premier-league,la-liga,bundesliga,serie-a,ligue-1...
[2025-11-11 21:37:08] Step 2: Refreshing advanced stats...
[2025-11-11 21:37:10] Advanced stats ingestion complete
[2025-11-11 21:37:10] Step 3: Rebuilding datasets...
[2025-11-11 21:37:10] Building dataset for NFL (seasons: 2021, 2022, 2023, 2024, 2025)...
[2025-11-11 21:37:14] Building dataset for NBA (seasons: 2021, 2022, 2023, 2024, 2025)...
[2025-11-11 21:37:19] Building dataset for CFB (seasons: 2021, 2022, 2023, 2024, 2025)...
[2025-11-11 21:37:22] INFO: Augmenting EPL dataset with historical seasons: 2013, 2014, 2015, 2016, 2022, 2023, 2024, 2025, 2026
[2025-11-11 21:37:22] Building dataset for EPL (seasons: 2013, 2014, 2015, 2016, 2022, 2023, 2024, 2025, 2026)...
[2025-11-11 21:37:28] INFO: Augmenting LALIGA dataset with historical seasons: 2013, 2014, 2015, 2016, 2023, 2024, 2025, 2026
[2025-11-11 21:37:28] Building dataset for LALIGA (seasons: 2013, 2014, 2015, 2016, 2023, 2024, 2025, 2026)...
[2025-11-11 21:37:32] INFO: Augmenting BUNDESLIGA dataset with historical seasons: 2013, 2014, 2015, 2016, 2023, 2024, 2025, 2026
[2025-11-11 21:37:32] Building dataset for BUNDESLIGA (seasons: 2013, 2014, 2015, 2016, 2023, 2024, 2025, 2026)...
[2025-11-11 21:37:36] INFO: Augmenting SERIEA dataset with historical seasons: 2013, 2014, 2015, 2016, 2023, 2024, 2025, 2026
[2025-11-11 21:37:36] Building dataset for SERIEA (seasons: 2013, 2014, 2015, 2016, 2023, 2024, 2025, 2026)...
[2025-11-11 21:37:40] INFO: Augmenting LIGUE1 dataset with historical seasons: 2013, 2014, 2015, 2016, 2023, 2024, 2025, 2026
[2025-11-11 21:37:40] Building dataset for LIGUE1 (seasons: 2013, 2014, 2015, 2016, 2023, 2024, 2025, 2026)...
[2025-11-11 21:37:43] Dataset rebuild complete
[2025-11-11 21:37:43] Step 4: Training models...
[2025-11-11 21:37:43] Training NFL model...
[2025-11-11 21:38:23] Training NBA model...
[2025-11-11 21:39:02] Training CFB model...
[2025-11-11 21:39:07] Training EPL model...
[2025-11-11 21:39:47] Training LALIGA model...
[2025-11-11 21:39:52] Training BUNDESLIGA model...
[2025-11-11 21:40:31] Training SERIEA model...
[2025-11-11 21:40:38] Training LIGUE1 model...
[2025-11-11 21:40:44] Model training complete
[2025-11-11 21:40:44] Step 5: Generating predictions...
[2025-11-11 21:40:44] Forward testing NFL...
[2025-11-11 21:41:31] Updating completed results for NFL...
[2025-11-11 21:41:36] Forward testing NBA...
[2025-11-11 21:42:01] Updating completed results for NBA...
[2025-11-11 21:42:07] Forward testing CFB...
[2025-11-11 21:42:30] Updating completed results for CFB...
[2025-11-11 21:42:38] Forward testing EPL...
[2025-11-11 21:42:45] Updating completed results for EPL...
[2025-11-11 21:42:50] Forward testing LALIGA...
[2025-11-11 21:43:30] Updating completed results for LALIGA...
[2025-11-11 21:43:35] Forward testing BUNDESLIGA...
[2025-11-11 21:43:44] Updating completed results for BUNDESLIGA...
[2025-11-11 21:43:49] Forward testing SERIEA...
[2025-11-11 21:43:56] Updating completed results for SERIEA...
[2025-11-11 21:44:02] Forward testing LIGUE1...
[2025-11-11 21:44:07] Updating completed results for LIGUE1...
[2025-11-11 21:44:12] Prediction generation complete
[2025-11-11 21:44:12] =========================================
[2025-11-11 21:44:12] Hourly pipeline completed
[2025-11-11 21:44:12] =========================================
