[2025-11-10 02:00:02] =========================================
[2025-11-10 02:00:02] Starting hourly pipeline
[2025-11-10 02:00:02] =========================================
[2025-11-10 02:00:02] Step 1: Ingesting odds, injuries, and recent results...
[2025-11-10 02:00:04] Ingestion complete
[2025-11-10 02:00:04] Step 2: Refreshing advanced stats...
[2025-11-10 02:00:06] Advanced stats ingestion complete
[2025-11-10 02:00:06] Step 3: Rebuilding datasets...
[2025-11-10 02:00:06] Building dataset for NFL...
[2025-11-10 02:00:09] Building dataset for NBA...
[2025-11-10 02:00:14] Building dataset for CFB...
[2025-11-10 02:00:17] Building dataset for EPL...
[2025-11-10 02:00:19] Building dataset for LALIGA...
[2025-11-10 02:00:22] WARNING: Dataset build failed for LALIGA
[2025-11-10 02:00:22] Building dataset for BUNDESLIGA...
[2025-11-10 02:00:24] Building dataset for SERIEA...
[2025-11-10 02:00:26] WARNING: Dataset build failed for SERIEA
[2025-11-10 02:00:26] Building dataset for LIGUE1...
[2025-11-10 02:00:28] WARNING: Dataset build failed for LIGUE1
[2025-11-10 02:00:28] Dataset rebuild complete
[2025-11-10 02:00:28] Step 4: Training models...
[2025-11-10 02:00:28] Training NFL model...
[2025-11-10 02:00:34] Training NBA model...
[2025-11-10 02:00:39] Training CFB model...
[2025-11-10 02:00:46] Training EPL model...
[2025-11-10 02:00:49] WARNING: Training failed for EPL
[2025-11-10 02:00:49] Training BUNDESLIGA model...
[2025-11-10 02:00:52] WARNING: Training failed for BUNDESLIGA
[2025-11-10 02:00:52] Model training complete
[2025-11-10 02:00:52] Step 5: Generating predictions...
[2025-11-10 02:00:52] Forward testing NFL...
[2025-11-10 02:01:01] Updating completed results for NFL...
[2025-11-10 02:01:07] Forward testing NBA...
[2025-11-10 02:01:13] Updating completed results for NBA...
[2025-11-10 02:01:18] Forward testing CFB...
[2025-11-10 02:01:25] Updating completed results for CFB...
[2025-11-10 02:01:29] Prediction generation complete
[2025-11-10 02:01:29] =========================================
[2025-11-10 02:01:29] Hourly pipeline completed
[2025-11-10 02:01:29] =========================================
