[2025-11-19 14:00:02] =========================================
[2025-11-19 14:00:02] Starting hourly pipeline
[2025-11-19 14:00:02] =========================================
[2025-11-19 14:00:02] Processing leagues: NFL, NBA, CFB, EPL, LALIGA, BUNDESLIGA, SERIEA, LIGUE1
[2025-11-19 14:00:02] Detecting available soccer seasons from data/raw/results...
[2025-11-19 14:00:04] Detected soccer seasons: EPL:	2022,2023,2024,2025,2026 | BUNDESLIGA:	2016,2023,2024,2025,2026 | LIGUE1:	2016,2023,2024,2025,2026 | LALIGA:	2016,2023,2024,2025,2026 | SERIEA:	2016,2023,2024,2025,2026
[2025-11-19 14:00:04] Step 1: Ingesting odds, injuries, and recent results...
[2025-11-19 14:00:05] Ingestion complete
[2025-11-19 14:00:05] Step 1b: Fetching The Odds API snapshots...
[2025-11-19 14:00:05] Requesting Odds API snapshot for NFL (moneyline + totals)...
[2025-11-19 14:00:09] Requesting Odds API snapshot for NBA (moneyline + totals)...
[2025-11-19 14:00:12] Requesting Odds API snapshot for CFB (moneyline + totals)...
[2025-11-19 14:00:16] Requesting Odds API snapshot for EPL (moneyline + totals)...
[2025-11-19 14:00:20] Requesting Odds API snapshot for LALIGA (moneyline + totals)...
[2025-11-19 14:00:24] Requesting Odds API snapshot for BUNDESLIGA (moneyline + totals)...
[2025-11-19 14:00:27] Requesting Odds API snapshot for SERIEA (moneyline + totals)...
[2025-11-19 14:00:30] Requesting Odds API snapshot for LIGUE1 (moneyline + totals)...
[2025-11-19 14:00:32] Syncing Understat archives for leagues: EPL,La_liga,Bundesliga,Serie_A,Ligue_1 (seasons: 2021,2022,2023,2024,2025)...
[2025-11-19 14:00:35] Fetching Understat match payloads for leagues: EPL,La_liga,Bundesliga,Serie_A,Ligue_1 (seasons: 2024,2025)...
[2025-11-19 14:00:37] Syncing football-data odds archives for leagues: premier-league,la-liga,bundesliga,serie-a,ligue-1...
[2025-11-19 14:00:39] Updating soccer totals from football-data for leagues: premier-league,la-liga,bundesliga,serie-a,ligue-1...
[2025-11-19 14:01:02] Fetching TeamRankings over/under picks for leagues: NFL,NBA,CFB...
