[2025-11-21 15:25:50] =========================================
[2025-11-21 15:25:50] Starting hourly pipeline
[2025-11-21 15:25:50] =========================================
[2025-11-21 15:25:50] Processing leagues: NFL, NBA, CFB, NCAAB, NHL, EPL, LALIGA, BUNDESLIGA, SERIEA, LIGUE1
[2025-11-21 15:25:50] Detecting available soccer seasons from data/raw/results...
[2025-11-21 15:25:53] Detected soccer seasons: EPL:	2022,2023,2024,2025,2026 | BUNDESLIGA:	2016,2023,2024,2025,2026 | LIGUE1:	2016,2023,2024,2025,2026 | LALIGA:	2016,2023,2024,2025,2026 | SERIEA:	2016,2023,2024,2025,2026
[2025-11-21 15:25:53] Step 1: Ingesting odds, injuries, and recent results...
[2025-11-21 15:25:54] Ingestion complete
[2025-11-21 15:25:54] Step 1b: Fetching The Odds API snapshots...
[2025-11-21 15:25:54] Requesting Odds API snapshot for NFL (moneyline + totals)...
[2025-11-21 15:25:57] Requesting Odds API snapshot for NBA (moneyline + totals)...
[2025-11-21 15:26:01] Requesting Odds API snapshot for CFB (moneyline + totals)...
[2025-11-21 15:26:04] Requesting Odds API snapshot for NCAAB (moneyline + totals)...
[2025-11-21 15:26:07] Requesting Odds API snapshot for NHL (moneyline + totals)...
[2025-11-21 15:26:10] Requesting Odds API snapshot for EPL (moneyline + totals)...
[2025-11-21 15:26:13] Requesting Odds API snapshot for LALIGA (moneyline + totals)...
[2025-11-21 15:26:16] Requesting Odds API snapshot for BUNDESLIGA (moneyline + totals)...
[2025-11-21 15:26:19] Requesting Odds API snapshot for SERIEA (moneyline + totals)...
[2025-11-21 15:26:22] Requesting Odds API snapshot for LIGUE1 (moneyline + totals)...
[2025-11-21 15:26:25] Syncing Understat archives for leagues: EPL,La_liga,Bundesliga,Serie_A,Ligue_1 (seasons: 2021,2022,2023,2024,2025)...
[2025-11-21 15:26:28] Fetching Understat match payloads for leagues: EPL,La_liga,Bundesliga,Serie_A,Ligue_1 (seasons: 2024,2025)...
[2025-11-21 15:26:30] Syncing football-data odds archives for leagues: premier-league,la-liga,bundesliga,serie-a,ligue-1...
[2025-11-21 15:26:33] Updating soccer totals from football-data for leagues: premier-league,la-liga,bundesliga,serie-a,ligue-1...
[2025-11-21 15:26:56] Fetching TeamRankings over/under picks for leagues: NFL,NBA,CFB...
[2025-11-21 15:27:42] Updating TeamRankings picks for leagues: NFL,NBA,CFB...
[2025-11-21 15:28:08] Step 2: Refreshing advanced stats...
[2025-11-21 15:28:10] Advanced stats ingestion complete
[2025-11-21 15:28:10] Step 3: Rebuilding datasets...
[2025-11-21 15:28:10] Building dataset for NFL (seasons: 2021, 2022, 2023, 2024, 2025)...
[2025-11-21 15:28:14] Building dataset for NBA (seasons: 2021, 2022, 2023, 2024, 2025)...
[2025-11-21 15:28:23] Building dataset for CFB (seasons: 2021, 2022, 2023, 2024, 2025)...
[2025-11-21 15:28:26] Building dataset for NCAAB (seasons: 2021, 2022, 2023, 2024, 2025)...
[2025-11-21 15:28:28] WARNING: Dataset build failed for NCAAB
[2025-11-21 15:28:28] Building dataset for NHL (seasons: 2021, 2022, 2023, 2024, 2025)...
[2025-11-21 15:28:31] WARNING: Dataset build failed for NHL
[2025-11-21 15:28:31] INFO: Augmenting EPL dataset with historical seasons: 2013, 2014, 2015, 2016, 2022, 2023, 2024, 2025, 2026
[2025-11-21 15:28:31] Building dataset for EPL (seasons: 2013, 2014, 2015, 2016, 2022, 2023, 2024, 2025, 2026)...
[2025-11-21 15:28:36] INFO: Augmenting LALIGA dataset with historical seasons: 2013, 2014, 2015, 2016, 2023, 2024, 2025, 2026
[2025-11-21 15:28:36] Building dataset for LALIGA (seasons: 2013, 2014, 2015, 2016, 2023, 2024, 2025, 2026)...
[2025-11-21 15:28:40] INFO: Augmenting BUNDESLIGA dataset with historical seasons: 2013, 2014, 2015, 2016, 2023, 2024, 2025, 2026
[2025-11-21 15:28:40] Building dataset for BUNDESLIGA (seasons: 2013, 2014, 2015, 2016, 2023, 2024, 2025, 2026)...
[2025-11-21 15:28:43] INFO: Augmenting SERIEA dataset with historical seasons: 2013, 2014, 2015, 2016, 2023, 2024, 2025, 2026
[2025-11-21 15:28:43] Building dataset for SERIEA (seasons: 2013, 2014, 2015, 2016, 2023, 2024, 2025, 2026)...
[2025-11-21 15:28:47] INFO: Augmenting LIGUE1 dataset with historical seasons: 2013, 2014, 2015, 2016, 2023, 2024, 2025, 2026
[2025-11-21 15:28:47] Building dataset for LIGUE1 (seasons: 2013, 2014, 2015, 2016, 2023, 2024, 2025, 2026)...
[2025-11-21 15:28:50] Dataset rebuild complete
[2025-11-21 15:28:50] Step 4: Training models...
[2025-11-21 15:28:50] Training NFL model...
[2025-11-21 15:28:59] Training NBA model...
[2025-11-21 15:29:05] Training CFB model...
[2025-11-21 15:29:10] Training EPL model...
[2025-11-21 15:29:15] Training LALIGA model...
[2025-11-21 15:29:20] Training BUNDESLIGA model...
[2025-11-21 15:29:24] Training SERIEA model...
[2025-11-21 15:29:29] Training LIGUE1 model...
[2025-11-21 15:29:36] Model training complete
[2025-11-21 15:29:36] Step 5: Generating predictions...
[2025-11-21 15:29:36] Forward testing NFL...
[2025-11-21 15:29:51] Updating completed results for NFL...
[2025-11-21 15:29:55] Forward testing NBA...
[2025-11-21 15:30:02] Updating completed results for NBA...
[2025-11-21 15:30:06] Forward testing CFB...
[2025-11-21 15:30:13] Updating completed results for CFB...
[2025-11-21 15:30:17] Forward testing NCAAB...
[2025-11-21 15:30:24] Updating completed results for NCAAB...
[2025-11-21 15:30:29] Forward testing NHL...
[2025-11-21 15:30:32] WARNING: Forward test failed for NHL
[2025-11-21 15:30:32] Forward testing EPL...
[2025-11-21 15:30:39] Updating completed results for EPL...
[2025-11-21 15:30:43] Forward testing LALIGA...
[2025-11-21 15:30:50] Updating completed results for LALIGA...
[2025-11-21 15:30:55] Forward testing BUNDESLIGA...
[2025-11-21 15:31:02] Updating completed results for BUNDESLIGA...
[2025-11-21 15:31:08] Forward testing SERIEA...
[2025-11-21 15:31:13] Updating completed results for SERIEA...
[2025-11-21 15:31:17] Forward testing LIGUE1...
[2025-11-21 15:31:23] Updating completed results for LIGUE1...
[2025-11-21 15:31:29] Prediction generation complete
[2025-11-21 15:31:29] =========================================
[2025-11-21 15:31:29] Hourly pipeline completed
[2025-11-21 15:31:29] =========================================
