[2025-11-16 14:00:01] =========================================
[2025-11-16 14:00:01] Starting hourly pipeline
[2025-11-16 14:00:01] =========================================
[2025-11-16 14:00:01] Processing leagues: NFL, NBA, CFB, EPL, LALIGA, BUNDESLIGA, SERIEA, LIGUE1
[2025-11-16 14:00:01] Detecting available soccer seasons from data/raw/results...
[2025-11-16 14:00:03] Detected soccer seasons: EPL:	2022,2023,2024,2025,2026 | BUNDESLIGA:	2016,2023,2024,2025,2026 | LIGUE1:	2016,2023,2024,2025,2026 | LALIGA:	2016,2023,2024,2025,2026 | SERIEA:	2016,2023,2024,2025,2026
[2025-11-16 14:00:03] Step 1: Ingesting odds, injuries, and recent results...
[2025-11-16 14:00:04] Ingestion complete
[2025-11-16 14:00:04] Syncing Understat archives for leagues: EPL,La_liga,Bundesliga,Serie_A,Ligue_1 (seasons: 2021,2022,2023,2024,2025)...
[2025-11-16 14:00:06] Fetching Understat match payloads for leagues: EPL,La_liga,Bundesliga,Serie_A,Ligue_1 (seasons: 2024,2025)...
[2025-11-16 14:00:07] Syncing football-data odds archives for leagues: premier-league,la-liga,bundesliga,serie-a,ligue-1...
[2025-11-16 14:00:09] Step 2: Refreshing advanced stats...
[2025-11-16 14:00:09] Advanced stats ingestion complete
[2025-11-16 14:00:09] Step 3: Rebuilding datasets...
[2025-11-16 14:00:09] Building dataset for NFL (seasons: 2021, 2022, 2023, 2024, 2025)...
[2025-11-16 14:00:12] Building dataset for NBA (seasons: 2021, 2022, 2023, 2024, 2025)...
[2025-11-16 14:00:15] Building dataset for CFB (seasons: 2021, 2022, 2023, 2024, 2025)...
[2025-11-16 14:00:17] INFO: Augmenting EPL dataset with historical seasons: 2013, 2014, 2015, 2016, 2022, 2023, 2024, 2025, 2026
[2025-11-16 14:00:17] Building dataset for EPL (seasons: 2013, 2014, 2015, 2016, 2022, 2023, 2024, 2025, 2026)...
[2025-11-16 14:00:21] INFO: Augmenting LALIGA dataset with historical seasons: 2013, 2014, 2015, 2016, 2023, 2024, 2025, 2026
[2025-11-16 14:00:21] Building dataset for LALIGA (seasons: 2013, 2014, 2015, 2016, 2023, 2024, 2025, 2026)...
[2025-11-16 14:00:24] INFO: Augmenting BUNDESLIGA dataset with historical seasons: 2013, 2014, 2015, 2016, 2023, 2024, 2025, 2026
[2025-11-16 14:00:24] Building dataset for BUNDESLIGA (seasons: 2013, 2014, 2015, 2016, 2023, 2024, 2025, 2026)...
[2025-11-16 14:00:26] INFO: Augmenting SERIEA dataset with historical seasons: 2013, 2014, 2015, 2016, 2023, 2024, 2025, 2026
[2025-11-16 14:00:26] Building dataset for SERIEA (seasons: 2013, 2014, 2015, 2016, 2023, 2024, 2025, 2026)...
[2025-11-16 14:00:28] INFO: Augmenting LIGUE1 dataset with historical seasons: 2013, 2014, 2015, 2016, 2023, 2024, 2025, 2026
[2025-11-16 14:00:28] Building dataset for LIGUE1 (seasons: 2013, 2014, 2015, 2016, 2023, 2024, 2025, 2026)...
[2025-11-16 14:00:30] Dataset rebuild complete
[2025-11-16 14:00:30] Step 4: Training models...
[2025-11-16 14:00:30] Training NFL model...
[2025-11-16 14:00:34] Training NBA model...
[2025-11-16 14:00:38] Training CFB model...
[2025-11-16 14:00:41] Training EPL model...
[2025-11-16 14:00:45] Training LALIGA model...
[2025-11-16 14:00:48] Training BUNDESLIGA model...
[2025-11-16 14:00:52] Training SERIEA model...
[2025-11-16 14:00:56] Training LIGUE1 model...
[2025-11-16 14:00:59] Model training complete
[2025-11-16 14:00:59] Step 5: Generating predictions...
[2025-11-16 14:00:59] Forward testing NFL...
[2025-11-16 14:01:05] Updating completed results for NFL...
[2025-11-16 14:01:08] Forward testing NBA...
[2025-11-16 14:01:12] Updating completed results for NBA...
[2025-11-16 14:01:15] Forward testing CFB...
[2025-11-16 14:01:19] Updating completed results for CFB...
[2025-11-16 14:01:22] Forward testing EPL...
[2025-11-16 14:01:26] Updating completed results for EPL...
[2025-11-16 14:01:31] Forward testing LALIGA...
[2025-11-16 14:01:35] Updating completed results for LALIGA...
[2025-11-16 14:01:40] Forward testing BUNDESLIGA...
[2025-11-16 14:01:45] Updating completed results for BUNDESLIGA...
[2025-11-16 14:01:50] Forward testing SERIEA...
[2025-11-16 14:01:54] Updating completed results for SERIEA...
[2025-11-16 14:01:59] Forward testing LIGUE1...
[2025-11-16 14:02:02] Updating completed results for LIGUE1...
[2025-11-16 14:02:04] Prediction generation complete
[2025-11-16 14:02:04] =========================================
[2025-11-16 14:02:04] Hourly pipeline completed
[2025-11-16 14:02:04] =========================================
