[2025-11-10 20:32:48] =========================================
[2025-11-10 20:32:48] Starting hourly pipeline
[2025-11-10 20:32:48] =========================================
[2025-11-10 20:32:48] Soccer-only mode enabled. Processing leagues: EPL, LALIGA, BUNDESLIGA, SERIEA, LIGUE1
[2025-11-10 20:32:48] Detecting available soccer seasons from data/raw/results...
[2025-11-10 20:32:51] Detected soccer seasons: EPL:	2022,2023,2024,2025,2026 | BUNDESLIGA:	2016,2023,2024,2025,2026 | LIGUE1:	2016,2023,2024,2025,2026 | LALIGA:	2016,2023,2024,2025,2026 | SERIEA:	2016,2023,2024,2025,2026
[2025-11-10 20:32:51] Step 1: Ingesting odds, injuries, and recent results...
[2025-11-10 20:32:53] Ingestion complete
[2025-11-10 20:32:53] Step 2: Refreshing advanced stats...
[2025-11-10 20:32:54] Advanced stats ingestion complete
[2025-11-10 20:32:54] Step 3: Rebuilding datasets...
[2025-11-10 20:32:54] INFO: Augmenting EPL dataset with historical seasons: 2013, 2014, 2015, 2016, 2022, 2023, 2024, 2025, 2026
[2025-11-10 20:32:54] Building dataset for EPL (seasons: 2013, 2014, 2015, 2016, 2022, 2023, 2024, 2025, 2026)...
[2025-11-10 20:32:57] INFO: Augmenting LALIGA dataset with historical seasons: 2013, 2014, 2015, 2016, 2023, 2024, 2025, 2026
[2025-11-10 20:32:57] Building dataset for LALIGA (seasons: 2013, 2014, 2015, 2016, 2023, 2024, 2025, 2026)...
[2025-11-10 20:32:59] INFO: Augmenting BUNDESLIGA dataset with historical seasons: 2013, 2014, 2015, 2016, 2023, 2024, 2025, 2026
[2025-11-10 20:32:59] Building dataset for BUNDESLIGA (seasons: 2013, 2014, 2015, 2016, 2023, 2024, 2025, 2026)...
[2025-11-10 20:33:02] INFO: Augmenting SERIEA dataset with historical seasons: 2013, 2014, 2015, 2016, 2023, 2024, 2025, 2026
[2025-11-10 20:33:02] Building dataset for SERIEA (seasons: 2013, 2014, 2015, 2016, 2023, 2024, 2025, 2026)...
[2025-11-10 20:33:04] INFO: Augmenting LIGUE1 dataset with historical seasons: 2013, 2014, 2015, 2016, 2023, 2024, 2025, 2026
[2025-11-10 20:33:04] Building dataset for LIGUE1 (seasons: 2013, 2014, 2015, 2016, 2023, 2024, 2025, 2026)...
[2025-11-10 20:33:07] Dataset rebuild complete
[2025-11-10 20:33:07] Step 4: Training models...
[2025-11-10 20:33:07] Training EPL model...
[2025-11-10 20:33:12] WARNING: Training failed for EPL
[2025-11-10 20:33:12] Training LALIGA model...
[2025-11-10 20:33:17] Training BUNDESLIGA model...
[2025-11-10 20:33:22] Training SERIEA model...
[2025-11-10 20:33:27] Training LIGUE1 model...
[2025-11-10 20:33:53] Model training complete
[2025-11-10 20:33:53] Step 5: Generating predictions...
[2025-11-10 20:33:53] Forward testing LALIGA...
[2025-11-10 20:33:59] Updating completed results for LALIGA...
[2025-11-10 20:34:05] Forward testing BUNDESLIGA...
[2025-11-10 20:34:28] Updating completed results for BUNDESLIGA...
[2025-11-10 20:34:33] Forward testing SERIEA...
[2025-11-10 20:34:39] Updating completed results for SERIEA...
[2025-11-10 20:34:44] Forward testing LIGUE1...
[2025-11-10 20:34:52] Updating completed results for LIGUE1...
[2025-11-10 20:34:55] Prediction generation complete
[2025-11-10 20:34:55] =========================================
[2025-11-10 20:34:55] Hourly pipeline completed
[2025-11-10 20:34:55] =========================================
