[2025-11-09 02:00:02] =========================================
[2025-11-09 02:00:02] Starting hourly pipeline
[2025-11-09 02:00:02] =========================================
[2025-11-09 02:00:02] Step 1: Ingesting odds, injuries, and recent results...
[2025-11-09 02:00:06] Ingestion complete
[2025-11-09 02:00:06] Step 1b: Fetching soccer odds via OddsPAPI...
[2025-11-09 02:00:38] WARNING: OddsPAPI ingest exited with code 1
[2025-11-09 02:00:38] Step 2: Refreshing advanced stats...
[2025-11-09 02:00:39] Advanced stats ingestion complete
[2025-11-09 02:00:39] Step 3: Rebuilding datasets...
[2025-11-09 02:00:39] Building dataset for NFL...
[2025-11-09 02:00:43] Building dataset for NBA...
[2025-11-09 02:00:46] Building dataset for CFB...
[2025-11-09 02:00:48] Building dataset for EPL...
[2025-11-09 02:00:50] Building dataset for LALIGA...
[2025-11-09 02:00:52] WARNING: Dataset build failed for LALIGA
[2025-11-09 02:00:52] Building dataset for BUNDESLIGA...
[2025-11-09 02:00:54] Building dataset for SERIEA...
[2025-11-09 02:00:55] WARNING: Dataset build failed for SERIEA
[2025-11-09 02:00:55] Building dataset for LIGUE1...
[2025-11-09 02:00:57] WARNING: Dataset build failed for LIGUE1
[2025-11-09 02:00:57] Dataset rebuild complete
[2025-11-09 02:00:57] Step 4: Training models...
[2025-11-09 02:00:57] Training NFL model...
[2025-11-09 02:01:08] Training NBA model...
[2025-11-09 02:01:12] Training CFB model...
[2025-11-09 02:01:17] Training EPL model...
[2025-11-09 02:01:19] WARNING: Training failed for EPL
[2025-11-09 02:01:19] Training BUNDESLIGA model...
[2025-11-09 02:01:22] WARNING: Training failed for BUNDESLIGA
[2025-11-09 02:01:22] Model training complete
[2025-11-09 02:01:22] Step 5: Generating predictions...
[2025-11-09 02:01:22] Forward testing NFL...
[2025-11-09 02:01:32] Updating completed results for NFL...
[2025-11-09 02:01:34] Forward testing NBA...
[2025-11-09 02:01:39] Updating completed results for NBA...
[2025-11-09 02:01:42] Forward testing CFB...
[2025-11-09 02:01:47] Updating completed results for CFB...
[2025-11-09 02:01:49] Prediction generation complete
[2025-11-09 02:01:49] =========================================
[2025-11-09 02:01:49] Hourly pipeline completed
[2025-11-09 02:01:49] =========================================
