**********************
Windows PowerShell transcript start
Start time: 20251215102516
Username: GAMING-PC\Bobby
RunAs User: GAMING-PC\Bobby
Configuration Name: 
Machine: GAMING-PC (Microsoft Windows NT 10.0.26200.0)
Host Application: C:\WINDOWS\System32\WindowsPowerShell\v1.0\powershell.exe -NoProfile -ExecutionPolicy Bypass -Command Import-Module 'c:\Users\Bobby\.antigravity\extensions\ms-vscode.powershell-2025.4.0-universal\modules\PowerShellEditorServices\PowerShellEditorServices.psd1'; Start-EditorServices -HostName 'Visual Studio Code Host' -HostProfileId 'Microsoft.VSCode' -HostVersion '2025.4.0' -BundledModulesPath 'c:\Users\Bobby\.antigravity\extensions\ms-vscode.powershell-2025.4.0-universal\modules' -EnableConsoleRepl -StartupBanner "PowerShell Extension v2025.4.0
Copyright (c) Microsoft Corporation.

https://aka.ms/vscode-powershell
Type 'help' to get help.
" -LogLevel 'Warning' -LogPath 'c:\Users\Bobby\AppData\Roaming\Antigravity\logs\20251215T100845\window1\exthost\ms-vscode.powershell' -SessionDetailsPath 'c:\Users\Bobby\AppData\Roaming\Antigravity\User\globalStorage\ms-vscode.powershell\sessions\PSES-VSCode-11312-435217.json' -FeatureFlags @() 
Process ID: 1816
PSVersion: 5.1.26100.7462
PSEdition: Desktop
PSCompatibleVersions: 1.0, 2.0, 3.0, 4.0, 5.0, 5.1.26100.7462
BuildVersion: 10.0.26100.7462
CLRVersion: 4.0.30319.42000
WSManStackVersion: 3.0
PSRemotingProtocolVersion: 2.3
SerializationVersion: 1.1.0.1
**********************
Transcript started, output file is logs/pipeline_20251215_102516.log
=== Starting Data Backup ===
Creating backup in backups\2025-12-15_10-25-16...
  Copying data\betting.db -> backups\2025-12-15_10-25-16\betting.db
  Copying data\forward_test\ensemble\predictions_master.parquet -> backups\2025-12-15_10-25-16\predictions_mast
er.parquet
Cleaning up backups older than 7 days...
  Deleting old backup: backups\2025-12-08_22-32-55
Backup completed successfully.
Data backup completed.
=== Starting Data Ingestion ===
=== Starting Data Ingestion ===
Step 1: Smart History Ingestion...
WARNING:__main__:Skipping ingestion for NFL to prevent duplicates (Source: User Request)
WARNING:__main__:Skipping ingestion for NBA to prevent duplicates (Source: User Request)
WARNING:__main__:Skipping ingestion for CFB to prevent duplicates (Source: User Request)
WARNING:__main__:Skipping ingestion for NCAAB to prevent duplicates (Source: User Request)
WARNING:__main__:Skipping ingestion for NHL to prevent duplicates (Source: User Request)
WARNING:__main__:Skipping ingestion for EPL to prevent duplicates (Source: User Request)
WARNING:__main__:Skipping ingestion for LALIGA to prevent duplicates (Source: User Request)
WARNING:__main__:Skipping ingestion for BUNDESLIGA to prevent duplicates (Source: User Request)
WARNING:__main__:Skipping ingestion for SERIEA to prevent duplicates (Source: User Request)
WARNING:__main__:Skipping ingestion for LIGUE1 to prevent duplicates (Source: User Request)
Calculating NBA rolling metrics...
INFO:__main__:Fetching NBA game logs for 2024-25 to calculate rolling metrics
INFO:__main__:Calculated rolling metrics for 2460 games in season 2024-25
INFO:__main__:Fetching NBA game logs for 2025-26 to calculate rolling metrics
INFO:__main__:Calculated rolling metrics for 764 games in season 2025-26
Step 2: Fetching Live Odds...
Fetching odds for NFL...
INFO:src.db.loaders:Stored odds snapshot ca89a19df55949b1846a44ad57c3a929 with 17 events
INFO:__main__:Saved odds snapshot to C:\Users\Bobby\Desktop\sports\data\raw\odds\americanfootball_nfl\odds_2025-12-15T15-25-30Z.json
Fetching odds for NBA...
INFO:src.db.loaders:Stored odds snapshot 406673a0f5294ddda4540be43114bad2 with 6 events
INFO:__main__:Saved odds snapshot to C:\Users\Bobby\Desktop\sports\data\raw\odds\basketball_nba\odds_2025-12-15T15-25-32Z.json
DEBUG: Creating new game NBA_20251216_UTAH_JAZZ_DALLAS_MAVERICKS (Internal ID)
DEBUG: Creating new game NBA_20251216_DENVER_NUGGETS_HOUSTON_ROCKETS (Internal ID)
DEBUG: Creating new game NBA_20251216_LOS_ANGELES_CLIPPERS_MEMPHIS_GRIZZLIES (Internal ID)
Fetching odds for CFB...
INFO:src.db.loaders:Stored odds snapshot ee3d3ea10ba646058c35e53ebc3ea62e with 26 events
INFO:__main__:Saved odds snapshot to C:\Users\Bobby\Desktop\sports\data\raw\odds\americanfootball_ncaaf\odds_2025-12-15T15-25-33Z.json
Fetching odds for NCAAB...
INFO:src.db.loaders:Stored odds snapshot a1a11d309cce47829fe7be6653b8fa5a with 8 events
INFO:__main__:Saved odds snapshot to C:\Users\Bobby\Desktop\sports\data\raw\odds\basketball_ncaab\odds_2025-12-15T15-25-35Z.json
DEBUG: Creating new game NCAAB_20251217_TENNESSEE_VOLUNTEERS_LOUISVILLE_CARDINALS (Internal ID)
Fetching odds for NHL...
INFO:src.db.loaders:Stored odds snapshot efa9c9cd19a74c33a5faadc5985a94d1 with 15 events
INFO:__main__:Saved odds snapshot to C:\Users\Bobby\Desktop\sports\data\raw\odds\icehockey_nhl\odds_2025-12-15T15-25-36Z.json
DEBUG: Creating new game NHL_20251217_COLUMBUS_BLUE_JACKETS_ANAHEIM_DUCKS (Internal ID)
DEBUG: Creating new game NHL_20251217_BOSTON_BRUINS_UTAH_MAMMOTH (Internal ID)
DEBUG: Creating new game NHL_20251217_TORONTO_MAPLE_LEAFS_CHICAGO_BLACKHAWKS (Internal ID)
DEBUG: Creating new game NHL_20251217_DETROIT_RED_WINGS_NEW_YORK_ISLANDERS (Internal ID)
DEBUG: Creating new game NHL_20251217_MONTR╔AL_CANADIENS_PHILADELPHIA_FLYERS (Internal ID)
DEBUG: Creating new game NHL_20251217_NEW_YORK_RANGERS_VANCOUVER_CANUCKS (Internal ID)
DEBUG: Creating new game NHL_20251217_PITTSBURGH_PENGUINS_EDMONTON_OILERS (Internal ID)
DEBUG: Creating new game NHL_20251217_MINNESOTA_WILD_WASHINGTON_CAPITALS (Internal ID)
DEBUG: Creating new game NHL_20251217_SAN_JOSE_SHARKS_CALGARY_FLAMES (Internal ID)
DEBUG: Creating new game NHL_20251217_SEATTLE_KRAKEN_COLORADO_AVALANCHE (Internal ID)
Fetching odds for EPL...
INFO:src.db.loaders:Stored odds snapshot d09b16257dc849e3970a7b3b5e38f8aa with 21 events
INFO:__main__:Saved odds snapshot to C:\Users\Bobby\Desktop\sports\data\raw\odds\soccer_epl\odds_2025-12-15T15-25-38Z.json
Fetching odds for LALIGA...
INFO:src.db.loaders:Stored odds snapshot 6d67718cd5c4476aaa8cb094fc8a6243 with 11 events
INFO:__main__:Saved odds snapshot to C:\Users\Bobby\Desktop\sports\data\raw\odds\soccer_spain_la_liga\odds_2025-12-15T15-25-40Z.json
Fetching odds for BUNDESLIGA...
INFO:src.db.loaders:Stored odds snapshot 082321e502eb4828a338221c4fee220a with 9 events
INFO:__main__:Saved odds snapshot to C:\Users\Bobby\Desktop\sports\data\raw\odds\soccer_germany_bundesliga\odds_2025-12-15T15-25-41Z.json
Fetching odds for SERIEA...
INFO:src.db.loaders:Stored odds snapshot 99dda3eead74401cbe8b09ab4acc8027 with 16 events
INFO:__main__:Saved odds snapshot to C:\Users\Bobby\Desktop\sports\data\raw\odds\soccer_italy_serie_a\odds_2025-12-15T15-25-43Z.json
Fetching odds for LIGUE1...
INFO:src.db.loaders:No odds data to load
INFO:__main__:Saved odds snapshot to C:\Users\Bobby\Desktop\sports\data\raw\odds\soccer_france_ligue_one\odds_2025-12-15T15-25-44Z.json
Step 3: Fetching Live Scores...
INFO:__main__:Fetching scores for NFL...
INFO:__main__:Saved raw scores to C:\Users\Bobby\Desktop\sports\data\raw\scores\NFL\scores_2025-12-15T15-25-53Z.json
INFO:__main__:Updated 14 games for NFL
INFO:__main__:Fetching scores for NBA...
INFO:__main__:Saved raw scores to C:\Users\Bobby\Desktop\sports\data\raw\scores\NBA\scores_2025-12-15T15-25-54Z.json
INFO:__main__:Updated 17 games for NBA
INFO:__main__:Fetching scores for CFB...
INFO:__main__:Saved raw scores to C:\Users\Bobby\Desktop\sports\data\raw\scores\CFB\scores_2025-12-15T15-25-54Z.json
INFO:__main__:Updated 3 games for CFB
INFO:__main__:Fetching scores for NCAAB...
INFO:__main__:Saved raw scores to C:\Users\Bobby\Desktop\sports\data\raw\scores\NCAAB\scores_2025-12-15T15-25-54Z.json
INFO:__main__:Updated 117 games for NCAAB
INFO:__main__:Fetching scores for NHL...
INFO:__main__:Saved raw scores to C:\Users\Bobby\Desktop\sports\data\raw\scores\NHL\scores_2025-12-15T15-25-55Z.json
INFO:__main__:Updated 21 games for NHL
INFO:__main__:Fetching scores for EPL...
INFO:__main__:Saved raw scores to C:\Users\Bobby\Desktop\sports\data\raw\scores\EPL\scores_2025-12-15T15-25-55Z.json
INFO:__main__:Updated 9 games for EPL
INFO:__main__:Fetching scores for LALIGA...
INFO:__main__:Saved raw scores to C:\Users\Bobby\Desktop\sports\data\raw\scores\LALIGA\scores_2025-12-15T15-25-55Z.json
INFO:__main__:Updated 8 games for LALIGA
INFO:__main__:Fetching scores for BUNDESLIGA...
INFO:__main__:Saved raw scores to C:\Users\Bobby\Desktop\sports\data\raw\scores\BUNDESLIGA\scores_2025-12-15T15-25-56Z.json
INFO:__main__:Updated 9 games for BUNDESLIGA
INFO:__main__:Fetching scores for SERIEA...
INFO:__main__:Saved raw scores to C:\Users\Bobby\Desktop\sports\data\raw\scores\SERIEA\scores_2025-12-15T15-25-56Z.json
INFO:__main__:Updated 9 games for SERIEA
INFO:__main__:Fetching scores for LIGUE1...
INFO:__main__:Saved raw scores to C:\Users\Bobby\Desktop\sports\data\raw\scores\LIGUE1\scores_2025-12-15T15-25-56Z.json
INFO:__main__:Updated 9 games for LIGUE1
INFO:__main__:Total games updated: 216
=== Data Ingestion Completed ===
=== Starting Training Pipeline ===
Transcript started, output file is logs/train_pipeline_20251215_102557.log
[2025-12-15 10:25:57] =========================================
[2025-12-15 10:25:57] Starting TRAINING pipeline
[2025-12-15 10:25:57] =========================================
[2025-12-15 10:25:57] Processing leagues: NFL, NBA, CFB, NCAAB, NHL, EPL, LALIGA, BUNDESLIGA, SERIEA, LIGUE1
[2025-12-15 10:25:57] Step 1: Building Datasets...
[2025-12-15 10:25:57] Building dataset for NFL (Seasons: 2015-2025)...
INFO:src.features.dataset.nfl:Loading cached schedules data from C:\Users\Bobby\Desktop\sports\data\raw\results\schedules_2015_2026.parquet
INFO:src.features.dataset.nfl:Loading cached team metrics from C:\Users\Bobby\Desktop\sports\data\processed\intermediate\team_metrics_2015_2026.parquet
INFO:src.features.dataset.nfl:Loading cached injury reports from C:\Users\Bobby\Desktop\sports\data\raw\results\injuries_2015_2026.parquet
INFO:src.features.dataset.nfl:Wrote processed dataset to C:\Users\Bobby\Desktop\sports\data\processed\model_input\moneyline_nfl_2015_2026.parquet
[2025-12-15 10:26:00] Building dataset for NBA (Seasons: 2015-2025)...
INFO:src.features.dataset.nba:Wrote processed dataset to C:\Users\Bobby\Desktop\sports\data\processed\model_input\moneyline_nba_2015_2026.parquet
[2025-12-15 10:26:02] Building dataset for CFB (Seasons: 2015-2025)...
INFO:src.features.dataset.cfb:Wrote processed dataset to C:\Users\Bobby\Desktop\sports\data\processed\model_input\moneyline_cfb_2015_2026.parquet
[2025-12-15 10:26:03] Building dataset for NCAAB (Seasons: 2015-2025)...
INFO:src.features.dataset.ncaab:Wrote processed dataset to C:\Users\Bobby\Desktop\sports\data\processed\model_input\moneyline_ncaab_2015_2026.parquet
[2025-12-15 10:26:05] Building dataset for NHL (Seasons: 2015-2025)...
INFO:src.features.dataset.nhl:Wrote processed dataset to C:\Users\Bobby\Desktop\sports\data\processed\model_input\moneyline_nhl_2015_2026.parquet
[2025-12-15 10:26:06] Building dataset for EPL (Seasons: 2015-2025)...
WARNING:src.features.soccer_features:Unable to align Football-Data odds for EPL
INFO:src.features.dataset.soccer:Wrote processed dataset to C:\Users\Bobby\Desktop\sports\data\processed\model_input\moneyline_epl_2015_2026.parquet
[2025-12-15 10:26:07] Building dataset for LALIGA (Seasons: 2015-2025)...
WARNING:src.features.soccer_features:Unable to align Football-Data odds for LALIGA
WARNING:src.features.soccer_features:Unable to match Understat games to warehouse games for LALIGA
INFO:src.features.dataset.soccer:Wrote processed dataset to C:\Users\Bobby\Desktop\sports\data\processed\model_input\moneyline_laliga_2015_2026.parquet
[2025-12-15 10:26:09] Building dataset for BUNDESLIGA (Seasons: 2015-2025)...
WARNING:src.features.soccer_features:Unable to align Football-Data odds for BUNDESLIGA
INFO:src.features.dataset.soccer:Wrote processed dataset to C:\Users\Bobby\Desktop\sports\data\processed\model_input\moneyline_bundesliga_2015_2026.parquet
[2025-12-15 10:26:10] Building dataset for SERIEA (Seasons: 2015-2025)...
WARNING:src.features.soccer_features:Unable to align Football-Data odds for SERIEA
WARNING:src.features.soccer_features:Unable to match Understat games to warehouse games for SERIEA
INFO:src.features.dataset.soccer:Wrote processed dataset to C:\Users\Bobby\Desktop\sports\data\processed\model_input\moneyline_seriea_2015_2026.parquet
[2025-12-15 10:26:11] Building dataset for LIGUE1 (Seasons: 2015-2025)...
WARNING:src.features.soccer_features:Unable to align Football-Data odds for LIGUE1
WARNING:src.features.soccer_features:Unable to match Understat games to warehouse games for LIGUE1
INFO:src.features.dataset.soccer:Wrote processed dataset to C:\Users\Bobby\Desktop\sports\data\processed\model_input\moneyline_ligue1_2015_2026.parquet
[2025-12-15 10:26:13] Step 2: Training Models...
[2025-12-15 10:26:13] Training NFL ensemble model...
C:\Users\Bobby\AppData\Local\Packages\PythonSoftwareFoundation.Python.3.11_qbz5n2kfra8p0\LocalCache\Local\pypoetry\Cache\virtualenvs\sports-betting-analytics-w0RVEvSZ-py3.11\Lib\site-packages\sklearn\utils\validation.py:2749: UserWarning: X does not have valid feature names, but LGBMClassifier was fitted with feature names
  warnings.warn(
C:\Users\Bobby\AppData\Local\Packages\PythonSoftwareFoundation.Python.3.11_qbz5n2kfra8p0\LocalCache\Local\pypoetry\Cache\virtualenvs\sports-betting-analytics-w0RVEvSZ-py3.11\Lib\site-packages\sklearn\utils\validation.py:2749: UserWarning: X does not have valid feature names, but LGBMClassifier was fitted with feature names
  warnings.warn(
C:\Users\Bobby\AppData\Local\Packages\PythonSoftwareFoundation.Python.3.11_qbz5n2kfra8p0\LocalCache\Local\pypoetry\Cache\virtualenvs\sports-betting-analytics-w0RVEvSZ-py3.11\Lib\site-packages\sklearn\utils\validation.py:2749: UserWarning: X does not have valid feature names, but LGBMClassifier was fitted with feature names
  warnings.warn(
C:\Users\Bobby\AppData\Local\Packages\PythonSoftwareFoundation.Python.3.11_qbz5n2kfra8p0\LocalCache\Local\pypoetry\Cache\virtualenvs\sports-betting-analytics-w0RVEvSZ-py3.11\Lib\site-packages\sklearn\utils\validation.py:2749: UserWarning: X does not have valid feature names, but LGBMClassifier was fitted with feature names
  warnings.warn(
C:\Users\Bobby\AppData\Local\Packages\PythonSoftwareFoundation.Python.3.11_qbz5n2kfra8p0\LocalCache\Local\pypoetry\Cache\virtualenvs\sports-betting-analytics-w0RVEvSZ-py3.11\Lib\site-packages\sklearn\utils\validation.py:2749: UserWarning: X does not have valid feature names, but LGBMClassifier was fitted with feature names
  warnings.warn(
C:\Users\Bobby\AppData\Local\Packages\PythonSoftwareFoundation.Python.3.11_qbz5n2kfra8p0\LocalCache\Local\pypoetry\Cache\virtualenvs\sports-betting-analytics-w0RVEvSZ-py3.11\Lib\site-packages\sklearn\neural_network\_multilayer_perceptron.py:781: ConvergenceWarning: Stochastic Optimizer: Maximum iterations (500) reached and the optimization hasn't converged yet.
  warnings.warn(
C:\Users\Bobby\AppData\Local\Packages\PythonSoftwareFoundation.Python.3.11_qbz5n2kfra8p0\LocalCache\Local\pypoetry\Cache\virtualenvs\sports-betting-analytics-w0RVEvSZ-py3.11\Lib\site-packages\sklearn\neural_network\_multilayer_perceptron.py:781: ConvergenceWarning: Stochastic Optimizer: Maximum iterations (500) reached and the optimization hasn't converged yet.
  warnings.warn(
C:\Users\Bobby\AppData\Local\Packages\PythonSoftwareFoundation.Python.3.11_qbz5n2kfra8p0\LocalCache\Local\pypoetry\Cache\virtualenvs\sports-betting-analytics-w0RVEvSZ-py3.11\Lib\site-packages\sklearn\neural_network\_multilayer_perceptron.py:781: ConvergenceWarning: Stochastic Optimizer: Maximum iterations (500) reached and the optimization hasn't converged yet.
  warnings.warn(
INFO:__main__:Loaded tuned params for NFL random_forest from config\tuned_params\nfl_random_forest.json
INFO:__main__:Ensemble pruning: 6 candidates, 5 kept (threshold=0.050, best_log_loss=0.622)
INFO:src.db.models:Persisted 1575 predictions for model ensemble_calibrated_0c7c28ca
INFO:__main__:Saved model to models\nfl_ensemble_calibrated_moneyline.pkl
INFO:__main__:Metrics written to reports\backtests\nfl_ensemble_calibrated_metrics.json
[2025-12-15 10:26:50] Training NFL random_forest model...
INFO:__main__:Loaded tuned params for NFL random_forest from config\tuned_params\nfl_random_forest.json
INFO:src.db.models:Persisted 1575 predictions for model random_forest_calibrated_14eb170a
INFO:__main__:Saved model to models\nfl_random_forest_calibrated_moneyline.pkl
INFO:__main__:Metrics written to reports\backtests\nfl_random_forest_calibrated_metrics.json
[2025-12-15 10:26:53] Training NFL random_forest totals model...
Totals model saved to models\nfl_totals_random_forest.pkl
Metrics written to reports\backtests\nfl_totals_random_forest_metrics.json
[2025-12-15 10:26:55] Training NFL gradient_boosting model...
INFO:src.db.models:Persisted 1575 predictions for model gradient_boosting_calibrated_d7a8baac
INFO:__main__:Saved model to models\nfl_gradient_boosting_calibrated_moneyline.pkl
INFO:__main__:Metrics written to reports\backtests\nfl_gradient_boosting_calibrated_metrics.json
[2025-12-15 10:26:59] Training NFL gradient_boosting totals model...
Totals model saved to models\nfl_totals_gradient_boosting.pkl
Metrics written to reports\backtests\nfl_totals_gradient_boosting_metrics.json
[2025-12-15 10:27:00] Training NBA ensemble model...
C:\Users\Bobby\AppData\Local\Packages\PythonSoftwareFoundation.Python.3.11_qbz5n2kfra8p0\LocalCache\Local\pypoetry\Cache\virtualenvs\sports-betting-analytics-w0RVEvSZ-py3.11\Lib\site-packages\sklearn\utils\validation.py:2749: UserWarning: X does not have valid feature names, but LGBMClassifier was fitted with feature names
  warnings.warn(
C:\Users\Bobby\AppData\Local\Packages\PythonSoftwareFoundation.Python.3.11_qbz5n2kfra8p0\LocalCache\Local\pypoetry\Cache\virtualenvs\sports-betting-analytics-w0RVEvSZ-py3.11\Lib\site-packages\sklearn\utils\validation.py:2749: UserWarning: X does not have valid feature names, but LGBMClassifier was fitted with feature names
  warnings.warn(
C:\Users\Bobby\AppData\Local\Packages\PythonSoftwareFoundation.Python.3.11_qbz5n2kfra8p0\LocalCache\Local\pypoetry\Cache\virtualenvs\sports-betting-analytics-w0RVEvSZ-py3.11\Lib\site-packages\sklearn\utils\validation.py:2749: UserWarning: X does not have valid feature names, but LGBMClassifier was fitted with feature names
  warnings.warn(
C:\Users\Bobby\AppData\Local\Packages\PythonSoftwareFoundation.Python.3.11_qbz5n2kfra8p0\LocalCache\Local\pypoetry\Cache\virtualenvs\sports-betting-analytics-w0RVEvSZ-py3.11\Lib\site-packages\sklearn\utils\validation.py:2749: UserWarning: X does not have valid feature names, but LGBMClassifier was fitted with feature names
  warnings.warn(
C:\Users\Bobby\AppData\Local\Packages\PythonSoftwareFoundation.Python.3.11_qbz5n2kfra8p0\LocalCache\Local\pypoetry\Cache\virtualenvs\sports-betting-analytics-w0RVEvSZ-py3.11\Lib\site-packages\sklearn\utils\validation.py:2749: UserWarning: X does not have valid feature names, but LGBMClassifier was fitted with feature names
  warnings.warn(
INFO:__main__:Loaded tuned params for NBA random_forest from config\tuned_params\nba_random_forest.json
INFO:__main__:Ensemble pruning: 6 candidates, 6 kept (threshold=0.050, best_log_loss=0.602)
INFO:src.db.models:Persisted 3491 predictions for model ensemble_calibrated_bae8fe86
INFO:__main__:Saved model to models\nba_ensemble_calibrated_moneyline.pkl
INFO:__main__:Metrics written to reports\backtests\nba_ensemble_calibrated_metrics.json
[2025-12-15 10:27:13] Training NBA random_forest model...
INFO:__main__:Loaded tuned params for NBA random_forest from config\tuned_params\nba_random_forest.json
INFO:src.db.models:Persisted 3491 predictions for model random_forest_calibrated_caa9fd36
INFO:__main__:Saved model to models\nba_random_forest_calibrated_moneyline.pkl
INFO:__main__:Metrics written to reports\backtests\nba_random_forest_calibrated_metrics.json
[2025-12-15 10:27:16] Training NBA random_forest totals model...
Totals model saved to models\nba_totals_random_forest.pkl
Metrics written to reports\backtests\nba_totals_random_forest_metrics.json
[2025-12-15 10:27:18] Training NBA gradient_boosting model...
INFO:src.db.models:Persisted 3491 predictions for model gradient_boosting_calibrated_0a90aba6
INFO:__main__:Saved model to models\nba_gradient_boosting_calibrated_moneyline.pkl
INFO:__main__:Metrics written to reports\backtests\nba_gradient_boosting_calibrated_metrics.json
[2025-12-15 10:27:21] Training NBA gradient_boosting totals model...
Totals model saved to models\nba_totals_gradient_boosting.pkl
Metrics written to reports\backtests\nba_totals_gradient_boosting_metrics.json
[2025-12-15 10:27:23] Training CFB ensemble model...
C:\Users\Bobby\AppData\Local\Packages\PythonSoftwareFoundation.Python.3.11_qbz5n2kfra8p0\LocalCache\Local\pypoetry\Cache\virtualenvs\sports-betting-analytics-w0RVEvSZ-py3.11\Lib\site-packages\sklearn\utils\validation.py:2749: UserWarning: X does not have valid feature names, but LGBMClassifier was fitted with feature names
  warnings.warn(
C:\Users\Bobby\AppData\Local\Packages\PythonSoftwareFoundation.Python.3.11_qbz5n2kfra8p0\LocalCache\Local\pypoetry\Cache\virtualenvs\sports-betting-analytics-w0RVEvSZ-py3.11\Lib\site-packages\sklearn\utils\validation.py:2749: UserWarning: X does not have valid feature names, but LGBMClassifier was fitted with feature names
  warnings.warn(
C:\Users\Bobby\AppData\Local\Packages\PythonSoftwareFoundation.Python.3.11_qbz5n2kfra8p0\LocalCache\Local\pypoetry\Cache\virtualenvs\sports-betting-analytics-w0RVEvSZ-py3.11\Lib\site-packages\sklearn\utils\validation.py:2749: UserWarning: X does not have valid feature names, but LGBMClassifier was fitted with feature names
  warnings.warn(
C:\Users\Bobby\AppData\Local\Packages\PythonSoftwareFoundation.Python.3.11_qbz5n2kfra8p0\LocalCache\Local\pypoetry\Cache\virtualenvs\sports-betting-analytics-w0RVEvSZ-py3.11\Lib\site-packages\sklearn\utils\validation.py:2749: UserWarning: X does not have valid feature names, but LGBMClassifier was fitted with feature names
  warnings.warn(
C:\Users\Bobby\AppData\Local\Packages\PythonSoftwareFoundation.Python.3.11_qbz5n2kfra8p0\LocalCache\Local\pypoetry\Cache\virtualenvs\sports-betting-analytics-w0RVEvSZ-py3.11\Lib\site-packages\sklearn\utils\validation.py:2749: UserWarning: X does not have valid feature names, but LGBMClassifier was fitted with feature names
  warnings.warn(
INFO:__main__:Loaded tuned params for CFB random_forest from config\tuned_params\cfb_random_forest.json
INFO:__main__:Ensemble pruning: 6 candidates, 4 kept (threshold=0.050, best_log_loss=0.509)
INFO:src.db.models:Persisted 217 predictions for model ensemble_calibrated_d41048e3
INFO:__main__:Saved model to models\cfb_ensemble_calibrated_moneyline.pkl
INFO:__main__:Metrics written to reports\backtests\cfb_ensemble_calibrated_metrics.json
[2025-12-15 10:27:30] Training CFB random_forest model...
INFO:__main__:Loaded tuned params for CFB random_forest from config\tuned_params\cfb_random_forest.json
INFO:src.db.models:Persisted 217 predictions for model random_forest_calibrated_5a8bbf0d
INFO:__main__:Saved model to models\cfb_random_forest_calibrated_moneyline.pkl
INFO:__main__:Metrics written to reports\backtests\cfb_random_forest_calibrated_metrics.json
[2025-12-15 10:27:34] Training CFB random_forest totals model...
Totals model saved to models\cfb_totals_random_forest.pkl
Metrics written to reports\backtests\cfb_totals_random_forest_metrics.json
[2025-12-15 10:27:35] Training CFB gradient_boosting model...
INFO:src.db.models:Persisted 217 predictions for model gradient_boosting_calibrated_c2dc00ac
INFO:__main__:Saved model to models\cfb_gradient_boosting_calibrated_moneyline.pkl
INFO:__main__:Metrics written to reports\backtests\cfb_gradient_boosting_calibrated_metrics.json
[2025-12-15 10:27:39] Training CFB gradient_boosting totals model...
Totals model saved to models\cfb_totals_gradient_boosting.pkl
Metrics written to reports\backtests\cfb_totals_gradient_boosting_metrics.json
[2025-12-15 10:27:40] Training NCAAB ensemble model...
C:\Users\Bobby\AppData\Local\Packages\PythonSoftwareFoundation.Python.3.11_qbz5n2kfra8p0\LocalCache\Local\pypoetry\Cache\virtualenvs\sports-betting-analytics-w0RVEvSZ-py3.11\Lib\site-packages\sklearn\utils\validation.py:2749: UserWarning: X does not have valid feature names, but LGBMClassifier was fitted with feature names
  warnings.warn(
C:\Users\Bobby\AppData\Local\Packages\PythonSoftwareFoundation.Python.3.11_qbz5n2kfra8p0\LocalCache\Local\pypoetry\Cache\virtualenvs\sports-betting-analytics-w0RVEvSZ-py3.11\Lib\site-packages\sklearn\utils\validation.py:2749: UserWarning: X does not have valid feature names, but LGBMClassifier was fitted with feature names
  warnings.warn(
C:\Users\Bobby\AppData\Local\Packages\PythonSoftwareFoundation.Python.3.11_qbz5n2kfra8p0\LocalCache\Local\pypoetry\Cache\virtualenvs\sports-betting-analytics-w0RVEvSZ-py3.11\Lib\site-packages\sklearn\utils\validation.py:2749: UserWarning: X does not have valid feature names, but LGBMClassifier was fitted with feature names
  warnings.warn(
C:\Users\Bobby\AppData\Local\Packages\PythonSoftwareFoundation.Python.3.11_qbz5n2kfra8p0\LocalCache\Local\pypoetry\Cache\virtualenvs\sports-betting-analytics-w0RVEvSZ-py3.11\Lib\site-packages\sklearn\utils\validation.py:2749: UserWarning: X does not have valid feature names, but LGBMClassifier was fitted with feature names
  warnings.warn(
C:\Users\Bobby\AppData\Local\Packages\PythonSoftwareFoundation.Python.3.11_qbz5n2kfra8p0\LocalCache\Local\pypoetry\Cache\virtualenvs\sports-betting-analytics-w0RVEvSZ-py3.11\Lib\site-packages\sklearn\utils\validation.py:2749: UserWarning: X does not have valid feature names, but LGBMClassifier was fitted with feature names
  warnings.warn(
INFO:__main__:Loaded tuned params for NCAAB random_forest from config\tuned_params\ncaab_random_forest.json
INFO:__main__:Ensemble pruning: 6 candidates, 6 kept (threshold=0.050, best_log_loss=0.640)
INFO:src.db.models:Persisted 42160 predictions for model ensemble_calibrated_5468339e
INFO:__main__:Saved model to models\ncaab_ensemble_calibrated_moneyline.pkl
INFO:__main__:Metrics written to reports\backtests\ncaab_ensemble_calibrated_metrics.json
[2025-12-15 10:29:01] Training NCAAB random_forest model...
INFO:__main__:Loaded tuned params for NCAAB random_forest from config\tuned_params\ncaab_random_forest.json
INFO:src.db.models:Persisted 42160 predictions for model random_forest_calibrated_3d02d5c4
INFO:__main__:Saved model to models\ncaab_random_forest_calibrated_moneyline.pkl
INFO:__main__:Metrics written to reports\backtests\ncaab_random_forest_calibrated_metrics.json
[2025-12-15 10:29:11] Training NCAAB random_forest totals model...
Totals model saved to models\ncaab_totals_random_forest.pkl
Metrics written to reports\backtests\ncaab_totals_random_forest_metrics.json
[2025-12-15 10:29:13] Training NCAAB gradient_boosting model...
INFO:src.db.models:Persisted 42160 predictions for model gradient_boosting_calibrated_c3c3d85c
INFO:__main__:Saved model to models\ncaab_gradient_boosting_calibrated_moneyline.pkl
INFO:__main__:Metrics written to reports\backtests\ncaab_gradient_boosting_calibrated_metrics.json
[2025-12-15 10:29:22] Training NCAAB gradient_boosting totals model...
Totals model saved to models\ncaab_totals_gradient_boosting.pkl
Metrics written to reports\backtests\ncaab_totals_gradient_boosting_metrics.json
[2025-12-15 10:29:23] Training NHL ensemble model...
C:\Users\Bobby\AppData\Local\Packages\PythonSoftwareFoundation.Python.3.11_qbz5n2kfra8p0\LocalCache\Local\pypoetry\Cache\virtualenvs\sports-betting-analytics-w0RVEvSZ-py3.11\Lib\site-packages\sklearn\utils\validation.py:2749: UserWarning: X does not have valid feature names, but LGBMClassifier was fitted with feature names
  warnings.warn(
C:\Users\Bobby\AppData\Local\Packages\PythonSoftwareFoundation.Python.3.11_qbz5n2kfra8p0\LocalCache\Local\pypoetry\Cache\virtualenvs\sports-betting-analytics-w0RVEvSZ-py3.11\Lib\site-packages\sklearn\utils\validation.py:2749: UserWarning: X does not have valid feature names, but LGBMClassifier was fitted with feature names
  warnings.warn(
C:\Users\Bobby\AppData\Local\Packages\PythonSoftwareFoundation.Python.3.11_qbz5n2kfra8p0\LocalCache\Local\pypoetry\Cache\virtualenvs\sports-betting-analytics-w0RVEvSZ-py3.11\Lib\site-packages\sklearn\utils\validation.py:2749: UserWarning: X does not have valid feature names, but LGBMClassifier was fitted with feature names
  warnings.warn(
C:\Users\Bobby\AppData\Local\Packages\PythonSoftwareFoundation.Python.3.11_qbz5n2kfra8p0\LocalCache\Local\pypoetry\Cache\virtualenvs\sports-betting-analytics-w0RVEvSZ-py3.11\Lib\site-packages\sklearn\utils\validation.py:2749: UserWarning: X does not have valid feature names, but LGBMClassifier was fitted with feature names
  warnings.warn(
C:\Users\Bobby\AppData\Local\Packages\PythonSoftwareFoundation.Python.3.11_qbz5n2kfra8p0\LocalCache\Local\pypoetry\Cache\virtualenvs\sports-betting-analytics-w0RVEvSZ-py3.11\Lib\site-packages\sklearn\utils\validation.py:2749: UserWarning: X does not have valid feature names, but LGBMClassifier was fitted with feature names
  warnings.warn(
C:\Users\Bobby\AppData\Local\Packages\PythonSoftwareFoundation.Python.3.11_qbz5n2kfra8p0\LocalCache\Local\pypoetry\Cache\virtualenvs\sports-betting-analytics-w0RVEvSZ-py3.11\Lib\site-packages\sklearn\neural_network\_multilayer_perceptron.py:781: ConvergenceWarning: Stochastic Optimizer: Maximum iterations (500) reached and the optimization hasn't converged yet.
  warnings.warn(
C:\Users\Bobby\AppData\Local\Packages\PythonSoftwareFoundation.Python.3.11_qbz5n2kfra8p0\LocalCache\Local\pypoetry\Cache\virtualenvs\sports-betting-analytics-w0RVEvSZ-py3.11\Lib\site-packages\sklearn\neural_network\_multilayer_perceptron.py:781: ConvergenceWarning: Stochastic Optimizer: Maximum iterations (500) reached and the optimization hasn't converged yet.
  warnings.warn(
C:\Users\Bobby\AppData\Local\Packages\PythonSoftwareFoundation.Python.3.11_qbz5n2kfra8p0\LocalCache\Local\pypoetry\Cache\virtualenvs\sports-betting-analytics-w0RVEvSZ-py3.11\Lib\site-packages\sklearn\neural_network\_multilayer_perceptron.py:781: ConvergenceWarning: Stochastic Optimizer: Maximum iterations (500) reached and the optimization hasn't converged yet.
  warnings.warn(
INFO:__main__:Loaded tuned params for NHL random_forest from config\tuned_params\nhl_random_forest.json
INFO:__main__:Ensemble pruning: 6 candidates, 6 kept (threshold=0.050, best_log_loss=0.665)
INFO:src.db.models:Persisted 83 predictions for model ensemble_calibrated_59bf308b
INFO:__main__:Saved model to models\nhl_ensemble_calibrated_moneyline.pkl
INFO:__main__:Metrics written to reports\backtests\nhl_ensemble_calibrated_metrics.json
[2025-12-15 10:29:30] Training NHL random_forest model...
INFO:__main__:Loaded tuned params for NHL random_forest from config\tuned_params\nhl_random_forest.json
INFO:src.db.models:Persisted 83 predictions for model random_forest_calibrated_77dac00f
INFO:__main__:Saved model to models\nhl_random_forest_calibrated_moneyline.pkl
INFO:__main__:Metrics written to reports\backtests\nhl_random_forest_calibrated_metrics.json
[2025-12-15 10:29:33] Training NHL random_forest totals model...
Totals model saved to models\nhl_totals_random_forest.pkl
Metrics written to reports\backtests\nhl_totals_random_forest_metrics.json
[2025-12-15 10:29:35] Training NHL gradient_boosting model...
INFO:src.db.models:Persisted 83 predictions for model gradient_boosting_calibrated_0c4021cc
INFO:__main__:Saved model to models\nhl_gradient_boosting_calibrated_moneyline.pkl
INFO:__main__:Metrics written to reports\backtests\nhl_gradient_boosting_calibrated_metrics.json
[2025-12-15 10:29:38] Training NHL gradient_boosting totals model...
Totals model saved to models\nhl_totals_gradient_boosting.pkl
Metrics written to reports\backtests\nhl_totals_gradient_boosting_metrics.json
[2025-12-15 10:29:40] Training EPL ensemble model...
C:\Users\Bobby\AppData\Local\Packages\PythonSoftwareFoundation.Python.3.11_qbz5n2kfra8p0\LocalCache\Local\pypoetry\Cache\virtualenvs\sports-betting-analytics-w0RVEvSZ-py3.11\Lib\site-packages\sklearn\utils\validation.py:2749: UserWarning: X does not have valid feature names, but LGBMClassifier was fitted with feature names
  warnings.warn(
C:\Users\Bobby\AppData\Local\Packages\PythonSoftwareFoundation.Python.3.11_qbz5n2kfra8p0\LocalCache\Local\pypoetry\Cache\virtualenvs\sports-betting-analytics-w0RVEvSZ-py3.11\Lib\site-packages\sklearn\utils\validation.py:2749: UserWarning: X does not have valid feature names, but LGBMClassifier was fitted with feature names
  warnings.warn(
C:\Users\Bobby\AppData\Local\Packages\PythonSoftwareFoundation.Python.3.11_qbz5n2kfra8p0\LocalCache\Local\pypoetry\Cache\virtualenvs\sports-betting-analytics-w0RVEvSZ-py3.11\Lib\site-packages\sklearn\utils\validation.py:2749: UserWarning: X does not have valid feature names, but LGBMClassifier was fitted with feature names
  warnings.warn(
C:\Users\Bobby\AppData\Local\Packages\PythonSoftwareFoundation.Python.3.11_qbz5n2kfra8p0\LocalCache\Local\pypoetry\Cache\virtualenvs\sports-betting-analytics-w0RVEvSZ-py3.11\Lib\site-packages\sklearn\utils\validation.py:2749: UserWarning: X does not have valid feature names, but LGBMClassifier was fitted with feature names
  warnings.warn(
C:\Users\Bobby\AppData\Local\Packages\PythonSoftwareFoundation.Python.3.11_qbz5n2kfra8p0\LocalCache\Local\pypoetry\Cache\virtualenvs\sports-betting-analytics-w0RVEvSZ-py3.11\Lib\site-packages\sklearn\utils\validation.py:2749: UserWarning: X does not have valid feature names, but LGBMClassifier was fitted with feature names
  warnings.warn(
INFO:__main__:Loaded tuned params for EPL random_forest from config\tuned_params\epl_random_forest.json
INFO:__main__:Ensemble pruning: 6 candidates, 6 kept (threshold=0.050, best_log_loss=0.605)
INFO:src.db.models:Persisted 1013 predictions for model ensemble_calibrated_c27852b7
INFO:__main__:Saved model to models\epl_ensemble_calibrated_moneyline.pkl
INFO:__main__:Metrics written to reports\backtests\epl_ensemble_calibrated_metrics.json
[2025-12-15 10:29:47] Training EPL random_forest model...
INFO:__main__:Loaded tuned params for EPL random_forest from config\tuned_params\epl_random_forest.json
INFO:src.db.models:Persisted 1013 predictions for model random_forest_calibrated_f3689e47
INFO:__main__:Saved model to models\epl_random_forest_calibrated_moneyline.pkl
INFO:__main__:Metrics written to reports\backtests\epl_random_forest_calibrated_metrics.json
[2025-12-15 10:29:49] Training EPL random_forest totals model...
Totals model saved to models\epl_totals_random_forest.pkl
Metrics written to reports\backtests\epl_totals_random_forest_metrics.json
[2025-12-15 10:29:51] Training EPL gradient_boosting model...
INFO:src.db.models:Persisted 1013 predictions for model gradient_boosting_calibrated_675aed12
INFO:__main__:Saved model to models\epl_gradient_boosting_calibrated_moneyline.pkl
INFO:__main__:Metrics written to reports\backtests\epl_gradient_boosting_calibrated_metrics.json
[2025-12-15 10:29:55] Training EPL gradient_boosting totals model...
Totals model saved to models\epl_totals_gradient_boosting.pkl
Metrics written to reports\backtests\epl_totals_gradient_boosting_metrics.json
[2025-12-15 10:29:56] Training LALIGA ensemble model...
C:\Users\Bobby\AppData\Local\Packages\PythonSoftwareFoundation.Python.3.11_qbz5n2kfra8p0\LocalCache\Local\pypoetry\Cache\virtualenvs\sports-betting-analytics-w0RVEvSZ-py3.11\Lib\site-packages\sklearn\utils\validation.py:2749: UserWarning: X does not have valid feature names, but LGBMClassifier was fitted with feature names
  warnings.warn(
C:\Users\Bobby\AppData\Local\Packages\PythonSoftwareFoundation.Python.3.11_qbz5n2kfra8p0\LocalCache\Local\pypoetry\Cache\virtualenvs\sports-betting-analytics-w0RVEvSZ-py3.11\Lib\site-packages\sklearn\utils\validation.py:2749: UserWarning: X does not have valid feature names, but LGBMClassifier was fitted with feature names
  warnings.warn(
C:\Users\Bobby\AppData\Local\Packages\PythonSoftwareFoundation.Python.3.11_qbz5n2kfra8p0\LocalCache\Local\pypoetry\Cache\virtualenvs\sports-betting-analytics-w0RVEvSZ-py3.11\Lib\site-packages\sklearn\utils\validation.py:2749: UserWarning: X does not have valid feature names, but LGBMClassifier was fitted with feature names
  warnings.warn(
C:\Users\Bobby\AppData\Local\Packages\PythonSoftwareFoundation.Python.3.11_qbz5n2kfra8p0\LocalCache\Local\pypoetry\Cache\virtualenvs\sports-betting-analytics-w0RVEvSZ-py3.11\Lib\site-packages\sklearn\utils\validation.py:2749: UserWarning: X does not have valid feature names, but LGBMClassifier was fitted with feature names
  warnings.warn(
C:\Users\Bobby\AppData\Local\Packages\PythonSoftwareFoundation.Python.3.11_qbz5n2kfra8p0\LocalCache\Local\pypoetry\Cache\virtualenvs\sports-betting-analytics-w0RVEvSZ-py3.11\Lib\site-packages\sklearn\utils\validation.py:2749: UserWarning: X does not have valid feature names, but LGBMClassifier was fitted with feature names
  warnings.warn(
INFO:__main__:Loaded tuned params for LALIGA random_forest from config\tuned_params\laliga_random_forest.json
INFO:__main__:Ensemble pruning: 6 candidates, 6 kept (threshold=0.050, best_log_loss=0.540)
INFO:src.db.models:Persisted 1013 predictions for model ensemble_calibrated_26eeb0f5
INFO:__main__:Saved model to models\laliga_ensemble_calibrated_moneyline.pkl
INFO:__main__:Metrics written to reports\backtests\laliga_ensemble_calibrated_metrics.json
[2025-12-15 10:30:05] Training LALIGA random_forest model...
INFO:__main__:Loaded tuned params for LALIGA random_forest from config\tuned_params\laliga_random_forest.json
INFO:src.db.models:Persisted 1013 predictions for model random_forest_calibrated_5c8b91cb
INFO:__main__:Saved model to models\laliga_random_forest_calibrated_moneyline.pkl
INFO:__main__:Metrics written to reports\backtests\laliga_random_forest_calibrated_metrics.json
[2025-12-15 10:30:08] Training LALIGA random_forest totals model...
Totals model saved to models\laliga_totals_random_forest.pkl
Metrics written to reports\backtests\laliga_totals_random_forest_metrics.json
[2025-12-15 10:30:10] Training LALIGA gradient_boosting model...
INFO:src.db.models:Persisted 1013 predictions for model gradient_boosting_calibrated_8453e386
INFO:__main__:Saved model to models\laliga_gradient_boosting_calibrated_moneyline.pkl
INFO:__main__:Metrics written to reports\backtests\laliga_gradient_boosting_calibrated_metrics.json
[2025-12-15 10:30:13] Training LALIGA gradient_boosting totals model...
Totals model saved to models\laliga_totals_gradient_boosting.pkl
Metrics written to reports\backtests\laliga_totals_gradient_boosting_metrics.json
[2025-12-15 10:30:15] Training BUNDESLIGA ensemble model...
C:\Users\Bobby\AppData\Local\Packages\PythonSoftwareFoundation.Python.3.11_qbz5n2kfra8p0\LocalCache\Local\pypoetry\Cache\virtualenvs\sports-betting-analytics-w0RVEvSZ-py3.11\Lib\site-packages\sklearn\utils\validation.py:2749: UserWarning: X does not have valid feature names, but LGBMClassifier was fitted with feature names
  warnings.warn(
C:\Users\Bobby\AppData\Local\Packages\PythonSoftwareFoundation.Python.3.11_qbz5n2kfra8p0\LocalCache\Local\pypoetry\Cache\virtualenvs\sports-betting-analytics-w0RVEvSZ-py3.11\Lib\site-packages\sklearn\utils\validation.py:2749: UserWarning: X does not have valid feature names, but LGBMClassifier was fitted with feature names
  warnings.warn(
C:\Users\Bobby\AppData\Local\Packages\PythonSoftwareFoundation.Python.3.11_qbz5n2kfra8p0\LocalCache\Local\pypoetry\Cache\virtualenvs\sports-betting-analytics-w0RVEvSZ-py3.11\Lib\site-packages\sklearn\utils\validation.py:2749: UserWarning: X does not have valid feature names, but LGBMClassifier was fitted with feature names
  warnings.warn(
C:\Users\Bobby\AppData\Local\Packages\PythonSoftwareFoundation.Python.3.11_qbz5n2kfra8p0\LocalCache\Local\pypoetry\Cache\virtualenvs\sports-betting-analytics-w0RVEvSZ-py3.11\Lib\site-packages\sklearn\utils\validation.py:2749: UserWarning: X does not have valid feature names, but LGBMClassifier was fitted with feature names
  warnings.warn(
C:\Users\Bobby\AppData\Local\Packages\PythonSoftwareFoundation.Python.3.11_qbz5n2kfra8p0\LocalCache\Local\pypoetry\Cache\virtualenvs\sports-betting-analytics-w0RVEvSZ-py3.11\Lib\site-packages\sklearn\utils\validation.py:2749: UserWarning: X does not have valid feature names, but LGBMClassifier was fitted with feature names
  warnings.warn(
INFO:__main__:Loaded tuned params for BUNDESLIGA random_forest from config\tuned_params\bundesliga_random_forest.json
INFO:__main__:Ensemble pruning: 6 candidates, 6 kept (threshold=0.050, best_log_loss=0.589)
INFO:src.db.models:Persisted 815 predictions for model ensemble_calibrated_46c10cca
INFO:__main__:Saved model to models\bundesliga_ensemble_calibrated_moneyline.pkl
INFO:__main__:Metrics written to reports\backtests\bundesliga_ensemble_calibrated_metrics.json
[2025-12-15 10:30:23] Training BUNDESLIGA random_forest model...
INFO:__main__:Loaded tuned params for BUNDESLIGA random_forest from config\tuned_params\bundesliga_random_forest.json
INFO:src.db.models:Persisted 815 predictions for model random_forest_calibrated_212fb2e9
INFO:__main__:Saved model to models\bundesliga_random_forest_calibrated_moneyline.pkl
INFO:__main__:Metrics written to reports\backtests\bundesliga_random_forest_calibrated_metrics.json
[2025-12-15 10:30:26] Training BUNDESLIGA random_forest totals model...
Totals model saved to models\bundesliga_totals_random_forest.pkl
Metrics written to reports\backtests\bundesliga_totals_random_forest_metrics.json
[2025-12-15 10:30:28] Training BUNDESLIGA gradient_boosting model...
INFO:src.db.models:Persisted 815 predictions for model gradient_boosting_calibrated_9471ee4b
INFO:__main__:Saved model to models\bundesliga_gradient_boosting_calibrated_moneyline.pkl
INFO:__main__:Metrics written to reports\backtests\bundesliga_gradient_boosting_calibrated_metrics.json
[2025-12-15 10:30:31] Training BUNDESLIGA gradient_boosting totals model...
Totals model saved to models\bundesliga_totals_gradient_boosting.pkl
Metrics written to reports\backtests\bundesliga_totals_gradient_boosting_metrics.json
[2025-12-15 10:30:33] Training SERIEA ensemble model...
C:\Users\Bobby\AppData\Local\Packages\PythonSoftwareFoundation.Python.3.11_qbz5n2kfra8p0\LocalCache\Local\pypoetry\Cache\virtualenvs\sports-betting-analytics-w0RVEvSZ-py3.11\Lib\site-packages\sklearn\utils\validation.py:2749: UserWarning: X does not have valid feature names, but LGBMClassifier was fitted with feature names
  warnings.warn(
C:\Users\Bobby\AppData\Local\Packages\PythonSoftwareFoundation.Python.3.11_qbz5n2kfra8p0\LocalCache\Local\pypoetry\Cache\virtualenvs\sports-betting-analytics-w0RVEvSZ-py3.11\Lib\site-packages\sklearn\utils\validation.py:2749: UserWarning: X does not have valid feature names, but LGBMClassifier was fitted with feature names
  warnings.warn(
C:\Users\Bobby\AppData\Local\Packages\PythonSoftwareFoundation.Python.3.11_qbz5n2kfra8p0\LocalCache\Local\pypoetry\Cache\virtualenvs\sports-betting-analytics-w0RVEvSZ-py3.11\Lib\site-packages\sklearn\utils\validation.py:2749: UserWarning: X does not have valid feature names, but LGBMClassifier was fitted with feature names
  warnings.warn(
C:\Users\Bobby\AppData\Local\Packages\PythonSoftwareFoundation.Python.3.11_qbz5n2kfra8p0\LocalCache\Local\pypoetry\Cache\virtualenvs\sports-betting-analytics-w0RVEvSZ-py3.11\Lib\site-packages\sklearn\utils\validation.py:2749: UserWarning: X does not have valid feature names, but LGBMClassifier was fitted with feature names
  warnings.warn(
C:\Users\Bobby\AppData\Local\Packages\PythonSoftwareFoundation.Python.3.11_qbz5n2kfra8p0\LocalCache\Local\pypoetry\Cache\virtualenvs\sports-betting-analytics-w0RVEvSZ-py3.11\Lib\site-packages\sklearn\utils\validation.py:2749: UserWarning: X does not have valid feature names, but LGBMClassifier was fitted with feature names
  warnings.warn(
INFO:__main__:Loaded tuned params for SERIEA random_forest from config\tuned_params\seriea_random_forest.json
INFO:__main__:Ensemble pruning: 6 candidates, 6 kept (threshold=0.050, best_log_loss=0.585)
INFO:src.db.models:Persisted 1003 predictions for model ensemble_calibrated_281dac29
INFO:__main__:Saved model to models\seriea_ensemble_calibrated_moneyline.pkl
INFO:__main__:Metrics written to reports\backtests\seriea_ensemble_calibrated_metrics.json
[2025-12-15 10:30:40] Training SERIEA random_forest model...
INFO:__main__:Loaded tuned params for SERIEA random_forest from config\tuned_params\seriea_random_forest.json
INFO:src.db.models:Persisted 1003 predictions for model random_forest_calibrated_fd90b624
INFO:__main__:Saved model to models\seriea_random_forest_calibrated_moneyline.pkl
INFO:__main__:Metrics written to reports\backtests\seriea_random_forest_calibrated_metrics.json
[2025-12-15 10:30:43] Training SERIEA random_forest totals model...
Totals model saved to models\seriea_totals_random_forest.pkl
Metrics written to reports\backtests\seriea_totals_random_forest_metrics.json
[2025-12-15 10:30:45] Training SERIEA gradient_boosting model...
INFO:src.db.models:Persisted 1003 predictions for model gradient_boosting_calibrated_0223bd92
INFO:__main__:Saved model to models\seriea_gradient_boosting_calibrated_moneyline.pkl
INFO:__main__:Metrics written to reports\backtests\seriea_gradient_boosting_calibrated_metrics.json
[2025-12-15 10:30:48] Training SERIEA gradient_boosting totals model...
Totals model saved to models\seriea_totals_gradient_boosting.pkl
Metrics written to reports\backtests\seriea_totals_gradient_boosting_metrics.json
[2025-12-15 10:30:50] Training LIGUE1 ensemble model...
C:\Users\Bobby\AppData\Local\Packages\PythonSoftwareFoundation.Python.3.11_qbz5n2kfra8p0\LocalCache\Local\pypoetry\Cache\virtualenvs\sports-betting-analytics-w0RVEvSZ-py3.11\Lib\site-packages\sklearn\utils\validation.py:2749: UserWarning: X does not have valid feature names, but LGBMClassifier was fitted with feature names
  warnings.warn(
C:\Users\Bobby\AppData\Local\Packages\PythonSoftwareFoundation.Python.3.11_qbz5n2kfra8p0\LocalCache\Local\pypoetry\Cache\virtualenvs\sports-betting-analytics-w0RVEvSZ-py3.11\Lib\site-packages\sklearn\utils\validation.py:2749: UserWarning: X does not have valid feature names, but LGBMClassifier was fitted with feature names
  warnings.warn(
C:\Users\Bobby\AppData\Local\Packages\PythonSoftwareFoundation.Python.3.11_qbz5n2kfra8p0\LocalCache\Local\pypoetry\Cache\virtualenvs\sports-betting-analytics-w0RVEvSZ-py3.11\Lib\site-packages\sklearn\utils\validation.py:2749: UserWarning: X does not have valid feature names, but LGBMClassifier was fitted with feature names
  warnings.warn(
C:\Users\Bobby\AppData\Local\Packages\PythonSoftwareFoundation.Python.3.11_qbz5n2kfra8p0\LocalCache\Local\pypoetry\Cache\virtualenvs\sports-betting-analytics-w0RVEvSZ-py3.11\Lib\site-packages\sklearn\utils\validation.py:2749: UserWarning: X does not have valid feature names, but LGBMClassifier was fitted with feature names
  warnings.warn(
C:\Users\Bobby\AppData\Local\Packages\PythonSoftwareFoundation.Python.3.11_qbz5n2kfra8p0\LocalCache\Local\pypoetry\Cache\virtualenvs\sports-betting-analytics-w0RVEvSZ-py3.11\Lib\site-packages\sklearn\utils\validation.py:2749: UserWarning: X does not have valid feature names, but LGBMClassifier was fitted with feature names
  warnings.warn(
INFO:__main__:Loaded tuned params for LIGUE1 random_forest from config\tuned_params\ligue1_random_forest.json
INFO:__main__:Ensemble pruning: 6 candidates, 6 kept (threshold=0.050, best_log_loss=0.592)
INFO:src.db.models:Persisted 1012 predictions for model ensemble_calibrated_aa99e760
INFO:__main__:Saved model to models\ligue1_ensemble_calibrated_moneyline.pkl
INFO:__main__:Metrics written to reports\backtests\ligue1_ensemble_calibrated_metrics.json
[2025-12-15 10:30:57] Training LIGUE1 random_forest model...
INFO:__main__:Loaded tuned params for LIGUE1 random_forest from config\tuned_params\ligue1_random_forest.json
INFO:src.db.models:Persisted 1012 predictions for model random_forest_calibrated_f7661d52
INFO:__main__:Saved model to models\ligue1_random_forest_calibrated_moneyline.pkl
INFO:__main__:Metrics written to reports\backtests\ligue1_random_forest_calibrated_metrics.json
[2025-12-15 10:31:00] Training LIGUE1 random_forest totals model...
Totals model saved to models\ligue1_totals_random_forest.pkl
Metrics written to reports\backtests\ligue1_totals_random_forest_metrics.json
[2025-12-15 10:31:01] Training LIGUE1 gradient_boosting model...
INFO:src.db.models:Persisted 1012 predictions for model gradient_boosting_calibrated_52e3cdb6
INFO:__main__:Saved model to models\ligue1_gradient_boosting_calibrated_moneyline.pkl
INFO:__main__:Metrics written to reports\backtests\ligue1_gradient_boosting_calibrated_metrics.json
[2025-12-15 10:31:05] Training LIGUE1 gradient_boosting totals model...
Totals model saved to models\ligue1_totals_gradient_boosting.pkl
Metrics written to reports\backtests\ligue1_totals_gradient_boosting_metrics.json
[2025-12-15 10:31:07] =========================================
[2025-12-15 10:31:07] TRAINING pipeline completed
[2025-12-15 10:31:07] =========================================
Transcript stopped, output file is C:\Users\Bobby\Desktop\sports\logs\train_pipeline_20251215_102557.log
=== Starting Prediction Pipeline ===
[2025-12-15 10:31:07] =========================================
[2025-12-15 10:31:07] Starting PREDICTION pipeline
[2025-12-15 10:31:07] =========================================
[2025-12-15 10:31:07] Processing leagues: NFL, NBA, CFB, NCAAB, NHL, EPL, LALIGA, BUNDESLIGA, SERIEA, LIGUE1
[2025-12-15 10:31:07] Step 0: Creating backups...
[2025-12-15 10:31:07] Backing up database...

[2025-12-15 10:31:08] Backing up prediction files...

[2025-12-15 10:31:09] Step 1: Generating predictions...
[2025-12-15 10:31:09] Generating predictions for NFL with ensemble model...
INFO:__main__:Running predictions for NFL...
INFO:src.predict.engine:Loaded ensemble model for NFL
INFO:src.predict.engine:Loaded gradient_boosting totals model for NFL (ensemble)
INFO:src.predict.engine:prepare_features: Processing 15 games for NFL
WARNING:src.predict.engine:Skipping rolling stats: empty=True, home=PIT, away=MIA
WARNING:src.predict.engine:Skipping rolling stats: empty=True, home=SEA, away=LAR
WARNING:src.predict.engine:Skipping rolling stats: empty=True, home=WAS, away=PHI
WARNING:src.predict.engine:Skipping rolling stats: empty=True, home=CHI, away=GB
WARNING:src.predict.engine:Skipping rolling stats: empty=True, home=CAR, away=TB
WARNING:src.predict.engine:Skipping rolling stats: empty=True, home=CLE, away=BUF
WARNING:src.predict.engine:Skipping rolling stats: empty=True, home=DAL, away=LAC
WARNING:src.predict.engine:Skipping rolling stats: empty=True, home=NO, away=NYJ
WARNING:src.predict.engine:Skipping rolling stats: empty=True, home=NYG, away=MIN
WARNING:src.predict.engine:Skipping rolling stats: empty=True, home=TEN, away=KC
WARNING:src.predict.engine:Skipping rolling stats: empty=True, home=MIA, away=CIN
WARNING:src.predict.engine:Skipping rolling stats: empty=True, home=ARI, away=ATL
WARNING:src.predict.engine:Skipping rolling stats: empty=True, home=DEN, away=JAX
WARNING:src.predict.engine:Skipping rolling stats: empty=True, home=DET, away=PIT
WARNING:src.predict.engine:Skipping rolling stats: empty=True, home=HOU, away=LV
C:\Users\Bobby\AppData\Local\Packages\PythonSoftwareFoundation.Python.3.11_qbz5n2kfra8p0\LocalCache\Local\pypoetry\Cache\virtualenvs\sports-betting-analytics-w0RVEvSZ-py3.11\Lib\site-packages\sklearn\utils\validation.py:2749: UserWarning: X does not have valid feature names, but LGBMClassifier was fitted with feature names
  warnings.warn(
C:\Users\Bobby\Desktop\sports\src\predict\engine.py:375: FutureWarning: Downcasting object dtype arrays on .fillna, .ffill, .bfill is deprecated and will change in a future version. Call result.infer_objects(copy=False) instead. To opt-in to the future behavior, set `pd.set_option('future.no_silent_downcasting', True)`
  totals_X = totals_X.fillna(0.0)
INFO:src.predict.storage:Saved 15 predictions to database for ensemble
[2025-12-15 10:31:12] Generating predictions for NFL with random_forest model...
INFO:__main__:Running predictions for NFL...
INFO:src.predict.engine:Loaded random_forest model for NFL
INFO:src.predict.engine:Loaded random_forest totals model for NFL (random_forest)
INFO:src.predict.engine:prepare_features: Processing 15 games for NFL
WARNING:src.predict.engine:Skipping rolling stats: empty=True, home=PIT, away=MIA
WARNING:src.predict.engine:Skipping rolling stats: empty=True, home=SEA, away=LAR
WARNING:src.predict.engine:Skipping rolling stats: empty=True, home=WAS, away=PHI
WARNING:src.predict.engine:Skipping rolling stats: empty=True, home=CHI, away=GB
WARNING:src.predict.engine:Skipping rolling stats: empty=True, home=CAR, away=TB
WARNING:src.predict.engine:Skipping rolling stats: empty=True, home=CLE, away=BUF
WARNING:src.predict.engine:Skipping rolling stats: empty=True, home=DAL, away=LAC
WARNING:src.predict.engine:Skipping rolling stats: empty=True, home=NO, away=NYJ
WARNING:src.predict.engine:Skipping rolling stats: empty=True, home=NYG, away=MIN
WARNING:src.predict.engine:Skipping rolling stats: empty=True, home=TEN, away=KC
WARNING:src.predict.engine:Skipping rolling stats: empty=True, home=MIA, away=CIN
WARNING:src.predict.engine:Skipping rolling stats: empty=True, home=ARI, away=ATL
WARNING:src.predict.engine:Skipping rolling stats: empty=True, home=DEN, away=JAX
WARNING:src.predict.engine:Skipping rolling stats: empty=True, home=DET, away=PIT
WARNING:src.predict.engine:Skipping rolling stats: empty=True, home=HOU, away=LV
C:\Users\Bobby\Desktop\sports\src\predict\engine.py:375: FutureWarning: Downcasting object dtype arrays on .fillna, .ffill, .bfill is deprecated and will change in a future version. Call result.infer_objects(copy=False) instead. To opt-in to the future behavior, set `pd.set_option('future.no_silent_downcasting', True)`
  totals_X = totals_X.fillna(0.0)
INFO:src.predict.storage:Saved 15 predictions to database for random_forest
[2025-12-15 10:31:14] Generating predictions for NFL with gradient_boosting model...
INFO:__main__:Running predictions for NFL...
INFO:src.predict.engine:Loaded gradient_boosting model for NFL
INFO:src.predict.engine:Loaded gradient_boosting totals model for NFL (gradient_boosting)
INFO:src.predict.engine:prepare_features: Processing 15 games for NFL
WARNING:src.predict.engine:Skipping rolling stats: empty=True, home=PIT, away=MIA
WARNING:src.predict.engine:Skipping rolling stats: empty=True, home=SEA, away=LAR
WARNING:src.predict.engine:Skipping rolling stats: empty=True, home=WAS, away=PHI
WARNING:src.predict.engine:Skipping rolling stats: empty=True, home=CHI, away=GB
WARNING:src.predict.engine:Skipping rolling stats: empty=True, home=CAR, away=TB
WARNING:src.predict.engine:Skipping rolling stats: empty=True, home=CLE, away=BUF
WARNING:src.predict.engine:Skipping rolling stats: empty=True, home=DAL, away=LAC
WARNING:src.predict.engine:Skipping rolling stats: empty=True, home=NO, away=NYJ
WARNING:src.predict.engine:Skipping rolling stats: empty=True, home=NYG, away=MIN
WARNING:src.predict.engine:Skipping rolling stats: empty=True, home=TEN, away=KC
WARNING:src.predict.engine:Skipping rolling stats: empty=True, home=MIA, away=CIN
WARNING:src.predict.engine:Skipping rolling stats: empty=True, home=ARI, away=ATL
WARNING:src.predict.engine:Skipping rolling stats: empty=True, home=DEN, away=JAX
WARNING:src.predict.engine:Skipping rolling stats: empty=True, home=DET, away=PIT
WARNING:src.predict.engine:Skipping rolling stats: empty=True, home=HOU, away=LV
C:\Users\Bobby\Desktop\sports\src\predict\engine.py:375: FutureWarning: Downcasting object dtype arrays on .fillna, .ffill, .bfill is deprecated and will change in a future version. Call result.infer_objects(copy=False) instead. To opt-in to the future behavior, set `pd.set_option('future.no_silent_downcasting', True)`
  totals_X = totals_X.fillna(0.0)
INFO:src.predict.storage:Saved 15 predictions to database for gradient_boosting
[2025-12-15 10:31:17] Generating predictions for NBA with ensemble model...
INFO:__main__:Running predictions for NBA...
INFO:src.predict.engine:Loaded ensemble model for NBA
INFO:src.predict.engine:Loaded gradient_boosting totals model for NBA (ensemble)
INFO:src.predict.engine:prepare_features: Processing 6 games for NBA
C:\Users\Bobby\AppData\Local\Packages\PythonSoftwareFoundation.Python.3.11_qbz5n2kfra8p0\LocalCache\Local\pypoetry\Cache\virtualenvs\sports-betting-analytics-w0RVEvSZ-py3.11\Lib\site-packages\sklearn\utils\validation.py:2749: UserWarning: X does not have valid feature names, but LGBMClassifier was fitted with feature names
  warnings.warn(
C:\Users\Bobby\Desktop\sports\src\predict\engine.py:375: FutureWarning: Downcasting object dtype arrays on .fillna, .ffill, .bfill is deprecated and will change in a future version. Call result.infer_objects(copy=False) instead. To opt-in to the future behavior, set `pd.set_option('future.no_silent_downcasting', True)`
  totals_X = totals_X.fillna(0.0)
INFO:src.predict.storage:Saved 6 predictions to database for ensemble
[2025-12-15 10:31:20] Generating predictions for NBA with random_forest model...
INFO:__main__:Running predictions for NBA...
INFO:src.predict.engine:Loaded random_forest model for NBA
INFO:src.predict.engine:Loaded random_forest totals model for NBA (random_forest)
INFO:src.predict.engine:prepare_features: Processing 6 games for NBA
C:\Users\Bobby\Desktop\sports\src\predict\engine.py:375: FutureWarning: Downcasting object dtype arrays on .fillna, .ffill, .bfill is deprecated and will change in a future version. Call result.infer_objects(copy=False) instead. To opt-in to the future behavior, set `pd.set_option('future.no_silent_downcasting', True)`
  totals_X = totals_X.fillna(0.0)
INFO:src.predict.storage:Saved 6 predictions to database for random_forest
[2025-12-15 10:31:22] Generating predictions for NBA with gradient_boosting model...
INFO:__main__:Running predictions for NBA...
INFO:src.predict.engine:Loaded gradient_boosting model for NBA
INFO:src.predict.engine:Loaded gradient_boosting totals model for NBA (gradient_boosting)
INFO:src.predict.engine:prepare_features: Processing 6 games for NBA
C:\Users\Bobby\Desktop\sports\src\predict\engine.py:375: FutureWarning: Downcasting object dtype arrays on .fillna, .ffill, .bfill is deprecated and will change in a future version. Call result.infer_objects(copy=False) instead. To opt-in to the future behavior, set `pd.set_option('future.no_silent_downcasting', True)`
  totals_X = totals_X.fillna(0.0)
INFO:src.predict.storage:Saved 6 predictions to database for gradient_boosting
[2025-12-15 10:31:25] Generating predictions for CFB with ensemble model...
INFO:__main__:Running predictions for CFB...
INFO:src.predict.engine:Loaded ensemble model for CFB
INFO:src.predict.engine:Loaded gradient_boosting totals model for CFB (ensemble)
INFO:src.predict.engine:prepare_features: Processing 10 games for CFB
WARNING:src.predict.engine:Skipping rolling stats: empty=True, home=JGA, away=TEA
WARNING:src.predict.engine:Skipping rolling stats: empty=True, home=USF, away=ODU
WARNING:src.predict.engine:Skipping rolling stats: empty=True, home=DHE, away=LCA
WARNING:src.predict.engine:Skipping rolling stats: empty=True, home=ARST, away=MBE
WARNING:src.predict.engine:Skipping rolling stats: empty=True, home=WMU, away=KEN
WARNING:src.predict.engine:Skipping rolling stats: empty=True, home=NWO, away=MEM
WARNING:src.predict.engine:Skipping rolling stats: empty=True, home=OU, away=ALA
WARNING:src.predict.engine:Skipping rolling stats: empty=True, home=TAMU, away=MIA
WARNING:src.predict.engine:Skipping rolling stats: empty=True, home=ORE, away=TULN
WARNING:src.predict.engine:Skipping rolling stats: empty=True, home=ORE, away=JMU
C:\Users\Bobby\Desktop\sports\src\predict\engine.py:375: FutureWarning: Downcasting object dtype arrays on .fillna, .ffill, .bfill is deprecated and will change in a future version. Call result.infer_objects(copy=False) instead. To opt-in to the future behavior, set `pd.set_option('future.no_silent_downcasting', True)`
  totals_X = totals_X.fillna(0.0)
INFO:src.predict.storage:Saved 10 predictions to database for ensemble
[2025-12-15 10:31:29] Generating predictions for CFB with random_forest model...
INFO:__main__:Running predictions for CFB...
INFO:src.predict.engine:Loaded random_forest model for CFB
INFO:src.predict.engine:Loaded random_forest totals model for CFB (random_forest)
INFO:src.predict.engine:prepare_features: Processing 10 games for CFB
WARNING:src.predict.engine:Skipping rolling stats: empty=True, home=JGA, away=TEA
WARNING:src.predict.engine:Skipping rolling stats: empty=True, home=USF, away=ODU
WARNING:src.predict.engine:Skipping rolling stats: empty=True, home=DHE, away=LCA
WARNING:src.predict.engine:Skipping rolling stats: empty=True, home=ARST, away=MBE
WARNING:src.predict.engine:Skipping rolling stats: empty=True, home=WMU, away=KEN
WARNING:src.predict.engine:Skipping rolling stats: empty=True, home=NWO, away=MEM
WARNING:src.predict.engine:Skipping rolling stats: empty=True, home=OU, away=ALA
WARNING:src.predict.engine:Skipping rolling stats: empty=True, home=TAMU, away=MIA
WARNING:src.predict.engine:Skipping rolling stats: empty=True, home=ORE, away=TULN
WARNING:src.predict.engine:Skipping rolling stats: empty=True, home=ORE, away=JMU
C:\Users\Bobby\Desktop\sports\src\predict\engine.py:375: FutureWarning: Downcasting object dtype arrays on .fillna, .ffill, .bfill is deprecated and will change in a future version. Call result.infer_objects(copy=False) instead. To opt-in to the future behavior, set `pd.set_option('future.no_silent_downcasting', True)`
  totals_X = totals_X.fillna(0.0)
INFO:src.predict.storage:Saved 10 predictions to database for random_forest
[2025-12-15 10:31:31] Generating predictions for CFB with gradient_boosting model...
INFO:__main__:Running predictions for CFB...
INFO:src.predict.engine:Loaded gradient_boosting model for CFB
INFO:src.predict.engine:Loaded gradient_boosting totals model for CFB (gradient_boosting)
INFO:src.predict.engine:prepare_features: Processing 10 games for CFB
WARNING:src.predict.engine:Skipping rolling stats: empty=True, home=JGA, away=TEA
WARNING:src.predict.engine:Skipping rolling stats: empty=True, home=USF, away=ODU
WARNING:src.predict.engine:Skipping rolling stats: empty=True, home=DHE, away=LCA
WARNING:src.predict.engine:Skipping rolling stats: empty=True, home=ARST, away=MBE
WARNING:src.predict.engine:Skipping rolling stats: empty=True, home=WMU, away=KEN
WARNING:src.predict.engine:Skipping rolling stats: empty=True, home=NWO, away=MEM
WARNING:src.predict.engine:Skipping rolling stats: empty=True, home=OU, away=ALA
WARNING:src.predict.engine:Skipping rolling stats: empty=True, home=TAMU, away=MIA
WARNING:src.predict.engine:Skipping rolling stats: empty=True, home=ORE, away=TULN
WARNING:src.predict.engine:Skipping rolling stats: empty=True, home=ORE, away=JMU
C:\Users\Bobby\Desktop\sports\src\predict\engine.py:375: FutureWarning: Downcasting object dtype arrays on .fillna, .ffill, .bfill is deprecated and will change in a future version. Call result.infer_objects(copy=False) instead. To opt-in to the future behavior, set `pd.set_option('future.no_silent_downcasting', True)`
  totals_X = totals_X.fillna(0.0)
INFO:src.predict.storage:Saved 10 predictions to database for gradient_boosting
[2025-12-15 10:31:34] Generating predictions for NCAAB with ensemble model...
INFO:__main__:Running predictions for NCAAB...
INFO:src.predict.engine:Loaded ensemble model for NCAAB
INFO:src.predict.engine:Loaded gradient_boosting totals model for NCAAB (ensemble)
INFO:src.predict.engine:prepare_features: Processing 8 games for NCAAB
WARNING:src.predict.engine:Skipping rolling stats: empty=True, home=SLI, away=ELI
WARNING:src.predict.engine:Skipping rolling stats: empty=True, home=GBU, away=WTE
WARNING:src.predict.engine:Skipping rolling stats: empty=True, home=VRA, away=NEA
WARNING:src.predict.engine:Skipping rolling stats: empty=True, home=ABU, away=NLI
WARNING:src.predict.engine:Skipping rolling stats: empty=True, home=HHU, away=MCO
WARNING:src.predict.engine:Skipping rolling stats: empty=True, home=TFR, away=ICA
WARNING:src.predict.engine:Skipping rolling stats: empty=True, home=SJA, away=WCO
WARNING:src.predict.engine:Skipping rolling stats: empty=True, home=TVO, away=LCA
C:\Users\Bobby\AppData\Local\Packages\PythonSoftwareFoundation.Python.3.11_qbz5n2kfra8p0\LocalCache\Local\pypoetry\Cache\virtualenvs\sports-betting-analytics-w0RVEvSZ-py3.11\Lib\site-packages\sklearn\utils\validation.py:2749: UserWarning: X does not have valid feature names, but LGBMClassifier was fitted with feature names
  warnings.warn(
C:\Users\Bobby\Desktop\sports\src\predict\engine.py:375: FutureWarning: Downcasting object dtype arrays on .fillna, .ffill, .bfill is deprecated and will change in a future version. Call result.infer_objects(copy=False) instead. To opt-in to the future behavior, set `pd.set_option('future.no_silent_downcasting', True)`
  totals_X = totals_X.fillna(0.0)
INFO:src.predict.storage:Saved 8 predictions to database for ensemble
[2025-12-15 10:31:37] Generating predictions for NCAAB with random_forest model...
INFO:__main__:Running predictions for NCAAB...
INFO:src.predict.engine:Loaded random_forest model for NCAAB
INFO:src.predict.engine:Loaded random_forest totals model for NCAAB (random_forest)
INFO:src.predict.engine:prepare_features: Processing 8 games for NCAAB
WARNING:src.predict.engine:Skipping rolling stats: empty=True, home=SLI, away=ELI
WARNING:src.predict.engine:Skipping rolling stats: empty=True, home=GBU, away=WTE
WARNING:src.predict.engine:Skipping rolling stats: empty=True, home=VRA, away=NEA
WARNING:src.predict.engine:Skipping rolling stats: empty=True, home=ABU, away=NLI
WARNING:src.predict.engine:Skipping rolling stats: empty=True, home=HHU, away=MCO
WARNING:src.predict.engine:Skipping rolling stats: empty=True, home=TFR, away=ICA
WARNING:src.predict.engine:Skipping rolling stats: empty=True, home=SJA, away=WCO
WARNING:src.predict.engine:Skipping rolling stats: empty=True, home=TVO, away=LCA
C:\Users\Bobby\Desktop\sports\src\predict\engine.py:375: FutureWarning: Downcasting object dtype arrays on .fillna, .ffill, .bfill is deprecated and will change in a future version. Call result.infer_objects(copy=False) instead. To opt-in to the future behavior, set `pd.set_option('future.no_silent_downcasting', True)`
  totals_X = totals_X.fillna(0.0)
INFO:src.predict.storage:Saved 8 predictions to database for random_forest
[2025-12-15 10:31:39] Generating predictions for NCAAB with gradient_boosting model...
INFO:__main__:Running predictions for NCAAB...
INFO:src.predict.engine:Loaded gradient_boosting model for NCAAB
INFO:src.predict.engine:Loaded gradient_boosting totals model for NCAAB (gradient_boosting)
INFO:src.predict.engine:prepare_features: Processing 8 games for NCAAB
WARNING:src.predict.engine:Skipping rolling stats: empty=True, home=SLI, away=ELI
WARNING:src.predict.engine:Skipping rolling stats: empty=True, home=GBU, away=WTE
WARNING:src.predict.engine:Skipping rolling stats: empty=True, home=VRA, away=NEA
WARNING:src.predict.engine:Skipping rolling stats: empty=True, home=ABU, away=NLI
WARNING:src.predict.engine:Skipping rolling stats: empty=True, home=HHU, away=MCO
WARNING:src.predict.engine:Skipping rolling stats: empty=True, home=TFR, away=ICA
WARNING:src.predict.engine:Skipping rolling stats: empty=True, home=SJA, away=WCO
WARNING:src.predict.engine:Skipping rolling stats: empty=True, home=TVO, away=LCA
C:\Users\Bobby\Desktop\sports\src\predict\engine.py:375: FutureWarning: Downcasting object dtype arrays on .fillna, .ffill, .bfill is deprecated and will change in a future version. Call result.infer_objects(copy=False) instead. To opt-in to the future behavior, set `pd.set_option('future.no_silent_downcasting', True)`
  totals_X = totals_X.fillna(0.0)
INFO:src.predict.storage:Saved 8 predictions to database for gradient_boosting
[2025-12-15 10:31:42] Generating predictions for NHL with ensemble model...
INFO:__main__:Running predictions for NHL...
INFO:src.predict.engine:Loaded ensemble model for NHL
INFO:src.predict.engine:Loaded gradient_boosting totals model for NHL (ensemble)
INFO:src.predict.engine:prepare_features: Processing 15 games for NHL
WARNING:src.predict.engine:Skipping rolling stats: empty=True, home=NYR, away=ANA
WARNING:src.predict.engine:Skipping rolling stats: empty=True, home=TBL, away=FLA
WARNING:src.predict.engine:Skipping rolling stats: empty=True, home=WPG, away=OTT
WARNING:src.predict.engine:Skipping rolling stats: empty=True, home=DAL, away=LAK
WARNING:src.predict.engine:Skipping rolling stats: empty=True, home=STL, away=NSH
WARNING:src.predict.engine:Skipping rolling stats: empty=True, home=CBJ, away=ANA
WARNING:src.predict.engine:Skipping rolling stats: empty=True, home=BOS, away=UMA
WARNING:src.predict.engine:Skipping rolling stats: empty=True, home=TOR, away=CHI
WARNING:src.predict.engine:Skipping rolling stats: empty=True, home=DET, away=NYI
WARNING:src.predict.engine:Skipping rolling stats: empty=True, home=MCA, away=PHI
WARNING:src.predict.engine:Skipping rolling stats: empty=True, home=NYR, away=VAN
WARNING:src.predict.engine:Skipping rolling stats: empty=True, home=PIT, away=EDM
WARNING:src.predict.engine:Skipping rolling stats: empty=True, home=MIN, away=WSH
WARNING:src.predict.engine:Skipping rolling stats: empty=True, home=SJS, away=CGY
WARNING:src.predict.engine:Skipping rolling stats: empty=True, home=SEA, away=COL
C:\Users\Bobby\AppData\Local\Packages\PythonSoftwareFoundation.Python.3.11_qbz5n2kfra8p0\LocalCache\Local\pypoetry\Cache\virtualenvs\sports-betting-analytics-w0RVEvSZ-py3.11\Lib\site-packages\sklearn\utils\validation.py:2749: UserWarning: X does not have valid feature names, but LGBMClassifier was fitted with feature names
  warnings.warn(
C:\Users\Bobby\Desktop\sports\src\predict\engine.py:375: FutureWarning: Downcasting object dtype arrays on .fillna, .ffill, .bfill is deprecated and will change in a future version. Call result.infer_objects(copy=False) instead. To opt-in to the future behavior, set `pd.set_option('future.no_silent_downcasting', True)`
  totals_X = totals_X.fillna(0.0)
INFO:src.predict.storage:Saved 15 predictions to database for ensemble
[2025-12-15 10:31:45] Generating predictions for NHL with random_forest model...
INFO:__main__:Running predictions for NHL...
INFO:src.predict.engine:Loaded random_forest model for NHL
INFO:src.predict.engine:Loaded random_forest totals model for NHL (random_forest)
INFO:src.predict.engine:prepare_features: Processing 15 games for NHL
WARNING:src.predict.engine:Skipping rolling stats: empty=True, home=NYR, away=ANA
WARNING:src.predict.engine:Skipping rolling stats: empty=True, home=TBL, away=FLA
WARNING:src.predict.engine:Skipping rolling stats: empty=True, home=WPG, away=OTT
WARNING:src.predict.engine:Skipping rolling stats: empty=True, home=DAL, away=LAK
WARNING:src.predict.engine:Skipping rolling stats: empty=True, home=STL, away=NSH
WARNING:src.predict.engine:Skipping rolling stats: empty=True, home=CBJ, away=ANA
WARNING:src.predict.engine:Skipping rolling stats: empty=True, home=BOS, away=UMA
WARNING:src.predict.engine:Skipping rolling stats: empty=True, home=TOR, away=CHI
WARNING:src.predict.engine:Skipping rolling stats: empty=True, home=DET, away=NYI
WARNING:src.predict.engine:Skipping rolling stats: empty=True, home=MCA, away=PHI
WARNING:src.predict.engine:Skipping rolling stats: empty=True, home=NYR, away=VAN
WARNING:src.predict.engine:Skipping rolling stats: empty=True, home=PIT, away=EDM
WARNING:src.predict.engine:Skipping rolling stats: empty=True, home=MIN, away=WSH
WARNING:src.predict.engine:Skipping rolling stats: empty=True, home=SJS, away=CGY
WARNING:src.predict.engine:Skipping rolling stats: empty=True, home=SEA, away=COL
C:\Users\Bobby\Desktop\sports\src\predict\engine.py:375: FutureWarning: Downcasting object dtype arrays on .fillna, .ffill, .bfill is deprecated and will change in a future version. Call result.infer_objects(copy=False) instead. To opt-in to the future behavior, set `pd.set_option('future.no_silent_downcasting', True)`
  totals_X = totals_X.fillna(0.0)
INFO:src.predict.storage:Saved 15 predictions to database for random_forest
[2025-12-15 10:31:47] Generating predictions for NHL with gradient_boosting model...
INFO:__main__:Running predictions for NHL...
INFO:src.predict.engine:Loaded gradient_boosting model for NHL
INFO:src.predict.engine:Loaded gradient_boosting totals model for NHL (gradient_boosting)
INFO:src.predict.engine:prepare_features: Processing 15 games for NHL
WARNING:src.predict.engine:Skipping rolling stats: empty=True, home=NYR, away=ANA
WARNING:src.predict.engine:Skipping rolling stats: empty=True, home=TBL, away=FLA
WARNING:src.predict.engine:Skipping rolling stats: empty=True, home=WPG, away=OTT
WARNING:src.predict.engine:Skipping rolling stats: empty=True, home=DAL, away=LAK
WARNING:src.predict.engine:Skipping rolling stats: empty=True, home=STL, away=NSH
WARNING:src.predict.engine:Skipping rolling stats: empty=True, home=CBJ, away=ANA
WARNING:src.predict.engine:Skipping rolling stats: empty=True, home=BOS, away=UMA
WARNING:src.predict.engine:Skipping rolling stats: empty=True, home=TOR, away=CHI
WARNING:src.predict.engine:Skipping rolling stats: empty=True, home=DET, away=NYI
WARNING:src.predict.engine:Skipping rolling stats: empty=True, home=MCA, away=PHI
WARNING:src.predict.engine:Skipping rolling stats: empty=True, home=NYR, away=VAN
WARNING:src.predict.engine:Skipping rolling stats: empty=True, home=PIT, away=EDM
WARNING:src.predict.engine:Skipping rolling stats: empty=True, home=MIN, away=WSH
WARNING:src.predict.engine:Skipping rolling stats: empty=True, home=SJS, away=CGY
WARNING:src.predict.engine:Skipping rolling stats: empty=True, home=SEA, away=COL
C:\Users\Bobby\Desktop\sports\src\predict\engine.py:375: FutureWarning: Downcasting object dtype arrays on .fillna, .ffill, .bfill is deprecated and will change in a future version. Call result.infer_objects(copy=False) instead. To opt-in to the future behavior, set `pd.set_option('future.no_silent_downcasting', True)`
  totals_X = totals_X.fillna(0.0)
INFO:src.predict.storage:Saved 15 predictions to database for gradient_boosting
[2025-12-15 10:31:50] Generating predictions for EPL with ensemble model...
INFO:__main__:Running predictions for EPL...
INFO:src.predict.engine:Loaded ensemble model for EPL
INFO:src.predict.engine:Loaded gradient_boosting totals model for EPL (ensemble)
INFO:src.predict.engine:prepare_features: Processing 10 games for EPL
WARNING:src.predict.engine:Skipping rolling stats: empty=True, home=MUN, away=BOU
WARNING:src.predict.engine:Skipping rolling stats: empty=True, home=NEW, away=CHE
WARNING:src.predict.engine:Skipping rolling stats: empty=True, home=BAL, away=SUN
WARNING:src.predict.engine:Skipping rolling stats: empty=True, home=MCI, away=WHU
WARNING:src.predict.engine:Skipping rolling stats: empty=True, home=WOL, away=BRENTFORD
WARNING:src.predict.engine:Skipping rolling stats: empty=True, home=BOU, away=BUR
WARNING:src.predict.engine:Skipping rolling stats: empty=True, home=TOT, away=LIV
WARNING:src.predict.engine:Skipping rolling stats: empty=True, home=EVE, away=ARS
WARNING:src.predict.engine:Skipping rolling stats: empty=True, home=LUN, away=CRY
WARNING:src.predict.engine:Skipping rolling stats: empty=True, home=AVL, away=MUN
C:\Users\Bobby\AppData\Local\Packages\PythonSoftwareFoundation.Python.3.11_qbz5n2kfra8p0\LocalCache\Local\pypoetry\Cache\virtualenvs\sports-betting-analytics-w0RVEvSZ-py3.11\Lib\site-packages\sklearn\utils\validation.py:2749: UserWarning: X does not have valid feature names, but LGBMClassifier was fitted with feature names
  warnings.warn(
C:\Users\Bobby\Desktop\sports\src\predict\engine.py:375: FutureWarning: Downcasting object dtype arrays on .fillna, .ffill, .bfill is deprecated and will change in a future version. Call result.infer_objects(copy=False) instead. To opt-in to the future behavior, set `pd.set_option('future.no_silent_downcasting', True)`
  totals_X = totals_X.fillna(0.0)
INFO:src.predict.storage:Saved 10 predictions to database for ensemble
[2025-12-15 10:31:54] Generating predictions for EPL with random_forest model...
INFO:__main__:Running predictions for EPL...
INFO:src.predict.engine:Loaded random_forest model for EPL
INFO:src.predict.engine:Loaded random_forest totals model for EPL (random_forest)
INFO:src.predict.engine:prepare_features: Processing 10 games for EPL
WARNING:src.predict.engine:Skipping rolling stats: empty=True, home=MUN, away=BOU
WARNING:src.predict.engine:Skipping rolling stats: empty=True, home=NEW, away=CHE
WARNING:src.predict.engine:Skipping rolling stats: empty=True, home=BAL, away=SUN
WARNING:src.predict.engine:Skipping rolling stats: empty=True, home=MCI, away=WHU
WARNING:src.predict.engine:Skipping rolling stats: empty=True, home=WOL, away=BRENTFORD
WARNING:src.predict.engine:Skipping rolling stats: empty=True, home=BOU, away=BUR
WARNING:src.predict.engine:Skipping rolling stats: empty=True, home=TOT, away=LIV
WARNING:src.predict.engine:Skipping rolling stats: empty=True, home=EVE, away=ARS
WARNING:src.predict.engine:Skipping rolling stats: empty=True, home=LUN, away=CRY
WARNING:src.predict.engine:Skipping rolling stats: empty=True, home=AVL, away=MUN
C:\Users\Bobby\Desktop\sports\src\predict\engine.py:375: FutureWarning: Downcasting object dtype arrays on .fillna, .ffill, .bfill is deprecated and will change in a future version. Call result.infer_objects(copy=False) instead. To opt-in to the future behavior, set `pd.set_option('future.no_silent_downcasting', True)`
  totals_X = totals_X.fillna(0.0)
INFO:src.predict.storage:Saved 10 predictions to database for random_forest
[2025-12-15 10:31:56] Generating predictions for EPL with gradient_boosting model...
INFO:__main__:Running predictions for EPL...
INFO:src.predict.engine:Loaded gradient_boosting model for EPL
INFO:src.predict.engine:Loaded gradient_boosting totals model for EPL (gradient_boosting)
INFO:src.predict.engine:prepare_features: Processing 10 games for EPL
WARNING:src.predict.engine:Skipping rolling stats: empty=True, home=MUN, away=BOU
WARNING:src.predict.engine:Skipping rolling stats: empty=True, home=NEW, away=CHE
WARNING:src.predict.engine:Skipping rolling stats: empty=True, home=BAL, away=SUN
WARNING:src.predict.engine:Skipping rolling stats: empty=True, home=MCI, away=WHU
WARNING:src.predict.engine:Skipping rolling stats: empty=True, home=WOL, away=BRENTFORD
WARNING:src.predict.engine:Skipping rolling stats: empty=True, home=BOU, away=BUR
WARNING:src.predict.engine:Skipping rolling stats: empty=True, home=TOT, away=LIV
WARNING:src.predict.engine:Skipping rolling stats: empty=True, home=EVE, away=ARS
WARNING:src.predict.engine:Skipping rolling stats: empty=True, home=LUN, away=CRY
WARNING:src.predict.engine:Skipping rolling stats: empty=True, home=AVL, away=MUN
C:\Users\Bobby\Desktop\sports\src\predict\engine.py:375: FutureWarning: Downcasting object dtype arrays on .fillna, .ffill, .bfill is deprecated and will change in a future version. Call result.infer_objects(copy=False) instead. To opt-in to the future behavior, set `pd.set_option('future.no_silent_downcasting', True)`
  totals_X = totals_X.fillna(0.0)
INFO:src.predict.storage:Saved 10 predictions to database for gradient_boosting
[2025-12-15 10:31:59] Generating predictions for LALIGA with ensemble model...
INFO:__main__:Running predictions for LALIGA...
INFO:src.predict.engine:Loaded ensemble model for LALIGA
INFO:src.predict.engine:Loaded gradient_boosting totals model for LALIGA (ensemble)
INFO:src.predict.engine:prepare_features: Processing 10 games for LALIGA
WARNING:src.predict.engine:Skipping rolling stats: empty=True, home=RAY, away=BET
WARNING:src.predict.engine:Skipping rolling stats: empty=True, home=VAL, away=MALLORCA
WARNING:src.predict.engine:Skipping rolling stats: empty=True, home=ROV, away=CVI
WARNING:src.predict.engine:Skipping rolling stats: empty=True, home=LEVANTE, away=RSO
WARNING:src.predict.engine:Skipping rolling stats: empty=True, home=OSA, away=ALAV╔S
WARNING:src.predict.engine:Skipping rolling stats: empty=True, home=RMA, away=SEV
WARNING:src.predict.engine:Skipping rolling stats: empty=True, home=GIRONA, away=ATM
WARNING:src.predict.engine:Skipping rolling stats: empty=True, home=VIL, away=BAR
WARNING:src.predict.engine:Skipping rolling stats: empty=True, home=ELC, away=RAY
WARNING:src.predict.engine:Skipping rolling stats: empty=True, home=BET, away=GETAFE
C:\Users\Bobby\AppData\Local\Packages\PythonSoftwareFoundation.Python.3.11_qbz5n2kfra8p0\LocalCache\Local\pypoetry\Cache\virtualenvs\sports-betting-analytics-w0RVEvSZ-py3.11\Lib\site-packages\sklearn\utils\validation.py:2749: UserWarning: X does not have valid feature names, but LGBMClassifier was fitted with feature names
  warnings.warn(
C:\Users\Bobby\Desktop\sports\src\predict\engine.py:375: FutureWarning: Downcasting object dtype arrays on .fillna, .ffill, .bfill is deprecated and will change in a future version. Call result.infer_objects(copy=False) instead. To opt-in to the future behavior, set `pd.set_option('future.no_silent_downcasting', True)`
  totals_X = totals_X.fillna(0.0)
INFO:src.predict.storage:Saved 10 predictions to database for ensemble
[2025-12-15 10:32:02] Generating predictions for LALIGA with random_forest model...
INFO:__main__:Running predictions for LALIGA...
INFO:src.predict.engine:Loaded random_forest model for LALIGA
INFO:src.predict.engine:Loaded random_forest totals model for LALIGA (random_forest)
INFO:src.predict.engine:prepare_features: Processing 10 games for LALIGA
WARNING:src.predict.engine:Skipping rolling stats: empty=True, home=RAY, away=BET
WARNING:src.predict.engine:Skipping rolling stats: empty=True, home=VAL, away=MALLORCA
WARNING:src.predict.engine:Skipping rolling stats: empty=True, home=ROV, away=CVI
WARNING:src.predict.engine:Skipping rolling stats: empty=True, home=LEVANTE, away=RSO
WARNING:src.predict.engine:Skipping rolling stats: empty=True, home=OSA, away=ALAV╔S
WARNING:src.predict.engine:Skipping rolling stats: empty=True, home=RMA, away=SEV
WARNING:src.predict.engine:Skipping rolling stats: empty=True, home=GIRONA, away=ATM
WARNING:src.predict.engine:Skipping rolling stats: empty=True, home=VIL, away=BAR
WARNING:src.predict.engine:Skipping rolling stats: empty=True, home=ELC, away=RAY
WARNING:src.predict.engine:Skipping rolling stats: empty=True, home=BET, away=GETAFE
C:\Users\Bobby\Desktop\sports\src\predict\engine.py:375: FutureWarning: Downcasting object dtype arrays on .fillna, .ffill, .bfill is deprecated and will change in a future version. Call result.infer_objects(copy=False) instead. To opt-in to the future behavior, set `pd.set_option('future.no_silent_downcasting', True)`
  totals_X = totals_X.fillna(0.0)
INFO:src.predict.storage:Saved 10 predictions to database for random_forest
[2025-12-15 10:32:04] Generating predictions for LALIGA with gradient_boosting model...
INFO:__main__:Running predictions for LALIGA...
INFO:src.predict.engine:Loaded gradient_boosting model for LALIGA
INFO:src.predict.engine:Loaded gradient_boosting totals model for LALIGA (gradient_boosting)
INFO:src.predict.engine:prepare_features: Processing 10 games for LALIGA
WARNING:src.predict.engine:Skipping rolling stats: empty=True, home=RAY, away=BET
WARNING:src.predict.engine:Skipping rolling stats: empty=True, home=VAL, away=MALLORCA
WARNING:src.predict.engine:Skipping rolling stats: empty=True, home=ROV, away=CVI
WARNING:src.predict.engine:Skipping rolling stats: empty=True, home=LEVANTE, away=RSO
WARNING:src.predict.engine:Skipping rolling stats: empty=True, home=OSA, away=ALAV╔S
WARNING:src.predict.engine:Skipping rolling stats: empty=True, home=RMA, away=SEV
WARNING:src.predict.engine:Skipping rolling stats: empty=True, home=GIRONA, away=ATM
WARNING:src.predict.engine:Skipping rolling stats: empty=True, home=VIL, away=BAR
WARNING:src.predict.engine:Skipping rolling stats: empty=True, home=ELC, away=RAY
WARNING:src.predict.engine:Skipping rolling stats: empty=True, home=BET, away=GETAFE
C:\Users\Bobby\Desktop\sports\src\predict\engine.py:375: FutureWarning: Downcasting object dtype arrays on .fillna, .ffill, .bfill is deprecated and will change in a future version. Call result.infer_objects(copy=False) instead. To opt-in to the future behavior, set `pd.set_option('future.no_silent_downcasting', True)`
  totals_X = totals_X.fillna(0.0)
INFO:src.predict.storage:Saved 10 predictions to database for gradient_boosting
[2025-12-15 10:32:07] Generating predictions for BUNDESLIGA with ensemble model...
INFO:__main__:Running predictions for BUNDESLIGA...
INFO:src.predict.engine:Loaded ensemble model for BUNDESLIGA
INFO:src.predict.engine:Loaded gradient_boosting totals model for BUNDESLIGA (ensemble)
INFO:src.predict.engine:prepare_features: Processing 9 games for BUNDESLIGA
WARNING:src.predict.engine:Skipping rolling stats: empty=True, home=DOR, away=MGL
WARNING:src.predict.engine:Skipping rolling stats: empty=True, home=STU, away=THO
WARNING:src.predict.engine:Skipping rolling stats: empty=True, home=WOL, away=FRE
WARNING:src.predict.engine:Skipping rolling stats: empty=True, home=KOL, away=1BE
WARNING:src.predict.engine:Skipping rolling stats: empty=True, home=AUGSBURG, away=WER
WARNING:src.predict.engine:Skipping rolling stats: empty=True, home=HAM, away=FRA
WARNING:src.predict.engine:Skipping rolling stats: empty=True, home=RLE, away=LEV
WARNING:src.predict.engine:Skipping rolling stats: empty=True, home=MAI, away=STP
WARNING:src.predict.engine:Skipping rolling stats: empty=True, home=118, away=BMU
C:\Users\Bobby\AppData\Local\Packages\PythonSoftwareFoundation.Python.3.11_qbz5n2kfra8p0\LocalCache\Local\pypoetry\Cache\virtualenvs\sports-betting-analytics-w0RVEvSZ-py3.11\Lib\site-packages\sklearn\utils\validation.py:2749: UserWarning: X does not have valid feature names, but LGBMClassifier was fitted with feature names
  warnings.warn(
C:\Users\Bobby\Desktop\sports\src\predict\engine.py:375: FutureWarning: Downcasting object dtype arrays on .fillna, .ffill, .bfill is deprecated and will change in a future version. Call result.infer_objects(copy=False) instead. To opt-in to the future behavior, set `pd.set_option('future.no_silent_downcasting', True)`
  totals_X = totals_X.fillna(0.0)
INFO:src.predict.storage:Saved 9 predictions to database for ensemble
[2025-12-15 10:32:10] Generating predictions for BUNDESLIGA with random_forest model...
INFO:__main__:Running predictions for BUNDESLIGA...
INFO:src.predict.engine:Loaded random_forest model for BUNDESLIGA
INFO:src.predict.engine:Loaded random_forest totals model for BUNDESLIGA (random_forest)
INFO:src.predict.engine:prepare_features: Processing 9 games for BUNDESLIGA
WARNING:src.predict.engine:Skipping rolling stats: empty=True, home=DOR, away=MGL
WARNING:src.predict.engine:Skipping rolling stats: empty=True, home=STU, away=THO
WARNING:src.predict.engine:Skipping rolling stats: empty=True, home=WOL, away=FRE
WARNING:src.predict.engine:Skipping rolling stats: empty=True, home=KOL, away=1BE
WARNING:src.predict.engine:Skipping rolling stats: empty=True, home=AUGSBURG, away=WER
WARNING:src.predict.engine:Skipping rolling stats: empty=True, home=HAM, away=FRA
WARNING:src.predict.engine:Skipping rolling stats: empty=True, home=RLE, away=LEV
WARNING:src.predict.engine:Skipping rolling stats: empty=True, home=MAI, away=STP
WARNING:src.predict.engine:Skipping rolling stats: empty=True, home=118, away=BMU
C:\Users\Bobby\Desktop\sports\src\predict\engine.py:375: FutureWarning: Downcasting object dtype arrays on .fillna, .ffill, .bfill is deprecated and will change in a future version. Call result.infer_objects(copy=False) instead. To opt-in to the future behavior, set `pd.set_option('future.no_silent_downcasting', True)`
  totals_X = totals_X.fillna(0.0)
INFO:src.predict.storage:Saved 9 predictions to database for random_forest
[2025-12-15 10:32:12] Generating predictions for BUNDESLIGA with gradient_boosting model...
INFO:__main__:Running predictions for BUNDESLIGA...
INFO:src.predict.engine:Loaded gradient_boosting model for BUNDESLIGA
INFO:src.predict.engine:Loaded gradient_boosting totals model for BUNDESLIGA (gradient_boosting)
INFO:src.predict.engine:prepare_features: Processing 9 games for BUNDESLIGA
WARNING:src.predict.engine:Skipping rolling stats: empty=True, home=DOR, away=MGL
WARNING:src.predict.engine:Skipping rolling stats: empty=True, home=STU, away=THO
WARNING:src.predict.engine:Skipping rolling stats: empty=True, home=WOL, away=FRE
WARNING:src.predict.engine:Skipping rolling stats: empty=True, home=KOL, away=1BE
WARNING:src.predict.engine:Skipping rolling stats: empty=True, home=AUGSBURG, away=WER
WARNING:src.predict.engine:Skipping rolling stats: empty=True, home=HAM, away=FRA
WARNING:src.predict.engine:Skipping rolling stats: empty=True, home=RLE, away=LEV
WARNING:src.predict.engine:Skipping rolling stats: empty=True, home=MAI, away=STP
WARNING:src.predict.engine:Skipping rolling stats: empty=True, home=118, away=BMU
C:\Users\Bobby\Desktop\sports\src\predict\engine.py:375: FutureWarning: Downcasting object dtype arrays on .fillna, .ffill, .bfill is deprecated and will change in a future version. Call result.infer_objects(copy=False) instead. To opt-in to the future behavior, set `pd.set_option('future.no_silent_downcasting', True)`
  totals_X = totals_X.fillna(0.0)
INFO:src.predict.storage:Saved 9 predictions to database for gradient_boosting
[2025-12-15 10:32:15] Generating predictions for SERIEA with ensemble model...
INFO:__main__:Running predictions for SERIEA...
INFO:src.predict.engine:Loaded ensemble model for SERIEA
INFO:src.predict.engine:Loaded gradient_boosting totals model for SERIEA (ensemble)
INFO:src.predict.engine:prepare_features: Processing 11 games for SERIEA
WARNING:src.predict.engine:Skipping rolling stats: empty=True, home=ROM, away=COMO
WARNING:src.predict.engine:Skipping rolling stats: empty=True, home=LAZ, away=CREMONESE
WARNING:src.predict.engine:Skipping rolling stats: empty=True, home=JUV, away=ROM
WARNING:src.predict.engine:Skipping rolling stats: empty=True, home=CAG, away=PISA
WARNING:src.predict.engine:Skipping rolling stats: empty=True, home=SAS, away=TOR
WARNING:src.predict.engine:Skipping rolling stats: empty=True, home=COMO, away=MIL
WARNING:src.predict.engine:Skipping rolling stats: empty=True, home=VER, away=BOL
WARNING:src.predict.engine:Skipping rolling stats: empty=True, home=INT, away=LEC
WARNING:src.predict.engine:Skipping rolling stats: empty=True, home=NAP, away=PAR
WARNING:src.predict.engine:Skipping rolling stats: empty=True, home=FIO, away=UDI
WARNING:src.predict.engine:Skipping rolling stats: empty=True, home=GEN, away=ATA
C:\Users\Bobby\AppData\Local\Packages\PythonSoftwareFoundation.Python.3.11_qbz5n2kfra8p0\LocalCache\Local\pypoetry\Cache\virtualenvs\sports-betting-analytics-w0RVEvSZ-py3.11\Lib\site-packages\sklearn\utils\validation.py:2749: UserWarning: X does not have valid feature names, but LGBMClassifier was fitted with feature names
  warnings.warn(
C:\Users\Bobby\Desktop\sports\src\predict\engine.py:375: FutureWarning: Downcasting object dtype arrays on .fillna, .ffill, .bfill is deprecated and will change in a future version. Call result.infer_objects(copy=False) instead. To opt-in to the future behavior, set `pd.set_option('future.no_silent_downcasting', True)`
  totals_X = totals_X.fillna(0.0)
INFO:src.predict.storage:Saved 11 predictions to database for ensemble
[2025-12-15 10:32:18] Generating predictions for SERIEA with random_forest model...
INFO:__main__:Running predictions for SERIEA...
INFO:src.predict.engine:Loaded random_forest model for SERIEA
INFO:src.predict.engine:Loaded random_forest totals model for SERIEA (random_forest)
INFO:src.predict.engine:prepare_features: Processing 11 games for SERIEA
WARNING:src.predict.engine:Skipping rolling stats: empty=True, home=ROM, away=COMO
WARNING:src.predict.engine:Skipping rolling stats: empty=True, home=LAZ, away=CREMONESE
WARNING:src.predict.engine:Skipping rolling stats: empty=True, home=JUV, away=ROM
WARNING:src.predict.engine:Skipping rolling stats: empty=True, home=CAG, away=PISA
WARNING:src.predict.engine:Skipping rolling stats: empty=True, home=SAS, away=TOR
WARNING:src.predict.engine:Skipping rolling stats: empty=True, home=COMO, away=MIL
WARNING:src.predict.engine:Skipping rolling stats: empty=True, home=VER, away=BOL
WARNING:src.predict.engine:Skipping rolling stats: empty=True, home=INT, away=LEC
WARNING:src.predict.engine:Skipping rolling stats: empty=True, home=NAP, away=PAR
WARNING:src.predict.engine:Skipping rolling stats: empty=True, home=FIO, away=UDI
WARNING:src.predict.engine:Skipping rolling stats: empty=True, home=GEN, away=ATA
C:\Users\Bobby\Desktop\sports\src\predict\engine.py:375: FutureWarning: Downcasting object dtype arrays on .fillna, .ffill, .bfill is deprecated and will change in a future version. Call result.infer_objects(copy=False) instead. To opt-in to the future behavior, set `pd.set_option('future.no_silent_downcasting', True)`
  totals_X = totals_X.fillna(0.0)
INFO:src.predict.storage:Saved 11 predictions to database for random_forest
[2025-12-15 10:32:20] Generating predictions for SERIEA with gradient_boosting model...
INFO:__main__:Running predictions for SERIEA...
INFO:src.predict.engine:Loaded gradient_boosting model for SERIEA
INFO:src.predict.engine:Loaded gradient_boosting totals model for SERIEA (gradient_boosting)
INFO:src.predict.engine:prepare_features: Processing 11 games for SERIEA
WARNING:src.predict.engine:Skipping rolling stats: empty=True, home=ROM, away=COMO
WARNING:src.predict.engine:Skipping rolling stats: empty=True, home=LAZ, away=CREMONESE
WARNING:src.predict.engine:Skipping rolling stats: empty=True, home=JUV, away=ROM
WARNING:src.predict.engine:Skipping rolling stats: empty=True, home=CAG, away=PISA
WARNING:src.predict.engine:Skipping rolling stats: empty=True, home=SAS, away=TOR
WARNING:src.predict.engine:Skipping rolling stats: empty=True, home=COMO, away=MIL
WARNING:src.predict.engine:Skipping rolling stats: empty=True, home=VER, away=BOL
WARNING:src.predict.engine:Skipping rolling stats: empty=True, home=INT, away=LEC
WARNING:src.predict.engine:Skipping rolling stats: empty=True, home=NAP, away=PAR
WARNING:src.predict.engine:Skipping rolling stats: empty=True, home=FIO, away=UDI
WARNING:src.predict.engine:Skipping rolling stats: empty=True, home=GEN, away=ATA
C:\Users\Bobby\Desktop\sports\src\predict\engine.py:375: FutureWarning: Downcasting object dtype arrays on .fillna, .ffill, .bfill is deprecated and will change in a future version. Call result.infer_objects(copy=False) instead. To opt-in to the future behavior, set `pd.set_option('future.no_silent_downcasting', True)`
  totals_X = totals_X.fillna(0.0)
INFO:src.predict.storage:Saved 11 predictions to database for gradient_boosting
[2025-12-15 10:32:23] Generating predictions for LIGUE1 with ensemble model...
INFO:__main__:Running predictions for LIGUE1...
INFO:src.predict.engine:No upcoming games found for LIGUE1
[2025-12-15 10:32:25] Generating predictions for LIGUE1 with random_forest model...
INFO:__main__:Running predictions for LIGUE1...
INFO:src.predict.engine:No upcoming games found for LIGUE1
[2025-12-15 10:32:27] Generating predictions for LIGUE1 with gradient_boosting model...
INFO:__main__:Running predictions for LIGUE1...
INFO:src.predict.engine:No upcoming games found for LIGUE1
[2025-12-15 10:32:29] Prediction generation complete
[2025-12-15 10:32:29] Step 2: Result syncing is now handled by ingestion pipeline.
[2025-12-15 10:32:29] =========================================
[2025-12-15 10:32:29] PREDICTION pipeline completed
[2025-12-15 10:32:29] =========================================
=== Master Pipeline Completed ===
**********************
Windows PowerShell transcript end
End time: 20251215103229
**********************
