**********************
Windows PowerShell transcript start
Start time: 20251207232314
Username: GAMING-PC\Bobby
RunAs User: GAMING-PC\Bobby
Configuration Name: 
Machine: GAMING-PC (Microsoft Windows NT 10.0.26200.0)
Host Application: C:\WINDOWS\System32\WindowsPowerShell\v1.0\powershell.exe -noexit -command try { . "c:\Users\Bobby\AppData\Local\Programs\Antigravity\resources\app\out\vs\workbench\contrib\terminal\common\scripts\shellIntegration.ps1" } catch {}
Process ID: 1528040
PSVersion: 5.1.26100.7309
PSEdition: Desktop
PSCompatibleVersions: 1.0, 2.0, 3.0, 4.0, 5.0, 5.1.26100.7309
BuildVersion: 10.0.26100.7309
CLRVersion: 4.0.30319.42000
WSManStackVersion: 3.0
PSRemotingProtocolVersion: 2.3
SerializationVersion: 1.1.0.1
**********************
Transcript started, output file is logs/pipeline_20251207_232314.log
=== Starting Data Backup ===
Creating backup in backups\2025-12-07_23-23-15...
  Copying data\betting.db -> backups\2025-12-07_23-23-15\betting.db
  Copying data\forward_test\ensemble\predictions_master.parquet -> backups\2025-12-07_23-23-15\predictions_mas
ter.parquet
Cleaning up backups older than 7 days...
  Deleting old backup: backups\2025-12-04_00-35-24
Backup completed successfully.
Data backup completed.
=== Starting Data Ingestion ===
=== Starting Data Ingestion ===
Step 1: Smart History Ingestion...
INFO:__main__:[NFL] Found history up to 2026-01-04. Running update for current season...
INFO:__main__:Running: C:\Users\Bobby\AppData\Local\Packages\PythonSoftwareFoundation.Python.3.11_qbz5n2kfra8p0\LocalCache\Local\pypoetry\Cache\virtualenvs\sports-betting-analytics-w0RVEvSZ-py3.11\Scripts\python.exe -m src.data.backfill_nfl --seasons 2024
INFO:__main__:Downloading schedules (with betting lines) for seasons: [2024]
INFO:__main__:Saved schedules to C:\Users\Bobby\Desktop\sports\data\raw\results\schedules_2024_2024.parquet
INFO:__main__:Saved betting snapshot (derived from schedules) to C:\Users\Bobby\Desktop\sports\data\raw\results\betting_2024_2024.parquet
INFO:src.db.loaders:Stored 285 schedule rows into database
INFO:__main__:[NBA] Found history up to 2025-12-11. Running update for current season...
INFO:__main__:Running: C:\Users\Bobby\AppData\Local\Packages\PythonSoftwareFoundation.Python.3.11_qbz5n2kfra8p0\LocalCache\Local\pypoetry\Cache\virtualenvs\sports-betting-analytics-w0RVEvSZ-py3.11\Scripts\python.exe -m src.data.backfill_nba --seasons 2024 --days-back 7
INFO:__main__:Limiting NBA results download to 12/01/2025-12/08/2025 (last 7 days)
INFO:__main__:Downloading NBA Regular Season data for 2024-25
WARNING:__main__:No NBA games found for seasons [2024]
INFO:__main__:[CFB] Found history up to 2025-12-19. Running update for current season...
INFO:__main__:[NCAAB] Found history up to 2025-12-08. Running update for current season...
INFO:__main__:[NHL] Found history up to 2025-12-08. Running update for current season...
INFO:__main__:[EPL] Found history up to 2026-05-24. Running update for current season...
INFO:__main__:Running: C:\Users\Bobby\AppData\Local\Packages\PythonSoftwareFoundation.Python.3.11_qbz5n2kfra8p0\LocalCache\Local\pypoetry\Cache\virtualenvs\sports-betting-analytics-w0RVEvSZ-py3.11\Scripts\python.exe -m src.data.backfill_soccer --leagues EPL --days-back 14
INFO:__main__:Fetching soccer matches from ESPN scoreboard...
INFO:__main__:Processed 31 ESPN matches
INFO:__main__:Processing 31 EPL games
INFO:__main__:Saved EPL schedules to C:\Users\Bobby\Desktop\sports\data\raw\results\schedules_epl_espn_api_20251207_232346.parquet
INFO:src.db.loaders:Stored 31 schedule rows into database
INFO:__main__:[LALIGA] Found history up to 2026-05-24. Running update for current season...
INFO:__main__:Running: C:\Users\Bobby\AppData\Local\Packages\PythonSoftwareFoundation.Python.3.11_qbz5n2kfra8p0\LocalCache\Local\pypoetry\Cache\virtualenvs\sports-betting-analytics-w0RVEvSZ-py3.11\Scripts\python.exe -m src.data.backfill_soccer --leagues LALIGA --days-back 14
INFO:__main__:Fetching soccer matches from ESPN scoreboard...
INFO:__main__:Processed 23 ESPN matches
INFO:__main__:Processing 23 LALIGA games
INFO:__main__:Saved LALIGA schedules to C:\Users\Bobby\Desktop\sports\data\raw\results\schedules_laliga_espn_api_20251207_232402.parquet
INFO:src.db.loaders:Stored 23 schedule rows into database
INFO:__main__:[BUNDESLIGA] Found history up to 2026-05-16. Running update for current season...
INFO:__main__:Running: C:\Users\Bobby\AppData\Local\Packages\PythonSoftwareFoundation.Python.3.11_qbz5n2kfra8p0\LocalCache\Local\pypoetry\Cache\virtualenvs\sports-betting-analytics-w0RVEvSZ-py3.11\Scripts\python.exe -m src.data.backfill_soccer --leagues BUNDESLIGA --days-back 14
INFO:__main__:Fetching soccer matches from ESPN scoreboard...
INFO:__main__:Processed 18 ESPN matches
INFO:__main__:Processing 18 BUNDESLIGA games
INFO:__main__:Saved BUNDESLIGA schedules to C:\Users\Bobby\Desktop\sports\data\raw\results\schedules_bundesliga_espn_api_20251207_232420.parquet
INFO:src.db.loaders:Stored 18 schedule rows into database
INFO:__main__:[SERIEA] Found history up to 2026-05-24. Running update for current season...
INFO:__main__:Running: C:\Users\Bobby\AppData\Local\Packages\PythonSoftwareFoundation.Python.3.11_qbz5n2kfra8p0\LocalCache\Local\pypoetry\Cache\virtualenvs\sports-betting-analytics-w0RVEvSZ-py3.11\Scripts\python.exe -m src.data.backfill_soccer --leagues SERIEA --days-back 14
INFO:__main__:Fetching soccer matches from ESPN scoreboard...
INFO:__main__:Processed 22 ESPN matches
INFO:__main__:Processing 22 SERIEA games
INFO:__main__:Saved SERIEA schedules to C:\Users\Bobby\Desktop\sports\data\raw\results\schedules_seriea_espn_api_20251207_232436.parquet
INFO:src.db.loaders:Stored 22 schedule rows into database
INFO:__main__:[LIGUE1] Found history up to 2026-05-16. Running update for current season...
INFO:__main__:Running: C:\Users\Bobby\AppData\Local\Packages\PythonSoftwareFoundation.Python.3.11_qbz5n2kfra8p0\LocalCache\Local\pypoetry\Cache\virtualenvs\sports-betting-analytics-w0RVEvSZ-py3.11\Scripts\python.exe -m src.data.backfill_soccer --leagues LIGUE1 --days-back 14
INFO:__main__:Fetching soccer matches from ESPN scoreboard...
INFO:__main__:Processed 18 ESPN matches
INFO:__main__:Processing 18 LIGUE1 games
INFO:__main__:Saved LIGUE1 schedules to C:\Users\Bobby\Desktop\sports\data\raw\results\schedules_ligue1_espn_api_20251207_232453.parquet
INFO:src.db.loaders:Stored 18 schedule rows into database
Calculating NBA rolling metrics...
INFO:__main__:Fetching NBA game logs for 2024-25 to calculate rolling metrics
INFO:__main__:Calculated rolling metrics for 2460 games in season 2024-25
INFO:__main__:Fetching NBA game logs for 2025-26 to calculate rolling metrics
INFO:__main__:Calculated rolling metrics for 708 games in season 2025-26
Step 2: Fetching Live Odds...
Fetching odds for NFL...
INFO:src.db.loaders:Stored odds snapshot 4d2990836bca4eeea0a38f5eb44050b9 with 16 events
INFO:__main__:Saved odds snapshot to C:\Users\Bobby\Desktop\sports\data\raw\odds\americanfootball_nfl\odds_2025-12-08T04-25-01Z.json
Fetching odds for NBA...
INFO:src.db.loaders:Stored odds snapshot 9c2422f2be614d44a3286de611b83d1c with 7 events
INFO:__main__:Saved odds snapshot to C:\Users\Bobby\Desktop\sports\data\raw\odds\basketball_nba\odds_2025-12-08T04-25-03Z.json
DEBUG: Creating new game NBA_fe5ab84f0f63d8819da2233645bc68d5
DEBUG: Creating new game NBA_fa9c13de1b6188669ed5766355bc2d17
DEBUG: Creating new game NBA_67f638076c2d1263eaa0b9b5689ac18e
Fetching odds for CFB...
INFO:src.db.loaders:Stored odds snapshot 95e82288dc2f4ffdb463507fc06fb103 with 12 events
INFO:__main__:Saved odds snapshot to C:\Users\Bobby\Desktop\sports\data\raw\odds\americanfootball_ncaaf\odds_2025-12-08T04-25-06Z.json
DEBUG: Creating new game CFB_a12597fe519a345d8bfdb3f8bd37fc2d
DEBUG: Creating new game CFB_7d7ebd0ca1068c66f895b2c1d9c346e9
DEBUG: Creating new game CFB_91a751096545f6c70dca0595cd243ac9
DEBUG: Creating new game CFB_42aba02bd1d0ca3572d8df5ebbbbc4af
DEBUG: Creating new game CFB_9fbbf6305606ac80e7d6e50d06e0fe00
DEBUG: Creating new game CFB_5c1822bd971e75bf8eb736f083cfbd20
DEBUG: Creating new game CFB_02c39958a2623fd4e5bd08c15188bf63
DEBUG: Creating new game CFB_29dd5ea0c414ab7916d011fe1bd96892
DEBUG: Creating new game CFB_cce1589adabc23fc7a9f036e143d61fd
Fetching odds for NCAAB...
INFO:src.db.loaders:Stored odds snapshot d545cd2b2a5e4e4f874dc24cff043a53 with 9 events
INFO:__main__:Saved odds snapshot to C:\Users\Bobby\Desktop\sports\data\raw\odds\basketball_ncaab\odds_2025-12-08T04-25-08Z.json
DEBUG: Creating new game NCAAB_4aad97e094688744824efdf58d7c9565
DEBUG: Creating new game NCAAB_9aced47f69e22d6259e3b6f72c4512cb
DEBUG: Creating new game NCAAB_6c57b4ca2e6a5a614aae803284e20085
DEBUG: Creating new game NCAAB_e376767087aa37a69853cab09dfd8759
DEBUG: Creating new game NCAAB_1f65cf2314a8279af67ac7bedbb04fe7
DEBUG: Creating new game NCAAB_b9e1fcdb9cb4b3338870c228adbd02b3
DEBUG: Creating new game NCAAB_5df74a631366fa90c0b8e4c6161407cd
DEBUG: Creating new game NCAAB_fd3661b586f29eb7d205d1162760597f
DEBUG: Creating new game NCAAB_fd82a8f8189ef33c58fd54c342c46722
Fetching odds for NHL...
INFO:src.db.loaders:Stored odds snapshot b454c07564cd4e6ea2161f45c2f4eda4 with 5 events
INFO:__main__:Saved odds snapshot to C:\Users\Bobby\Desktop\sports\data\raw\odds\icehockey_nhl\odds_2025-12-08T04-25-11Z.json
DEBUG: Creating new game NHL_88a33bfb73048dd12e0ebe0117083ebe
DEBUG: Creating new game NHL_f80052f7c09ead246c064985b2c56526
DEBUG: Creating new game NHL_e7a5adee3d68615b8f62b1d79ae33a4a
DEBUG: Creating new game NHL_47d5331eab5782db9165fdaec9ab1aca
DEBUG: Creating new game NHL_529df50a4bbc84b6ca8d923764ea2c15
Fetching odds for EPL...
INFO:src.db.loaders:Stored odds snapshot 181edd13ff964af6807f512a45829102 with 20 events
INFO:__main__:Saved odds snapshot to C:\Users\Bobby\Desktop\sports\data\raw\odds\soccer_epl\odds_2025-12-08T04-25-14Z.json
Fetching odds for LALIGA...
INFO:src.db.loaders:Stored odds snapshot fbe49a0871364325a8514000cbe769a6 with 20 events
INFO:__main__:Saved odds snapshot to C:\Users\Bobby\Desktop\sports\data\raw\odds\soccer_spain_la_liga\odds_2025-12-08T04-25-16Z.json
DEBUG: Creating new game LALIGA_2e7c6ba5e55c917c70b0bd53f85ebe21
DEBUG: Creating new game LALIGA_727545e2a1f2a812d3bc70a4af1a4b5f
DEBUG: Creating new game LALIGA_8732e01a126a504c6fa4e8518e50be20
DEBUG: Creating new game LALIGA_d19bed6a0818cdfb4169ada628361cee
DEBUG: Creating new game LALIGA_7d1896ee286a41af58b2accb75fbd20f
DEBUG: Creating new game LALIGA_d1d2546c5bb9416d19d3bda0b7f407fa
Fetching odds for BUNDESLIGA...
INFO:src.db.loaders:Stored odds snapshot d8aa6909b09744aba748c0d92cbfc9c5 with 18 events
INFO:__main__:Saved odds snapshot to C:\Users\Bobby\Desktop\sports\data\raw\odds\soccer_germany_bundesliga\odds_2025-12-08T04-25-19Z.json
DEBUG: Creating new game BUNDESLIGA_421d47cdb82f2ac7820b0441230d9c65
DEBUG: Creating new game BUNDESLIGA_04c066e15a36c8db01e7dbcc69d3fc46
DEBUG: Creating new game BUNDESLIGA_b8cc87f70b3d9a67a1921d7032a58c12
DEBUG: Creating new game BUNDESLIGA_25abc64c8064c9f52c6bb107e935a0f9
Fetching odds for SERIEA...
INFO:src.db.loaders:Stored odds snapshot c2b9d94652d443a39ec179aca817e4e1 with 23 events
INFO:__main__:Saved odds snapshot to C:\Users\Bobby\Desktop\sports\data\raw\odds\soccer_italy_serie_a\odds_2025-12-08T04-25-21Z.json
DEBUG: Creating new game SERIEA_2bca72a64a8703e1eca12963dc4709d4
DEBUG: Creating new game SERIEA_bcbeacb7ece2aad0f9cc1797cc7b7fce
DEBUG: Creating new game SERIEA_5cfdb7dad3d9a8ff79c4a2ef282e9066
DEBUG: Creating new game SERIEA_76d485b21daa4ceb6f71e7a5674e8d04
Fetching odds for LIGUE1...
INFO:src.db.loaders:Stored odds snapshot a8fad473a5fe4cbd9353d8b07af79a47 with 9 events
INFO:__main__:Saved odds snapshot to C:\Users\Bobby\Desktop\sports\data\raw\odds\soccer_france_ligue_one\odds_2025-12-08T04-25-23Z.json
Step 3: Fetching Live Scores...
INFO:__main__:Fetching scores for NFL...
INFO:__main__:Saved raw scores to C:\Users\Bobby\Desktop\sports\data\raw\scores\NFL\scores_2025-12-08T04-25-33Z.json
INFO:__main__:Updated 12 games for NFL
INFO:__main__:Fetching scores for NBA...
INFO:__main__:Saved raw scores to C:\Users\Bobby\Desktop\sports\data\raw\scores\NBA\scores_2025-12-08T04-25-34Z.json
INFO:__main__:Updated 22 games for NBA
INFO:__main__:Fetching scores for CFB...
INFO:__main__:Saved raw scores to C:\Users\Bobby\Desktop\sports\data\raw\scores\CFB\scores_2025-12-08T04-25-34Z.json
INFO:__main__:Updated 10 games for CFB
INFO:__main__:Fetching scores for NCAAB...
INFO:__main__:Saved raw scores to C:\Users\Bobby\Desktop\sports\data\raw\scores\NCAAB\scores_2025-12-08T04-25-34Z.json
INFO:__main__:Updated 145 games for NCAAB
INFO:__main__:Fetching scores for NHL...
INFO:__main__:Saved raw scores to C:\Users\Bobby\Desktop\sports\data\raw\scores\NHL\scores_2025-12-08T04-25-35Z.json
INFO:__main__:Updated 25 games for NHL
INFO:__main__:Fetching scores for EPL...
INFO:__main__:Saved raw scores to C:\Users\Bobby\Desktop\sports\data\raw\scores\EPL\scores_2025-12-08T04-25-35Z.json
INFO:__main__:Updated 9 games for EPL
INFO:__main__:Fetching scores for LALIGA...
INFO:__main__:Saved raw scores to C:\Users\Bobby\Desktop\sports\data\raw\scores\LALIGA\scores_2025-12-08T04-25-36Z.json
INFO:__main__:Updated 9 games for LALIGA
INFO:__main__:Fetching scores for BUNDESLIGA...
INFO:__main__:Saved raw scores to C:\Users\Bobby\Desktop\sports\data\raw\scores\BUNDESLIGA\scores_2025-12-08T04-25-36Z.json
INFO:__main__:Updated 9 games for BUNDESLIGA
INFO:__main__:Fetching scores for SERIEA...
INFO:__main__:Saved raw scores to C:\Users\Bobby\Desktop\sports\data\raw\scores\SERIEA\scores_2025-12-08T04-25-36Z.json
INFO:__main__:Updated 7 games for SERIEA
INFO:__main__:Fetching scores for LIGUE1...
INFO:__main__:Saved raw scores to C:\Users\Bobby\Desktop\sports\data\raw\scores\LIGUE1\scores_2025-12-08T04-25-37Z.json
INFO:__main__:Updated 9 games for LIGUE1
INFO:__main__:Total games updated: 257
=== Data Ingestion Completed ===
=== Starting Training Pipeline ===
Transcript started, output file is logs/train_pipeline_20251207_232537.log
[2025-12-07 23:25:37] =========================================
[2025-12-07 23:25:37] Starting TRAINING pipeline
[2025-12-07 23:25:37] =========================================
[2025-12-07 23:25:37] Processing leagues: NFL, NBA, CFB, NCAAB, NHL, EPL, LALIGA, BUNDESLIGA, SERIEA, LIGUE1
[2025-12-07 23:25:37] Step 1: Building Datasets...
[2025-12-07 23:25:37] Building dataset for NFL (Seasons: 2015-2025)...
INFO:src.features.dataset.nfl:Loading cached schedules data from C:\Users\Bobby\Desktop\sports\data\raw\results\schedules_2015_2026.parquet
INFO:src.features.dataset.nfl:Loading cached team metrics from C:\Users\Bobby\Desktop\sports\data\processed\intermediate\team_metrics_2015_2026.parquet
INFO:src.features.dataset.nfl:Loading cached injury reports from C:\Users\Bobby\Desktop\sports\data\raw\results\injuries_2015_2026.parquet
INFO:src.features.dataset.nfl:Wrote processed dataset to C:\Users\Bobby\Desktop\sports\data\processed\model_input\moneyline_nfl_2015_2026.parquet
[2025-12-07 23:25:42] Building dataset for NBA (Seasons: 2015-2025)...
INFO:src.features.dataset.nba:Wrote processed dataset to C:\Users\Bobby\Desktop\sports\data\processed\model_input\moneyline_nba_2015_2026.parquet
[2025-12-07 23:25:59] Building dataset for CFB (Seasons: 2015-2025)...
INFO:src.features.dataset.cfb:Wrote processed dataset to C:\Users\Bobby\Desktop\sports\data\processed\model_input\moneyline_cfb_2015_2026.parquet
[2025-12-07 23:26:02] Building dataset for NCAAB (Seasons: 2015-2025)...
INFO:src.features.dataset.ncaab:Wrote processed dataset to C:\Users\Bobby\Desktop\sports\data\processed\model_input\moneyline_ncaab_2015_2026.parquet
[2025-12-07 23:26:05] Building dataset for NHL (Seasons: 2015-2025)...
INFO:src.features.dataset.nhl:Wrote processed dataset to C:\Users\Bobby\Desktop\sports\data\processed\model_input\moneyline_nhl_2015_2026.parquet
[2025-12-07 23:26:08] Building dataset for EPL (Seasons: 2015-2025)...
INFO:src.features.dataset.soccer:Wrote processed dataset to C:\Users\Bobby\Desktop\sports\data\processed\model_input\moneyline_epl_2015_2026.parquet
[2025-12-07 23:26:13] Building dataset for LALIGA (Seasons: 2015-2025)...
INFO:src.features.dataset.soccer:Wrote processed dataset to C:\Users\Bobby\Desktop\sports\data\processed\model_input\moneyline_laliga_2015_2026.parquet
[2025-12-07 23:26:16] Building dataset for BUNDESLIGA (Seasons: 2015-2025)...
INFO:src.features.dataset.soccer:Wrote processed dataset to C:\Users\Bobby\Desktop\sports\data\processed\model_input\moneyline_bundesliga_2015_2026.parquet
[2025-12-07 23:26:19] Building dataset for SERIEA (Seasons: 2015-2025)...
INFO:src.features.dataset.soccer:Wrote processed dataset to C:\Users\Bobby\Desktop\sports\data\processed\model_input\moneyline_seriea_2015_2026.parquet
[2025-12-07 23:26:21] Building dataset for LIGUE1 (Seasons: 2015-2025)...
INFO:src.features.dataset.soccer:Wrote processed dataset to C:\Users\Bobby\Desktop\sports\data\processed\model_input\moneyline_ligue1_2015_2026.parquet
[2025-12-07 23:26:24] Step 2: Training Models...
[2025-12-07 23:26:24] Training NFL ensemble model...
C:\Users\Bobby\AppData\Local\Packages\PythonSoftwareFoundation.Python.3.11_qbz5n2kfra8p0\LocalCache\Local\pypoetry\Cache\virtualenvs\sports-betting-analytics-w0RVEvSZ-py3.11\Lib\site-packages\sklearn\utils\validation.py:2749: UserWarning: X does not have valid feature names, but LGBMClassifier was fitted with feature names
  warnings.warn(
C:\Users\Bobby\AppData\Local\Packages\PythonSoftwareFoundation.Python.3.11_qbz5n2kfra8p0\LocalCache\Local\pypoetry\Cache\virtualenvs\sports-betting-analytics-w0RVEvSZ-py3.11\Lib\site-packages\sklearn\utils\validation.py:2749: UserWarning: X does not have valid feature names, but LGBMClassifier was fitted with feature names
  warnings.warn(
C:\Users\Bobby\AppData\Local\Packages\PythonSoftwareFoundation.Python.3.11_qbz5n2kfra8p0\LocalCache\Local\pypoetry\Cache\virtualenvs\sports-betting-analytics-w0RVEvSZ-py3.11\Lib\site-packages\sklearn\utils\validation.py:2749: UserWarning: X does not have valid feature names, but LGBMClassifier was fitted with feature names
  warnings.warn(
C:\Users\Bobby\AppData\Local\Packages\PythonSoftwareFoundation.Python.3.11_qbz5n2kfra8p0\LocalCache\Local\pypoetry\Cache\virtualenvs\sports-betting-analytics-w0RVEvSZ-py3.11\Lib\site-packages\sklearn\utils\validation.py:2749: UserWarning: X does not have valid feature names, but LGBMClassifier was fitted with feature names
  warnings.warn(
C:\Users\Bobby\AppData\Local\Packages\PythonSoftwareFoundation.Python.3.11_qbz5n2kfra8p0\LocalCache\Local\pypoetry\Cache\virtualenvs\sports-betting-analytics-w0RVEvSZ-py3.11\Lib\site-packages\sklearn\utils\validation.py:2749: UserWarning: X does not have valid feature names, but LGBMClassifier was fitted with feature names
  warnings.warn(
C:\Users\Bobby\AppData\Local\Packages\PythonSoftwareFoundation.Python.3.11_qbz5n2kfra8p0\LocalCache\Local\pypoetry\Cache\virtualenvs\sports-betting-analytics-w0RVEvSZ-py3.11\Lib\site-packages\sklearn\neural_network\_multilayer_perceptron.py:781: ConvergenceWarning: Stochastic Optimizer: Maximum iterations (500) reached and the optimization hasn't converged yet.
  warnings.warn(
C:\Users\Bobby\AppData\Local\Packages\PythonSoftwareFoundation.Python.3.11_qbz5n2kfra8p0\LocalCache\Local\pypoetry\Cache\virtualenvs\sports-betting-analytics-w0RVEvSZ-py3.11\Lib\site-packages\sklearn\neural_network\_multilayer_perceptron.py:781: ConvergenceWarning: Stochastic Optimizer: Maximum iterations (500) reached and the optimization hasn't converged yet.
  warnings.warn(
C:\Users\Bobby\AppData\Local\Packages\PythonSoftwareFoundation.Python.3.11_qbz5n2kfra8p0\LocalCache\Local\pypoetry\Cache\virtualenvs\sports-betting-analytics-w0RVEvSZ-py3.11\Lib\site-packages\sklearn\neural_network\_multilayer_perceptron.py:781: ConvergenceWarning: Stochastic Optimizer: Maximum iterations (500) reached and the optimization hasn't converged yet.
  warnings.warn(
INFO:__main__:Loaded tuned params for NFL random_forest from config\tuned_params\nfl_random_forest.json
INFO:__main__:Ensemble pruning: 6 candidates, 5 kept (threshold=0.050, best_log_loss=0.622)
INFO:src.db.models:Persisted 1575 predictions for model ensemble_calibrated_1cde0822
INFO:__main__:Saved model to models\nfl_ensemble_calibrated_moneyline.pkl
INFO:__main__:Metrics written to reports\backtests\nfl_ensemble_calibrated_metrics.json
[2025-12-07 23:27:10] Training NFL random_forest model...
INFO:__main__:Loaded tuned params for NFL random_forest from config\tuned_params\nfl_random_forest.json
INFO:src.db.models:Persisted 1575 predictions for model random_forest_calibrated_c509c30f
INFO:__main__:Saved model to models\nfl_random_forest_calibrated_moneyline.pkl
INFO:__main__:Metrics written to reports\backtests\nfl_random_forest_calibrated_metrics.json
[2025-12-07 23:27:14] Training NFL random_forest totals model...
Totals model saved to models\nfl_totals_random_forest.pkl
Metrics written to reports\backtests\nfl_totals_random_forest_metrics.json
[2025-12-07 23:27:16] Training NFL gradient_boosting model...
INFO:src.db.models:Persisted 1575 predictions for model gradient_boosting_calibrated_8efd683f
INFO:__main__:Saved model to models\nfl_gradient_boosting_calibrated_moneyline.pkl
INFO:__main__:Metrics written to reports\backtests\nfl_gradient_boosting_calibrated_metrics.json
[2025-12-07 23:27:22] Training NFL gradient_boosting totals model...
Totals model saved to models\nfl_totals_gradient_boosting.pkl
Metrics written to reports\backtests\nfl_totals_gradient_boosting_metrics.json
[2025-12-07 23:27:24] Training NBA ensemble model...
C:\Users\Bobby\AppData\Local\Packages\PythonSoftwareFoundation.Python.3.11_qbz5n2kfra8p0\LocalCache\Local\pypoetry\Cache\virtualenvs\sports-betting-analytics-w0RVEvSZ-py3.11\Lib\site-packages\sklearn\utils\validation.py:2749: UserWarning: X does not have valid feature names, but LGBMClassifier was fitted with feature names
  warnings.warn(
C:\Users\Bobby\AppData\Local\Packages\PythonSoftwareFoundation.Python.3.11_qbz5n2kfra8p0\LocalCache\Local\pypoetry\Cache\virtualenvs\sports-betting-analytics-w0RVEvSZ-py3.11\Lib\site-packages\sklearn\utils\validation.py:2749: UserWarning: X does not have valid feature names, but LGBMClassifier was fitted with feature names
  warnings.warn(
C:\Users\Bobby\AppData\Local\Packages\PythonSoftwareFoundation.Python.3.11_qbz5n2kfra8p0\LocalCache\Local\pypoetry\Cache\virtualenvs\sports-betting-analytics-w0RVEvSZ-py3.11\Lib\site-packages\sklearn\utils\validation.py:2749: UserWarning: X does not have valid feature names, but LGBMClassifier was fitted with feature names
  warnings.warn(
C:\Users\Bobby\AppData\Local\Packages\PythonSoftwareFoundation.Python.3.11_qbz5n2kfra8p0\LocalCache\Local\pypoetry\Cache\virtualenvs\sports-betting-analytics-w0RVEvSZ-py3.11\Lib\site-packages\sklearn\utils\validation.py:2749: UserWarning: X does not have valid feature names, but LGBMClassifier was fitted with feature names
  warnings.warn(
C:\Users\Bobby\AppData\Local\Packages\PythonSoftwareFoundation.Python.3.11_qbz5n2kfra8p0\LocalCache\Local\pypoetry\Cache\virtualenvs\sports-betting-analytics-w0RVEvSZ-py3.11\Lib\site-packages\sklearn\utils\validation.py:2749: UserWarning: X does not have valid feature names, but LGBMClassifier was fitted with feature names
  warnings.warn(
INFO:__main__:Loaded tuned params for NBA random_forest from config\tuned_params\nba_random_forest.json
INFO:__main__:Ensemble pruning: 6 candidates, 6 kept (threshold=0.050, best_log_loss=0.602)
INFO:src.db.models:Persisted 3491 predictions for model ensemble_calibrated_5cc8e291
INFO:__main__:Saved model to models\nba_ensemble_calibrated_moneyline.pkl
INFO:__main__:Metrics written to reports\backtests\nba_ensemble_calibrated_metrics.json
[2025-12-07 23:27:39] Training NBA random_forest model...
INFO:__main__:Loaded tuned params for NBA random_forest from config\tuned_params\nba_random_forest.json
INFO:src.db.models:Persisted 3491 predictions for model random_forest_calibrated_8374e7f8
INFO:__main__:Saved model to models\nba_random_forest_calibrated_moneyline.pkl
INFO:__main__:Metrics written to reports\backtests\nba_random_forest_calibrated_metrics.json
[2025-12-07 23:27:43] Training NBA random_forest totals model...
Totals model saved to models\nba_totals_random_forest.pkl
Metrics written to reports\backtests\nba_totals_random_forest_metrics.json
[2025-12-07 23:27:47] Training NBA gradient_boosting model...
INFO:src.db.models:Persisted 3491 predictions for model gradient_boosting_calibrated_c12c7d84
INFO:__main__:Saved model to models\nba_gradient_boosting_calibrated_moneyline.pkl
INFO:__main__:Metrics written to reports\backtests\nba_gradient_boosting_calibrated_metrics.json
[2025-12-07 23:27:53] Training NBA gradient_boosting totals model...
Totals model saved to models\nba_totals_gradient_boosting.pkl
Metrics written to reports\backtests\nba_totals_gradient_boosting_metrics.json
[2025-12-07 23:27:56] Training CFB ensemble model...
C:\Users\Bobby\AppData\Local\Packages\PythonSoftwareFoundation.Python.3.11_qbz5n2kfra8p0\LocalCache\Local\pypoetry\Cache\virtualenvs\sports-betting-analytics-w0RVEvSZ-py3.11\Lib\site-packages\sklearn\utils\validation.py:2749: UserWarning: X does not have valid feature names, but LGBMClassifier was fitted with feature names
  warnings.warn(
C:\Users\Bobby\AppData\Local\Packages\PythonSoftwareFoundation.Python.3.11_qbz5n2kfra8p0\LocalCache\Local\pypoetry\Cache\virtualenvs\sports-betting-analytics-w0RVEvSZ-py3.11\Lib\site-packages\sklearn\utils\validation.py:2749: UserWarning: X does not have valid feature names, but LGBMClassifier was fitted with feature names
  warnings.warn(
C:\Users\Bobby\AppData\Local\Packages\PythonSoftwareFoundation.Python.3.11_qbz5n2kfra8p0\LocalCache\Local\pypoetry\Cache\virtualenvs\sports-betting-analytics-w0RVEvSZ-py3.11\Lib\site-packages\sklearn\utils\validation.py:2749: UserWarning: X does not have valid feature names, but LGBMClassifier was fitted with feature names
  warnings.warn(
C:\Users\Bobby\AppData\Local\Packages\PythonSoftwareFoundation.Python.3.11_qbz5n2kfra8p0\LocalCache\Local\pypoetry\Cache\virtualenvs\sports-betting-analytics-w0RVEvSZ-py3.11\Lib\site-packages\sklearn\utils\validation.py:2749: UserWarning: X does not have valid feature names, but LGBMClassifier was fitted with feature names
  warnings.warn(
C:\Users\Bobby\AppData\Local\Packages\PythonSoftwareFoundation.Python.3.11_qbz5n2kfra8p0\LocalCache\Local\pypoetry\Cache\virtualenvs\sports-betting-analytics-w0RVEvSZ-py3.11\Lib\site-packages\sklearn\utils\validation.py:2749: UserWarning: X does not have valid feature names, but LGBMClassifier was fitted with feature names
  warnings.warn(
INFO:__main__:Loaded tuned params for CFB random_forest from config\tuned_params\cfb_random_forest.json
INFO:__main__:Ensemble pruning: 6 candidates, 4 kept (threshold=0.050, best_log_loss=0.509)
INFO:src.db.models:Persisted 217 predictions for model ensemble_calibrated_acd06cce
INFO:__main__:Saved model to models\cfb_ensemble_calibrated_moneyline.pkl
INFO:__main__:Metrics written to reports\backtests\cfb_ensemble_calibrated_metrics.json
[2025-12-07 23:28:05] Training CFB random_forest model...
INFO:__main__:Loaded tuned params for CFB random_forest from config\tuned_params\cfb_random_forest.json
INFO:src.db.models:Persisted 217 predictions for model random_forest_calibrated_ccc91bf9
INFO:__main__:Saved model to models\cfb_random_forest_calibrated_moneyline.pkl
INFO:__main__:Metrics written to reports\backtests\cfb_random_forest_calibrated_metrics.json
[2025-12-07 23:28:10] Training CFB random_forest totals model...
Totals model saved to models\cfb_totals_random_forest.pkl
Metrics written to reports\backtests\cfb_totals_random_forest_metrics.json
[2025-12-07 23:28:15] Training CFB gradient_boosting model...
INFO:src.db.models:Persisted 217 predictions for model gradient_boosting_calibrated_620ec994
INFO:__main__:Saved model to models\cfb_gradient_boosting_calibrated_moneyline.pkl
INFO:__main__:Metrics written to reports\backtests\cfb_gradient_boosting_calibrated_metrics.json
[2025-12-07 23:28:21] Training CFB gradient_boosting totals model...
Totals model saved to models\cfb_totals_gradient_boosting.pkl
Metrics written to reports\backtests\cfb_totals_gradient_boosting_metrics.json
[2025-12-07 23:28:23] Training NCAAB ensemble model...
C:\Users\Bobby\AppData\Local\Packages\PythonSoftwareFoundation.Python.3.11_qbz5n2kfra8p0\LocalCache\Local\pypoetry\Cache\virtualenvs\sports-betting-analytics-w0RVEvSZ-py3.11\Lib\site-packages\sklearn\utils\validation.py:2749: UserWarning: X does not have valid feature names, but LGBMClassifier was fitted with feature names
  warnings.warn(
C:\Users\Bobby\AppData\Local\Packages\PythonSoftwareFoundation.Python.3.11_qbz5n2kfra8p0\LocalCache\Local\pypoetry\Cache\virtualenvs\sports-betting-analytics-w0RVEvSZ-py3.11\Lib\site-packages\sklearn\utils\validation.py:2749: UserWarning: X does not have valid feature names, but LGBMClassifier was fitted with feature names
  warnings.warn(
C:\Users\Bobby\AppData\Local\Packages\PythonSoftwareFoundation.Python.3.11_qbz5n2kfra8p0\LocalCache\Local\pypoetry\Cache\virtualenvs\sports-betting-analytics-w0RVEvSZ-py3.11\Lib\site-packages\sklearn\utils\validation.py:2749: UserWarning: X does not have valid feature names, but LGBMClassifier was fitted with feature names
  warnings.warn(
C:\Users\Bobby\AppData\Local\Packages\PythonSoftwareFoundation.Python.3.11_qbz5n2kfra8p0\LocalCache\Local\pypoetry\Cache\virtualenvs\sports-betting-analytics-w0RVEvSZ-py3.11\Lib\site-packages\sklearn\utils\validation.py:2749: UserWarning: X does not have valid feature names, but LGBMClassifier was fitted with feature names
  warnings.warn(
C:\Users\Bobby\AppData\Local\Packages\PythonSoftwareFoundation.Python.3.11_qbz5n2kfra8p0\LocalCache\Local\pypoetry\Cache\virtualenvs\sports-betting-analytics-w0RVEvSZ-py3.11\Lib\site-packages\sklearn\utils\validation.py:2749: UserWarning: X does not have valid feature names, but LGBMClassifier was fitted with feature names
  warnings.warn(
INFO:__main__:Loaded tuned params for NCAAB random_forest from config\tuned_params\ncaab_random_forest.json
INFO:__main__:Ensemble pruning: 6 candidates, 6 kept (threshold=0.050, best_log_loss=0.640)
INFO:src.db.models:Persisted 42160 predictions for model ensemble_calibrated_89714d44
INFO:__main__:Saved model to models\ncaab_ensemble_calibrated_moneyline.pkl
INFO:__main__:Metrics written to reports\backtests\ncaab_ensemble_calibrated_metrics.json
[2025-12-07 23:30:00] Training NCAAB random_forest model...
INFO:__main__:Loaded tuned params for NCAAB random_forest from config\tuned_params\ncaab_random_forest.json
INFO:src.db.models:Persisted 42160 predictions for model random_forest_calibrated_fa97e249
INFO:__main__:Saved model to models\ncaab_random_forest_calibrated_moneyline.pkl
INFO:__main__:Metrics written to reports\backtests\ncaab_random_forest_calibrated_metrics.json
[2025-12-07 23:30:12] Training NCAAB random_forest totals model...
Totals model saved to models\ncaab_totals_random_forest.pkl
Metrics written to reports\backtests\ncaab_totals_random_forest_metrics.json
[2025-12-07 23:30:14] Training NCAAB gradient_boosting model...
INFO:src.db.models:Persisted 42160 predictions for model gradient_boosting_calibrated_326f8e66
INFO:__main__:Saved model to models\ncaab_gradient_boosting_calibrated_moneyline.pkl
INFO:__main__:Metrics written to reports\backtests\ncaab_gradient_boosting_calibrated_metrics.json
[2025-12-07 23:30:24] Training NCAAB gradient_boosting totals model...
Totals model saved to models\ncaab_totals_gradient_boosting.pkl
Metrics written to reports\backtests\ncaab_totals_gradient_boosting_metrics.json
[2025-12-07 23:30:27] Training NHL ensemble model...
C:\Users\Bobby\AppData\Local\Packages\PythonSoftwareFoundation.Python.3.11_qbz5n2kfra8p0\LocalCache\Local\pypoetry\Cache\virtualenvs\sports-betting-analytics-w0RVEvSZ-py3.11\Lib\site-packages\sklearn\utils\validation.py:2749: UserWarning: X does not have valid feature names, but LGBMClassifier was fitted with feature names
  warnings.warn(
C:\Users\Bobby\AppData\Local\Packages\PythonSoftwareFoundation.Python.3.11_qbz5n2kfra8p0\LocalCache\Local\pypoetry\Cache\virtualenvs\sports-betting-analytics-w0RVEvSZ-py3.11\Lib\site-packages\sklearn\utils\validation.py:2749: UserWarning: X does not have valid feature names, but LGBMClassifier was fitted with feature names
  warnings.warn(
C:\Users\Bobby\AppData\Local\Packages\PythonSoftwareFoundation.Python.3.11_qbz5n2kfra8p0\LocalCache\Local\pypoetry\Cache\virtualenvs\sports-betting-analytics-w0RVEvSZ-py3.11\Lib\site-packages\sklearn\utils\validation.py:2749: UserWarning: X does not have valid feature names, but LGBMClassifier was fitted with feature names
  warnings.warn(
C:\Users\Bobby\AppData\Local\Packages\PythonSoftwareFoundation.Python.3.11_qbz5n2kfra8p0\LocalCache\Local\pypoetry\Cache\virtualenvs\sports-betting-analytics-w0RVEvSZ-py3.11\Lib\site-packages\sklearn\utils\validation.py:2749: UserWarning: X does not have valid feature names, but LGBMClassifier was fitted with feature names
  warnings.warn(
C:\Users\Bobby\AppData\Local\Packages\PythonSoftwareFoundation.Python.3.11_qbz5n2kfra8p0\LocalCache\Local\pypoetry\Cache\virtualenvs\sports-betting-analytics-w0RVEvSZ-py3.11\Lib\site-packages\sklearn\utils\validation.py:2749: UserWarning: X does not have valid feature names, but LGBMClassifier was fitted with feature names
  warnings.warn(
C:\Users\Bobby\AppData\Local\Packages\PythonSoftwareFoundation.Python.3.11_qbz5n2kfra8p0\LocalCache\Local\pypoetry\Cache\virtualenvs\sports-betting-analytics-w0RVEvSZ-py3.11\Lib\site-packages\sklearn\neural_network\_multilayer_perceptron.py:781: ConvergenceWarning: Stochastic Optimizer: Maximum iterations (500) reached and the optimization hasn't converged yet.
  warnings.warn(
C:\Users\Bobby\AppData\Local\Packages\PythonSoftwareFoundation.Python.3.11_qbz5n2kfra8p0\LocalCache\Local\pypoetry\Cache\virtualenvs\sports-betting-analytics-w0RVEvSZ-py3.11\Lib\site-packages\sklearn\neural_network\_multilayer_perceptron.py:781: ConvergenceWarning: Stochastic Optimizer: Maximum iterations (500) reached and the optimization hasn't converged yet.
  warnings.warn(
C:\Users\Bobby\AppData\Local\Packages\PythonSoftwareFoundation.Python.3.11_qbz5n2kfra8p0\LocalCache\Local\pypoetry\Cache\virtualenvs\sports-betting-analytics-w0RVEvSZ-py3.11\Lib\site-packages\sklearn\neural_network\_multilayer_perceptron.py:781: ConvergenceWarning: Stochastic Optimizer: Maximum iterations (500) reached and the optimization hasn't converged yet.
  warnings.warn(
INFO:__main__:Loaded tuned params for NHL random_forest from config\tuned_params\nhl_random_forest.json
INFO:__main__:Ensemble pruning: 6 candidates, 6 kept (threshold=0.050, best_log_loss=0.665)
INFO:src.db.models:Persisted 83 predictions for model ensemble_calibrated_aa478515
INFO:__main__:Saved model to models\nhl_ensemble_calibrated_moneyline.pkl
INFO:__main__:Metrics written to reports\backtests\nhl_ensemble_calibrated_metrics.json
[2025-12-07 23:30:36] Training NHL random_forest model...
INFO:__main__:Loaded tuned params for NHL random_forest from config\tuned_params\nhl_random_forest.json
INFO:src.db.models:Persisted 83 predictions for model random_forest_calibrated_2b0d66b6
INFO:__main__:Saved model to models\nhl_random_forest_calibrated_moneyline.pkl
INFO:__main__:Metrics written to reports\backtests\nhl_random_forest_calibrated_metrics.json
[2025-12-07 23:30:39] Training NHL random_forest totals model...
Totals model saved to models\nhl_totals_random_forest.pkl
Metrics written to reports\backtests\nhl_totals_random_forest_metrics.json
[2025-12-07 23:30:42] Training NHL gradient_boosting model...
INFO:src.db.models:Persisted 83 predictions for model gradient_boosting_calibrated_c7e306d2
INFO:__main__:Saved model to models\nhl_gradient_boosting_calibrated_moneyline.pkl
INFO:__main__:Metrics written to reports\backtests\nhl_gradient_boosting_calibrated_metrics.json
[2025-12-07 23:30:46] Training NHL gradient_boosting totals model...
Totals model saved to models\nhl_totals_gradient_boosting.pkl
Metrics written to reports\backtests\nhl_totals_gradient_boosting_metrics.json
[2025-12-07 23:30:49] Training EPL ensemble model...
C:\Users\Bobby\AppData\Local\Packages\PythonSoftwareFoundation.Python.3.11_qbz5n2kfra8p0\LocalCache\Local\pypoetry\Cache\virtualenvs\sports-betting-analytics-w0RVEvSZ-py3.11\Lib\site-packages\sklearn\utils\validation.py:2749: UserWarning: X does not have valid feature names, but LGBMClassifier was fitted with feature names
  warnings.warn(
C:\Users\Bobby\AppData\Local\Packages\PythonSoftwareFoundation.Python.3.11_qbz5n2kfra8p0\LocalCache\Local\pypoetry\Cache\virtualenvs\sports-betting-analytics-w0RVEvSZ-py3.11\Lib\site-packages\sklearn\utils\validation.py:2749: UserWarning: X does not have valid feature names, but LGBMClassifier was fitted with feature names
  warnings.warn(
C:\Users\Bobby\AppData\Local\Packages\PythonSoftwareFoundation.Python.3.11_qbz5n2kfra8p0\LocalCache\Local\pypoetry\Cache\virtualenvs\sports-betting-analytics-w0RVEvSZ-py3.11\Lib\site-packages\sklearn\utils\validation.py:2749: UserWarning: X does not have valid feature names, but LGBMClassifier was fitted with feature names
  warnings.warn(
C:\Users\Bobby\AppData\Local\Packages\PythonSoftwareFoundation.Python.3.11_qbz5n2kfra8p0\LocalCache\Local\pypoetry\Cache\virtualenvs\sports-betting-analytics-w0RVEvSZ-py3.11\Lib\site-packages\sklearn\utils\validation.py:2749: UserWarning: X does not have valid feature names, but LGBMClassifier was fitted with feature names
  warnings.warn(
C:\Users\Bobby\AppData\Local\Packages\PythonSoftwareFoundation.Python.3.11_qbz5n2kfra8p0\LocalCache\Local\pypoetry\Cache\virtualenvs\sports-betting-analytics-w0RVEvSZ-py3.11\Lib\site-packages\sklearn\utils\validation.py:2749: UserWarning: X does not have valid feature names, but LGBMClassifier was fitted with feature names
  warnings.warn(
INFO:__main__:Loaded tuned params for EPL random_forest from config\tuned_params\epl_random_forest.json
INFO:__main__:Ensemble pruning: 6 candidates, 6 kept (threshold=0.050, best_log_loss=0.605)
INFO:src.db.models:Persisted 1013 predictions for model ensemble_calibrated_c2cc17cf
INFO:__main__:Saved model to models\epl_ensemble_calibrated_moneyline.pkl
INFO:__main__:Metrics written to reports\backtests\epl_ensemble_calibrated_metrics.json
[2025-12-07 23:30:57] Training EPL random_forest model...
INFO:__main__:Loaded tuned params for EPL random_forest from config\tuned_params\epl_random_forest.json
INFO:src.db.models:Persisted 1013 predictions for model random_forest_calibrated_ae705781
INFO:__main__:Saved model to models\epl_random_forest_calibrated_moneyline.pkl
INFO:__main__:Metrics written to reports\backtests\epl_random_forest_calibrated_metrics.json
[2025-12-07 23:31:01] Training EPL random_forest totals model...
Totals model saved to models\epl_totals_random_forest.pkl
Metrics written to reports\backtests\epl_totals_random_forest_metrics.json
[2025-12-07 23:31:03] Training EPL gradient_boosting model...
INFO:src.db.models:Persisted 1013 predictions for model gradient_boosting_calibrated_bbac5eef
INFO:__main__:Saved model to models\epl_gradient_boosting_calibrated_moneyline.pkl
INFO:__main__:Metrics written to reports\backtests\epl_gradient_boosting_calibrated_metrics.json
[2025-12-07 23:31:08] Training EPL gradient_boosting totals model...
Totals model saved to models\epl_totals_gradient_boosting.pkl
Metrics written to reports\backtests\epl_totals_gradient_boosting_metrics.json
[2025-12-07 23:31:10] Training LALIGA ensemble model...
C:\Users\Bobby\AppData\Local\Packages\PythonSoftwareFoundation.Python.3.11_qbz5n2kfra8p0\LocalCache\Local\pypoetry\Cache\virtualenvs\sports-betting-analytics-w0RVEvSZ-py3.11\Lib\site-packages\sklearn\utils\validation.py:2749: UserWarning: X does not have valid feature names, but LGBMClassifier was fitted with feature names
  warnings.warn(
C:\Users\Bobby\AppData\Local\Packages\PythonSoftwareFoundation.Python.3.11_qbz5n2kfra8p0\LocalCache\Local\pypoetry\Cache\virtualenvs\sports-betting-analytics-w0RVEvSZ-py3.11\Lib\site-packages\sklearn\utils\validation.py:2749: UserWarning: X does not have valid feature names, but LGBMClassifier was fitted with feature names
  warnings.warn(
C:\Users\Bobby\AppData\Local\Packages\PythonSoftwareFoundation.Python.3.11_qbz5n2kfra8p0\LocalCache\Local\pypoetry\Cache\virtualenvs\sports-betting-analytics-w0RVEvSZ-py3.11\Lib\site-packages\sklearn\utils\validation.py:2749: UserWarning: X does not have valid feature names, but LGBMClassifier was fitted with feature names
  warnings.warn(
C:\Users\Bobby\AppData\Local\Packages\PythonSoftwareFoundation.Python.3.11_qbz5n2kfra8p0\LocalCache\Local\pypoetry\Cache\virtualenvs\sports-betting-analytics-w0RVEvSZ-py3.11\Lib\site-packages\sklearn\utils\validation.py:2749: UserWarning: X does not have valid feature names, but LGBMClassifier was fitted with feature names
  warnings.warn(
C:\Users\Bobby\AppData\Local\Packages\PythonSoftwareFoundation.Python.3.11_qbz5n2kfra8p0\LocalCache\Local\pypoetry\Cache\virtualenvs\sports-betting-analytics-w0RVEvSZ-py3.11\Lib\site-packages\sklearn\utils\validation.py:2749: UserWarning: X does not have valid feature names, but LGBMClassifier was fitted with feature names
  warnings.warn(
INFO:__main__:Loaded tuned params for LALIGA random_forest from config\tuned_params\laliga_random_forest.json
INFO:__main__:Ensemble pruning: 6 candidates, 6 kept (threshold=0.050, best_log_loss=0.540)
INFO:src.db.models:Persisted 1013 predictions for model ensemble_calibrated_c99557ef
INFO:__main__:Saved model to models\laliga_ensemble_calibrated_moneyline.pkl
INFO:__main__:Metrics written to reports\backtests\laliga_ensemble_calibrated_metrics.json
[2025-12-07 23:31:20] Training LALIGA random_forest model...
INFO:__main__:Loaded tuned params for LALIGA random_forest from config\tuned_params\laliga_random_forest.json
INFO:src.db.models:Persisted 1013 predictions for model random_forest_calibrated_b5d83175
INFO:__main__:Saved model to models\laliga_random_forest_calibrated_moneyline.pkl
INFO:__main__:Metrics written to reports\backtests\laliga_random_forest_calibrated_metrics.json
[2025-12-07 23:31:23] Training LALIGA random_forest totals model...
Totals model saved to models\laliga_totals_random_forest.pkl
Metrics written to reports\backtests\laliga_totals_random_forest_metrics.json
[2025-12-07 23:31:26] Training LALIGA gradient_boosting model...
INFO:src.db.models:Persisted 1013 predictions for model gradient_boosting_calibrated_7a6c78b8
INFO:__main__:Saved model to models\laliga_gradient_boosting_calibrated_moneyline.pkl
INFO:__main__:Metrics written to reports\backtests\laliga_gradient_boosting_calibrated_metrics.json
[2025-12-07 23:31:31] Training LALIGA gradient_boosting totals model...
Totals model saved to models\laliga_totals_gradient_boosting.pkl
Metrics written to reports\backtests\laliga_totals_gradient_boosting_metrics.json
[2025-12-07 23:31:34] Training BUNDESLIGA ensemble model...
C:\Users\Bobby\AppData\Local\Packages\PythonSoftwareFoundation.Python.3.11_qbz5n2kfra8p0\LocalCache\Local\pypoetry\Cache\virtualenvs\sports-betting-analytics-w0RVEvSZ-py3.11\Lib\site-packages\sklearn\utils\validation.py:2749: UserWarning: X does not have valid feature names, but LGBMClassifier was fitted with feature names
  warnings.warn(
C:\Users\Bobby\AppData\Local\Packages\PythonSoftwareFoundation.Python.3.11_qbz5n2kfra8p0\LocalCache\Local\pypoetry\Cache\virtualenvs\sports-betting-analytics-w0RVEvSZ-py3.11\Lib\site-packages\sklearn\utils\validation.py:2749: UserWarning: X does not have valid feature names, but LGBMClassifier was fitted with feature names
  warnings.warn(
C:\Users\Bobby\AppData\Local\Packages\PythonSoftwareFoundation.Python.3.11_qbz5n2kfra8p0\LocalCache\Local\pypoetry\Cache\virtualenvs\sports-betting-analytics-w0RVEvSZ-py3.11\Lib\site-packages\sklearn\utils\validation.py:2749: UserWarning: X does not have valid feature names, but LGBMClassifier was fitted with feature names
  warnings.warn(
C:\Users\Bobby\AppData\Local\Packages\PythonSoftwareFoundation.Python.3.11_qbz5n2kfra8p0\LocalCache\Local\pypoetry\Cache\virtualenvs\sports-betting-analytics-w0RVEvSZ-py3.11\Lib\site-packages\sklearn\utils\validation.py:2749: UserWarning: X does not have valid feature names, but LGBMClassifier was fitted with feature names
  warnings.warn(
C:\Users\Bobby\AppData\Local\Packages\PythonSoftwareFoundation.Python.3.11_qbz5n2kfra8p0\LocalCache\Local\pypoetry\Cache\virtualenvs\sports-betting-analytics-w0RVEvSZ-py3.11\Lib\site-packages\sklearn\utils\validation.py:2749: UserWarning: X does not have valid feature names, but LGBMClassifier was fitted with feature names
  warnings.warn(
INFO:__main__:Loaded tuned params for BUNDESLIGA random_forest from config\tuned_params\bundesliga_random_forest.json
INFO:__main__:Ensemble pruning: 6 candidates, 6 kept (threshold=0.050, best_log_loss=0.589)
INFO:src.db.models:Persisted 815 predictions for model ensemble_calibrated_7aeb1ad8
INFO:__main__:Saved model to models\bundesliga_ensemble_calibrated_moneyline.pkl
INFO:__main__:Metrics written to reports\backtests\bundesliga_ensemble_calibrated_metrics.json
[2025-12-07 23:31:43] Training BUNDESLIGA random_forest model...
INFO:__main__:Loaded tuned params for BUNDESLIGA random_forest from config\tuned_params\bundesliga_random_forest.json
INFO:src.db.models:Persisted 815 predictions for model random_forest_calibrated_f23bcc42
INFO:__main__:Saved model to models\bundesliga_random_forest_calibrated_moneyline.pkl
INFO:__main__:Metrics written to reports\backtests\bundesliga_random_forest_calibrated_metrics.json
[2025-12-07 23:31:47] Training BUNDESLIGA random_forest totals model...
Totals model saved to models\bundesliga_totals_random_forest.pkl
Metrics written to reports\backtests\bundesliga_totals_random_forest_metrics.json
[2025-12-07 23:31:50] Training BUNDESLIGA gradient_boosting model...
INFO:src.db.models:Persisted 815 predictions for model gradient_boosting_calibrated_0887db38
INFO:__main__:Saved model to models\bundesliga_gradient_boosting_calibrated_moneyline.pkl
INFO:__main__:Metrics written to reports\backtests\bundesliga_gradient_boosting_calibrated_metrics.json
[2025-12-07 23:31:55] Training BUNDESLIGA gradient_boosting totals model...
Totals model saved to models\bundesliga_totals_gradient_boosting.pkl
Metrics written to reports\backtests\bundesliga_totals_gradient_boosting_metrics.json
[2025-12-07 23:31:57] Training SERIEA ensemble model...
C:\Users\Bobby\AppData\Local\Packages\PythonSoftwareFoundation.Python.3.11_qbz5n2kfra8p0\LocalCache\Local\pypoetry\Cache\virtualenvs\sports-betting-analytics-w0RVEvSZ-py3.11\Lib\site-packages\sklearn\utils\validation.py:2749: UserWarning: X does not have valid feature names, but LGBMClassifier was fitted with feature names
  warnings.warn(
C:\Users\Bobby\AppData\Local\Packages\PythonSoftwareFoundation.Python.3.11_qbz5n2kfra8p0\LocalCache\Local\pypoetry\Cache\virtualenvs\sports-betting-analytics-w0RVEvSZ-py3.11\Lib\site-packages\sklearn\utils\validation.py:2749: UserWarning: X does not have valid feature names, but LGBMClassifier was fitted with feature names
  warnings.warn(
C:\Users\Bobby\AppData\Local\Packages\PythonSoftwareFoundation.Python.3.11_qbz5n2kfra8p0\LocalCache\Local\pypoetry\Cache\virtualenvs\sports-betting-analytics-w0RVEvSZ-py3.11\Lib\site-packages\sklearn\utils\validation.py:2749: UserWarning: X does not have valid feature names, but LGBMClassifier was fitted with feature names
  warnings.warn(
C:\Users\Bobby\AppData\Local\Packages\PythonSoftwareFoundation.Python.3.11_qbz5n2kfra8p0\LocalCache\Local\pypoetry\Cache\virtualenvs\sports-betting-analytics-w0RVEvSZ-py3.11\Lib\site-packages\sklearn\utils\validation.py:2749: UserWarning: X does not have valid feature names, but LGBMClassifier was fitted with feature names
  warnings.warn(
C:\Users\Bobby\AppData\Local\Packages\PythonSoftwareFoundation.Python.3.11_qbz5n2kfra8p0\LocalCache\Local\pypoetry\Cache\virtualenvs\sports-betting-analytics-w0RVEvSZ-py3.11\Lib\site-packages\sklearn\utils\validation.py:2749: UserWarning: X does not have valid feature names, but LGBMClassifier was fitted with feature names
  warnings.warn(
INFO:__main__:Loaded tuned params for SERIEA random_forest from config\tuned_params\seriea_random_forest.json
INFO:__main__:Ensemble pruning: 6 candidates, 6 kept (threshold=0.050, best_log_loss=0.585)
INFO:src.db.models:Persisted 1003 predictions for model ensemble_calibrated_c3f52caa
INFO:__main__:Saved model to models\seriea_ensemble_calibrated_moneyline.pkl
INFO:__main__:Metrics written to reports\backtests\seriea_ensemble_calibrated_metrics.json
[2025-12-07 23:32:06] Training SERIEA random_forest model...
INFO:__main__:Loaded tuned params for SERIEA random_forest from config\tuned_params\seriea_random_forest.json
INFO:src.db.models:Persisted 1003 predictions for model random_forest_calibrated_8b29866e
INFO:__main__:Saved model to models\seriea_random_forest_calibrated_moneyline.pkl
INFO:__main__:Metrics written to reports\backtests\seriea_random_forest_calibrated_metrics.json
[2025-12-07 23:32:09] Training SERIEA random_forest totals model...
Totals model saved to models\seriea_totals_random_forest.pkl
Metrics written to reports\backtests\seriea_totals_random_forest_metrics.json
[2025-12-07 23:32:12] Training SERIEA gradient_boosting model...
INFO:src.db.models:Persisted 1003 predictions for model gradient_boosting_calibrated_ecab753b
INFO:__main__:Saved model to models\seriea_gradient_boosting_calibrated_moneyline.pkl
INFO:__main__:Metrics written to reports\backtests\seriea_gradient_boosting_calibrated_metrics.json
[2025-12-07 23:32:16] Training SERIEA gradient_boosting totals model...
Totals model saved to models\seriea_totals_gradient_boosting.pkl
Metrics written to reports\backtests\seriea_totals_gradient_boosting_metrics.json
[2025-12-07 23:32:19] Training LIGUE1 ensemble model...
C:\Users\Bobby\AppData\Local\Packages\PythonSoftwareFoundation.Python.3.11_qbz5n2kfra8p0\LocalCache\Local\pypoetry\Cache\virtualenvs\sports-betting-analytics-w0RVEvSZ-py3.11\Lib\site-packages\sklearn\utils\validation.py:2749: UserWarning: X does not have valid feature names, but LGBMClassifier was fitted with feature names
  warnings.warn(
C:\Users\Bobby\AppData\Local\Packages\PythonSoftwareFoundation.Python.3.11_qbz5n2kfra8p0\LocalCache\Local\pypoetry\Cache\virtualenvs\sports-betting-analytics-w0RVEvSZ-py3.11\Lib\site-packages\sklearn\utils\validation.py:2749: UserWarning: X does not have valid feature names, but LGBMClassifier was fitted with feature names
  warnings.warn(
C:\Users\Bobby\AppData\Local\Packages\PythonSoftwareFoundation.Python.3.11_qbz5n2kfra8p0\LocalCache\Local\pypoetry\Cache\virtualenvs\sports-betting-analytics-w0RVEvSZ-py3.11\Lib\site-packages\sklearn\utils\validation.py:2749: UserWarning: X does not have valid feature names, but LGBMClassifier was fitted with feature names
  warnings.warn(
C:\Users\Bobby\AppData\Local\Packages\PythonSoftwareFoundation.Python.3.11_qbz5n2kfra8p0\LocalCache\Local\pypoetry\Cache\virtualenvs\sports-betting-analytics-w0RVEvSZ-py3.11\Lib\site-packages\sklearn\utils\validation.py:2749: UserWarning: X does not have valid feature names, but LGBMClassifier was fitted with feature names
  warnings.warn(
C:\Users\Bobby\AppData\Local\Packages\PythonSoftwareFoundation.Python.3.11_qbz5n2kfra8p0\LocalCache\Local\pypoetry\Cache\virtualenvs\sports-betting-analytics-w0RVEvSZ-py3.11\Lib\site-packages\sklearn\utils\validation.py:2749: UserWarning: X does not have valid feature names, but LGBMClassifier was fitted with feature names
  warnings.warn(
INFO:__main__:Loaded tuned params for LIGUE1 random_forest from config\tuned_params\ligue1_random_forest.json
INFO:__main__:Ensemble pruning: 6 candidates, 6 kept (threshold=0.050, best_log_loss=0.592)
INFO:src.db.models:Persisted 1012 predictions for model ensemble_calibrated_ab474ec4
INFO:__main__:Saved model to models\ligue1_ensemble_calibrated_moneyline.pkl
INFO:__main__:Metrics written to reports\backtests\ligue1_ensemble_calibrated_metrics.json
[2025-12-07 23:32:27] Training LIGUE1 random_forest model...
INFO:__main__:Loaded tuned params for LIGUE1 random_forest from config\tuned_params\ligue1_random_forest.json
INFO:src.db.models:Persisted 1012 predictions for model random_forest_calibrated_0f1a7aaf
INFO:__main__:Saved model to models\ligue1_random_forest_calibrated_moneyline.pkl
INFO:__main__:Metrics written to reports\backtests\ligue1_random_forest_calibrated_metrics.json
[2025-12-07 23:32:31] Training LIGUE1 random_forest totals model...
Totals model saved to models\ligue1_totals_random_forest.pkl
Metrics written to reports\backtests\ligue1_totals_random_forest_metrics.json
[2025-12-07 23:32:34] Training LIGUE1 gradient_boosting model...
INFO:src.db.models:Persisted 1012 predictions for model gradient_boosting_calibrated_808ace45
INFO:__main__:Saved model to models\ligue1_gradient_boosting_calibrated_moneyline.pkl
INFO:__main__:Metrics written to reports\backtests\ligue1_gradient_boosting_calibrated_metrics.json
[2025-12-07 23:32:38] Training LIGUE1 gradient_boosting totals model...
Totals model saved to models\ligue1_totals_gradient_boosting.pkl
Metrics written to reports\backtests\ligue1_totals_gradient_boosting_metrics.json
[2025-12-07 23:32:41] =========================================
[2025-12-07 23:32:41] TRAINING pipeline completed
[2025-12-07 23:32:41] =========================================
Transcript stopped, output file is C:\Users\Bobby\Desktop\sports\logs\train_pipeline_20251207_232537.log
=== Starting Prediction Pipeline ===
[2025-12-07 23:32:41] =========================================
[2025-12-07 23:32:41] Starting PREDICTION pipeline
[2025-12-07 23:32:41] =========================================
[2025-12-07 23:32:41] Processing leagues: NFL, NBA, CFB, NCAAB, NHL, EPL, LALIGA, BUNDESLIGA, SERIEA, LIGUE1
[2025-12-07 23:32:41] Step 0: Creating backups...
[2025-12-07 23:32:41] Backing up database...

[2025-12-07 23:32:43] Backing up prediction files...

[2025-12-07 23:32:44] Step 1: Generating predictions...
[2025-12-07 23:32:44] Generating predictions for NFL with ensemble model...
INFO:__main__:Running predictions for NFL...
INFO:src.predict.engine:Loaded ensemble model for NFL
INFO:src.predict.engine:Loaded gradient_boosting totals model for NFL (ensemble)
INFO:src.predict.engine:prepare_features: Processing 19 games for NFL
WARNING:src.predict.engine:Skipping rolling stats: empty=True, home=KC, away=HOU
WARNING:src.predict.engine:Skipping rolling stats: empty=True, home=KC, away=HOU
WARNING:src.predict.engine:Skipping rolling stats: empty=True, home=LAC, away=PHI
WARNING:src.predict.engine:Skipping rolling stats: empty=True, home=LAC, away=PHI
WARNING:src.predict.engine:Skipping rolling stats: empty=True, home=TB, away=ATL
WARNING:src.predict.engine:Skipping rolling stats: empty=True, home=LA, away=DET
WARNING:src.predict.engine:Skipping rolling stats: empty=True, home=CHI, away=CLE
WARNING:src.predict.engine:Skipping rolling stats: empty=True, home=CIN, away=BAL
WARNING:src.predict.engine:Skipping rolling stats: empty=True, home=HOU, away=ARI
WARNING:src.predict.engine:Skipping rolling stats: empty=True, home=JAX, away=NYJ
WARNING:src.predict.engine:Skipping rolling stats: empty=True, home=KC, away=LAC
WARNING:src.predict.engine:Skipping rolling stats: empty=True, home=NE, away=BUF
WARNING:src.predict.engine:Skipping rolling stats: empty=True, home=NYG, away=WAS
WARNING:src.predict.engine:Skipping rolling stats: empty=True, home=PHI, away=LV
WARNING:src.predict.engine:Skipping rolling stats: empty=True, home=LAR, away=DET
WARNING:src.predict.engine:Skipping rolling stats: empty=True, home=DEN, away=GB
WARNING:src.predict.engine:Skipping rolling stats: empty=True, home=NO, away=CAR
WARNING:src.predict.engine:Skipping rolling stats: empty=True, home=SEA, away=IND
WARNING:src.predict.engine:Skipping rolling stats: empty=True, home=SF, away=TEN
C:\Users\Bobby\AppData\Local\Packages\PythonSoftwareFoundation.Python.3.11_qbz5n2kfra8p0\LocalCache\Local\pypoetry\Cache\virtualenvs\sports-betting-analytics-w0RVEvSZ-py3.11\Lib\site-packages\sklearn\utils\validation.py:2749: UserWarning: X does not have valid feature names, but LGBMClassifier was fitted with feature names
  warnings.warn(
INFO:src.predict.storage:Saved 19 predictions to database for ensemble
[2025-12-07 23:32:49] Generating predictions for NFL with random_forest model...
INFO:__main__:Running predictions for NFL...
INFO:src.predict.engine:Loaded random_forest model for NFL
INFO:src.predict.engine:Loaded random_forest totals model for NFL (random_forest)
INFO:src.predict.engine:prepare_features: Processing 19 games for NFL
WARNING:src.predict.engine:Skipping rolling stats: empty=True, home=KC, away=HOU
WARNING:src.predict.engine:Skipping rolling stats: empty=True, home=KC, away=HOU
WARNING:src.predict.engine:Skipping rolling stats: empty=True, home=LAC, away=PHI
WARNING:src.predict.engine:Skipping rolling stats: empty=True, home=LAC, away=PHI
WARNING:src.predict.engine:Skipping rolling stats: empty=True, home=TB, away=ATL
WARNING:src.predict.engine:Skipping rolling stats: empty=True, home=LA, away=DET
WARNING:src.predict.engine:Skipping rolling stats: empty=True, home=CHI, away=CLE
WARNING:src.predict.engine:Skipping rolling stats: empty=True, home=CIN, away=BAL
WARNING:src.predict.engine:Skipping rolling stats: empty=True, home=HOU, away=ARI
WARNING:src.predict.engine:Skipping rolling stats: empty=True, home=JAX, away=NYJ
WARNING:src.predict.engine:Skipping rolling stats: empty=True, home=KC, away=LAC
WARNING:src.predict.engine:Skipping rolling stats: empty=True, home=NE, away=BUF
WARNING:src.predict.engine:Skipping rolling stats: empty=True, home=NYG, away=WAS
WARNING:src.predict.engine:Skipping rolling stats: empty=True, home=PHI, away=LV
WARNING:src.predict.engine:Skipping rolling stats: empty=True, home=LAR, away=DET
WARNING:src.predict.engine:Skipping rolling stats: empty=True, home=DEN, away=GB
WARNING:src.predict.engine:Skipping rolling stats: empty=True, home=NO, away=CAR
WARNING:src.predict.engine:Skipping rolling stats: empty=True, home=SEA, away=IND
WARNING:src.predict.engine:Skipping rolling stats: empty=True, home=SF, away=TEN
INFO:src.predict.storage:Saved 19 predictions to database for random_forest
[2025-12-07 23:32:52] Generating predictions for NFL with gradient_boosting model...
INFO:__main__:Running predictions for NFL...
INFO:src.predict.engine:Loaded gradient_boosting model for NFL
INFO:src.predict.engine:Loaded gradient_boosting totals model for NFL (gradient_boosting)
INFO:src.predict.engine:prepare_features: Processing 19 games for NFL
WARNING:src.predict.engine:Skipping rolling stats: empty=True, home=KC, away=HOU
WARNING:src.predict.engine:Skipping rolling stats: empty=True, home=KC, away=HOU
WARNING:src.predict.engine:Skipping rolling stats: empty=True, home=LAC, away=PHI
WARNING:src.predict.engine:Skipping rolling stats: empty=True, home=LAC, away=PHI
WARNING:src.predict.engine:Skipping rolling stats: empty=True, home=TB, away=ATL
WARNING:src.predict.engine:Skipping rolling stats: empty=True, home=LA, away=DET
WARNING:src.predict.engine:Skipping rolling stats: empty=True, home=CHI, away=CLE
WARNING:src.predict.engine:Skipping rolling stats: empty=True, home=CIN, away=BAL
WARNING:src.predict.engine:Skipping rolling stats: empty=True, home=HOU, away=ARI
WARNING:src.predict.engine:Skipping rolling stats: empty=True, home=JAX, away=NYJ
WARNING:src.predict.engine:Skipping rolling stats: empty=True, home=KC, away=LAC
WARNING:src.predict.engine:Skipping rolling stats: empty=True, home=NE, away=BUF
WARNING:src.predict.engine:Skipping rolling stats: empty=True, home=NYG, away=WAS
WARNING:src.predict.engine:Skipping rolling stats: empty=True, home=PHI, away=LV
WARNING:src.predict.engine:Skipping rolling stats: empty=True, home=LAR, away=DET
WARNING:src.predict.engine:Skipping rolling stats: empty=True, home=DEN, away=GB
WARNING:src.predict.engine:Skipping rolling stats: empty=True, home=NO, away=CAR
WARNING:src.predict.engine:Skipping rolling stats: empty=True, home=SEA, away=IND
WARNING:src.predict.engine:Skipping rolling stats: empty=True, home=SF, away=TEN
INFO:src.predict.storage:Saved 19 predictions to database for gradient_boosting
[2025-12-07 23:32:56] Generating predictions for NBA with ensemble model...
INFO:__main__:Running predictions for NBA...
INFO:src.predict.engine:Loaded ensemble model for NBA
INFO:src.predict.engine:Loaded gradient_boosting totals model for NBA (ensemble)
INFO:src.predict.engine:prepare_features: Processing 8 games for NBA
C:\Users\Bobby\AppData\Local\Packages\PythonSoftwareFoundation.Python.3.11_qbz5n2kfra8p0\LocalCache\Local\pypoetry\Cache\virtualenvs\sports-betting-analytics-w0RVEvSZ-py3.11\Lib\site-packages\sklearn\utils\validation.py:2749: UserWarning: X does not have valid feature names, but LGBMClassifier was fitted with feature names
  warnings.warn(
INFO:src.predict.storage:Saved 8 predictions to database for ensemble
[2025-12-07 23:33:01] Generating predictions for NBA with random_forest model...
INFO:__main__:Running predictions for NBA...
INFO:src.predict.engine:Loaded random_forest model for NBA
INFO:src.predict.engine:Loaded random_forest totals model for NBA (random_forest)
INFO:src.predict.engine:prepare_features: Processing 8 games for NBA
INFO:src.predict.storage:Saved 8 predictions to database for random_forest
[2025-12-07 23:33:03] Generating predictions for NBA with gradient_boosting model...
INFO:__main__:Running predictions for NBA...
INFO:src.predict.engine:Loaded gradient_boosting model for NBA
INFO:src.predict.engine:Loaded gradient_boosting totals model for NBA (gradient_boosting)
INFO:src.predict.engine:prepare_features: Processing 8 games for NBA
INFO:src.predict.storage:Saved 8 predictions to database for gradient_boosting
[2025-12-07 23:33:07] Generating predictions for CFB with ensemble model...
INFO:__main__:Running predictions for CFB...
INFO:src.predict.engine:Loaded ensemble model for CFB
INFO:src.predict.engine:Loaded gradient_boosting totals model for CFB (ensemble)
INFO:src.predict.engine:prepare_features: Processing 2 games for CFB
WARNING:src.predict.engine:Skipping rolling stats: empty=True, home=NAVY, away=ARMY
WARNING:src.predict.engine:Skipping rolling stats: empty=True, home=UW, away=BOISE
INFO:src.predict.storage:Saved 2 predictions to database for ensemble
[2025-12-07 23:33:12] Generating predictions for CFB with random_forest model...
INFO:__main__:Running predictions for CFB...
INFO:src.predict.engine:Loaded random_forest model for CFB
INFO:src.predict.engine:Loaded random_forest totals model for CFB (random_forest)
INFO:src.predict.engine:prepare_features: Processing 2 games for CFB
WARNING:src.predict.engine:Skipping rolling stats: empty=True, home=NAVY, away=ARMY
WARNING:src.predict.engine:Skipping rolling stats: empty=True, home=UW, away=BOISE
INFO:src.predict.storage:Saved 2 predictions to database for random_forest
[2025-12-07 23:33:14] Generating predictions for CFB with gradient_boosting model...
INFO:__main__:Running predictions for CFB...
INFO:src.predict.engine:Loaded gradient_boosting model for CFB
INFO:src.predict.engine:Loaded gradient_boosting totals model for CFB (gradient_boosting)
INFO:src.predict.engine:prepare_features: Processing 2 games for CFB
WARNING:src.predict.engine:Skipping rolling stats: empty=True, home=NAVY, away=ARMY
WARNING:src.predict.engine:Skipping rolling stats: empty=True, home=UW, away=BOISE
INFO:src.predict.storage:Saved 2 predictions to database for gradient_boosting
[2025-12-07 23:33:19] Generating predictions for NCAAB with ensemble model...
INFO:__main__:Running predictions for NCAAB...
INFO:src.predict.engine:Loaded ensemble model for NCAAB
INFO:src.predict.engine:Loaded gradient_boosting totals model for NCAAB (ensemble)
INFO:src.predict.engine:prepare_features: Processing 9 games for NCAAB
WARNING:src.predict.engine:Skipping rolling stats: empty=True, home=PQU, away=LLE
WARNING:src.predict.engine:Skipping rolling stats: empty=True, home=CBU, away=SBU
WARNING:src.predict.engine:Skipping rolling stats: empty=True, home=SEA, away=GTI
WARNING:src.predict.engine:Skipping rolling stats: empty=True, home=NPR, away=ICA
WARNING:src.predict.engine:Skipping rolling stats: empty=True, home=KWI, away=MDE
WARNING:src.predict.engine:Skipping rolling stats: empty=True, home=TLO, away=SJA
WARNING:src.predict.engine:Skipping rolling stats: empty=True, home=BCO, away=CTI
WARNING:src.predict.engine:Skipping rolling stats: empty=True, home=OBU, away=IIL
WARNING:src.predict.engine:Skipping rolling stats: empty=True, home=UHU, away=FGA
C:\Users\Bobby\AppData\Local\Packages\PythonSoftwareFoundation.Python.3.11_qbz5n2kfra8p0\LocalCache\Local\pypoetry\Cache\virtualenvs\sports-betting-analytics-w0RVEvSZ-py3.11\Lib\site-packages\sklearn\utils\validation.py:2749: UserWarning: X does not have valid feature names, but LGBMClassifier was fitted with feature names
  warnings.warn(
INFO:src.predict.storage:Saved 9 predictions to database for ensemble
[2025-12-07 23:33:23] Generating predictions for NCAAB with random_forest model...
INFO:__main__:Running predictions for NCAAB...
INFO:src.predict.engine:Loaded random_forest model for NCAAB
INFO:src.predict.engine:Loaded random_forest totals model for NCAAB (random_forest)
INFO:src.predict.engine:prepare_features: Processing 9 games for NCAAB
WARNING:src.predict.engine:Skipping rolling stats: empty=True, home=PQU, away=LLE
WARNING:src.predict.engine:Skipping rolling stats: empty=True, home=CBU, away=SBU
WARNING:src.predict.engine:Skipping rolling stats: empty=True, home=SEA, away=GTI
WARNING:src.predict.engine:Skipping rolling stats: empty=True, home=NPR, away=ICA
WARNING:src.predict.engine:Skipping rolling stats: empty=True, home=KWI, away=MDE
WARNING:src.predict.engine:Skipping rolling stats: empty=True, home=TLO, away=SJA
WARNING:src.predict.engine:Skipping rolling stats: empty=True, home=BCO, away=CTI
WARNING:src.predict.engine:Skipping rolling stats: empty=True, home=OBU, away=IIL
WARNING:src.predict.engine:Skipping rolling stats: empty=True, home=UHU, away=FGA
INFO:src.predict.storage:Saved 9 predictions to database for random_forest
[2025-12-07 23:33:26] Generating predictions for NCAAB with gradient_boosting model...
INFO:__main__:Running predictions for NCAAB...
INFO:src.predict.engine:Loaded gradient_boosting model for NCAAB
INFO:src.predict.engine:Loaded gradient_boosting totals model for NCAAB (gradient_boosting)
INFO:src.predict.engine:prepare_features: Processing 9 games for NCAAB
WARNING:src.predict.engine:Skipping rolling stats: empty=True, home=PQU, away=LLE
WARNING:src.predict.engine:Skipping rolling stats: empty=True, home=CBU, away=SBU
WARNING:src.predict.engine:Skipping rolling stats: empty=True, home=SEA, away=GTI
WARNING:src.predict.engine:Skipping rolling stats: empty=True, home=NPR, away=ICA
WARNING:src.predict.engine:Skipping rolling stats: empty=True, home=KWI, away=MDE
WARNING:src.predict.engine:Skipping rolling stats: empty=True, home=TLO, away=SJA
WARNING:src.predict.engine:Skipping rolling stats: empty=True, home=BCO, away=CTI
WARNING:src.predict.engine:Skipping rolling stats: empty=True, home=OBU, away=IIL
WARNING:src.predict.engine:Skipping rolling stats: empty=True, home=UHU, away=FGA
INFO:src.predict.storage:Saved 9 predictions to database for gradient_boosting
[2025-12-07 23:33:31] Generating predictions for NHL with ensemble model...
INFO:__main__:Running predictions for NHL...
INFO:src.predict.engine:Loaded ensemble model for NHL
INFO:src.predict.engine:Loaded gradient_boosting totals model for NHL (ensemble)
INFO:src.predict.engine:prepare_features: Processing 5 games for NHL
WARNING:src.predict.engine:Skipping rolling stats: empty=True, home=TOR, away=TBL
WARNING:src.predict.engine:Skipping rolling stats: empty=True, home=CGY, away=BUF
WARNING:src.predict.engine:Skipping rolling stats: empty=True, home=UMA, away=LAK
WARNING:src.predict.engine:Skipping rolling stats: empty=True, home=VAN, away=DET
WARNING:src.predict.engine:Skipping rolling stats: empty=True, home=SEA, away=MIN
C:\Users\Bobby\AppData\Local\Packages\PythonSoftwareFoundation.Python.3.11_qbz5n2kfra8p0\LocalCache\Local\pypoetry\Cache\virtualenvs\sports-betting-analytics-w0RVEvSZ-py3.11\Lib\site-packages\sklearn\utils\validation.py:2749: UserWarning: X does not have valid feature names, but LGBMClassifier was fitted with feature names
  warnings.warn(
INFO:src.predict.storage:Saved 5 predictions to database for ensemble
[2025-12-07 23:33:35] Generating predictions for NHL with random_forest model...
INFO:__main__:Running predictions for NHL...
INFO:src.predict.engine:Loaded random_forest model for NHL
INFO:src.predict.engine:Loaded random_forest totals model for NHL (random_forest)
INFO:src.predict.engine:prepare_features: Processing 5 games for NHL
WARNING:src.predict.engine:Skipping rolling stats: empty=True, home=TOR, away=TBL
WARNING:src.predict.engine:Skipping rolling stats: empty=True, home=CGY, away=BUF
WARNING:src.predict.engine:Skipping rolling stats: empty=True, home=UMA, away=LAK
WARNING:src.predict.engine:Skipping rolling stats: empty=True, home=VAN, away=DET
WARNING:src.predict.engine:Skipping rolling stats: empty=True, home=SEA, away=MIN
INFO:src.predict.storage:Saved 5 predictions to database for random_forest
[2025-12-07 23:33:38] Generating predictions for NHL with gradient_boosting model...
INFO:__main__:Running predictions for NHL...
INFO:src.predict.engine:Loaded gradient_boosting model for NHL
INFO:src.predict.engine:Loaded gradient_boosting totals model for NHL (gradient_boosting)
INFO:src.predict.engine:prepare_features: Processing 5 games for NHL
WARNING:src.predict.engine:Skipping rolling stats: empty=True, home=TOR, away=TBL
WARNING:src.predict.engine:Skipping rolling stats: empty=True, home=CGY, away=BUF
WARNING:src.predict.engine:Skipping rolling stats: empty=True, home=UMA, away=LAK
WARNING:src.predict.engine:Skipping rolling stats: empty=True, home=VAN, away=DET
WARNING:src.predict.engine:Skipping rolling stats: empty=True, home=SEA, away=MIN
INFO:src.predict.storage:Saved 5 predictions to database for gradient_boosting
[2025-12-07 23:33:42] Generating predictions for EPL with ensemble model...
INFO:__main__:Running predictions for EPL...
INFO:src.predict.engine:Loaded ensemble model for EPL
INFO:src.predict.engine:Loaded gradient_boosting totals model for EPL (ensemble)
INFO:src.predict.engine:prepare_features: Processing 20 games for EPL
WARNING:src.predict.engine:Skipping rolling stats: empty=True, home=WOL, away=MUN
WARNING:src.predict.engine:Skipping rolling stats: empty=True, home=BUR, away=BUR
WARNING:src.predict.engine:Skipping rolling stats: empty=True, home=CHE, away=EVE
WARNING:src.predict.engine:Skipping rolling stats: empty=True, home=LIV, away=BAL
WARNING:src.predict.engine:Skipping rolling stats: empty=True, home=BUR, away=BUR
WARNING:src.predict.engine:Skipping rolling stats: empty=True, home=BUR, away=BUR
WARNING:src.predict.engine:Skipping rolling stats: empty=True, home=BUR, away=FUL
WARNING:src.predict.engine:Skipping rolling stats: empty=True, home=BUR, away=BUR
WARNING:src.predict.engine:Skipping rolling stats: empty=True, home=ARS, away=WOL
WARNING:src.predict.engine:Skipping rolling stats: empty=True, home=BUR, away=BUR
WARNING:src.predict.engine:Skipping rolling stats: empty=True, home=SUN, away=NEW
WARNING:src.predict.engine:Skipping rolling stats: empty=True, home=WHU, away=AVL
WARNING:src.predict.engine:Skipping rolling stats: empty=True, home=NFO, away=TOT
WARNING:src.predict.engine:Skipping rolling stats: empty=True, home=CRY, away=MCI
WARNING:src.predict.engine:Skipping rolling stats: empty=True, home=BUR, away=BUR
WARNING:src.predict.engine:Skipping rolling stats: empty=True, home=BUR, away=BUR
WARNING:src.predict.engine:Skipping rolling stats: empty=True, home=BUR, away=BUR
WARNING:src.predict.engine:Skipping rolling stats: empty=True, home=BUR, away=BUR
WARNING:src.predict.engine:Skipping rolling stats: empty=True, home=BRENTFORD, away=LUN
WARNING:src.predict.engine:Skipping rolling stats: empty=True, home=BUR, away=BUR
C:\Users\Bobby\AppData\Local\Packages\PythonSoftwareFoundation.Python.3.11_qbz5n2kfra8p0\LocalCache\Local\pypoetry\Cache\virtualenvs\sports-betting-analytics-w0RVEvSZ-py3.11\Lib\site-packages\sklearn\utils\validation.py:2749: UserWarning: X does not have valid feature names, but LGBMClassifier was fitted with feature names
  warnings.warn(
INFO:src.predict.storage:Saved 20 predictions to database for ensemble
[2025-12-07 23:33:47] Generating predictions for EPL with random_forest model...
INFO:__main__:Running predictions for EPL...
INFO:src.predict.engine:Loaded random_forest model for EPL
INFO:src.predict.engine:Loaded random_forest totals model for EPL (random_forest)
INFO:src.predict.engine:prepare_features: Processing 20 games for EPL
WARNING:src.predict.engine:Skipping rolling stats: empty=True, home=WOL, away=MUN
WARNING:src.predict.engine:Skipping rolling stats: empty=True, home=BUR, away=BUR
WARNING:src.predict.engine:Skipping rolling stats: empty=True, home=CHE, away=EVE
WARNING:src.predict.engine:Skipping rolling stats: empty=True, home=LIV, away=BAL
WARNING:src.predict.engine:Skipping rolling stats: empty=True, home=BUR, away=BUR
WARNING:src.predict.engine:Skipping rolling stats: empty=True, home=BUR, away=BUR
WARNING:src.predict.engine:Skipping rolling stats: empty=True, home=BUR, away=FUL
WARNING:src.predict.engine:Skipping rolling stats: empty=True, home=BUR, away=BUR
WARNING:src.predict.engine:Skipping rolling stats: empty=True, home=ARS, away=WOL
WARNING:src.predict.engine:Skipping rolling stats: empty=True, home=BUR, away=BUR
WARNING:src.predict.engine:Skipping rolling stats: empty=True, home=SUN, away=NEW
WARNING:src.predict.engine:Skipping rolling stats: empty=True, home=WHU, away=AVL
WARNING:src.predict.engine:Skipping rolling stats: empty=True, home=NFO, away=TOT
WARNING:src.predict.engine:Skipping rolling stats: empty=True, home=CRY, away=MCI
WARNING:src.predict.engine:Skipping rolling stats: empty=True, home=BUR, away=BUR
WARNING:src.predict.engine:Skipping rolling stats: empty=True, home=BUR, away=BUR
WARNING:src.predict.engine:Skipping rolling stats: empty=True, home=BUR, away=BUR
WARNING:src.predict.engine:Skipping rolling stats: empty=True, home=BUR, away=BUR
WARNING:src.predict.engine:Skipping rolling stats: empty=True, home=BRENTFORD, away=LUN
WARNING:src.predict.engine:Skipping rolling stats: empty=True, home=BUR, away=BUR
INFO:src.predict.storage:Saved 20 predictions to database for random_forest
[2025-12-07 23:33:49] Generating predictions for EPL with gradient_boosting model...
INFO:__main__:Running predictions for EPL...
INFO:src.predict.engine:Loaded gradient_boosting model for EPL
INFO:src.predict.engine:Loaded gradient_boosting totals model for EPL (gradient_boosting)
INFO:src.predict.engine:prepare_features: Processing 20 games for EPL
WARNING:src.predict.engine:Skipping rolling stats: empty=True, home=WOL, away=MUN
WARNING:src.predict.engine:Skipping rolling stats: empty=True, home=BUR, away=BUR
WARNING:src.predict.engine:Skipping rolling stats: empty=True, home=CHE, away=EVE
WARNING:src.predict.engine:Skipping rolling stats: empty=True, home=LIV, away=BAL
WARNING:src.predict.engine:Skipping rolling stats: empty=True, home=BUR, away=BUR
WARNING:src.predict.engine:Skipping rolling stats: empty=True, home=BUR, away=BUR
WARNING:src.predict.engine:Skipping rolling stats: empty=True, home=BUR, away=FUL
WARNING:src.predict.engine:Skipping rolling stats: empty=True, home=BUR, away=BUR
WARNING:src.predict.engine:Skipping rolling stats: empty=True, home=ARS, away=WOL
WARNING:src.predict.engine:Skipping rolling stats: empty=True, home=BUR, away=BUR
WARNING:src.predict.engine:Skipping rolling stats: empty=True, home=SUN, away=NEW
WARNING:src.predict.engine:Skipping rolling stats: empty=True, home=WHU, away=AVL
WARNING:src.predict.engine:Skipping rolling stats: empty=True, home=NFO, away=TOT
WARNING:src.predict.engine:Skipping rolling stats: empty=True, home=CRY, away=MCI
WARNING:src.predict.engine:Skipping rolling stats: empty=True, home=BUR, away=BUR
WARNING:src.predict.engine:Skipping rolling stats: empty=True, home=BUR, away=BUR
WARNING:src.predict.engine:Skipping rolling stats: empty=True, home=BUR, away=BUR
WARNING:src.predict.engine:Skipping rolling stats: empty=True, home=BUR, away=BUR
WARNING:src.predict.engine:Skipping rolling stats: empty=True, home=BRENTFORD, away=LUN
WARNING:src.predict.engine:Skipping rolling stats: empty=True, home=BUR, away=BUR
INFO:src.predict.storage:Saved 20 predictions to database for gradient_boosting
[2025-12-07 23:33:54] Generating predictions for LALIGA with ensemble model...
INFO:__main__:Running predictions for LALIGA...
INFO:src.predict.engine:Loaded ensemble model for LALIGA
INFO:src.predict.engine:Loaded gradient_boosting totals model for LALIGA (ensemble)
INFO:src.predict.engine:prepare_features: Processing 10 games for LALIGA
WARNING:src.predict.engine:Skipping rolling stats: empty=True, home=OSA, away=LEVANTE
WARNING:src.predict.engine:Skipping rolling stats: empty=True, home=RSO, away=GIRONA
WARNING:src.predict.engine:Skipping rolling stats: empty=True, home=ATM, away=VAL
WARNING:src.predict.engine:Skipping rolling stats: empty=True, home=MALLORCA, away=ELC
WARNING:src.predict.engine:Skipping rolling stats: empty=True, home=BAR, away=OSA
WARNING:src.predict.engine:Skipping rolling stats: empty=True, home=GETAFE, away=ESPANYOL
WARNING:src.predict.engine:Skipping rolling stats: empty=True, home=SEV, away=ROV
WARNING:src.predict.engine:Skipping rolling stats: empty=True, home=CVI, away=ATH
WARNING:src.predict.engine:Skipping rolling stats: empty=True, home=LEVANTE, away=VIL
WARNING:src.predict.engine:Skipping rolling stats: empty=True, home=ALAV╔S, away=RMA
C:\Users\Bobby\AppData\Local\Packages\PythonSoftwareFoundation.Python.3.11_qbz5n2kfra8p0\LocalCache\Local\pypoetry\Cache\virtualenvs\sports-betting-analytics-w0RVEvSZ-py3.11\Lib\site-packages\sklearn\utils\validation.py:2749: UserWarning: X does not have valid feature names, but LGBMClassifier was fitted with feature names
  warnings.warn(
INFO:src.predict.storage:Saved 10 predictions to database for ensemble
[2025-12-07 23:33:59] Generating predictions for LALIGA with random_forest model...
INFO:__main__:Running predictions for LALIGA...
INFO:src.predict.engine:Loaded random_forest model for LALIGA
INFO:src.predict.engine:Loaded random_forest totals model for LALIGA (random_forest)
INFO:src.predict.engine:prepare_features: Processing 10 games for LALIGA
WARNING:src.predict.engine:Skipping rolling stats: empty=True, home=OSA, away=LEVANTE
WARNING:src.predict.engine:Skipping rolling stats: empty=True, home=RSO, away=GIRONA
WARNING:src.predict.engine:Skipping rolling stats: empty=True, home=ATM, away=VAL
WARNING:src.predict.engine:Skipping rolling stats: empty=True, home=MALLORCA, away=ELC
WARNING:src.predict.engine:Skipping rolling stats: empty=True, home=BAR, away=OSA
WARNING:src.predict.engine:Skipping rolling stats: empty=True, home=GETAFE, away=ESPANYOL
WARNING:src.predict.engine:Skipping rolling stats: empty=True, home=SEV, away=ROV
WARNING:src.predict.engine:Skipping rolling stats: empty=True, home=CVI, away=ATH
WARNING:src.predict.engine:Skipping rolling stats: empty=True, home=LEVANTE, away=VIL
WARNING:src.predict.engine:Skipping rolling stats: empty=True, home=ALAV╔S, away=RMA
INFO:src.predict.storage:Saved 10 predictions to database for random_forest
[2025-12-07 23:34:02] Generating predictions for LALIGA with gradient_boosting model...
INFO:__main__:Running predictions for LALIGA...
INFO:src.predict.engine:Loaded gradient_boosting model for LALIGA
INFO:src.predict.engine:Loaded gradient_boosting totals model for LALIGA (gradient_boosting)
INFO:src.predict.engine:prepare_features: Processing 10 games for LALIGA
WARNING:src.predict.engine:Skipping rolling stats: empty=True, home=OSA, away=LEVANTE
WARNING:src.predict.engine:Skipping rolling stats: empty=True, home=RSO, away=GIRONA
WARNING:src.predict.engine:Skipping rolling stats: empty=True, home=ATM, away=VAL
WARNING:src.predict.engine:Skipping rolling stats: empty=True, home=MALLORCA, away=ELC
WARNING:src.predict.engine:Skipping rolling stats: empty=True, home=BAR, away=OSA
WARNING:src.predict.engine:Skipping rolling stats: empty=True, home=GETAFE, away=ESPANYOL
WARNING:src.predict.engine:Skipping rolling stats: empty=True, home=SEV, away=ROV
WARNING:src.predict.engine:Skipping rolling stats: empty=True, home=CVI, away=ATH
WARNING:src.predict.engine:Skipping rolling stats: empty=True, home=LEVANTE, away=VIL
WARNING:src.predict.engine:Skipping rolling stats: empty=True, home=ALAV╔S, away=RMA
INFO:src.predict.storage:Saved 10 predictions to database for gradient_boosting
[2025-12-07 23:34:06] Generating predictions for BUNDESLIGA with ensemble model...
INFO:__main__:Running predictions for BUNDESLIGA...
INFO:src.predict.engine:Loaded ensemble model for BUNDESLIGA
INFO:src.predict.engine:Loaded gradient_boosting totals model for BUNDESLIGA (ensemble)
INFO:src.predict.engine:prepare_features: Processing 9 games for BUNDESLIGA
WARNING:src.predict.engine:Skipping rolling stats: empty=True, home=1BE, away=RLE
WARNING:src.predict.engine:Skipping rolling stats: empty=True, home=MGL, away=WOL
WARNING:src.predict.engine:Skipping rolling stats: empty=True, home=STP, away=118
WARNING:src.predict.engine:Skipping rolling stats: empty=True, home=FRA, away=AUGSBURG
WARNING:src.predict.engine:Skipping rolling stats: empty=True, home=THO, away=HAM
WARNING:src.predict.engine:Skipping rolling stats: empty=True, home=LEV, away=KOL
WARNING:src.predict.engine:Skipping rolling stats: empty=True, home=FRE, away=DOR
WARNING:src.predict.engine:Skipping rolling stats: empty=True, home=BMU, away=MAI
WARNING:src.predict.engine:Skipping rolling stats: empty=True, home=WER, away=STU
C:\Users\Bobby\AppData\Local\Packages\PythonSoftwareFoundation.Python.3.11_qbz5n2kfra8p0\LocalCache\Local\pypoetry\Cache\virtualenvs\sports-betting-analytics-w0RVEvSZ-py3.11\Lib\site-packages\sklearn\utils\validation.py:2749: UserWarning: X does not have valid feature names, but LGBMClassifier was fitted with feature names
  warnings.warn(
INFO:src.predict.storage:Saved 9 predictions to database for ensemble
[2025-12-07 23:34:10] Generating predictions for BUNDESLIGA with random_forest model...
INFO:__main__:Running predictions for BUNDESLIGA...
INFO:src.predict.engine:Loaded random_forest model for BUNDESLIGA
INFO:src.predict.engine:Loaded random_forest totals model for BUNDESLIGA (random_forest)
INFO:src.predict.engine:prepare_features: Processing 9 games for BUNDESLIGA
WARNING:src.predict.engine:Skipping rolling stats: empty=True, home=1BE, away=RLE
WARNING:src.predict.engine:Skipping rolling stats: empty=True, home=MGL, away=WOL
WARNING:src.predict.engine:Skipping rolling stats: empty=True, home=STP, away=118
WARNING:src.predict.engine:Skipping rolling stats: empty=True, home=FRA, away=AUGSBURG
WARNING:src.predict.engine:Skipping rolling stats: empty=True, home=THO, away=HAM
WARNING:src.predict.engine:Skipping rolling stats: empty=True, home=LEV, away=KOL
WARNING:src.predict.engine:Skipping rolling stats: empty=True, home=FRE, away=DOR
WARNING:src.predict.engine:Skipping rolling stats: empty=True, home=BMU, away=MAI
WARNING:src.predict.engine:Skipping rolling stats: empty=True, home=WER, away=STU
INFO:src.predict.storage:Saved 9 predictions to database for random_forest
[2025-12-07 23:34:13] Generating predictions for BUNDESLIGA with gradient_boosting model...
INFO:__main__:Running predictions for BUNDESLIGA...
INFO:src.predict.engine:Loaded gradient_boosting model for BUNDESLIGA
INFO:src.predict.engine:Loaded gradient_boosting totals model for BUNDESLIGA (gradient_boosting)
INFO:src.predict.engine:prepare_features: Processing 9 games for BUNDESLIGA
WARNING:src.predict.engine:Skipping rolling stats: empty=True, home=1BE, away=RLE
WARNING:src.predict.engine:Skipping rolling stats: empty=True, home=MGL, away=WOL
WARNING:src.predict.engine:Skipping rolling stats: empty=True, home=STP, away=118
WARNING:src.predict.engine:Skipping rolling stats: empty=True, home=FRA, away=AUGSBURG
WARNING:src.predict.engine:Skipping rolling stats: empty=True, home=THO, away=HAM
WARNING:src.predict.engine:Skipping rolling stats: empty=True, home=LEV, away=KOL
WARNING:src.predict.engine:Skipping rolling stats: empty=True, home=FRE, away=DOR
WARNING:src.predict.engine:Skipping rolling stats: empty=True, home=BMU, away=MAI
WARNING:src.predict.engine:Skipping rolling stats: empty=True, home=WER, away=STU
INFO:src.predict.storage:Saved 9 predictions to database for gradient_boosting
[2025-12-07 23:34:17] Generating predictions for SERIEA with ensemble model...
INFO:__main__:Running predictions for SERIEA...
INFO:src.predict.engine:Loaded ensemble model for SERIEA
INFO:src.predict.engine:Loaded gradient_boosting totals model for SERIEA (ensemble)
INFO:src.predict.engine:prepare_features: Processing 12 games for SERIEA
WARNING:src.predict.engine:Skipping rolling stats: empty=True, home=PISA, away=PAR
WARNING:src.predict.engine:Skipping rolling stats: empty=True, home=UDI, away=GEN
WARNING:src.predict.engine:Skipping rolling stats: empty=True, home=TOR, away=MIL
WARNING:src.predict.engine:Skipping rolling stats: empty=True, home=LEC, away=PISA
WARNING:src.predict.engine:Skipping rolling stats: empty=True, home=TOR, away=CREMONESE
WARNING:src.predict.engine:Skipping rolling stats: empty=True, home=PAR, away=LAZ
WARNING:src.predict.engine:Skipping rolling stats: empty=True, home=ATA, away=CAG
WARNING:src.predict.engine:Skipping rolling stats: empty=True, home=MIL, away=SAS
WARNING:src.predict.engine:Skipping rolling stats: empty=True, home=FIO, away=VER
WARNING:src.predict.engine:Skipping rolling stats: empty=True, home=UDI, away=NAP
WARNING:src.predict.engine:Skipping rolling stats: empty=True, home=GEN, away=INT
WARNING:src.predict.engine:Skipping rolling stats: empty=True, home=BOL, away=JUV
C:\Users\Bobby\AppData\Local\Packages\PythonSoftwareFoundation.Python.3.11_qbz5n2kfra8p0\LocalCache\Local\pypoetry\Cache\virtualenvs\sports-betting-analytics-w0RVEvSZ-py3.11\Lib\site-packages\sklearn\utils\validation.py:2749: UserWarning: X does not have valid feature names, but LGBMClassifier was fitted with feature names
  warnings.warn(
INFO:src.predict.storage:Saved 12 predictions to database for ensemble
[2025-12-07 23:34:22] Generating predictions for SERIEA with random_forest model...
INFO:__main__:Running predictions for SERIEA...
INFO:src.predict.engine:Loaded random_forest model for SERIEA
INFO:src.predict.engine:Loaded random_forest totals model for SERIEA (random_forest)
INFO:src.predict.engine:prepare_features: Processing 12 games for SERIEA
WARNING:src.predict.engine:Skipping rolling stats: empty=True, home=PISA, away=PAR
WARNING:src.predict.engine:Skipping rolling stats: empty=True, home=UDI, away=GEN
WARNING:src.predict.engine:Skipping rolling stats: empty=True, home=TOR, away=MIL
WARNING:src.predict.engine:Skipping rolling stats: empty=True, home=LEC, away=PISA
WARNING:src.predict.engine:Skipping rolling stats: empty=True, home=TOR, away=CREMONESE
WARNING:src.predict.engine:Skipping rolling stats: empty=True, home=PAR, away=LAZ
WARNING:src.predict.engine:Skipping rolling stats: empty=True, home=ATA, away=CAG
WARNING:src.predict.engine:Skipping rolling stats: empty=True, home=MIL, away=SAS
WARNING:src.predict.engine:Skipping rolling stats: empty=True, home=FIO, away=VER
WARNING:src.predict.engine:Skipping rolling stats: empty=True, home=UDI, away=NAP
WARNING:src.predict.engine:Skipping rolling stats: empty=True, home=GEN, away=INT
WARNING:src.predict.engine:Skipping rolling stats: empty=True, home=BOL, away=JUV
INFO:src.predict.storage:Saved 12 predictions to database for random_forest
[2025-12-07 23:34:25] Generating predictions for SERIEA with gradient_boosting model...
INFO:__main__:Running predictions for SERIEA...
INFO:src.predict.engine:Loaded gradient_boosting model for SERIEA
INFO:src.predict.engine:Loaded gradient_boosting totals model for SERIEA (gradient_boosting)
INFO:src.predict.engine:prepare_features: Processing 12 games for SERIEA
WARNING:src.predict.engine:Skipping rolling stats: empty=True, home=PISA, away=PAR
WARNING:src.predict.engine:Skipping rolling stats: empty=True, home=UDI, away=GEN
WARNING:src.predict.engine:Skipping rolling stats: empty=True, home=TOR, away=MIL
WARNING:src.predict.engine:Skipping rolling stats: empty=True, home=LEC, away=PISA
WARNING:src.predict.engine:Skipping rolling stats: empty=True, home=TOR, away=CREMONESE
WARNING:src.predict.engine:Skipping rolling stats: empty=True, home=PAR, away=LAZ
WARNING:src.predict.engine:Skipping rolling stats: empty=True, home=ATA, away=CAG
WARNING:src.predict.engine:Skipping rolling stats: empty=True, home=MIL, away=SAS
WARNING:src.predict.engine:Skipping rolling stats: empty=True, home=FIO, away=VER
WARNING:src.predict.engine:Skipping rolling stats: empty=True, home=UDI, away=NAP
WARNING:src.predict.engine:Skipping rolling stats: empty=True, home=GEN, away=INT
WARNING:src.predict.engine:Skipping rolling stats: empty=True, home=BOL, away=JUV
INFO:src.predict.storage:Saved 12 predictions to database for gradient_boosting
[2025-12-07 23:34:29] Generating predictions for LIGUE1 with ensemble model...
INFO:__main__:Running predictions for LIGUE1...
INFO:src.predict.engine:Loaded ensemble model for LIGUE1
INFO:src.predict.engine:Loaded gradient_boosting totals model for LIGUE1 (ensemble)
INFO:src.predict.engine:prepare_features: Processing 9 games for LIGUE1
WARNING:src.predict.engine:Skipping rolling stats: empty=True, home=ANG, away=NANTES
WARNING:src.predict.engine:Skipping rolling stats: empty=True, home=REN, away=BREST
WARNING:src.predict.engine:Skipping rolling stats: empty=True, home=METZ, away=PSG
WARNING:src.predict.engine:Skipping rolling stats: empty=True, home=PARIS FC, away=TOU
WARNING:src.predict.engine:Skipping rolling stats: empty=True, home=LYO, away=HAV
WARNING:src.predict.engine:Skipping rolling stats: empty=True, home=STRASBOURG, away=LORIENT
WARNING:src.predict.engine:Skipping rolling stats: empty=True, home=AUX, away=LIL
WARNING:src.predict.engine:Skipping rolling stats: empty=True, home=LEN, away=NIC
WARNING:src.predict.engine:Skipping rolling stats: empty=True, home=MAR, away=ASM
C:\Users\Bobby\AppData\Local\Packages\PythonSoftwareFoundation.Python.3.11_qbz5n2kfra8p0\LocalCache\Local\pypoetry\Cache\virtualenvs\sports-betting-analytics-w0RVEvSZ-py3.11\Lib\site-packages\sklearn\utils\validation.py:2749: UserWarning: X does not have valid feature names, but LGBMClassifier was fitted with feature names
  warnings.warn(
INFO:src.predict.storage:Saved 9 predictions to database for ensemble
[2025-12-07 23:34:33] Generating predictions for LIGUE1 with random_forest model...
INFO:__main__:Running predictions for LIGUE1...
INFO:src.predict.engine:Loaded random_forest model for LIGUE1
INFO:src.predict.engine:Loaded random_forest totals model for LIGUE1 (random_forest)
INFO:src.predict.engine:prepare_features: Processing 9 games for LIGUE1
WARNING:src.predict.engine:Skipping rolling stats: empty=True, home=ANG, away=NANTES
WARNING:src.predict.engine:Skipping rolling stats: empty=True, home=REN, away=BREST
WARNING:src.predict.engine:Skipping rolling stats: empty=True, home=METZ, away=PSG
WARNING:src.predict.engine:Skipping rolling stats: empty=True, home=PARIS FC, away=TOU
WARNING:src.predict.engine:Skipping rolling stats: empty=True, home=LYO, away=HAV
WARNING:src.predict.engine:Skipping rolling stats: empty=True, home=STRASBOURG, away=LORIENT
WARNING:src.predict.engine:Skipping rolling stats: empty=True, home=AUX, away=LIL
WARNING:src.predict.engine:Skipping rolling stats: empty=True, home=LEN, away=NIC
WARNING:src.predict.engine:Skipping rolling stats: empty=True, home=MAR, away=ASM
INFO:src.predict.storage:Saved 9 predictions to database for random_forest
[2025-12-07 23:34:36] Generating predictions for LIGUE1 with gradient_boosting model...
INFO:__main__:Running predictions for LIGUE1...
INFO:src.predict.engine:Loaded gradient_boosting model for LIGUE1
INFO:src.predict.engine:Loaded gradient_boosting totals model for LIGUE1 (gradient_boosting)
INFO:src.predict.engine:prepare_features: Processing 9 games for LIGUE1
WARNING:src.predict.engine:Skipping rolling stats: empty=True, home=ANG, away=NANTES
WARNING:src.predict.engine:Skipping rolling stats: empty=True, home=REN, away=BREST
WARNING:src.predict.engine:Skipping rolling stats: empty=True, home=METZ, away=PSG
WARNING:src.predict.engine:Skipping rolling stats: empty=True, home=PARIS FC, away=TOU
WARNING:src.predict.engine:Skipping rolling stats: empty=True, home=LYO, away=HAV
WARNING:src.predict.engine:Skipping rolling stats: empty=True, home=STRASBOURG, away=LORIENT
WARNING:src.predict.engine:Skipping rolling stats: empty=True, home=AUX, away=LIL
WARNING:src.predict.engine:Skipping rolling stats: empty=True, home=LEN, away=NIC
WARNING:src.predict.engine:Skipping rolling stats: empty=True, home=MAR, away=ASM
INFO:src.predict.storage:Saved 9 predictions to database for gradient_boosting
[2025-12-07 23:34:40] Prediction generation complete
[2025-12-07 23:34:40] Step 2: Result syncing is now handled by ingestion pipeline.
[2025-12-07 23:34:40] =========================================
[2025-12-07 23:34:40] PREDICTION pipeline completed
[2025-12-07 23:34:40] =========================================
=== Master Pipeline Completed ===
**********************
Windows PowerShell transcript end
End time: 20251207233440
**********************
