**********************
Windows PowerShell transcript start
Start time: 20251214165533
Username: GAMING-PC\Bobby
RunAs User: GAMING-PC\Bobby
Configuration Name: 
Machine: GAMING-PC (Microsoft Windows NT 10.0.26200.0)
Host Application: C:\WINDOWS\System32\WindowsPowerShell\v1.0\powershell.exe -NoProfile -ExecutionPolicy Bypass -Command Import-Module 'c:\Users\Bobby\.antigravity\extensions\ms-vscode.powershell-2025.4.0-universal\modules\PowerShellEditorServices\PowerShellEditorServices.psd1'; Start-EditorServices -HostName 'Visual Studio Code Host' -HostProfileId 'Microsoft.VSCode' -HostVersion '2025.4.0' -BundledModulesPath 'c:\Users\Bobby\.antigravity\extensions\ms-vscode.powershell-2025.4.0-universal\modules' -EnableConsoleRepl -StartupBanner "PowerShell Extension v2025.4.0
Copyright (c) Microsoft Corporation.

https://aka.ms/vscode-powershell
Type 'help' to get help.
" -LogLevel 'Warning' -LogPath 'c:\Users\Bobby\AppData\Roaming\Antigravity\logs\20251210T082526\window1\exthost\ms-vscode.powershell' -SessionDetailsPath 'c:\Users\Bobby\AppData\Roaming\Antigravity\User\globalStorage\ms-vscode.powershell\sessions\PSES-VSCode-41000-324204.json' -FeatureFlags @() 
Process ID: 25188
PSVersion: 5.1.26100.7462
PSEdition: Desktop
PSCompatibleVersions: 1.0, 2.0, 3.0, 4.0, 5.0, 5.1.26100.7462
BuildVersion: 10.0.26100.7462
CLRVersion: 4.0.30319.42000
WSManStackVersion: 3.0
PSRemotingProtocolVersion: 2.3
SerializationVersion: 1.1.0.1
**********************
Transcript started, output file is logs/pipeline_20251214_165533.log
=== Starting Data Backup ===

Data backup completed.
=== Starting Data Ingestion ===
=== Starting Data Ingestion ===
Step 1: Smart History Ingestion...
WARNING:__main__:Skipping ingestion for NFL to prevent duplicates (Source: User Request)
WARNING:__main__:Skipping ingestion for NBA to prevent duplicates (Source: User Request)
WARNING:__main__:Skipping ingestion for CFB to prevent duplicates (Source: User Request)
WARNING:__main__:Skipping ingestion for NCAAB to prevent duplicates (Source: User Request)
WARNING:__main__:Skipping ingestion for NHL to prevent duplicates (Source: User Request)
WARNING:__main__:Skipping ingestion for EPL to prevent duplicates (Source: User Request)
WARNING:__main__:Skipping ingestion for LALIGA to prevent duplicates (Source: User Request)
WARNING:__main__:Skipping ingestion for BUNDESLIGA to prevent duplicates (Source: User Request)
WARNING:__main__:Skipping ingestion for SERIEA to prevent duplicates (Source: User Request)
WARNING:__main__:Skipping ingestion for LIGUE1 to prevent duplicates (Source: User Request)
Calculating NBA rolling metrics...
INFO:__main__:Fetching NBA game logs for 2024-25 to calculate rolling metrics
INFO:__main__:Calculated rolling metrics for 2460 games in season 2024-25
INFO:__main__:Fetching NBA game logs for 2025-26 to calculate rolling metrics
INFO:__main__:Calculated rolling metrics for 748 games in season 2025-26
Step 2: Fetching Live Odds...
Fetching odds for NFL...
INFO:src.db.loaders:Stored odds snapshot c780418b723d45518f4b0d1301d2bb00 with 7 events
INFO:__main__:Saved odds snapshot to C:\Users\Bobby\Desktop\sports\data\raw\odds\americanfootball_nfl\odds_2025-12-14T21-55-49Z.json
Fetching odds for NBA...
INFO:src.db.loaders:Stored odds snapshot 17c4879c732a4443b31804ebb15eebea with 11 events
INFO:__main__:Saved odds snapshot to C:\Users\Bobby\Desktop\sports\data\raw\odds\basketball_nba\odds_2025-12-14T21-55-51Z.json
DEBUG: Creating new game NBA_20251216_BOSTON_CELTICS_DETROIT_PISTONS (Internal ID)
DEBUG: Creating new game NBA_20251216_MIAMI_HEAT_TORONTO_RAPTORS (Internal ID)
DEBUG: Creating new game NBA_20251217_NEW_YORK_KNICKS_SAN_ANTONIO_SPURS (Internal ID)
Fetching odds for CFB...
INFO:src.db.loaders:Stored odds snapshot 0d095ef0091a4a35b75334210349879f with 26 events
INFO:__main__:Saved odds snapshot to C:\Users\Bobby\Desktop\sports\data\raw\odds\americanfootball_ncaaf\odds_2025-12-14T21-55-53Z.json
Fetching odds for NCAAB...
INFO:src.db.loaders:Stored odds snapshot a124c8648cb8452b947380959878e4fd with 19 events
INFO:__main__:Saved odds snapshot to C:\Users\Bobby\Desktop\sports\data\raw\odds\basketball_ncaab\odds_2025-12-14T21-55-55Z.json
DEBUG: Creating new game NCAAB_20251216_SE_LOUISIANA_LIONS_EAST_TEXAS_AM_LIONS (Internal ID)
DEBUG: Creating new game NCAAB_20251216_GARDNERWEBB_BULLDOGS_WOFFORD_TERRIERS (Internal ID)
DEBUG: Creating new game NCAAB_20251216_VCU_RAMS_NIAGARA_PURPLE_EAGLES (Internal ID)
DEBUG: Creating new game NCAAB_20251216_ALABAMA_AM_BULLDOGS_NORTH_ALABAMA_LIONS (Internal ID)
DEBUG: Creating new game NCAAB_20251216_HOUSTON_CHRISTIAN_HUSKIES_MCNEESE_COWBOYS (Internal ID)
DEBUG: Creating new game NCAAB_20251216_TCU_HORNED_FROGS_INCARNATE_WORD_CARDINALS (Internal ID)
DEBUG: Creating new game NCAAB_20251216_SOUTH_DAKOTA_ST_JACKRABBITS_WYOMING_COWBOYS (Internal ID)
Fetching odds for NHL...
WARNING:__main__:Odds API returned 401 Unauthorized with key ending in ...6388
INFO:__main__:Rotating API key and retrying...
INFO:src.db.loaders:Stored odds snapshot b4b856aa6d0d4704b9370a8da723cd48 with 10 events
INFO:__main__:Saved odds snapshot to C:\Users\Bobby\Desktop\sports\data\raw\odds\icehockey_nhl\odds_2025-12-14T21-55-58Z.json
DEBUG: Creating new game NHL_20251216_NEW_YORK_RANGERS_ANAHEIM_DUCKS (Internal ID)
DEBUG: Creating new game NHL_20251216_TAMPA_BAY_LIGHTNING_FLORIDA_PANTHERS (Internal ID)
DEBUG: Creating new game NHL_20251216_WINNIPEG_JETS_OTTAWA_SENATORS (Internal ID)
DEBUG: Creating new game NHL_20251216_DALLAS_STARS_LOS_ANGELES_KINGS (Internal ID)
DEBUG: Creating new game NHL_20251216_ST_LOUIS_BLUES_NASHVILLE_PREDATORS (Internal ID)
Fetching odds for EPL...
INFO:src.db.loaders:Stored odds snapshot 84246d8aecf04fabbf93aa1b7f90ee75 with 21 events
INFO:__main__:Saved odds snapshot to C:\Users\Bobby\Desktop\sports\data\raw\odds\soccer_epl\odds_2025-12-14T21-55-59Z.json
DEBUG: Creating new game EPL_20251228_SUNDERLAND_LEEDS_UNITED (Internal ID)
DEBUG: Creating new game EPL_20251228_CRYSTAL_PALACE_TOTTENHAM_HOTSPUR (Internal ID)
Fetching odds for LALIGA...
INFO:src.db.loaders:Stored odds snapshot c6e6d1c213dc46c4a2c3e13b155e1fe3 with 12 events
INFO:__main__:Saved odds snapshot to C:\Users\Bobby\Desktop\sports\data\raw\odds\soccer_spain_la_liga\odds_2025-12-14T21-56-01Z.json
Fetching odds for BUNDESLIGA...
INFO:src.db.loaders:Stored odds snapshot 43076a9994be4de2933c8ae7265b3a11 with 9 events
INFO:__main__:Saved odds snapshot to C:\Users\Bobby\Desktop\sports\data\raw\odds\soccer_germany_bundesliga\odds_2025-12-14T21-56-04Z.json
Fetching odds for SERIEA...
INFO:src.db.loaders:Stored odds snapshot e93c81b5658b4f02ae8601d52037634c with 16 events
INFO:__main__:Saved odds snapshot to C:\Users\Bobby\Desktop\sports\data\raw\odds\soccer_italy_serie_a\odds_2025-12-14T21-56-06Z.json
DEBUG: Creating new game SERIEA_20251227_PARMA_FIORENTINA (Internal ID)
DEBUG: Creating new game SERIEA_20251227_TORINO_CAGLIARI (Internal ID)
DEBUG: Creating new game SERIEA_20251227_LECCE_COMO (Internal ID)
DEBUG: Creating new game SERIEA_20251227_UDINESE_LAZIO (Internal ID)
DEBUG: Creating new game SERIEA_20251227_PISA_JUVENTUS (Internal ID)
DEBUG: Creating new game SERIEA_20251228_AC_MILAN_HELLAS_VERONA (Internal ID)
DEBUG: Creating new game SERIEA_20251228_CREMONESE_NAPOLI (Internal ID)
DEBUG: Creating new game SERIEA_20251228_BOLOGNA_SASSUOLO (Internal ID)
DEBUG: Creating new game SERIEA_20251228_ATALANTA_BC_INTER_MILAN (Internal ID)
Fetching odds for LIGUE1...
INFO:src.db.loaders:Stored odds snapshot 3479bc92979846a783e1b747f6674824 with 1 events
INFO:__main__:Saved odds snapshot to C:\Users\Bobby\Desktop\sports\data\raw\odds\soccer_france_ligue_one\odds_2025-12-14T21-56-08Z.json
Step 3: Fetching Live Scores...
INFO:__main__:Fetching scores for NFL...
INFO:__main__:Saved raw scores to C:\Users\Bobby\Desktop\sports\data\raw\scores\NFL\scores_2025-12-14T21-56-17Z.json
INFO:__main__:Updated 9 games for NFL
INFO:__main__:Fetching scores for NBA...
INFO:__main__:Saved raw scores to C:\Users\Bobby\Desktop\sports\data\raw\scores\NBA\scores_2025-12-14T21-56-18Z.json
INFO:__main__:Updated 13 games for NBA
INFO:__main__:Fetching scores for CFB...
INFO:__main__:Saved raw scores to C:\Users\Bobby\Desktop\sports\data\raw\scores\CFB\scores_2025-12-14T21-56-18Z.json
INFO:__main__:Updated 3 games for CFB
INFO:__main__:Fetching scores for NCAAB...
INFO:__main__:Saved raw scores to C:\Users\Bobby\Desktop\sports\data\raw\scores\NCAAB\scores_2025-12-14T21-56-19Z.json
INFO:__main__:Updated 113 games for NCAAB
INFO:__main__:Fetching scores for NHL...
INFO:__main__:Saved raw scores to C:\Users\Bobby\Desktop\sports\data\raw\scores\NHL\scores_2025-12-14T21-56-19Z.json
INFO:__main__:Updated 29 games for NHL
INFO:__main__:Fetching scores for EPL...
INFO:__main__:Saved raw scores to C:\Users\Bobby\Desktop\sports\data\raw\scores\EPL\scores_2025-12-14T21-56-19Z.json
INFO:__main__:Updated 9 games for EPL
INFO:__main__:Fetching scores for LALIGA...
INFO:__main__:Saved raw scores to C:\Users\Bobby\Desktop\sports\data\raw\scores\LALIGA\scores_2025-12-14T21-56-20Z.json
INFO:__main__:Updated 7 games for LALIGA
INFO:__main__:Fetching scores for BUNDESLIGA...
INFO:__main__:Saved raw scores to C:\Users\Bobby\Desktop\sports\data\raw\scores\BUNDESLIGA\scores_2025-12-14T21-56-20Z.json
INFO:__main__:Updated 9 games for BUNDESLIGA
INFO:__main__:Fetching scores for SERIEA...
INFO:__main__:Saved raw scores to C:\Users\Bobby\Desktop\sports\data\raw\scores\SERIEA\scores_2025-12-14T21-56-21Z.json
INFO:__main__:Updated 9 games for SERIEA
INFO:__main__:Fetching scores for LIGUE1...
INFO:__main__:Saved raw scores to C:\Users\Bobby\Desktop\sports\data\raw\scores\LIGUE1\scores_2025-12-14T21-56-21Z.json
INFO:__main__:Updated 9 games for LIGUE1
INFO:__main__:Total games updated: 210
=== Data Ingestion Completed ===
=== Starting Training Pipeline ===
Transcript started, output file is logs/train_pipeline_20251214_165621.log
[2025-12-14 16:56:21] =========================================
[2025-12-14 16:56:21] Starting TRAINING pipeline
[2025-12-14 16:56:21] =========================================
[2025-12-14 16:56:21] Processing leagues: NFL, NBA, CFB, NCAAB, NHL, EPL, LALIGA, BUNDESLIGA, SERIEA, LIGUE1
[2025-12-14 16:56:21] Step 1: Building Datasets...
[2025-12-14 16:56:21] Building dataset for NFL (Seasons: 2015-2025)...
INFO:src.features.dataset.nfl:Loading cached schedules data from C:\Users\Bobby\Desktop\sports\data\raw\results\schedules_2015_2026.parquet
INFO:src.features.dataset.nfl:Loading cached team metrics from C:\Users\Bobby\Desktop\sports\data\processed\intermediate\team_metrics_2015_2026.parquet
INFO:src.features.dataset.nfl:Loading cached injury reports from C:\Users\Bobby\Desktop\sports\data\raw\results\injuries_2015_2026.parquet
INFO:src.features.dataset.nfl:Wrote processed dataset to C:\Users\Bobby\Desktop\sports\data\processed\model_input\moneyline_nfl_2015_2026.parquet
[2025-12-14 16:56:26] Building dataset for NBA (Seasons: 2015-2025)...
INFO:src.features.dataset.nba:Wrote processed dataset to C:\Users\Bobby\Desktop\sports\data\processed\model_input\moneyline_nba_2015_2026.parquet
[2025-12-14 16:56:27] Building dataset for CFB (Seasons: 2015-2025)...
INFO:src.features.dataset.cfb:Wrote processed dataset to C:\Users\Bobby\Desktop\sports\data\processed\model_input\moneyline_cfb_2015_2026.parquet
[2025-12-14 16:56:29] Building dataset for NCAAB (Seasons: 2015-2025)...
INFO:src.features.dataset.ncaab:Wrote processed dataset to C:\Users\Bobby\Desktop\sports\data\processed\model_input\moneyline_ncaab_2015_2026.parquet
[2025-12-14 16:56:31] Building dataset for NHL (Seasons: 2015-2025)...
INFO:src.features.dataset.nhl:Wrote processed dataset to C:\Users\Bobby\Desktop\sports\data\processed\model_input\moneyline_nhl_2015_2026.parquet
[2025-12-14 16:56:32] Building dataset for EPL (Seasons: 2015-2025)...
WARNING:src.features.soccer_features:Unable to align Football-Data odds for EPL
INFO:src.features.dataset.soccer:Wrote processed dataset to C:\Users\Bobby\Desktop\sports\data\processed\model_input\moneyline_epl_2015_2026.parquet
[2025-12-14 16:56:34] Building dataset for LALIGA (Seasons: 2015-2025)...
WARNING:src.features.soccer_features:Unable to align Football-Data odds for LALIGA
WARNING:src.features.soccer_features:Unable to match Understat games to warehouse games for LALIGA
INFO:src.features.dataset.soccer:Wrote processed dataset to C:\Users\Bobby\Desktop\sports\data\processed\model_input\moneyline_laliga_2015_2026.parquet
[2025-12-14 16:56:36] Building dataset for BUNDESLIGA (Seasons: 2015-2025)...
WARNING:src.features.soccer_features:Unable to align Football-Data odds for BUNDESLIGA
INFO:src.features.dataset.soccer:Wrote processed dataset to C:\Users\Bobby\Desktop\sports\data\processed\model_input\moneyline_bundesliga_2015_2026.parquet
[2025-12-14 16:56:37] Building dataset for SERIEA (Seasons: 2015-2025)...
WARNING:src.features.soccer_features:Unable to align Football-Data odds for SERIEA
WARNING:src.features.soccer_features:Unable to match Understat games to warehouse games for SERIEA
INFO:src.features.dataset.soccer:Wrote processed dataset to C:\Users\Bobby\Desktop\sports\data\processed\model_input\moneyline_seriea_2015_2026.parquet
[2025-12-14 16:56:39] Building dataset for LIGUE1 (Seasons: 2015-2025)...
WARNING:src.features.soccer_features:Unable to align Football-Data odds for LIGUE1
WARNING:src.features.soccer_features:Unable to match Understat games to warehouse games for LIGUE1
INFO:src.features.dataset.soccer:Wrote processed dataset to C:\Users\Bobby\Desktop\sports\data\processed\model_input\moneyline_ligue1_2015_2026.parquet
[2025-12-14 16:56:41] Step 2: Training Models...
[2025-12-14 16:56:41] Training NFL ensemble model...
C:\Users\Bobby\AppData\Local\Packages\PythonSoftwareFoundation.Python.3.11_qbz5n2kfra8p0\LocalCache\Local\pypoetry\Cache\virtualenvs\sports-betting-analytics-w0RVEvSZ-py3.11\Lib\site-packages\sklearn\utils\validation.py:2749: UserWarning: X does not have valid feature names, but LGBMClassifier was fitted with feature names
  warnings.warn(
C:\Users\Bobby\AppData\Local\Packages\PythonSoftwareFoundation.Python.3.11_qbz5n2kfra8p0\LocalCache\Local\pypoetry\Cache\virtualenvs\sports-betting-analytics-w0RVEvSZ-py3.11\Lib\site-packages\sklearn\utils\validation.py:2749: UserWarning: X does not have valid feature names, but LGBMClassifier was fitted with feature names
  warnings.warn(
C:\Users\Bobby\AppData\Local\Packages\PythonSoftwareFoundation.Python.3.11_qbz5n2kfra8p0\LocalCache\Local\pypoetry\Cache\virtualenvs\sports-betting-analytics-w0RVEvSZ-py3.11\Lib\site-packages\sklearn\utils\validation.py:2749: UserWarning: X does not have valid feature names, but LGBMClassifier was fitted with feature names
  warnings.warn(
C:\Users\Bobby\AppData\Local\Packages\PythonSoftwareFoundation.Python.3.11_qbz5n2kfra8p0\LocalCache\Local\pypoetry\Cache\virtualenvs\sports-betting-analytics-w0RVEvSZ-py3.11\Lib\site-packages\sklearn\utils\validation.py:2749: UserWarning: X does not have valid feature names, but LGBMClassifier was fitted with feature names
  warnings.warn(
C:\Users\Bobby\AppData\Local\Packages\PythonSoftwareFoundation.Python.3.11_qbz5n2kfra8p0\LocalCache\Local\pypoetry\Cache\virtualenvs\sports-betting-analytics-w0RVEvSZ-py3.11\Lib\site-packages\sklearn\utils\validation.py:2749: UserWarning: X does not have valid feature names, but LGBMClassifier was fitted with feature names
  warnings.warn(
C:\Users\Bobby\AppData\Local\Packages\PythonSoftwareFoundation.Python.3.11_qbz5n2kfra8p0\LocalCache\Local\pypoetry\Cache\virtualenvs\sports-betting-analytics-w0RVEvSZ-py3.11\Lib\site-packages\sklearn\neural_network\_multilayer_perceptron.py:781: ConvergenceWarning: Stochastic Optimizer: Maximum iterations (500) reached and the optimization hasn't converged yet.
  warnings.warn(
C:\Users\Bobby\AppData\Local\Packages\PythonSoftwareFoundation.Python.3.11_qbz5n2kfra8p0\LocalCache\Local\pypoetry\Cache\virtualenvs\sports-betting-analytics-w0RVEvSZ-py3.11\Lib\site-packages\sklearn\neural_network\_multilayer_perceptron.py:781: ConvergenceWarning: Stochastic Optimizer: Maximum iterations (500) reached and the optimization hasn't converged yet.
  warnings.warn(
C:\Users\Bobby\AppData\Local\Packages\PythonSoftwareFoundation.Python.3.11_qbz5n2kfra8p0\LocalCache\Local\pypoetry\Cache\virtualenvs\sports-betting-analytics-w0RVEvSZ-py3.11\Lib\site-packages\sklearn\neural_network\_multilayer_perceptron.py:781: ConvergenceWarning: Stochastic Optimizer: Maximum iterations (500) reached and the optimization hasn't converged yet.
  warnings.warn(
INFO:__main__:Loaded tuned params for NFL random_forest from config\tuned_params\nfl_random_forest.json
INFO:__main__:Ensemble pruning: 6 candidates, 5 kept (threshold=0.050, best_log_loss=0.622)
INFO:src.db.models:Persisted 1575 predictions for model ensemble_calibrated_48d86904
INFO:__main__:Saved model to models\nfl_ensemble_calibrated_moneyline.pkl
INFO:__main__:Metrics written to reports\backtests\nfl_ensemble_calibrated_metrics.json
[2025-12-14 16:57:18] Training NFL random_forest model...
INFO:__main__:Loaded tuned params for NFL random_forest from config\tuned_params\nfl_random_forest.json
INFO:src.db.models:Persisted 1575 predictions for model random_forest_calibrated_0bcb22f5
INFO:__main__:Saved model to models\nfl_random_forest_calibrated_moneyline.pkl
INFO:__main__:Metrics written to reports\backtests\nfl_random_forest_calibrated_metrics.json
[2025-12-14 16:57:21] Training NFL random_forest totals model...
Totals model saved to models\nfl_totals_random_forest.pkl
Metrics written to reports\backtests\nfl_totals_random_forest_metrics.json
[2025-12-14 16:57:24] Training NFL gradient_boosting model...
INFO:src.db.models:Persisted 1575 predictions for model gradient_boosting_calibrated_7f06d69b
INFO:__main__:Saved model to models\nfl_gradient_boosting_calibrated_moneyline.pkl
INFO:__main__:Metrics written to reports\backtests\nfl_gradient_boosting_calibrated_metrics.json
[2025-12-14 16:57:28] Training NFL gradient_boosting totals model...
Totals model saved to models\nfl_totals_gradient_boosting.pkl
Metrics written to reports\backtests\nfl_totals_gradient_boosting_metrics.json
[2025-12-14 16:57:30] Training NBA ensemble model...
C:\Users\Bobby\AppData\Local\Packages\PythonSoftwareFoundation.Python.3.11_qbz5n2kfra8p0\LocalCache\Local\pypoetry\Cache\virtualenvs\sports-betting-analytics-w0RVEvSZ-py3.11\Lib\site-packages\sklearn\utils\validation.py:2749: UserWarning: X does not have valid feature names, but LGBMClassifier was fitted with feature names
  warnings.warn(
C:\Users\Bobby\AppData\Local\Packages\PythonSoftwareFoundation.Python.3.11_qbz5n2kfra8p0\LocalCache\Local\pypoetry\Cache\virtualenvs\sports-betting-analytics-w0RVEvSZ-py3.11\Lib\site-packages\sklearn\utils\validation.py:2749: UserWarning: X does not have valid feature names, but LGBMClassifier was fitted with feature names
  warnings.warn(
C:\Users\Bobby\AppData\Local\Packages\PythonSoftwareFoundation.Python.3.11_qbz5n2kfra8p0\LocalCache\Local\pypoetry\Cache\virtualenvs\sports-betting-analytics-w0RVEvSZ-py3.11\Lib\site-packages\sklearn\utils\validation.py:2749: UserWarning: X does not have valid feature names, but LGBMClassifier was fitted with feature names
  warnings.warn(
C:\Users\Bobby\AppData\Local\Packages\PythonSoftwareFoundation.Python.3.11_qbz5n2kfra8p0\LocalCache\Local\pypoetry\Cache\virtualenvs\sports-betting-analytics-w0RVEvSZ-py3.11\Lib\site-packages\sklearn\utils\validation.py:2749: UserWarning: X does not have valid feature names, but LGBMClassifier was fitted with feature names
  warnings.warn(
C:\Users\Bobby\AppData\Local\Packages\PythonSoftwareFoundation.Python.3.11_qbz5n2kfra8p0\LocalCache\Local\pypoetry\Cache\virtualenvs\sports-betting-analytics-w0RVEvSZ-py3.11\Lib\site-packages\sklearn\utils\validation.py:2749: UserWarning: X does not have valid feature names, but LGBMClassifier was fitted with feature names
  warnings.warn(
INFO:__main__:Loaded tuned params for NBA random_forest from config\tuned_params\nba_random_forest.json
INFO:__main__:Ensemble pruning: 6 candidates, 6 kept (threshold=0.050, best_log_loss=0.602)
INFO:src.db.models:Persisted 3491 predictions for model ensemble_calibrated_4b2dcb7d
INFO:__main__:Saved model to models\nba_ensemble_calibrated_moneyline.pkl
INFO:__main__:Metrics written to reports\backtests\nba_ensemble_calibrated_metrics.json
[2025-12-14 16:57:42] Training NBA random_forest model...
INFO:__main__:Loaded tuned params for NBA random_forest from config\tuned_params\nba_random_forest.json
INFO:src.db.models:Persisted 3491 predictions for model random_forest_calibrated_e4bbf912
INFO:__main__:Saved model to models\nba_random_forest_calibrated_moneyline.pkl
INFO:__main__:Metrics written to reports\backtests\nba_random_forest_calibrated_metrics.json
[2025-12-14 16:57:45] Training NBA random_forest totals model...
Totals model saved to models\nba_totals_random_forest.pkl
Metrics written to reports\backtests\nba_totals_random_forest_metrics.json
[2025-12-14 16:57:48] Training NBA gradient_boosting model...
INFO:src.db.models:Persisted 3491 predictions for model gradient_boosting_calibrated_da77f475
INFO:__main__:Saved model to models\nba_gradient_boosting_calibrated_moneyline.pkl
INFO:__main__:Metrics written to reports\backtests\nba_gradient_boosting_calibrated_metrics.json
[2025-12-14 16:57:52] Training NBA gradient_boosting totals model...
Totals model saved to models\nba_totals_gradient_boosting.pkl
Metrics written to reports\backtests\nba_totals_gradient_boosting_metrics.json
[2025-12-14 16:57:54] Training CFB ensemble model...
C:\Users\Bobby\AppData\Local\Packages\PythonSoftwareFoundation.Python.3.11_qbz5n2kfra8p0\LocalCache\Local\pypoetry\Cache\virtualenvs\sports-betting-analytics-w0RVEvSZ-py3.11\Lib\site-packages\sklearn\utils\validation.py:2749: UserWarning: X does not have valid feature names, but LGBMClassifier was fitted with feature names
  warnings.warn(
C:\Users\Bobby\AppData\Local\Packages\PythonSoftwareFoundation.Python.3.11_qbz5n2kfra8p0\LocalCache\Local\pypoetry\Cache\virtualenvs\sports-betting-analytics-w0RVEvSZ-py3.11\Lib\site-packages\sklearn\utils\validation.py:2749: UserWarning: X does not have valid feature names, but LGBMClassifier was fitted with feature names
  warnings.warn(
C:\Users\Bobby\AppData\Local\Packages\PythonSoftwareFoundation.Python.3.11_qbz5n2kfra8p0\LocalCache\Local\pypoetry\Cache\virtualenvs\sports-betting-analytics-w0RVEvSZ-py3.11\Lib\site-packages\sklearn\utils\validation.py:2749: UserWarning: X does not have valid feature names, but LGBMClassifier was fitted with feature names
  warnings.warn(
C:\Users\Bobby\AppData\Local\Packages\PythonSoftwareFoundation.Python.3.11_qbz5n2kfra8p0\LocalCache\Local\pypoetry\Cache\virtualenvs\sports-betting-analytics-w0RVEvSZ-py3.11\Lib\site-packages\sklearn\utils\validation.py:2749: UserWarning: X does not have valid feature names, but LGBMClassifier was fitted with feature names
  warnings.warn(
C:\Users\Bobby\AppData\Local\Packages\PythonSoftwareFoundation.Python.3.11_qbz5n2kfra8p0\LocalCache\Local\pypoetry\Cache\virtualenvs\sports-betting-analytics-w0RVEvSZ-py3.11\Lib\site-packages\sklearn\utils\validation.py:2749: UserWarning: X does not have valid feature names, but LGBMClassifier was fitted with feature names
  warnings.warn(
INFO:__main__:Loaded tuned params for CFB random_forest from config\tuned_params\cfb_random_forest.json
INFO:__main__:Ensemble pruning: 6 candidates, 4 kept (threshold=0.050, best_log_loss=0.509)
INFO:src.db.models:Persisted 217 predictions for model ensemble_calibrated_07f0beb4
INFO:__main__:Saved model to models\cfb_ensemble_calibrated_moneyline.pkl
INFO:__main__:Metrics written to reports\backtests\cfb_ensemble_calibrated_metrics.json
[2025-12-14 16:58:02] Training CFB random_forest model...
INFO:__main__:Loaded tuned params for CFB random_forest from config\tuned_params\cfb_random_forest.json
INFO:src.db.models:Persisted 217 predictions for model random_forest_calibrated_8a2cfd9b
INFO:__main__:Saved model to models\cfb_random_forest_calibrated_moneyline.pkl
INFO:__main__:Metrics written to reports\backtests\cfb_random_forest_calibrated_metrics.json
[2025-12-14 16:58:06] Training CFB random_forest totals model...
Totals model saved to models\cfb_totals_random_forest.pkl
Metrics written to reports\backtests\cfb_totals_random_forest_metrics.json
[2025-12-14 16:58:08] Training CFB gradient_boosting model...
INFO:src.db.models:Persisted 217 predictions for model gradient_boosting_calibrated_e134b2e5
INFO:__main__:Saved model to models\cfb_gradient_boosting_calibrated_moneyline.pkl
INFO:__main__:Metrics written to reports\backtests\cfb_gradient_boosting_calibrated_metrics.json
[2025-12-14 16:58:12] Training CFB gradient_boosting totals model...
Totals model saved to models\cfb_totals_gradient_boosting.pkl
Metrics written to reports\backtests\cfb_totals_gradient_boosting_metrics.json
[2025-12-14 16:58:14] Training NCAAB ensemble model...
C:\Users\Bobby\AppData\Local\Packages\PythonSoftwareFoundation.Python.3.11_qbz5n2kfra8p0\LocalCache\Local\pypoetry\Cache\virtualenvs\sports-betting-analytics-w0RVEvSZ-py3.11\Lib\site-packages\sklearn\utils\validation.py:2749: UserWarning: X does not have valid feature names, but LGBMClassifier was fitted with feature names
  warnings.warn(
C:\Users\Bobby\AppData\Local\Packages\PythonSoftwareFoundation.Python.3.11_qbz5n2kfra8p0\LocalCache\Local\pypoetry\Cache\virtualenvs\sports-betting-analytics-w0RVEvSZ-py3.11\Lib\site-packages\sklearn\utils\validation.py:2749: UserWarning: X does not have valid feature names, but LGBMClassifier was fitted with feature names
  warnings.warn(
C:\Users\Bobby\AppData\Local\Packages\PythonSoftwareFoundation.Python.3.11_qbz5n2kfra8p0\LocalCache\Local\pypoetry\Cache\virtualenvs\sports-betting-analytics-w0RVEvSZ-py3.11\Lib\site-packages\sklearn\utils\validation.py:2749: UserWarning: X does not have valid feature names, but LGBMClassifier was fitted with feature names
  warnings.warn(
C:\Users\Bobby\AppData\Local\Packages\PythonSoftwareFoundation.Python.3.11_qbz5n2kfra8p0\LocalCache\Local\pypoetry\Cache\virtualenvs\sports-betting-analytics-w0RVEvSZ-py3.11\Lib\site-packages\sklearn\utils\validation.py:2749: UserWarning: X does not have valid feature names, but LGBMClassifier was fitted with feature names
  warnings.warn(
C:\Users\Bobby\AppData\Local\Packages\PythonSoftwareFoundation.Python.3.11_qbz5n2kfra8p0\LocalCache\Local\pypoetry\Cache\virtualenvs\sports-betting-analytics-w0RVEvSZ-py3.11\Lib\site-packages\sklearn\utils\validation.py:2749: UserWarning: X does not have valid feature names, but LGBMClassifier was fitted with feature names
  warnings.warn(
INFO:__main__:Loaded tuned params for NCAAB random_forest from config\tuned_params\ncaab_random_forest.json
INFO:__main__:Ensemble pruning: 6 candidates, 6 kept (threshold=0.050, best_log_loss=0.640)
INFO:src.db.models:Persisted 42160 predictions for model ensemble_calibrated_968dbec4
INFO:__main__:Saved model to models\ncaab_ensemble_calibrated_moneyline.pkl
INFO:__main__:Metrics written to reports\backtests\ncaab_ensemble_calibrated_metrics.json
[2025-12-14 16:59:35] Training NCAAB random_forest model...
INFO:__main__:Loaded tuned params for NCAAB random_forest from config\tuned_params\ncaab_random_forest.json
INFO:src.db.models:Persisted 42160 predictions for model random_forest_calibrated_192ef197
INFO:__main__:Saved model to models\ncaab_random_forest_calibrated_moneyline.pkl
INFO:__main__:Metrics written to reports\backtests\ncaab_random_forest_calibrated_metrics.json
[2025-12-14 16:59:46] Training NCAAB random_forest totals model...
Totals model saved to models\ncaab_totals_random_forest.pkl
Metrics written to reports\backtests\ncaab_totals_random_forest_metrics.json
[2025-12-14 16:59:49] Training NCAAB gradient_boosting model...
INFO:src.db.models:Persisted 42160 predictions for model gradient_boosting_calibrated_edc54424
INFO:__main__:Saved model to models\ncaab_gradient_boosting_calibrated_moneyline.pkl
INFO:__main__:Metrics written to reports\backtests\ncaab_gradient_boosting_calibrated_metrics.json
[2025-12-14 16:59:58] Training NCAAB gradient_boosting totals model...
Totals model saved to models\ncaab_totals_gradient_boosting.pkl
Metrics written to reports\backtests\ncaab_totals_gradient_boosting_metrics.json
[2025-12-14 17:00:00] Training NHL ensemble model...
C:\Users\Bobby\AppData\Local\Packages\PythonSoftwareFoundation.Python.3.11_qbz5n2kfra8p0\LocalCache\Local\pypoetry\Cache\virtualenvs\sports-betting-analytics-w0RVEvSZ-py3.11\Lib\site-packages\sklearn\utils\validation.py:2749: UserWarning: X does not have valid feature names, but LGBMClassifier was fitted with feature names
  warnings.warn(
C:\Users\Bobby\AppData\Local\Packages\PythonSoftwareFoundation.Python.3.11_qbz5n2kfra8p0\LocalCache\Local\pypoetry\Cache\virtualenvs\sports-betting-analytics-w0RVEvSZ-py3.11\Lib\site-packages\sklearn\utils\validation.py:2749: UserWarning: X does not have valid feature names, but LGBMClassifier was fitted with feature names
  warnings.warn(
C:\Users\Bobby\AppData\Local\Packages\PythonSoftwareFoundation.Python.3.11_qbz5n2kfra8p0\LocalCache\Local\pypoetry\Cache\virtualenvs\sports-betting-analytics-w0RVEvSZ-py3.11\Lib\site-packages\sklearn\utils\validation.py:2749: UserWarning: X does not have valid feature names, but LGBMClassifier was fitted with feature names
  warnings.warn(
C:\Users\Bobby\AppData\Local\Packages\PythonSoftwareFoundation.Python.3.11_qbz5n2kfra8p0\LocalCache\Local\pypoetry\Cache\virtualenvs\sports-betting-analytics-w0RVEvSZ-py3.11\Lib\site-packages\sklearn\utils\validation.py:2749: UserWarning: X does not have valid feature names, but LGBMClassifier was fitted with feature names
  warnings.warn(
C:\Users\Bobby\AppData\Local\Packages\PythonSoftwareFoundation.Python.3.11_qbz5n2kfra8p0\LocalCache\Local\pypoetry\Cache\virtualenvs\sports-betting-analytics-w0RVEvSZ-py3.11\Lib\site-packages\sklearn\utils\validation.py:2749: UserWarning: X does not have valid feature names, but LGBMClassifier was fitted with feature names
  warnings.warn(
C:\Users\Bobby\AppData\Local\Packages\PythonSoftwareFoundation.Python.3.11_qbz5n2kfra8p0\LocalCache\Local\pypoetry\Cache\virtualenvs\sports-betting-analytics-w0RVEvSZ-py3.11\Lib\site-packages\sklearn\neural_network\_multilayer_perceptron.py:781: ConvergenceWarning: Stochastic Optimizer: Maximum iterations (500) reached and the optimization hasn't converged yet.
  warnings.warn(
C:\Users\Bobby\AppData\Local\Packages\PythonSoftwareFoundation.Python.3.11_qbz5n2kfra8p0\LocalCache\Local\pypoetry\Cache\virtualenvs\sports-betting-analytics-w0RVEvSZ-py3.11\Lib\site-packages\sklearn\neural_network\_multilayer_perceptron.py:781: ConvergenceWarning: Stochastic Optimizer: Maximum iterations (500) reached and the optimization hasn't converged yet.
  warnings.warn(
C:\Users\Bobby\AppData\Local\Packages\PythonSoftwareFoundation.Python.3.11_qbz5n2kfra8p0\LocalCache\Local\pypoetry\Cache\virtualenvs\sports-betting-analytics-w0RVEvSZ-py3.11\Lib\site-packages\sklearn\neural_network\_multilayer_perceptron.py:781: ConvergenceWarning: Stochastic Optimizer: Maximum iterations (500) reached and the optimization hasn't converged yet.
  warnings.warn(
INFO:__main__:Loaded tuned params for NHL random_forest from config\tuned_params\nhl_random_forest.json
INFO:__main__:Ensemble pruning: 6 candidates, 6 kept (threshold=0.050, best_log_loss=0.665)
INFO:src.db.models:Persisted 83 predictions for model ensemble_calibrated_eb3b75cb
INFO:__main__:Saved model to models\nhl_ensemble_calibrated_moneyline.pkl
INFO:__main__:Metrics written to reports\backtests\nhl_ensemble_calibrated_metrics.json
[2025-12-14 17:00:07] Training NHL random_forest model...
INFO:__main__:Loaded tuned params for NHL random_forest from config\tuned_params\nhl_random_forest.json
INFO:src.db.models:Persisted 83 predictions for model random_forest_calibrated_bcd6d5e4
INFO:__main__:Saved model to models\nhl_random_forest_calibrated_moneyline.pkl
INFO:__main__:Metrics written to reports\backtests\nhl_random_forest_calibrated_metrics.json
[2025-12-14 17:00:10] Training NHL random_forest totals model...
Totals model saved to models\nhl_totals_random_forest.pkl
Metrics written to reports\backtests\nhl_totals_random_forest_metrics.json
[2025-12-14 17:00:13] Training NHL gradient_boosting model...
INFO:src.db.models:Persisted 83 predictions for model gradient_boosting_calibrated_27ed8f8d
INFO:__main__:Saved model to models\nhl_gradient_boosting_calibrated_moneyline.pkl
INFO:__main__:Metrics written to reports\backtests\nhl_gradient_boosting_calibrated_metrics.json
[2025-12-14 17:00:17] Training NHL gradient_boosting totals model...
Totals model saved to models\nhl_totals_gradient_boosting.pkl
Metrics written to reports\backtests\nhl_totals_gradient_boosting_metrics.json
[2025-12-14 17:00:19] Training EPL ensemble model...
C:\Users\Bobby\AppData\Local\Packages\PythonSoftwareFoundation.Python.3.11_qbz5n2kfra8p0\LocalCache\Local\pypoetry\Cache\virtualenvs\sports-betting-analytics-w0RVEvSZ-py3.11\Lib\site-packages\sklearn\utils\validation.py:2749: UserWarning: X does not have valid feature names, but LGBMClassifier was fitted with feature names
  warnings.warn(
C:\Users\Bobby\AppData\Local\Packages\PythonSoftwareFoundation.Python.3.11_qbz5n2kfra8p0\LocalCache\Local\pypoetry\Cache\virtualenvs\sports-betting-analytics-w0RVEvSZ-py3.11\Lib\site-packages\sklearn\utils\validation.py:2749: UserWarning: X does not have valid feature names, but LGBMClassifier was fitted with feature names
  warnings.warn(
C:\Users\Bobby\AppData\Local\Packages\PythonSoftwareFoundation.Python.3.11_qbz5n2kfra8p0\LocalCache\Local\pypoetry\Cache\virtualenvs\sports-betting-analytics-w0RVEvSZ-py3.11\Lib\site-packages\sklearn\utils\validation.py:2749: UserWarning: X does not have valid feature names, but LGBMClassifier was fitted with feature names
  warnings.warn(
C:\Users\Bobby\AppData\Local\Packages\PythonSoftwareFoundation.Python.3.11_qbz5n2kfra8p0\LocalCache\Local\pypoetry\Cache\virtualenvs\sports-betting-analytics-w0RVEvSZ-py3.11\Lib\site-packages\sklearn\utils\validation.py:2749: UserWarning: X does not have valid feature names, but LGBMClassifier was fitted with feature names
  warnings.warn(
C:\Users\Bobby\AppData\Local\Packages\PythonSoftwareFoundation.Python.3.11_qbz5n2kfra8p0\LocalCache\Local\pypoetry\Cache\virtualenvs\sports-betting-analytics-w0RVEvSZ-py3.11\Lib\site-packages\sklearn\utils\validation.py:2749: UserWarning: X does not have valid feature names, but LGBMClassifier was fitted with feature names
  warnings.warn(
INFO:__main__:Loaded tuned params for EPL random_forest from config\tuned_params\epl_random_forest.json
INFO:__main__:Ensemble pruning: 6 candidates, 6 kept (threshold=0.050, best_log_loss=0.605)
INFO:src.db.models:Persisted 1013 predictions for model ensemble_calibrated_a91fbf7b
INFO:__main__:Saved model to models\epl_ensemble_calibrated_moneyline.pkl
INFO:__main__:Metrics written to reports\backtests\epl_ensemble_calibrated_metrics.json
[2025-12-14 17:00:26] Training EPL random_forest model...
INFO:__main__:Loaded tuned params for EPL random_forest from config\tuned_params\epl_random_forest.json
INFO:src.db.models:Persisted 1013 predictions for model random_forest_calibrated_09a6cf28
INFO:__main__:Saved model to models\epl_random_forest_calibrated_moneyline.pkl
INFO:__main__:Metrics written to reports\backtests\epl_random_forest_calibrated_metrics.json
[2025-12-14 17:00:29] Training EPL random_forest totals model...
Totals model saved to models\epl_totals_random_forest.pkl
Metrics written to reports\backtests\epl_totals_random_forest_metrics.json
[2025-12-14 17:00:31] Training EPL gradient_boosting model...
INFO:src.db.models:Persisted 1013 predictions for model gradient_boosting_calibrated_3e49d291
INFO:__main__:Saved model to models\epl_gradient_boosting_calibrated_moneyline.pkl
INFO:__main__:Metrics written to reports\backtests\epl_gradient_boosting_calibrated_metrics.json
[2025-12-14 17:00:35] Training EPL gradient_boosting totals model...
Totals model saved to models\epl_totals_gradient_boosting.pkl
Metrics written to reports\backtests\epl_totals_gradient_boosting_metrics.json
[2025-12-14 17:00:38] Training LALIGA ensemble model...
C:\Users\Bobby\AppData\Local\Packages\PythonSoftwareFoundation.Python.3.11_qbz5n2kfra8p0\LocalCache\Local\pypoetry\Cache\virtualenvs\sports-betting-analytics-w0RVEvSZ-py3.11\Lib\site-packages\sklearn\utils\validation.py:2749: UserWarning: X does not have valid feature names, but LGBMClassifier was fitted with feature names
  warnings.warn(
C:\Users\Bobby\AppData\Local\Packages\PythonSoftwareFoundation.Python.3.11_qbz5n2kfra8p0\LocalCache\Local\pypoetry\Cache\virtualenvs\sports-betting-analytics-w0RVEvSZ-py3.11\Lib\site-packages\sklearn\utils\validation.py:2749: UserWarning: X does not have valid feature names, but LGBMClassifier was fitted with feature names
  warnings.warn(
C:\Users\Bobby\AppData\Local\Packages\PythonSoftwareFoundation.Python.3.11_qbz5n2kfra8p0\LocalCache\Local\pypoetry\Cache\virtualenvs\sports-betting-analytics-w0RVEvSZ-py3.11\Lib\site-packages\sklearn\utils\validation.py:2749: UserWarning: X does not have valid feature names, but LGBMClassifier was fitted with feature names
  warnings.warn(
C:\Users\Bobby\AppData\Local\Packages\PythonSoftwareFoundation.Python.3.11_qbz5n2kfra8p0\LocalCache\Local\pypoetry\Cache\virtualenvs\sports-betting-analytics-w0RVEvSZ-py3.11\Lib\site-packages\sklearn\utils\validation.py:2749: UserWarning: X does not have valid feature names, but LGBMClassifier was fitted with feature names
  warnings.warn(
C:\Users\Bobby\AppData\Local\Packages\PythonSoftwareFoundation.Python.3.11_qbz5n2kfra8p0\LocalCache\Local\pypoetry\Cache\virtualenvs\sports-betting-analytics-w0RVEvSZ-py3.11\Lib\site-packages\sklearn\utils\validation.py:2749: UserWarning: X does not have valid feature names, but LGBMClassifier was fitted with feature names
  warnings.warn(
INFO:__main__:Loaded tuned params for LALIGA random_forest from config\tuned_params\laliga_random_forest.json
INFO:__main__:Ensemble pruning: 6 candidates, 6 kept (threshold=0.050, best_log_loss=0.540)
INFO:src.db.models:Persisted 1013 predictions for model ensemble_calibrated_3a47642d
INFO:__main__:Saved model to models\laliga_ensemble_calibrated_moneyline.pkl
INFO:__main__:Metrics written to reports\backtests\laliga_ensemble_calibrated_metrics.json
[2025-12-14 17:00:46] Training LALIGA random_forest model...
INFO:__main__:Loaded tuned params for LALIGA random_forest from config\tuned_params\laliga_random_forest.json
INFO:src.db.models:Persisted 1013 predictions for model random_forest_calibrated_4411ee39
INFO:__main__:Saved model to models\laliga_random_forest_calibrated_moneyline.pkl
INFO:__main__:Metrics written to reports\backtests\laliga_random_forest_calibrated_metrics.json
[2025-12-14 17:00:50] Training LALIGA random_forest totals model...
Totals model saved to models\laliga_totals_random_forest.pkl
Metrics written to reports\backtests\laliga_totals_random_forest_metrics.json
[2025-12-14 17:00:52] Training LALIGA gradient_boosting model...
INFO:src.db.models:Persisted 1013 predictions for model gradient_boosting_calibrated_b1c528a2
INFO:__main__:Saved model to models\laliga_gradient_boosting_calibrated_moneyline.pkl
INFO:__main__:Metrics written to reports\backtests\laliga_gradient_boosting_calibrated_metrics.json
[2025-12-14 17:00:56] Training LALIGA gradient_boosting totals model...
Totals model saved to models\laliga_totals_gradient_boosting.pkl
Metrics written to reports\backtests\laliga_totals_gradient_boosting_metrics.json
[2025-12-14 17:00:58] Training BUNDESLIGA ensemble model...
C:\Users\Bobby\AppData\Local\Packages\PythonSoftwareFoundation.Python.3.11_qbz5n2kfra8p0\LocalCache\Local\pypoetry\Cache\virtualenvs\sports-betting-analytics-w0RVEvSZ-py3.11\Lib\site-packages\sklearn\utils\validation.py:2749: UserWarning: X does not have valid feature names, but LGBMClassifier was fitted with feature names
  warnings.warn(
C:\Users\Bobby\AppData\Local\Packages\PythonSoftwareFoundation.Python.3.11_qbz5n2kfra8p0\LocalCache\Local\pypoetry\Cache\virtualenvs\sports-betting-analytics-w0RVEvSZ-py3.11\Lib\site-packages\sklearn\utils\validation.py:2749: UserWarning: X does not have valid feature names, but LGBMClassifier was fitted with feature names
  warnings.warn(
C:\Users\Bobby\AppData\Local\Packages\PythonSoftwareFoundation.Python.3.11_qbz5n2kfra8p0\LocalCache\Local\pypoetry\Cache\virtualenvs\sports-betting-analytics-w0RVEvSZ-py3.11\Lib\site-packages\sklearn\utils\validation.py:2749: UserWarning: X does not have valid feature names, but LGBMClassifier was fitted with feature names
  warnings.warn(
C:\Users\Bobby\AppData\Local\Packages\PythonSoftwareFoundation.Python.3.11_qbz5n2kfra8p0\LocalCache\Local\pypoetry\Cache\virtualenvs\sports-betting-analytics-w0RVEvSZ-py3.11\Lib\site-packages\sklearn\utils\validation.py:2749: UserWarning: X does not have valid feature names, but LGBMClassifier was fitted with feature names
  warnings.warn(
C:\Users\Bobby\AppData\Local\Packages\PythonSoftwareFoundation.Python.3.11_qbz5n2kfra8p0\LocalCache\Local\pypoetry\Cache\virtualenvs\sports-betting-analytics-w0RVEvSZ-py3.11\Lib\site-packages\sklearn\utils\validation.py:2749: UserWarning: X does not have valid feature names, but LGBMClassifier was fitted with feature names
  warnings.warn(
INFO:__main__:Loaded tuned params for BUNDESLIGA random_forest from config\tuned_params\bundesliga_random_forest.json
INFO:__main__:Ensemble pruning: 6 candidates, 6 kept (threshold=0.050, best_log_loss=0.589)
INFO:src.db.models:Persisted 815 predictions for model ensemble_calibrated_27734182
INFO:__main__:Saved model to models\bundesliga_ensemble_calibrated_moneyline.pkl
INFO:__main__:Metrics written to reports\backtests\bundesliga_ensemble_calibrated_metrics.json
[2025-12-14 17:01:07] Training BUNDESLIGA random_forest model...
INFO:__main__:Loaded tuned params for BUNDESLIGA random_forest from config\tuned_params\bundesliga_random_forest.json
INFO:src.db.models:Persisted 815 predictions for model random_forest_calibrated_d6da21a3
INFO:__main__:Saved model to models\bundesliga_random_forest_calibrated_moneyline.pkl
INFO:__main__:Metrics written to reports\backtests\bundesliga_random_forest_calibrated_metrics.json
[2025-12-14 17:01:11] Training BUNDESLIGA random_forest totals model...
Totals model saved to models\bundesliga_totals_random_forest.pkl
Metrics written to reports\backtests\bundesliga_totals_random_forest_metrics.json
[2025-12-14 17:01:13] Training BUNDESLIGA gradient_boosting model...
INFO:src.db.models:Persisted 815 predictions for model gradient_boosting_calibrated_32feb2ec
INFO:__main__:Saved model to models\bundesliga_gradient_boosting_calibrated_moneyline.pkl
INFO:__main__:Metrics written to reports\backtests\bundesliga_gradient_boosting_calibrated_metrics.json
[2025-12-14 17:01:17] Training BUNDESLIGA gradient_boosting totals model...
Totals model saved to models\bundesliga_totals_gradient_boosting.pkl
Metrics written to reports\backtests\bundesliga_totals_gradient_boosting_metrics.json
[2025-12-14 17:01:19] Training SERIEA ensemble model...
C:\Users\Bobby\AppData\Local\Packages\PythonSoftwareFoundation.Python.3.11_qbz5n2kfra8p0\LocalCache\Local\pypoetry\Cache\virtualenvs\sports-betting-analytics-w0RVEvSZ-py3.11\Lib\site-packages\sklearn\utils\validation.py:2749: UserWarning: X does not have valid feature names, but LGBMClassifier was fitted with feature names
  warnings.warn(
C:\Users\Bobby\AppData\Local\Packages\PythonSoftwareFoundation.Python.3.11_qbz5n2kfra8p0\LocalCache\Local\pypoetry\Cache\virtualenvs\sports-betting-analytics-w0RVEvSZ-py3.11\Lib\site-packages\sklearn\utils\validation.py:2749: UserWarning: X does not have valid feature names, but LGBMClassifier was fitted with feature names
  warnings.warn(
C:\Users\Bobby\AppData\Local\Packages\PythonSoftwareFoundation.Python.3.11_qbz5n2kfra8p0\LocalCache\Local\pypoetry\Cache\virtualenvs\sports-betting-analytics-w0RVEvSZ-py3.11\Lib\site-packages\sklearn\utils\validation.py:2749: UserWarning: X does not have valid feature names, but LGBMClassifier was fitted with feature names
  warnings.warn(
C:\Users\Bobby\AppData\Local\Packages\PythonSoftwareFoundation.Python.3.11_qbz5n2kfra8p0\LocalCache\Local\pypoetry\Cache\virtualenvs\sports-betting-analytics-w0RVEvSZ-py3.11\Lib\site-packages\sklearn\utils\validation.py:2749: UserWarning: X does not have valid feature names, but LGBMClassifier was fitted with feature names
  warnings.warn(
C:\Users\Bobby\AppData\Local\Packages\PythonSoftwareFoundation.Python.3.11_qbz5n2kfra8p0\LocalCache\Local\pypoetry\Cache\virtualenvs\sports-betting-analytics-w0RVEvSZ-py3.11\Lib\site-packages\sklearn\utils\validation.py:2749: UserWarning: X does not have valid feature names, but LGBMClassifier was fitted with feature names
  warnings.warn(
INFO:__main__:Loaded tuned params for SERIEA random_forest from config\tuned_params\seriea_random_forest.json
INFO:__main__:Ensemble pruning: 6 candidates, 6 kept (threshold=0.050, best_log_loss=0.585)
INFO:src.db.models:Persisted 1003 predictions for model ensemble_calibrated_bfe0e52b
INFO:__main__:Saved model to models\seriea_ensemble_calibrated_moneyline.pkl
INFO:__main__:Metrics written to reports\backtests\seriea_ensemble_calibrated_metrics.json
[2025-12-14 17:01:27] Training SERIEA random_forest model...
INFO:__main__:Loaded tuned params for SERIEA random_forest from config\tuned_params\seriea_random_forest.json
INFO:src.db.models:Persisted 1003 predictions for model random_forest_calibrated_7b0aef8c
INFO:__main__:Saved model to models\seriea_random_forest_calibrated_moneyline.pkl
INFO:__main__:Metrics written to reports\backtests\seriea_random_forest_calibrated_metrics.json
[2025-12-14 17:01:30] Training SERIEA random_forest totals model...
Totals model saved to models\seriea_totals_random_forest.pkl
Metrics written to reports\backtests\seriea_totals_random_forest_metrics.json
[2025-12-14 17:01:32] Training SERIEA gradient_boosting model...
INFO:src.db.models:Persisted 1003 predictions for model gradient_boosting_calibrated_146dfa17
INFO:__main__:Saved model to models\seriea_gradient_boosting_calibrated_moneyline.pkl
INFO:__main__:Metrics written to reports\backtests\seriea_gradient_boosting_calibrated_metrics.json
[2025-12-14 17:01:36] Training SERIEA gradient_boosting totals model...
Totals model saved to models\seriea_totals_gradient_boosting.pkl
Metrics written to reports\backtests\seriea_totals_gradient_boosting_metrics.json
[2025-12-14 17:01:38] Training LIGUE1 ensemble model...
C:\Users\Bobby\AppData\Local\Packages\PythonSoftwareFoundation.Python.3.11_qbz5n2kfra8p0\LocalCache\Local\pypoetry\Cache\virtualenvs\sports-betting-analytics-w0RVEvSZ-py3.11\Lib\site-packages\sklearn\utils\validation.py:2749: UserWarning: X does not have valid feature names, but LGBMClassifier was fitted with feature names
  warnings.warn(
C:\Users\Bobby\AppData\Local\Packages\PythonSoftwareFoundation.Python.3.11_qbz5n2kfra8p0\LocalCache\Local\pypoetry\Cache\virtualenvs\sports-betting-analytics-w0RVEvSZ-py3.11\Lib\site-packages\sklearn\utils\validation.py:2749: UserWarning: X does not have valid feature names, but LGBMClassifier was fitted with feature names
  warnings.warn(
C:\Users\Bobby\AppData\Local\Packages\PythonSoftwareFoundation.Python.3.11_qbz5n2kfra8p0\LocalCache\Local\pypoetry\Cache\virtualenvs\sports-betting-analytics-w0RVEvSZ-py3.11\Lib\site-packages\sklearn\utils\validation.py:2749: UserWarning: X does not have valid feature names, but LGBMClassifier was fitted with feature names
  warnings.warn(
C:\Users\Bobby\AppData\Local\Packages\PythonSoftwareFoundation.Python.3.11_qbz5n2kfra8p0\LocalCache\Local\pypoetry\Cache\virtualenvs\sports-betting-analytics-w0RVEvSZ-py3.11\Lib\site-packages\sklearn\utils\validation.py:2749: UserWarning: X does not have valid feature names, but LGBMClassifier was fitted with feature names
  warnings.warn(
C:\Users\Bobby\AppData\Local\Packages\PythonSoftwareFoundation.Python.3.11_qbz5n2kfra8p0\LocalCache\Local\pypoetry\Cache\virtualenvs\sports-betting-analytics-w0RVEvSZ-py3.11\Lib\site-packages\sklearn\utils\validation.py:2749: UserWarning: X does not have valid feature names, but LGBMClassifier was fitted with feature names
  warnings.warn(
INFO:__main__:Loaded tuned params for LIGUE1 random_forest from config\tuned_params\ligue1_random_forest.json
INFO:__main__:Ensemble pruning: 6 candidates, 6 kept (threshold=0.050, best_log_loss=0.592)
INFO:src.db.models:Persisted 1012 predictions for model ensemble_calibrated_0502c44b
INFO:__main__:Saved model to models\ligue1_ensemble_calibrated_moneyline.pkl
INFO:__main__:Metrics written to reports\backtests\ligue1_ensemble_calibrated_metrics.json
[2025-12-14 17:01:46] Training LIGUE1 random_forest model...
INFO:__main__:Loaded tuned params for LIGUE1 random_forest from config\tuned_params\ligue1_random_forest.json
INFO:src.db.models:Persisted 1012 predictions for model random_forest_calibrated_efa8fc0f
INFO:__main__:Saved model to models\ligue1_random_forest_calibrated_moneyline.pkl
INFO:__main__:Metrics written to reports\backtests\ligue1_random_forest_calibrated_metrics.json
[2025-12-14 17:01:49] Training LIGUE1 random_forest totals model...
Totals model saved to models\ligue1_totals_random_forest.pkl
Metrics written to reports\backtests\ligue1_totals_random_forest_metrics.json
[2025-12-14 17:01:51] Training LIGUE1 gradient_boosting model...
INFO:src.db.models:Persisted 1012 predictions for model gradient_boosting_calibrated_6e4f625f
INFO:__main__:Saved model to models\ligue1_gradient_boosting_calibrated_moneyline.pkl
INFO:__main__:Metrics written to reports\backtests\ligue1_gradient_boosting_calibrated_metrics.json
[2025-12-14 17:01:55] Training LIGUE1 gradient_boosting totals model...
Totals model saved to models\ligue1_totals_gradient_boosting.pkl
Metrics written to reports\backtests\ligue1_totals_gradient_boosting_metrics.json
[2025-12-14 17:01:57] =========================================
[2025-12-14 17:01:57] TRAINING pipeline completed
[2025-12-14 17:01:57] =========================================
Transcript stopped, output file is C:\Users\Bobby\Desktop\sports\logs\train_pipeline_20251214_165621.log
=== Starting Prediction Pipeline ===
[2025-12-14 17:01:58] =========================================
[2025-12-14 17:01:58] Starting PREDICTION pipeline
[2025-12-14 17:01:58] =========================================
[2025-12-14 17:01:58] Processing leagues: NFL, NBA, CFB, NCAAB, NHL, EPL, LALIGA, BUNDESLIGA, SERIEA, LIGUE1
[2025-12-14 17:01:58] Step 0: Creating backups...
[2025-12-14 17:01:58] Backing up database...

[2025-12-14 17:01:59] Backing up prediction files...

[2025-12-14 17:02:00] Step 1: Generating predictions...
[2025-12-14 17:02:00] Generating predictions for NFL with ensemble model...
INFO:__main__:Running predictions for NFL...
INFO:src.predict.engine:Loaded ensemble model for NFL
INFO:src.predict.engine:Loaded gradient_boosting totals model for NFL (ensemble)
INFO:src.predict.engine:prepare_features: Processing 9 games for NFL
WARNING:src.predict.engine:Skipping rolling stats: empty=True, home=LAR, away=DET
WARNING:src.predict.engine:Skipping rolling stats: empty=True, home=DEN, away=GB
WARNING:src.predict.engine:Skipping rolling stats: empty=True, home=SEA, away=IND
WARNING:src.predict.engine:Skipping rolling stats: empty=True, home=NO, away=CAR
WARNING:src.predict.engine:Skipping rolling stats: empty=True, home=SF, away=TEN
WARNING:src.predict.engine:Skipping rolling stats: empty=True, home=DAL, away=MIN
WARNING:src.predict.engine:Skipping rolling stats: empty=True, home=PIT, away=MIA
WARNING:src.predict.engine:Skipping rolling stats: empty=True, home=SEA, away=LAR
WARNING:src.predict.engine:Skipping rolling stats: empty=True, home=WAS, away=PHI
C:\Users\Bobby\AppData\Local\Packages\PythonSoftwareFoundation.Python.3.11_qbz5n2kfra8p0\LocalCache\Local\pypoetry\Cache\virtualenvs\sports-betting-analytics-w0RVEvSZ-py3.11\Lib\site-packages\sklearn\utils\validation.py:2749: UserWarning: X does not have valid feature names, but LGBMClassifier was fitted with feature names
  warnings.warn(
C:\Users\Bobby\Desktop\sports\src\predict\engine.py:375: FutureWarning: Downcasting object dtype arrays on .fillna, .ffill, .bfill is deprecated and will change in a future version. Call result.infer_objects(copy=False) instead. To opt-in to the future behavior, set `pd.set_option('future.no_silent_downcasting', True)`
  totals_X = totals_X.fillna(0.0)
INFO:src.predict.storage:Saved 9 predictions to database for ensemble
[2025-12-14 17:02:04] Generating predictions for NFL with random_forest model...
INFO:__main__:Running predictions for NFL...
INFO:src.predict.engine:Loaded random_forest model for NFL
INFO:src.predict.engine:Loaded random_forest totals model for NFL (random_forest)
INFO:src.predict.engine:prepare_features: Processing 9 games for NFL
WARNING:src.predict.engine:Skipping rolling stats: empty=True, home=LAR, away=DET
WARNING:src.predict.engine:Skipping rolling stats: empty=True, home=DEN, away=GB
WARNING:src.predict.engine:Skipping rolling stats: empty=True, home=SEA, away=IND
WARNING:src.predict.engine:Skipping rolling stats: empty=True, home=NO, away=CAR
WARNING:src.predict.engine:Skipping rolling stats: empty=True, home=SF, away=TEN
WARNING:src.predict.engine:Skipping rolling stats: empty=True, home=DAL, away=MIN
WARNING:src.predict.engine:Skipping rolling stats: empty=True, home=PIT, away=MIA
WARNING:src.predict.engine:Skipping rolling stats: empty=True, home=SEA, away=LAR
WARNING:src.predict.engine:Skipping rolling stats: empty=True, home=WAS, away=PHI
C:\Users\Bobby\Desktop\sports\src\predict\engine.py:375: FutureWarning: Downcasting object dtype arrays on .fillna, .ffill, .bfill is deprecated and will change in a future version. Call result.infer_objects(copy=False) instead. To opt-in to the future behavior, set `pd.set_option('future.no_silent_downcasting', True)`
  totals_X = totals_X.fillna(0.0)
INFO:src.predict.storage:Saved 9 predictions to database for random_forest
[2025-12-14 17:02:06] Generating predictions for NFL with gradient_boosting model...
INFO:__main__:Running predictions for NFL...
INFO:src.predict.engine:Loaded gradient_boosting model for NFL
INFO:src.predict.engine:Loaded gradient_boosting totals model for NFL (gradient_boosting)
INFO:src.predict.engine:prepare_features: Processing 9 games for NFL
WARNING:src.predict.engine:Skipping rolling stats: empty=True, home=LAR, away=DET
WARNING:src.predict.engine:Skipping rolling stats: empty=True, home=DEN, away=GB
WARNING:src.predict.engine:Skipping rolling stats: empty=True, home=SEA, away=IND
WARNING:src.predict.engine:Skipping rolling stats: empty=True, home=NO, away=CAR
WARNING:src.predict.engine:Skipping rolling stats: empty=True, home=SF, away=TEN
WARNING:src.predict.engine:Skipping rolling stats: empty=True, home=DAL, away=MIN
WARNING:src.predict.engine:Skipping rolling stats: empty=True, home=PIT, away=MIA
WARNING:src.predict.engine:Skipping rolling stats: empty=True, home=SEA, away=LAR
WARNING:src.predict.engine:Skipping rolling stats: empty=True, home=WAS, away=PHI
C:\Users\Bobby\Desktop\sports\src\predict\engine.py:375: FutureWarning: Downcasting object dtype arrays on .fillna, .ffill, .bfill is deprecated and will change in a future version. Call result.infer_objects(copy=False) instead. To opt-in to the future behavior, set `pd.set_option('future.no_silent_downcasting', True)`
  totals_X = totals_X.fillna(0.0)
INFO:src.predict.storage:Saved 9 predictions to database for gradient_boosting
[2025-12-14 17:02:10] Generating predictions for NBA with ensemble model...
INFO:__main__:Running predictions for NBA...
INFO:src.predict.engine:Loaded ensemble model for NBA
INFO:src.predict.engine:Loaded gradient_boosting totals model for NBA (ensemble)
INFO:src.predict.engine:prepare_features: Processing 11 games for NBA
C:\Users\Bobby\AppData\Local\Packages\PythonSoftwareFoundation.Python.3.11_qbz5n2kfra8p0\LocalCache\Local\pypoetry\Cache\virtualenvs\sports-betting-analytics-w0RVEvSZ-py3.11\Lib\site-packages\sklearn\utils\validation.py:2749: UserWarning: X does not have valid feature names, but LGBMClassifier was fitted with feature names
  warnings.warn(
C:\Users\Bobby\Desktop\sports\src\predict\engine.py:375: FutureWarning: Downcasting object dtype arrays on .fillna, .ffill, .bfill is deprecated and will change in a future version. Call result.infer_objects(copy=False) instead. To opt-in to the future behavior, set `pd.set_option('future.no_silent_downcasting', True)`
  totals_X = totals_X.fillna(0.0)
INFO:src.predict.storage:Saved 11 predictions to database for ensemble
[2025-12-14 17:02:14] Generating predictions for NBA with random_forest model...
INFO:__main__:Running predictions for NBA...
INFO:src.predict.engine:Loaded random_forest model for NBA
INFO:src.predict.engine:Loaded random_forest totals model for NBA (random_forest)
INFO:src.predict.engine:prepare_features: Processing 11 games for NBA
C:\Users\Bobby\Desktop\sports\src\predict\engine.py:375: FutureWarning: Downcasting object dtype arrays on .fillna, .ffill, .bfill is deprecated and will change in a future version. Call result.infer_objects(copy=False) instead. To opt-in to the future behavior, set `pd.set_option('future.no_silent_downcasting', True)`
  totals_X = totals_X.fillna(0.0)
INFO:src.predict.storage:Saved 11 predictions to database for random_forest
[2025-12-14 17:02:16] Generating predictions for NBA with gradient_boosting model...
INFO:__main__:Running predictions for NBA...
INFO:src.predict.engine:Loaded gradient_boosting model for NBA
INFO:src.predict.engine:Loaded gradient_boosting totals model for NBA (gradient_boosting)
INFO:src.predict.engine:prepare_features: Processing 11 games for NBA
C:\Users\Bobby\Desktop\sports\src\predict\engine.py:375: FutureWarning: Downcasting object dtype arrays on .fillna, .ffill, .bfill is deprecated and will change in a future version. Call result.infer_objects(copy=False) instead. To opt-in to the future behavior, set `pd.set_option('future.no_silent_downcasting', True)`
  totals_X = totals_X.fillna(0.0)
INFO:src.predict.storage:Saved 11 predictions to database for gradient_boosting
[2025-12-14 17:02:20] Generating predictions for CFB with ensemble model...
INFO:__main__:Running predictions for CFB...
INFO:src.predict.engine:Loaded ensemble model for CFB
INFO:src.predict.engine:Loaded gradient_boosting totals model for CFB (ensemble)
INFO:src.predict.engine:prepare_features: Processing 9 games for CFB
WARNING:src.predict.engine:Skipping rolling stats: empty=True, home=JGA, away=TEA
WARNING:src.predict.engine:Skipping rolling stats: empty=True, home=USF, away=ODU
WARNING:src.predict.engine:Skipping rolling stats: empty=True, home=DHE, away=LCA
WARNING:src.predict.engine:Skipping rolling stats: empty=True, home=ARST, away=MBE
WARNING:src.predict.engine:Skipping rolling stats: empty=True, home=WMU, away=KEN
WARNING:src.predict.engine:Skipping rolling stats: empty=True, home=NWO, away=MEM
WARNING:src.predict.engine:Skipping rolling stats: empty=True, home=OU, away=ALA
WARNING:src.predict.engine:Skipping rolling stats: empty=True, home=TAMU, away=MIA
WARNING:src.predict.engine:Skipping rolling stats: empty=True, home=ORE, away=TULN
C:\Users\Bobby\Desktop\sports\src\predict\engine.py:375: FutureWarning: Downcasting object dtype arrays on .fillna, .ffill, .bfill is deprecated and will change in a future version. Call result.infer_objects(copy=False) instead. To opt-in to the future behavior, set `pd.set_option('future.no_silent_downcasting', True)`
  totals_X = totals_X.fillna(0.0)
INFO:src.predict.storage:Saved 9 predictions to database for ensemble
[2025-12-14 17:02:24] Generating predictions for CFB with random_forest model...
INFO:__main__:Running predictions for CFB...
INFO:src.predict.engine:Loaded random_forest model for CFB
INFO:src.predict.engine:Loaded random_forest totals model for CFB (random_forest)
INFO:src.predict.engine:prepare_features: Processing 9 games for CFB
WARNING:src.predict.engine:Skipping rolling stats: empty=True, home=JGA, away=TEA
WARNING:src.predict.engine:Skipping rolling stats: empty=True, home=USF, away=ODU
WARNING:src.predict.engine:Skipping rolling stats: empty=True, home=DHE, away=LCA
WARNING:src.predict.engine:Skipping rolling stats: empty=True, home=ARST, away=MBE
WARNING:src.predict.engine:Skipping rolling stats: empty=True, home=WMU, away=KEN
WARNING:src.predict.engine:Skipping rolling stats: empty=True, home=NWO, away=MEM
WARNING:src.predict.engine:Skipping rolling stats: empty=True, home=OU, away=ALA
WARNING:src.predict.engine:Skipping rolling stats: empty=True, home=TAMU, away=MIA
WARNING:src.predict.engine:Skipping rolling stats: empty=True, home=ORE, away=TULN
C:\Users\Bobby\Desktop\sports\src\predict\engine.py:375: FutureWarning: Downcasting object dtype arrays on .fillna, .ffill, .bfill is deprecated and will change in a future version. Call result.infer_objects(copy=False) instead. To opt-in to the future behavior, set `pd.set_option('future.no_silent_downcasting', True)`
  totals_X = totals_X.fillna(0.0)
INFO:src.predict.storage:Saved 9 predictions to database for random_forest
[2025-12-14 17:02:26] Generating predictions for CFB with gradient_boosting model...
INFO:__main__:Running predictions for CFB...
INFO:src.predict.engine:Loaded gradient_boosting model for CFB
INFO:src.predict.engine:Loaded gradient_boosting totals model for CFB (gradient_boosting)
INFO:src.predict.engine:prepare_features: Processing 9 games for CFB
WARNING:src.predict.engine:Skipping rolling stats: empty=True, home=JGA, away=TEA
WARNING:src.predict.engine:Skipping rolling stats: empty=True, home=USF, away=ODU
WARNING:src.predict.engine:Skipping rolling stats: empty=True, home=DHE, away=LCA
WARNING:src.predict.engine:Skipping rolling stats: empty=True, home=ARST, away=MBE
WARNING:src.predict.engine:Skipping rolling stats: empty=True, home=WMU, away=KEN
WARNING:src.predict.engine:Skipping rolling stats: empty=True, home=NWO, away=MEM
WARNING:src.predict.engine:Skipping rolling stats: empty=True, home=OU, away=ALA
WARNING:src.predict.engine:Skipping rolling stats: empty=True, home=TAMU, away=MIA
WARNING:src.predict.engine:Skipping rolling stats: empty=True, home=ORE, away=TULN
C:\Users\Bobby\Desktop\sports\src\predict\engine.py:375: FutureWarning: Downcasting object dtype arrays on .fillna, .ffill, .bfill is deprecated and will change in a future version. Call result.infer_objects(copy=False) instead. To opt-in to the future behavior, set `pd.set_option('future.no_silent_downcasting', True)`
  totals_X = totals_X.fillna(0.0)
INFO:src.predict.storage:Saved 9 predictions to database for gradient_boosting
[2025-12-14 17:02:30] Generating predictions for NCAAB with ensemble model...
INFO:__main__:Running predictions for NCAAB...
INFO:src.predict.engine:Loaded ensemble model for NCAAB
INFO:src.predict.engine:Loaded gradient_boosting totals model for NCAAB (ensemble)
INFO:src.predict.engine:prepare_features: Processing 19 games for NCAAB
WARNING:src.predict.engine:Skipping rolling stats: empty=True, home=IHA, away=WBR
WARNING:src.predict.engine:Skipping rolling stats: empty=True, home=UBL, away=TTR
WARNING:src.predict.engine:Skipping rolling stats: empty=True, home=CCO, away=C49
WARNING:src.predict.engine:Skipping rolling stats: empty=True, home=NLO, away=FEA
WARNING:src.predict.engine:Skipping rolling stats: empty=True, home=FMA, away=DTI
WARNING:src.predict.engine:Skipping rolling stats: empty=True, home=PPI, away=KFL
WARNING:src.predict.engine:Skipping rolling stats: empty=True, home=LRA, away=CCO
WARNING:src.predict.engine:Skipping rolling stats: empty=True, home=WDE, away=QRO
WARNING:src.predict.engine:Skipping rolling stats: empty=True, home=SJA, away=NGR
WARNING:src.predict.engine:Skipping rolling stats: empty=True, home=BBR, away=SGA
WARNING:src.predict.engine:Skipping rolling stats: empty=True, home=TAG, away=JDO
WARNING:src.predict.engine:Skipping rolling stats: empty=True, home=UTR, away=WCO
WARNING:src.predict.engine:Skipping rolling stats: empty=True, home=SLI, away=ELI
WARNING:src.predict.engine:Skipping rolling stats: empty=True, home=GBU, away=WTE
WARNING:src.predict.engine:Skipping rolling stats: empty=True, home=VRA, away=NEA
WARNING:src.predict.engine:Skipping rolling stats: empty=True, home=ABU, away=NLI
WARNING:src.predict.engine:Skipping rolling stats: empty=True, home=HHU, away=MCO
WARNING:src.predict.engine:Skipping rolling stats: empty=True, home=TFR, away=ICA
WARNING:src.predict.engine:Skipping rolling stats: empty=True, home=SJA, away=WCO
C:\Users\Bobby\AppData\Local\Packages\PythonSoftwareFoundation.Python.3.11_qbz5n2kfra8p0\LocalCache\Local\pypoetry\Cache\virtualenvs\sports-betting-analytics-w0RVEvSZ-py3.11\Lib\site-packages\sklearn\utils\validation.py:2749: UserWarning: X does not have valid feature names, but LGBMClassifier was fitted with feature names
  warnings.warn(
C:\Users\Bobby\Desktop\sports\src\predict\engine.py:375: FutureWarning: Downcasting object dtype arrays on .fillna, .ffill, .bfill is deprecated and will change in a future version. Call result.infer_objects(copy=False) instead. To opt-in to the future behavior, set `pd.set_option('future.no_silent_downcasting', True)`
  totals_X = totals_X.fillna(0.0)
INFO:src.predict.storage:Saved 19 predictions to database for ensemble
[2025-12-14 17:02:33] Generating predictions for NCAAB with random_forest model...
INFO:__main__:Running predictions for NCAAB...
INFO:src.predict.engine:Loaded random_forest model for NCAAB
INFO:src.predict.engine:Loaded random_forest totals model for NCAAB (random_forest)
INFO:src.predict.engine:prepare_features: Processing 19 games for NCAAB
WARNING:src.predict.engine:Skipping rolling stats: empty=True, home=IHA, away=WBR
WARNING:src.predict.engine:Skipping rolling stats: empty=True, home=UBL, away=TTR
WARNING:src.predict.engine:Skipping rolling stats: empty=True, home=CCO, away=C49
WARNING:src.predict.engine:Skipping rolling stats: empty=True, home=NLO, away=FEA
WARNING:src.predict.engine:Skipping rolling stats: empty=True, home=FMA, away=DTI
WARNING:src.predict.engine:Skipping rolling stats: empty=True, home=PPI, away=KFL
WARNING:src.predict.engine:Skipping rolling stats: empty=True, home=LRA, away=CCO
WARNING:src.predict.engine:Skipping rolling stats: empty=True, home=WDE, away=QRO
WARNING:src.predict.engine:Skipping rolling stats: empty=True, home=SJA, away=NGR
WARNING:src.predict.engine:Skipping rolling stats: empty=True, home=BBR, away=SGA
WARNING:src.predict.engine:Skipping rolling stats: empty=True, home=TAG, away=JDO
WARNING:src.predict.engine:Skipping rolling stats: empty=True, home=UTR, away=WCO
WARNING:src.predict.engine:Skipping rolling stats: empty=True, home=SLI, away=ELI
WARNING:src.predict.engine:Skipping rolling stats: empty=True, home=GBU, away=WTE
WARNING:src.predict.engine:Skipping rolling stats: empty=True, home=VRA, away=NEA
WARNING:src.predict.engine:Skipping rolling stats: empty=True, home=ABU, away=NLI
WARNING:src.predict.engine:Skipping rolling stats: empty=True, home=HHU, away=MCO
WARNING:src.predict.engine:Skipping rolling stats: empty=True, home=TFR, away=ICA
WARNING:src.predict.engine:Skipping rolling stats: empty=True, home=SJA, away=WCO
C:\Users\Bobby\Desktop\sports\src\predict\engine.py:375: FutureWarning: Downcasting object dtype arrays on .fillna, .ffill, .bfill is deprecated and will change in a future version. Call result.infer_objects(copy=False) instead. To opt-in to the future behavior, set `pd.set_option('future.no_silent_downcasting', True)`
  totals_X = totals_X.fillna(0.0)
INFO:src.predict.storage:Saved 19 predictions to database for random_forest
[2025-12-14 17:02:36] Generating predictions for NCAAB with gradient_boosting model...
INFO:__main__:Running predictions for NCAAB...
INFO:src.predict.engine:Loaded gradient_boosting model for NCAAB
INFO:src.predict.engine:Loaded gradient_boosting totals model for NCAAB (gradient_boosting)
INFO:src.predict.engine:prepare_features: Processing 19 games for NCAAB
WARNING:src.predict.engine:Skipping rolling stats: empty=True, home=IHA, away=WBR
WARNING:src.predict.engine:Skipping rolling stats: empty=True, home=UBL, away=TTR
WARNING:src.predict.engine:Skipping rolling stats: empty=True, home=CCO, away=C49
WARNING:src.predict.engine:Skipping rolling stats: empty=True, home=NLO, away=FEA
WARNING:src.predict.engine:Skipping rolling stats: empty=True, home=FMA, away=DTI
WARNING:src.predict.engine:Skipping rolling stats: empty=True, home=PPI, away=KFL
WARNING:src.predict.engine:Skipping rolling stats: empty=True, home=LRA, away=CCO
WARNING:src.predict.engine:Skipping rolling stats: empty=True, home=WDE, away=QRO
WARNING:src.predict.engine:Skipping rolling stats: empty=True, home=SJA, away=NGR
WARNING:src.predict.engine:Skipping rolling stats: empty=True, home=BBR, away=SGA
WARNING:src.predict.engine:Skipping rolling stats: empty=True, home=TAG, away=JDO
WARNING:src.predict.engine:Skipping rolling stats: empty=True, home=UTR, away=WCO
WARNING:src.predict.engine:Skipping rolling stats: empty=True, home=SLI, away=ELI
WARNING:src.predict.engine:Skipping rolling stats: empty=True, home=GBU, away=WTE
WARNING:src.predict.engine:Skipping rolling stats: empty=True, home=VRA, away=NEA
WARNING:src.predict.engine:Skipping rolling stats: empty=True, home=ABU, away=NLI
WARNING:src.predict.engine:Skipping rolling stats: empty=True, home=HHU, away=MCO
WARNING:src.predict.engine:Skipping rolling stats: empty=True, home=TFR, away=ICA
WARNING:src.predict.engine:Skipping rolling stats: empty=True, home=SJA, away=WCO
C:\Users\Bobby\Desktop\sports\src\predict\engine.py:375: FutureWarning: Downcasting object dtype arrays on .fillna, .ffill, .bfill is deprecated and will change in a future version. Call result.infer_objects(copy=False) instead. To opt-in to the future behavior, set `pd.set_option('future.no_silent_downcasting', True)`
  totals_X = totals_X.fillna(0.0)
INFO:src.predict.storage:Saved 19 predictions to database for gradient_boosting
[2025-12-14 17:02:40] Generating predictions for NHL with ensemble model...
INFO:__main__:Running predictions for NHL...
INFO:src.predict.engine:Loaded ensemble model for NHL
INFO:src.predict.engine:Loaded gradient_boosting totals model for NHL (ensemble)
INFO:src.predict.engine:prepare_features: Processing 10 games for NHL
WARNING:src.predict.engine:Skipping rolling stats: empty=True, home=PIT, away=UMA
WARNING:src.predict.engine:Skipping rolling stats: empty=True, home=CAR, away=PHI
WARNING:src.predict.engine:Skipping rolling stats: empty=True, home=MIN, away=BOS
WARNING:src.predict.engine:Skipping rolling stats: empty=True, home=MCA, away=EDM
WARNING:src.predict.engine:Skipping rolling stats: empty=True, home=SEA, away=BUF
WARNING:src.predict.engine:Skipping rolling stats: empty=True, home=NYR, away=ANA
WARNING:src.predict.engine:Skipping rolling stats: empty=True, home=TBL, away=FLA
WARNING:src.predict.engine:Skipping rolling stats: empty=True, home=WPG, away=OTT
WARNING:src.predict.engine:Skipping rolling stats: empty=True, home=DAL, away=LAK
WARNING:src.predict.engine:Skipping rolling stats: empty=True, home=STL, away=NSH
C:\Users\Bobby\AppData\Local\Packages\PythonSoftwareFoundation.Python.3.11_qbz5n2kfra8p0\LocalCache\Local\pypoetry\Cache\virtualenvs\sports-betting-analytics-w0RVEvSZ-py3.11\Lib\site-packages\sklearn\utils\validation.py:2749: UserWarning: X does not have valid feature names, but LGBMClassifier was fitted with feature names
  warnings.warn(
C:\Users\Bobby\Desktop\sports\src\predict\engine.py:375: FutureWarning: Downcasting object dtype arrays on .fillna, .ffill, .bfill is deprecated and will change in a future version. Call result.infer_objects(copy=False) instead. To opt-in to the future behavior, set `pd.set_option('future.no_silent_downcasting', True)`
  totals_X = totals_X.fillna(0.0)
INFO:src.predict.storage:Saved 10 predictions to database for ensemble
[2025-12-14 17:02:43] Generating predictions for NHL with random_forest model...
INFO:__main__:Running predictions for NHL...
INFO:src.predict.engine:Loaded random_forest model for NHL
INFO:src.predict.engine:Loaded random_forest totals model for NHL (random_forest)
INFO:src.predict.engine:prepare_features: Processing 10 games for NHL
WARNING:src.predict.engine:Skipping rolling stats: empty=True, home=PIT, away=UMA
WARNING:src.predict.engine:Skipping rolling stats: empty=True, home=CAR, away=PHI
WARNING:src.predict.engine:Skipping rolling stats: empty=True, home=MIN, away=BOS
WARNING:src.predict.engine:Skipping rolling stats: empty=True, home=MCA, away=EDM
WARNING:src.predict.engine:Skipping rolling stats: empty=True, home=SEA, away=BUF
WARNING:src.predict.engine:Skipping rolling stats: empty=True, home=NYR, away=ANA
WARNING:src.predict.engine:Skipping rolling stats: empty=True, home=TBL, away=FLA
WARNING:src.predict.engine:Skipping rolling stats: empty=True, home=WPG, away=OTT
WARNING:src.predict.engine:Skipping rolling stats: empty=True, home=DAL, away=LAK
WARNING:src.predict.engine:Skipping rolling stats: empty=True, home=STL, away=NSH
C:\Users\Bobby\Desktop\sports\src\predict\engine.py:375: FutureWarning: Downcasting object dtype arrays on .fillna, .ffill, .bfill is deprecated and will change in a future version. Call result.infer_objects(copy=False) instead. To opt-in to the future behavior, set `pd.set_option('future.no_silent_downcasting', True)`
  totals_X = totals_X.fillna(0.0)
INFO:src.predict.storage:Saved 10 predictions to database for random_forest
[2025-12-14 17:02:46] Generating predictions for NHL with gradient_boosting model...
INFO:__main__:Running predictions for NHL...
INFO:src.predict.engine:Loaded gradient_boosting model for NHL
INFO:src.predict.engine:Loaded gradient_boosting totals model for NHL (gradient_boosting)
INFO:src.predict.engine:prepare_features: Processing 10 games for NHL
WARNING:src.predict.engine:Skipping rolling stats: empty=True, home=PIT, away=UMA
WARNING:src.predict.engine:Skipping rolling stats: empty=True, home=CAR, away=PHI
WARNING:src.predict.engine:Skipping rolling stats: empty=True, home=MIN, away=BOS
WARNING:src.predict.engine:Skipping rolling stats: empty=True, home=MCA, away=EDM
WARNING:src.predict.engine:Skipping rolling stats: empty=True, home=SEA, away=BUF
WARNING:src.predict.engine:Skipping rolling stats: empty=True, home=NYR, away=ANA
WARNING:src.predict.engine:Skipping rolling stats: empty=True, home=TBL, away=FLA
WARNING:src.predict.engine:Skipping rolling stats: empty=True, home=WPG, away=OTT
WARNING:src.predict.engine:Skipping rolling stats: empty=True, home=DAL, away=LAK
WARNING:src.predict.engine:Skipping rolling stats: empty=True, home=STL, away=NSH
C:\Users\Bobby\Desktop\sports\src\predict\engine.py:375: FutureWarning: Downcasting object dtype arrays on .fillna, .ffill, .bfill is deprecated and will change in a future version. Call result.infer_objects(copy=False) instead. To opt-in to the future behavior, set `pd.set_option('future.no_silent_downcasting', True)`
  totals_X = totals_X.fillna(0.0)
INFO:src.predict.storage:Saved 10 predictions to database for gradient_boosting
[2025-12-14 17:02:50] Generating predictions for EPL with ensemble model...
INFO:__main__:Running predictions for EPL...
INFO:src.predict.engine:Loaded ensemble model for EPL
INFO:src.predict.engine:Loaded gradient_boosting totals model for EPL (ensemble)
INFO:src.predict.engine:prepare_features: Processing 9 games for EPL
WARNING:src.predict.engine:Skipping rolling stats: empty=True, home=MUN, away=BOU
WARNING:src.predict.engine:Skipping rolling stats: empty=True, home=NEW, away=CHE
WARNING:src.predict.engine:Skipping rolling stats: empty=True, home=BAL, away=SUN
WARNING:src.predict.engine:Skipping rolling stats: empty=True, home=MCI, away=WHU
WARNING:src.predict.engine:Skipping rolling stats: empty=True, home=WOL, away=BRENTFORD
WARNING:src.predict.engine:Skipping rolling stats: empty=True, home=BOU, away=BUR
WARNING:src.predict.engine:Skipping rolling stats: empty=True, home=TOT, away=LIV
WARNING:src.predict.engine:Skipping rolling stats: empty=True, home=EVE, away=ARS
WARNING:src.predict.engine:Skipping rolling stats: empty=True, home=LUN, away=CRY
C:\Users\Bobby\AppData\Local\Packages\PythonSoftwareFoundation.Python.3.11_qbz5n2kfra8p0\LocalCache\Local\pypoetry\Cache\virtualenvs\sports-betting-analytics-w0RVEvSZ-py3.11\Lib\site-packages\sklearn\utils\validation.py:2749: UserWarning: X does not have valid feature names, but LGBMClassifier was fitted with feature names
  warnings.warn(
C:\Users\Bobby\Desktop\sports\src\predict\engine.py:375: FutureWarning: Downcasting object dtype arrays on .fillna, .ffill, .bfill is deprecated and will change in a future version. Call result.infer_objects(copy=False) instead. To opt-in to the future behavior, set `pd.set_option('future.no_silent_downcasting', True)`
  totals_X = totals_X.fillna(0.0)
INFO:src.predict.storage:Saved 9 predictions to database for ensemble
[2025-12-14 17:02:54] Generating predictions for EPL with random_forest model...
INFO:__main__:Running predictions for EPL...
INFO:src.predict.engine:Loaded random_forest model for EPL
INFO:src.predict.engine:Loaded random_forest totals model for EPL (random_forest)
INFO:src.predict.engine:prepare_features: Processing 9 games for EPL
WARNING:src.predict.engine:Skipping rolling stats: empty=True, home=MUN, away=BOU
WARNING:src.predict.engine:Skipping rolling stats: empty=True, home=NEW, away=CHE
WARNING:src.predict.engine:Skipping rolling stats: empty=True, home=BAL, away=SUN
WARNING:src.predict.engine:Skipping rolling stats: empty=True, home=MCI, away=WHU
WARNING:src.predict.engine:Skipping rolling stats: empty=True, home=WOL, away=BRENTFORD
WARNING:src.predict.engine:Skipping rolling stats: empty=True, home=BOU, away=BUR
WARNING:src.predict.engine:Skipping rolling stats: empty=True, home=TOT, away=LIV
WARNING:src.predict.engine:Skipping rolling stats: empty=True, home=EVE, away=ARS
WARNING:src.predict.engine:Skipping rolling stats: empty=True, home=LUN, away=CRY
C:\Users\Bobby\Desktop\sports\src\predict\engine.py:375: FutureWarning: Downcasting object dtype arrays on .fillna, .ffill, .bfill is deprecated and will change in a future version. Call result.infer_objects(copy=False) instead. To opt-in to the future behavior, set `pd.set_option('future.no_silent_downcasting', True)`
  totals_X = totals_X.fillna(0.0)
INFO:src.predict.storage:Saved 9 predictions to database for random_forest
[2025-12-14 17:02:56] Generating predictions for EPL with gradient_boosting model...
INFO:__main__:Running predictions for EPL...
INFO:src.predict.engine:Loaded gradient_boosting model for EPL
INFO:src.predict.engine:Loaded gradient_boosting totals model for EPL (gradient_boosting)
INFO:src.predict.engine:prepare_features: Processing 9 games for EPL
WARNING:src.predict.engine:Skipping rolling stats: empty=True, home=MUN, away=BOU
WARNING:src.predict.engine:Skipping rolling stats: empty=True, home=NEW, away=CHE
WARNING:src.predict.engine:Skipping rolling stats: empty=True, home=BAL, away=SUN
WARNING:src.predict.engine:Skipping rolling stats: empty=True, home=MCI, away=WHU
WARNING:src.predict.engine:Skipping rolling stats: empty=True, home=WOL, away=BRENTFORD
WARNING:src.predict.engine:Skipping rolling stats: empty=True, home=BOU, away=BUR
WARNING:src.predict.engine:Skipping rolling stats: empty=True, home=TOT, away=LIV
WARNING:src.predict.engine:Skipping rolling stats: empty=True, home=EVE, away=ARS
WARNING:src.predict.engine:Skipping rolling stats: empty=True, home=LUN, away=CRY
C:\Users\Bobby\Desktop\sports\src\predict\engine.py:375: FutureWarning: Downcasting object dtype arrays on .fillna, .ffill, .bfill is deprecated and will change in a future version. Call result.infer_objects(copy=False) instead. To opt-in to the future behavior, set `pd.set_option('future.no_silent_downcasting', True)`
  totals_X = totals_X.fillna(0.0)
INFO:src.predict.storage:Saved 9 predictions to database for gradient_boosting
[2025-12-14 17:03:00] Generating predictions for LALIGA with ensemble model...
INFO:__main__:Running predictions for LALIGA...
INFO:src.predict.engine:Loaded ensemble model for LALIGA
INFO:src.predict.engine:Loaded gradient_boosting totals model for LALIGA (ensemble)
INFO:src.predict.engine:prepare_features: Processing 8 games for LALIGA
WARNING:src.predict.engine:Skipping rolling stats: empty=True, home=LEVANTE, away=VIL
WARNING:src.predict.engine:Skipping rolling stats: empty=True, home=ALAV╔S, away=RMA
WARNING:src.predict.engine:Skipping rolling stats: empty=True, home=RAY, away=BET
WARNING:src.predict.engine:Skipping rolling stats: empty=True, home=VAL, away=MALLORCA
WARNING:src.predict.engine:Skipping rolling stats: empty=True, home=ROV, away=CVI
WARNING:src.predict.engine:Skipping rolling stats: empty=True, home=LEVANTE, away=RSO
WARNING:src.predict.engine:Skipping rolling stats: empty=True, home=OSA, away=ALAV╔S
WARNING:src.predict.engine:Skipping rolling stats: empty=True, home=RMA, away=SEV
C:\Users\Bobby\AppData\Local\Packages\PythonSoftwareFoundation.Python.3.11_qbz5n2kfra8p0\LocalCache\Local\pypoetry\Cache\virtualenvs\sports-betting-analytics-w0RVEvSZ-py3.11\Lib\site-packages\sklearn\utils\validation.py:2749: UserWarning: X does not have valid feature names, but LGBMClassifier was fitted with feature names
  warnings.warn(
C:\Users\Bobby\Desktop\sports\src\predict\engine.py:375: FutureWarning: Downcasting object dtype arrays on .fillna, .ffill, .bfill is deprecated and will change in a future version. Call result.infer_objects(copy=False) instead. To opt-in to the future behavior, set `pd.set_option('future.no_silent_downcasting', True)`
  totals_X = totals_X.fillna(0.0)
INFO:src.predict.storage:Saved 8 predictions to database for ensemble
[2025-12-14 17:03:03] Generating predictions for LALIGA with random_forest model...
INFO:__main__:Running predictions for LALIGA...
INFO:src.predict.engine:Loaded random_forest model for LALIGA
INFO:src.predict.engine:Loaded random_forest totals model for LALIGA (random_forest)
INFO:src.predict.engine:prepare_features: Processing 8 games for LALIGA
WARNING:src.predict.engine:Skipping rolling stats: empty=True, home=LEVANTE, away=VIL
WARNING:src.predict.engine:Skipping rolling stats: empty=True, home=ALAV╔S, away=RMA
WARNING:src.predict.engine:Skipping rolling stats: empty=True, home=RAY, away=BET
WARNING:src.predict.engine:Skipping rolling stats: empty=True, home=VAL, away=MALLORCA
WARNING:src.predict.engine:Skipping rolling stats: empty=True, home=ROV, away=CVI
WARNING:src.predict.engine:Skipping rolling stats: empty=True, home=LEVANTE, away=RSO
WARNING:src.predict.engine:Skipping rolling stats: empty=True, home=OSA, away=ALAV╔S
WARNING:src.predict.engine:Skipping rolling stats: empty=True, home=RMA, away=SEV
C:\Users\Bobby\Desktop\sports\src\predict\engine.py:375: FutureWarning: Downcasting object dtype arrays on .fillna, .ffill, .bfill is deprecated and will change in a future version. Call result.infer_objects(copy=False) instead. To opt-in to the future behavior, set `pd.set_option('future.no_silent_downcasting', True)`
  totals_X = totals_X.fillna(0.0)
INFO:src.predict.storage:Saved 8 predictions to database for random_forest
[2025-12-14 17:03:06] Generating predictions for LALIGA with gradient_boosting model...
INFO:__main__:Running predictions for LALIGA...
INFO:src.predict.engine:Loaded gradient_boosting model for LALIGA
INFO:src.predict.engine:Loaded gradient_boosting totals model for LALIGA (gradient_boosting)
INFO:src.predict.engine:prepare_features: Processing 8 games for LALIGA
WARNING:src.predict.engine:Skipping rolling stats: empty=True, home=LEVANTE, away=VIL
WARNING:src.predict.engine:Skipping rolling stats: empty=True, home=ALAV╔S, away=RMA
WARNING:src.predict.engine:Skipping rolling stats: empty=True, home=RAY, away=BET
WARNING:src.predict.engine:Skipping rolling stats: empty=True, home=VAL, away=MALLORCA
WARNING:src.predict.engine:Skipping rolling stats: empty=True, home=ROV, away=CVI
WARNING:src.predict.engine:Skipping rolling stats: empty=True, home=LEVANTE, away=RSO
WARNING:src.predict.engine:Skipping rolling stats: empty=True, home=OSA, away=ALAV╔S
WARNING:src.predict.engine:Skipping rolling stats: empty=True, home=RMA, away=SEV
C:\Users\Bobby\Desktop\sports\src\predict\engine.py:375: FutureWarning: Downcasting object dtype arrays on .fillna, .ffill, .bfill is deprecated and will change in a future version. Call result.infer_objects(copy=False) instead. To opt-in to the future behavior, set `pd.set_option('future.no_silent_downcasting', True)`
  totals_X = totals_X.fillna(0.0)
INFO:src.predict.storage:Saved 8 predictions to database for gradient_boosting
[2025-12-14 17:03:09] Generating predictions for BUNDESLIGA with ensemble model...
INFO:__main__:Running predictions for BUNDESLIGA...
INFO:src.predict.engine:Loaded ensemble model for BUNDESLIGA
INFO:src.predict.engine:Loaded gradient_boosting totals model for BUNDESLIGA (ensemble)
INFO:src.predict.engine:prepare_features: Processing 7 games for BUNDESLIGA
WARNING:src.predict.engine:Skipping rolling stats: empty=True, home=DOR, away=MGL
WARNING:src.predict.engine:Skipping rolling stats: empty=True, home=STU, away=THO
WARNING:src.predict.engine:Skipping rolling stats: empty=True, home=WOL, away=FRE
WARNING:src.predict.engine:Skipping rolling stats: empty=True, home=KOL, away=1BE
WARNING:src.predict.engine:Skipping rolling stats: empty=True, home=AUGSBURG, away=WER
WARNING:src.predict.engine:Skipping rolling stats: empty=True, home=HAM, away=FRA
WARNING:src.predict.engine:Skipping rolling stats: empty=True, home=RLE, away=LEV
C:\Users\Bobby\AppData\Local\Packages\PythonSoftwareFoundation.Python.3.11_qbz5n2kfra8p0\LocalCache\Local\pypoetry\Cache\virtualenvs\sports-betting-analytics-w0RVEvSZ-py3.11\Lib\site-packages\sklearn\utils\validation.py:2749: UserWarning: X does not have valid feature names, but LGBMClassifier was fitted with feature names
  warnings.warn(
C:\Users\Bobby\Desktop\sports\src\predict\engine.py:375: FutureWarning: Downcasting object dtype arrays on .fillna, .ffill, .bfill is deprecated and will change in a future version. Call result.infer_objects(copy=False) instead. To opt-in to the future behavior, set `pd.set_option('future.no_silent_downcasting', True)`
  totals_X = totals_X.fillna(0.0)
INFO:src.predict.storage:Saved 7 predictions to database for ensemble
[2025-12-14 17:03:13] Generating predictions for BUNDESLIGA with random_forest model...
INFO:__main__:Running predictions for BUNDESLIGA...
INFO:src.predict.engine:Loaded random_forest model for BUNDESLIGA
INFO:src.predict.engine:Loaded random_forest totals model for BUNDESLIGA (random_forest)
INFO:src.predict.engine:prepare_features: Processing 7 games for BUNDESLIGA
WARNING:src.predict.engine:Skipping rolling stats: empty=True, home=DOR, away=MGL
WARNING:src.predict.engine:Skipping rolling stats: empty=True, home=STU, away=THO
WARNING:src.predict.engine:Skipping rolling stats: empty=True, home=WOL, away=FRE
WARNING:src.predict.engine:Skipping rolling stats: empty=True, home=KOL, away=1BE
WARNING:src.predict.engine:Skipping rolling stats: empty=True, home=AUGSBURG, away=WER
WARNING:src.predict.engine:Skipping rolling stats: empty=True, home=HAM, away=FRA
WARNING:src.predict.engine:Skipping rolling stats: empty=True, home=RLE, away=LEV
C:\Users\Bobby\Desktop\sports\src\predict\engine.py:375: FutureWarning: Downcasting object dtype arrays on .fillna, .ffill, .bfill is deprecated and will change in a future version. Call result.infer_objects(copy=False) instead. To opt-in to the future behavior, set `pd.set_option('future.no_silent_downcasting', True)`
  totals_X = totals_X.fillna(0.0)
INFO:src.predict.storage:Saved 7 predictions to database for random_forest
[2025-12-14 17:03:16] Generating predictions for BUNDESLIGA with gradient_boosting model...
INFO:__main__:Running predictions for BUNDESLIGA...
INFO:src.predict.engine:Loaded gradient_boosting model for BUNDESLIGA
INFO:src.predict.engine:Loaded gradient_boosting totals model for BUNDESLIGA (gradient_boosting)
INFO:src.predict.engine:prepare_features: Processing 7 games for BUNDESLIGA
WARNING:src.predict.engine:Skipping rolling stats: empty=True, home=DOR, away=MGL
WARNING:src.predict.engine:Skipping rolling stats: empty=True, home=STU, away=THO
WARNING:src.predict.engine:Skipping rolling stats: empty=True, home=WOL, away=FRE
WARNING:src.predict.engine:Skipping rolling stats: empty=True, home=KOL, away=1BE
WARNING:src.predict.engine:Skipping rolling stats: empty=True, home=AUGSBURG, away=WER
WARNING:src.predict.engine:Skipping rolling stats: empty=True, home=HAM, away=FRA
WARNING:src.predict.engine:Skipping rolling stats: empty=True, home=RLE, away=LEV
C:\Users\Bobby\Desktop\sports\src\predict\engine.py:375: FutureWarning: Downcasting object dtype arrays on .fillna, .ffill, .bfill is deprecated and will change in a future version. Call result.infer_objects(copy=False) instead. To opt-in to the future behavior, set `pd.set_option('future.no_silent_downcasting', True)`
  totals_X = totals_X.fillna(0.0)
INFO:src.predict.storage:Saved 7 predictions to database for gradient_boosting
[2025-12-14 17:03:20] Generating predictions for SERIEA with ensemble model...
INFO:__main__:Running predictions for SERIEA...
INFO:src.predict.engine:Loaded ensemble model for SERIEA
INFO:src.predict.engine:Loaded gradient_boosting totals model for SERIEA (ensemble)
INFO:src.predict.engine:prepare_features: Processing 3 games for SERIEA
WARNING:src.predict.engine:Skipping rolling stats: empty=True, home=ROM, away=COMO
WARNING:src.predict.engine:Skipping rolling stats: empty=True, home=LAZ, away=CREMONESE
WARNING:src.predict.engine:Skipping rolling stats: empty=True, home=JUV, away=ROM
C:\Users\Bobby\AppData\Local\Packages\PythonSoftwareFoundation.Python.3.11_qbz5n2kfra8p0\LocalCache\Local\pypoetry\Cache\virtualenvs\sports-betting-analytics-w0RVEvSZ-py3.11\Lib\site-packages\sklearn\utils\validation.py:2749: UserWarning: X does not have valid feature names, but LGBMClassifier was fitted with feature names
  warnings.warn(
C:\Users\Bobby\Desktop\sports\src\predict\engine.py:375: FutureWarning: Downcasting object dtype arrays on .fillna, .ffill, .bfill is deprecated and will change in a future version. Call result.infer_objects(copy=False) instead. To opt-in to the future behavior, set `pd.set_option('future.no_silent_downcasting', True)`
  totals_X = totals_X.fillna(0.0)
INFO:src.predict.storage:Saved 3 predictions to database for ensemble
[2025-12-14 17:03:24] Generating predictions for SERIEA with random_forest model...
INFO:__main__:Running predictions for SERIEA...
INFO:src.predict.engine:Loaded random_forest model for SERIEA
INFO:src.predict.engine:Loaded random_forest totals model for SERIEA (random_forest)
INFO:src.predict.engine:prepare_features: Processing 3 games for SERIEA
WARNING:src.predict.engine:Skipping rolling stats: empty=True, home=ROM, away=COMO
WARNING:src.predict.engine:Skipping rolling stats: empty=True, home=LAZ, away=CREMONESE
WARNING:src.predict.engine:Skipping rolling stats: empty=True, home=JUV, away=ROM
C:\Users\Bobby\Desktop\sports\src\predict\engine.py:375: FutureWarning: Downcasting object dtype arrays on .fillna, .ffill, .bfill is deprecated and will change in a future version. Call result.infer_objects(copy=False) instead. To opt-in to the future behavior, set `pd.set_option('future.no_silent_downcasting', True)`
  totals_X = totals_X.fillna(0.0)
INFO:src.predict.storage:Saved 3 predictions to database for random_forest
[2025-12-14 17:03:26] Generating predictions for SERIEA with gradient_boosting model...
INFO:__main__:Running predictions for SERIEA...
INFO:src.predict.engine:Loaded gradient_boosting model for SERIEA
INFO:src.predict.engine:Loaded gradient_boosting totals model for SERIEA (gradient_boosting)
INFO:src.predict.engine:prepare_features: Processing 3 games for SERIEA
WARNING:src.predict.engine:Skipping rolling stats: empty=True, home=ROM, away=COMO
WARNING:src.predict.engine:Skipping rolling stats: empty=True, home=LAZ, away=CREMONESE
WARNING:src.predict.engine:Skipping rolling stats: empty=True, home=JUV, away=ROM
C:\Users\Bobby\Desktop\sports\src\predict\engine.py:375: FutureWarning: Downcasting object dtype arrays on .fillna, .ffill, .bfill is deprecated and will change in a future version. Call result.infer_objects(copy=False) instead. To opt-in to the future behavior, set `pd.set_option('future.no_silent_downcasting', True)`
  totals_X = totals_X.fillna(0.0)
INFO:src.predict.storage:Saved 3 predictions to database for gradient_boosting
[2025-12-14 17:03:30] Generating predictions for LIGUE1 with ensemble model...
INFO:__main__:Running predictions for LIGUE1...
INFO:src.predict.engine:No upcoming games found for LIGUE1
[2025-12-14 17:03:32] Generating predictions for LIGUE1 with random_forest model...
INFO:__main__:Running predictions for LIGUE1...
INFO:src.predict.engine:No upcoming games found for LIGUE1
[2025-12-14 17:03:34] Generating predictions for LIGUE1 with gradient_boosting model...
INFO:__main__:Running predictions for LIGUE1...
INFO:src.predict.engine:No upcoming games found for LIGUE1
[2025-12-14 17:03:36] Prediction generation complete
[2025-12-14 17:03:36] Step 2: Result syncing is now handled by ingestion pipeline.
[2025-12-14 17:03:36] =========================================
[2025-12-14 17:03:36] PREDICTION pipeline completed
[2025-12-14 17:03:36] =========================================
=== Master Pipeline Completed ===
**********************
Windows PowerShell transcript end
End time: 20251214170336
**********************
