[2025-12-04 19:44:47] =========================================
[2025-12-04 19:44:47] Starting PREDICTION pipeline
[2025-12-04 19:44:47] =========================================
[2025-12-04 19:44:47] Processing leagues: NFL, NBA, CFB, NCAAB, NHL, EPL, LALIGA, BUNDESLIGA, SERIEA, LIGUE1
[2025-12-04 19:44:47] Step 0: Creating backups...
[2025-12-04 19:44:47] Backing up database...
[2025-12-04 19:44:48] Backing up prediction files...
[2025-12-04 19:44:49] Step 1: Fetching The Odds API snapshots...
[2025-12-04 19:44:49] Skipping Odds API snapshot for NFL (SkipOdds enabled)
[2025-12-04 19:44:49] Skipping Odds API snapshot for NBA (SkipOdds enabled)
[2025-12-04 19:44:49] Skipping Odds API snapshot for CFB (SkipOdds enabled)
[2025-12-04 19:44:49] Skipping Odds API snapshot for NCAAB (SkipOdds enabled)
[2025-12-04 19:44:49] Skipping Odds API snapshot for NHL (SkipOdds enabled)
[2025-12-04 19:44:49] Skipping Odds API snapshot for EPL (SkipOdds enabled)
[2025-12-04 19:44:49] Skipping Odds API snapshot for LALIGA (SkipOdds enabled)
[2025-12-04 19:44:49] Skipping Odds API snapshot for BUNDESLIGA (SkipOdds enabled)
[2025-12-04 19:44:49] Skipping Odds API snapshot for SERIEA (SkipOdds enabled)
[2025-12-04 19:44:49] Skipping Odds API snapshot for LIGUE1 (SkipOdds enabled)
[2025-12-04 19:44:49] Step 2: Smart Data Ingestion...
[2025-12-04 19:44:49] Skipping smart ingestion (SkipHistory enabled)
[2025-12-04 19:44:49] Skipping score ingestion (SkipOdds enabled)
[2025-12-04 19:44:49] Step 3: Generating predictions...
[2025-12-04 19:44:49] Forward testing NFL with ensemble model...
[2025-12-04 19:44:57] Updating completed results for NFL (ensemble)...
[2025-12-04 19:45:00] Forward testing NFL with random_forest model...
[2025-12-04 19:45:07] Updating completed results for NFL (random_forest)...
[2025-12-04 19:45:09] Forward testing NFL with gradient_boosting model...
[2025-12-04 19:45:17] Updating completed results for NFL (gradient_boosting)...
[2025-12-04 19:45:19] Forward testing NBA with ensemble model...
[2025-12-04 19:45:24] Updating completed results for NBA (ensemble)...
[2025-12-04 19:45:26] Forward testing NBA with random_forest model...
[2025-12-04 19:45:30] Updating completed results for NBA (random_forest)...
[2025-12-04 19:45:32] Forward testing NBA with gradient_boosting model...
[2025-12-04 19:45:36] Updating completed results for NBA (gradient_boosting)...
[2025-12-04 19:45:39] Forward testing CFB with ensemble model...
[2025-12-04 19:45:43] Updating completed results for CFB (ensemble)...
[2025-12-04 19:45:52] Forward testing CFB with random_forest model...
[2025-12-04 19:45:56] Updating completed results for CFB (random_forest)...
[2025-12-04 19:45:58] Forward testing CFB with gradient_boosting model...
[2025-12-04 19:46:02] Updating completed results for CFB (gradient_boosting)...
[2025-12-04 19:46:04] Forward testing NCAAB with ensemble model...
[2025-12-04 19:46:09] Updating completed results for NCAAB (ensemble)...
[2025-12-04 19:46:16] Forward testing NCAAB with random_forest model...
[2025-12-04 19:46:20] Updating completed results for NCAAB (random_forest)...
[2025-12-04 19:46:26] Forward testing NCAAB with gradient_boosting model...
[2025-12-04 19:46:30] Updating completed results for NCAAB (gradient_boosting)...
[2025-12-04 19:46:38] Forward testing NHL with ensemble model...
[2025-12-04 19:46:43] Updating completed results for NHL (ensemble)...
[2025-12-04 19:46:45] Forward testing NHL with random_forest model...
[2025-12-04 19:46:49] Updating completed results for NHL (random_forest)...
[2025-12-04 19:46:51] Forward testing NHL with gradient_boosting model...
[2025-12-04 19:46:55] Updating completed results for NHL (gradient_boosting)...
[2025-12-04 19:46:57] Forward testing EPL with ensemble model...
[2025-12-04 19:47:02] Updating completed results for EPL (ensemble)...
[2025-12-04 19:47:36] Forward testing EPL with random_forest model...
[2025-12-04 19:47:39] Updating completed results for EPL (random_forest)...
[2025-12-04 19:47:53] Forward testing EPL with gradient_boosting model...
[2025-12-04 19:47:57] Updating completed results for EPL (gradient_boosting)...
[2025-12-04 19:48:12] Forward testing LALIGA with ensemble model...
[2025-12-04 19:48:17] Updating completed results for LALIGA (ensemble)...
[2025-12-04 19:48:32] Forward testing LALIGA with random_forest model...
[2025-12-04 19:48:36] Updating completed results for LALIGA (random_forest)...
[2025-12-04 19:48:52] Forward testing LALIGA with gradient_boosting model...
[2025-12-04 19:48:56] Updating completed results for LALIGA (gradient_boosting)...
[2025-12-04 19:49:25] Forward testing BUNDESLIGA with ensemble model...
[2025-12-04 19:49:30] Updating completed results for BUNDESLIGA (ensemble)...
[2025-12-04 19:49:44] Forward testing BUNDESLIGA with random_forest model...
[2025-12-04 19:49:47] Updating completed results for BUNDESLIGA (random_forest)...
[2025-12-04 19:49:55] Forward testing BUNDESLIGA with gradient_boosting model...
[2025-12-04 19:49:59] Updating completed results for BUNDESLIGA (gradient_boosting)...
[2025-12-04 19:50:08] Forward testing SERIEA with ensemble model...
[2025-12-04 19:50:12] Updating completed results for SERIEA (ensemble)...
[2025-12-04 19:50:28] Forward testing SERIEA with random_forest model...
[2025-12-04 19:50:32] Updating completed results for SERIEA (random_forest)...
[2025-12-04 19:50:45] Forward testing SERIEA with gradient_boosting model...
[2025-12-04 19:50:49] Updating completed results for SERIEA (gradient_boosting)...
[2025-12-04 19:50:59] Forward testing LIGUE1 with ensemble model...
[2025-12-04 19:51:04] Updating completed results for LIGUE1 (ensemble)...
[2025-12-04 19:51:12] Forward testing LIGUE1 with random_forest model...
[2025-12-04 19:51:15] Updating completed results for LIGUE1 (random_forest)...
[2025-12-04 19:51:23] Forward testing LIGUE1 with gradient_boosting model...
[2025-12-04 19:51:27] Updating completed results for LIGUE1 (gradient_boosting)...
[2025-12-04 19:51:35] Prediction generation complete
[2025-12-04 19:51:35] Step 4: Syncing results across model types...
[2025-12-04 19:51:37] Results synced successfully across all model types
[2025-12-04 19:51:37] =========================================
[2025-12-04 19:51:37] PREDICTION pipeline completed
[2025-12-04 19:51:37] =========================================
