[2025-12-04 20:00:07] =========================================
[2025-12-04 20:00:07] Starting PREDICTION pipeline
[2025-12-04 20:00:07] =========================================
[2025-12-04 20:00:07] Processing leagues: NFL, NBA, CFB, NCAAB, NHL, EPL, LALIGA, BUNDESLIGA, SERIEA, LIGUE1
[2025-12-04 20:00:07] Step 0: Creating backups...
[2025-12-04 20:00:07] Backing up database...
[2025-12-04 20:00:08] Backing up prediction files...
[2025-12-04 20:00:10] Step 1: Fetching The Odds API snapshots...
[2025-12-04 20:00:10] Skipping Odds API snapshot for NFL (SkipOdds enabled)
[2025-12-04 20:00:10] Skipping Odds API snapshot for NBA (SkipOdds enabled)
[2025-12-04 20:00:10] Skipping Odds API snapshot for CFB (SkipOdds enabled)
[2025-12-04 20:00:10] Skipping Odds API snapshot for NCAAB (SkipOdds enabled)
[2025-12-04 20:00:10] Skipping Odds API snapshot for NHL (SkipOdds enabled)
[2025-12-04 20:00:10] Skipping Odds API snapshot for EPL (SkipOdds enabled)
[2025-12-04 20:00:10] Skipping Odds API snapshot for LALIGA (SkipOdds enabled)
[2025-12-04 20:00:10] Skipping Odds API snapshot for BUNDESLIGA (SkipOdds enabled)
[2025-12-04 20:00:10] Skipping Odds API snapshot for SERIEA (SkipOdds enabled)
[2025-12-04 20:00:10] Skipping Odds API snapshot for LIGUE1 (SkipOdds enabled)
[2025-12-04 20:00:10] Step 2: Smart Data Ingestion...
[2025-12-04 20:00:10] Skipping smart ingestion (SkipHistory enabled)
[2025-12-04 20:00:10] Skipping score ingestion (SkipOdds enabled)
[2025-12-04 20:00:10] Step 3: Generating predictions...
[2025-12-04 20:00:10] Forward testing NFL with ensemble model...
[2025-12-04 20:00:19] Updating completed results for NFL (ensemble)...
[2025-12-04 20:00:22] Forward testing NFL with random_forest model...
[2025-12-04 20:00:29] Updating completed results for NFL (random_forest)...
[2025-12-04 20:00:32] Forward testing NFL with gradient_boosting model...
[2025-12-04 20:00:40] Updating completed results for NFL (gradient_boosting)...
[2025-12-04 20:00:43] Forward testing NBA with ensemble model...
[2025-12-04 20:00:48] Updating completed results for NBA (ensemble)...
[2025-12-04 20:00:50] Forward testing NBA with random_forest model...
[2025-12-04 20:00:54] Updating completed results for NBA (random_forest)...
[2025-12-04 20:00:56] Forward testing NBA with gradient_boosting model...
[2025-12-04 20:01:00] Updating completed results for NBA (gradient_boosting)...
[2025-12-04 20:01:03] Forward testing CFB with ensemble model...
[2025-12-04 20:01:07] Updating completed results for CFB (ensemble)...
[2025-12-04 20:01:15] Forward testing CFB with random_forest model...
[2025-12-04 20:01:19] Updating completed results for CFB (random_forest)...
[2025-12-04 20:01:21] Forward testing CFB with gradient_boosting model...
[2025-12-04 20:01:25] Updating completed results for CFB (gradient_boosting)...
[2025-12-04 20:01:28] Forward testing NCAAB with ensemble model...
[2025-12-04 20:01:33] Updating completed results for NCAAB (ensemble)...
[2025-12-04 20:01:40] Forward testing NCAAB with random_forest model...
[2025-12-04 20:01:44] Updating completed results for NCAAB (random_forest)...
[2025-12-04 20:01:50] Forward testing NCAAB with gradient_boosting model...
[2025-12-04 20:01:54] Updating completed results for NCAAB (gradient_boosting)...
[2025-12-04 20:02:02] Forward testing NHL with ensemble model...
[2025-12-04 20:02:06] Updating completed results for NHL (ensemble)...
[2025-12-04 20:02:09] Forward testing NHL with random_forest model...
[2025-12-04 20:02:12] Updating completed results for NHL (random_forest)...
[2025-12-04 20:02:15] Forward testing NHL with gradient_boosting model...
[2025-12-04 20:02:18] Updating completed results for NHL (gradient_boosting)...
