[2025-12-04 00:42:00] =========================================
[2025-12-04 00:42:00] Starting PREDICTION pipeline
[2025-12-04 00:42:00] =========================================
[2025-12-04 00:42:00] Processing leagues: NFL, NBA, CFB, NCAAB, NHL, EPL, LALIGA, BUNDESLIGA, SERIEA, LIGUE1
[2025-12-04 00:42:00] Step 0: Creating backups...
[2025-12-04 00:42:00] Backing up database...
[2025-12-04 00:42:01] Backing up prediction files...
[2025-12-04 00:42:02] Step 1: Fetching The Odds API snapshots...
[2025-12-04 00:42:02] Skipping Odds API snapshot for NFL (SkipOdds enabled)
[2025-12-04 00:42:02] Skipping Odds API snapshot for NBA (SkipOdds enabled)
[2025-12-04 00:42:02] Skipping Odds API snapshot for CFB (SkipOdds enabled)
[2025-12-04 00:42:02] Skipping Odds API snapshot for NCAAB (SkipOdds enabled)
[2025-12-04 00:42:02] Skipping Odds API snapshot for NHL (SkipOdds enabled)
[2025-12-04 00:42:02] Skipping Odds API snapshot for EPL (SkipOdds enabled)
[2025-12-04 00:42:02] Skipping Odds API snapshot for LALIGA (SkipOdds enabled)
[2025-12-04 00:42:02] Skipping Odds API snapshot for BUNDESLIGA (SkipOdds enabled)
[2025-12-04 00:42:02] Skipping Odds API snapshot for SERIEA (SkipOdds enabled)
[2025-12-04 00:42:02] Skipping Odds API snapshot for LIGUE1 (SkipOdds enabled)
[2025-12-04 00:42:02] Step 2: Smart Data Ingestion...
[2025-12-04 00:42:02] Skipping data ingestion (SkipOdds enabled)
[2025-12-04 00:42:02] Step 3: Generating predictions...
[2025-12-04 00:42:02] Forward testing NFL with ensemble model...
[2025-12-04 00:42:04] WARNING: Forward test failed for NFL (ensemble)
[2025-12-04 00:42:04] Forward testing NFL with random_forest model...
[2025-12-04 00:42:06] WARNING: Forward test failed for NFL (random_forest)
[2025-12-04 00:42:06] Forward testing NFL with gradient_boosting model...
[2025-12-04 00:42:07] WARNING: Forward test failed for NFL (gradient_boosting)
[2025-12-04 00:42:07] Forward testing NBA with ensemble model...
[2025-12-04 00:42:09] WARNING: Forward test failed for NBA (ensemble)
[2025-12-04 00:42:09] Forward testing NBA with random_forest model...
[2025-12-04 00:42:11] WARNING: Forward test failed for NBA (random_forest)
[2025-12-04 00:42:11] Forward testing NBA with gradient_boosting model...
[2025-12-04 00:42:12] WARNING: Forward test failed for NBA (gradient_boosting)
[2025-12-04 00:42:12] Forward testing CFB with ensemble model...
[2025-12-04 00:42:14] WARNING: Forward test failed for CFB (ensemble)
[2025-12-04 00:42:14] Forward testing CFB with random_forest model...
[2025-12-04 00:42:15] WARNING: Forward test failed for CFB (random_forest)
[2025-12-04 00:42:15] Forward testing CFB with gradient_boosting model...
[2025-12-04 00:42:17] WARNING: Forward test failed for CFB (gradient_boosting)
[2025-12-04 00:42:17] Forward testing NCAAB with ensemble model...
[2025-12-04 00:42:18] WARNING: Forward test failed for NCAAB (ensemble)
[2025-12-04 00:42:18] Forward testing NCAAB with random_forest model...
[2025-12-04 00:42:19] WARNING: Forward test failed for NCAAB (random_forest)
[2025-12-04 00:42:19] Forward testing NCAAB with gradient_boosting model...
[2025-12-04 00:42:21] WARNING: Forward test failed for NCAAB (gradient_boosting)
[2025-12-04 00:42:21] Forward testing NHL with ensemble model...
[2025-12-04 00:42:22] WARNING: Forward test failed for NHL (ensemble)
[2025-12-04 00:42:22] Forward testing NHL with random_forest model...
[2025-12-04 00:42:24] WARNING: Forward test failed for NHL (random_forest)
[2025-12-04 00:42:24] Forward testing NHL with gradient_boosting model...
[2025-12-04 00:42:25] WARNING: Forward test failed for NHL (gradient_boosting)
[2025-12-04 00:42:25] Forward testing EPL with ensemble model...
[2025-12-04 00:42:27] WARNING: Forward test failed for EPL (ensemble)
[2025-12-04 00:42:27] Forward testing EPL with random_forest model...
[2025-12-04 00:42:28] WARNING: Forward test failed for EPL (random_forest)
[2025-12-04 00:42:28] Forward testing EPL with gradient_boosting model...
[2025-12-04 00:42:30] WARNING: Forward test failed for EPL (gradient_boosting)
[2025-12-04 00:42:30] Forward testing LALIGA with ensemble model...
[2025-12-04 00:42:31] WARNING: Forward test failed for LALIGA (ensemble)
[2025-12-04 00:42:31] Forward testing LALIGA with random_forest model...
[2025-12-04 00:42:33] WARNING: Forward test failed for LALIGA (random_forest)
[2025-12-04 00:42:33] Forward testing LALIGA with gradient_boosting model...
[2025-12-04 00:42:34] WARNING: Forward test failed for LALIGA (gradient_boosting)
[2025-12-04 00:42:34] Forward testing BUNDESLIGA with ensemble model...
[2025-12-04 00:42:35] WARNING: Forward test failed for BUNDESLIGA (ensemble)
[2025-12-04 00:42:35] Forward testing BUNDESLIGA with random_forest model...
[2025-12-04 00:42:37] WARNING: Forward test failed for BUNDESLIGA (random_forest)
[2025-12-04 00:42:37] Forward testing BUNDESLIGA with gradient_boosting model...
[2025-12-04 00:42:38] WARNING: Forward test failed for BUNDESLIGA (gradient_boosting)
[2025-12-04 00:42:38] Forward testing SERIEA with ensemble model...
[2025-12-04 00:42:40] WARNING: Forward test failed for SERIEA (ensemble)
[2025-12-04 00:42:40] Forward testing SERIEA with random_forest model...
[2025-12-04 00:42:42] WARNING: Forward test failed for SERIEA (random_forest)
[2025-12-04 00:42:42] Forward testing SERIEA with gradient_boosting model...
[2025-12-04 00:42:43] WARNING: Forward test failed for SERIEA (gradient_boosting)
[2025-12-04 00:42:43] Forward testing LIGUE1 with ensemble model...
[2025-12-04 00:42:45] WARNING: Forward test failed for LIGUE1 (ensemble)
[2025-12-04 00:42:45] Forward testing LIGUE1 with random_forest model...
[2025-12-04 00:42:46] WARNING: Forward test failed for LIGUE1 (random_forest)
[2025-12-04 00:42:46] Forward testing LIGUE1 with gradient_boosting model...
[2025-12-04 00:42:48] WARNING: Forward test failed for LIGUE1 (gradient_boosting)
[2025-12-04 00:42:48] Prediction generation complete
[2025-12-04 00:42:48] Step 4: Syncing results across model types...
[2025-12-04 00:42:49] Results synced successfully across all model types
[2025-12-04 00:42:49] =========================================
[2025-12-04 00:42:49] PREDICTION pipeline completed
[2025-12-04 00:42:49] =========================================
