[2025-11-26 09:32:01] =========================================
[2025-11-26 09:32:01] Starting PREDICTION pipeline
[2025-11-26 09:32:01] =========================================
[2025-11-26 09:32:01] Processing leagues: NFL, NBA, CFB, NCAAB, NHL, EPL, LALIGA, BUNDESLIGA, SERIEA, LIGUE1
[2025-11-26 09:32:01] Step 1: Fetching The Odds API snapshots...
[2025-11-26 09:32:01] Requesting Odds API snapshot for NFL (moneyline + totals)...
[2025-11-26 09:32:10] Requesting Odds API snapshot for NBA (moneyline + totals)...
[2025-11-26 09:32:13] Requesting Odds API snapshot for CFB (moneyline + totals)...
[2025-11-26 09:32:15] Requesting Odds API snapshot for NCAAB (moneyline + totals)...
[2025-11-26 09:32:20] Requesting Odds API snapshot for NHL (moneyline + totals)...
[2025-11-26 09:32:22] Requesting Odds API snapshot for EPL (moneyline + totals)...
[2025-11-26 09:32:24] Requesting Odds API snapshot for LALIGA (moneyline + totals)...
[2025-11-26 09:32:27] Requesting Odds API snapshot for BUNDESLIGA (moneyline + totals)...
[2025-11-26 09:32:29] Requesting Odds API snapshot for SERIEA (moneyline + totals)...
[2025-11-26 09:32:31] Requesting Odds API snapshot for LIGUE1 (moneyline + totals)...
[2025-11-26 09:32:33] Step 3: Generating predictions...
[2025-11-26 09:32:33] Forward testing NFL with ensemble model...
[2025-11-26 09:32:51] Updating completed results for NFL (ensemble)...
[2025-11-26 09:32:55] Forward testing NFL with random_forest model...
[2025-11-26 09:33:03] Updating completed results for NFL (random_forest)...
[2025-11-26 09:33:06] Forward testing NFL with gradient_boosting model...
[2025-11-26 09:33:14] Updating completed results for NFL (gradient_boosting)...
[2025-11-26 09:33:18] Forward testing NBA with ensemble model...
[2025-11-26 09:33:23] Updating completed results for NBA (ensemble)...
[2025-11-26 09:33:26] Forward testing NBA with random_forest model...
[2025-11-26 09:33:29] Updating completed results for NBA (random_forest)...
[2025-11-26 09:33:33] Forward testing NBA with gradient_boosting model...
[2025-11-26 09:33:37] Updating completed results for NBA (gradient_boosting)...
[2025-11-26 09:33:41] Forward testing CFB with ensemble model...
[2025-11-26 09:33:51] Updating completed results for CFB (ensemble)...
[2025-11-26 09:33:56] Forward testing CFB with random_forest model...
[2025-11-26 09:34:03] Updating completed results for CFB (random_forest)...
[2025-11-26 09:34:08] Forward testing CFB with gradient_boosting model...
[2025-11-26 09:34:12] Updating completed results for CFB (gradient_boosting)...
[2025-11-26 09:34:15] Forward testing NCAAB with ensemble model...
[2025-11-26 09:34:24] Updating completed results for NCAAB (ensemble)...
[2025-11-26 09:34:27] Forward testing NCAAB with random_forest model...
[2025-11-26 09:34:33] Updating completed results for NCAAB (random_forest)...
[2025-11-26 09:34:36] Forward testing NCAAB with gradient_boosting model...
[2025-11-26 09:34:40] Updating completed results for NCAAB (gradient_boosting)...
[2025-11-26 09:34:43] Forward testing NHL with ensemble model...
[2025-11-26 09:34:48] Updating completed results for NHL (ensemble)...
[2025-11-26 09:34:51] Forward testing NHL with random_forest model...
[2025-11-26 09:34:54] Updating completed results for NHL (random_forest)...
[2025-11-26 09:34:58] Forward testing NHL with gradient_boosting model...
[2025-11-26 09:35:01] Updating completed results for NHL (gradient_boosting)...
[2025-11-26 09:35:05] Forward testing EPL with ensemble model...
[2025-11-26 09:35:09] Updating completed results for EPL (ensemble)...
[2025-11-26 09:35:14] Forward testing EPL with random_forest model...
[2025-11-26 09:35:17] Updating completed results for EPL (random_forest)...
[2025-11-26 09:35:20] Forward testing EPL with gradient_boosting model...
[2025-11-26 09:35:24] Updating completed results for EPL (gradient_boosting)...
[2025-11-26 09:35:27] Forward testing LALIGA with ensemble model...
[2025-11-26 09:35:32] Updating completed results for LALIGA (ensemble)...
[2025-11-26 09:35:36] Forward testing LALIGA with random_forest model...
[2025-11-26 09:35:39] Updating completed results for LALIGA (random_forest)...
[2025-11-26 09:35:42] Forward testing LALIGA with gradient_boosting model...
[2025-11-26 09:35:46] Updating completed results for LALIGA (gradient_boosting)...
[2025-11-26 09:35:49] Forward testing BUNDESLIGA with ensemble model...
[2025-11-26 09:35:54] Updating completed results for BUNDESLIGA (ensemble)...
[2025-11-26 09:35:58] Forward testing BUNDESLIGA with random_forest model...
[2025-11-26 09:36:01] Updating completed results for BUNDESLIGA (random_forest)...
[2025-11-26 09:36:05] Forward testing BUNDESLIGA with gradient_boosting model...
[2025-11-26 09:36:09] Updating completed results for BUNDESLIGA (gradient_boosting)...
[2025-11-26 09:36:12] Forward testing SERIEA with ensemble model...
[2025-11-26 09:36:17] Updating completed results for SERIEA (ensemble)...
[2025-11-26 09:36:22] Forward testing SERIEA with random_forest model...
[2025-11-26 09:36:25] Updating completed results for SERIEA (random_forest)...
[2025-11-26 09:36:29] Forward testing SERIEA with gradient_boosting model...
[2025-11-26 09:36:33] Updating completed results for SERIEA (gradient_boosting)...
[2025-11-26 09:36:36] Forward testing LIGUE1 with ensemble model...
[2025-11-26 09:36:40] Updating completed results for LIGUE1 (ensemble)...
[2025-11-26 09:36:45] Forward testing LIGUE1 with random_forest model...
[2025-11-26 09:36:48] Updating completed results for LIGUE1 (random_forest)...
[2025-11-26 09:36:52] Forward testing LIGUE1 with gradient_boosting model...
[2025-11-26 09:36:56] Updating completed results for LIGUE1 (gradient_boosting)...
[2025-11-26 09:37:01] Prediction generation complete
[2025-11-26 09:37:01] Step 4: Syncing results across model types...
[2025-11-26 09:37:03] Results synced successfully across all model types
[2025-11-26 09:37:03] =========================================
[2025-11-26 09:37:03] PREDICTION pipeline completed
[2025-11-26 09:37:03] =========================================
