[2025-12-09 17:23:35] =========================================
[2025-12-09 17:23:35] Starting PREDICTION pipeline
[2025-12-09 17:23:35] =========================================
[2025-12-09 17:23:35] Processing leagues: NFL, NBA, CFB, NCAAB, NHL, EPL, LALIGA, BUNDESLIGA, SERIEA, LIGUE1
[2025-12-09 17:23:35] Step 0: Creating backups...
[2025-12-09 17:23:35] Backing up database...
[2025-12-09 17:23:42] Backing up prediction files...
[2025-12-09 17:23:45] Step 1: Generating predictions...
[2025-12-09 17:23:45] Generating predictions for NFL with ensemble model...
[2025-12-09 17:24:01] Generating predictions for NFL with random_forest model...
[2025-12-09 17:24:05] Generating predictions for NFL with gradient_boosting model...
[2025-12-09 17:24:11] Generating predictions for NBA with ensemble model...
[2025-12-09 17:24:17] Generating predictions for NBA with random_forest model...
[2025-12-09 17:24:21] Generating predictions for NBA with gradient_boosting model...
[2025-12-09 17:24:27] Generating predictions for CFB with ensemble model...
[2025-12-09 17:24:32] Generating predictions for CFB with random_forest model...
[2025-12-09 17:24:36] Generating predictions for CFB with gradient_boosting model...
[2025-12-09 17:24:45] Generating predictions for NCAAB with ensemble model...
[2025-12-09 17:24:51] Generating predictions for NCAAB with random_forest model...
[2025-12-09 17:24:58] Generating predictions for NCAAB with gradient_boosting model...
[2025-12-09 17:25:04] Generating predictions for NHL with ensemble model...
[2025-12-09 17:25:10] Generating predictions for NHL with random_forest model...
[2025-12-09 17:25:14] Generating predictions for NHL with gradient_boosting model...
[2025-12-09 17:25:19] Generating predictions for EPL with ensemble model...
[2025-12-09 17:25:24] Generating predictions for EPL with random_forest model...
[2025-12-09 17:25:27] Generating predictions for EPL with gradient_boosting model...
[2025-12-09 17:25:32] Generating predictions for LALIGA with ensemble model...
[2025-12-09 17:25:38] Generating predictions for LALIGA with random_forest model...
[2025-12-09 17:25:42] Generating predictions for LALIGA with gradient_boosting model...
[2025-12-09 17:25:47] Generating predictions for BUNDESLIGA with ensemble model...
[2025-12-09 17:25:52] Generating predictions for BUNDESLIGA with random_forest model...
[2025-12-09 17:25:56] Generating predictions for BUNDESLIGA with gradient_boosting model...
[2025-12-09 17:26:01] Generating predictions for SERIEA with ensemble model...
[2025-12-09 17:26:06] Generating predictions for SERIEA with random_forest model...
[2025-12-09 17:26:10] Generating predictions for SERIEA with gradient_boosting model...
[2025-12-09 17:26:15] Generating predictions for LIGUE1 with ensemble model...
[2025-12-09 17:26:21] Generating predictions for LIGUE1 with random_forest model...
[2025-12-09 17:26:24] Generating predictions for LIGUE1 with gradient_boosting model...
[2025-12-09 17:26:29] Prediction generation complete
[2025-12-09 17:26:29] Step 2: Result syncing is now handled by ingestion pipeline.
[2025-12-09 17:26:29] =========================================
[2025-12-09 17:26:29] PREDICTION pipeline completed
[2025-12-09 17:26:29] =========================================
