[2025-11-25 18:39:08] =========================================
[2025-11-25 18:39:08] Starting PREDICTION pipeline
[2025-11-25 18:39:09] =========================================
[2025-11-25 18:39:09] Processing leagues: NFL, NBA, CFB, NCAAB, NHL, EPL, LALIGA, BUNDESLIGA, SERIEA, LIGUE1
[2025-11-25 18:39:09] Step 1: Fetching The Odds API snapshots...
[2025-11-25 18:39:09] Requesting Odds API snapshot for NFL (moneyline + totals)...
[2025-11-25 18:39:11] Requesting Odds API snapshot for NBA (moneyline + totals)...
[2025-11-25 18:39:12] Requesting Odds API snapshot for CFB (moneyline + totals)...
[2025-11-25 18:39:14] Requesting Odds API snapshot for NCAAB (moneyline + totals)...
[2025-11-25 18:39:19] Requesting Odds API snapshot for NHL (moneyline + totals)...
[2025-11-25 18:39:21] Requesting Odds API snapshot for EPL (moneyline + totals)...
[2025-11-25 18:39:23] Requesting Odds API snapshot for LALIGA (moneyline + totals)...
[2025-11-25 18:39:24] Requesting Odds API snapshot for BUNDESLIGA (moneyline + totals)...
[2025-11-25 18:39:26] Requesting Odds API snapshot for SERIEA (moneyline + totals)...
[2025-11-25 18:39:28] Requesting Odds API snapshot for LIGUE1 (moneyline + totals)...
[2025-11-25 18:39:30] Fetching TeamRankings over/under picks for leagues: NFL,NBA,CFB...
[2025-11-25 18:40:02] Updating TeamRankings picks for leagues: NFL,NBA,CFB...
[2025-11-25 18:41:27] Step 3: Generating predictions...
[2025-11-25 18:41:27] Forward testing NFL with ensemble model...
[2025-11-25 18:41:42] Updating completed results for NFL (ensemble)...
[2025-11-25 18:41:45] Forward testing NFL with random_forest model...
[2025-11-25 18:41:51] Updating completed results for NFL (random_forest)...
[2025-11-25 18:41:55] Forward testing NFL with gradient_boosting model...
[2025-11-25 18:42:02] Updating completed results for NFL (gradient_boosting)...
[2025-11-25 18:42:06] Forward testing NBA with ensemble model...
[2025-11-25 18:42:10] Updating completed results for NBA (ensemble)...
[2025-11-25 18:42:13] Forward testing NBA with random_forest model...
[2025-11-25 18:42:16] Updating completed results for NBA (random_forest)...
[2025-11-25 18:42:20] Forward testing NBA with gradient_boosting model...
[2025-11-25 18:42:23] Updating completed results for NBA (gradient_boosting)...
[2025-11-25 18:42:27] Forward testing CFB with ensemble model...
[2025-11-25 18:42:35] Updating completed results for CFB (ensemble)...
[2025-11-25 18:42:39] Forward testing CFB with random_forest model...
[2025-11-25 18:42:45] Updating completed results for CFB (random_forest)...
[2025-11-25 18:42:49] Forward testing CFB with gradient_boosting model...
[2025-11-25 18:42:53] Updating completed results for CFB (gradient_boosting)...
[2025-11-25 18:42:57] Forward testing NCAAB with ensemble model...
[2025-11-25 18:43:06] Updating completed results for NCAAB (ensemble)...
[2025-11-25 18:43:12] Forward testing NCAAB with random_forest model...
[2025-11-25 18:43:19] Updating completed results for NCAAB (random_forest)...
[2025-11-25 18:43:25] Forward testing NCAAB with gradient_boosting model...
[2025-11-25 18:43:29] Updating completed results for NCAAB (gradient_boosting)...
[2025-11-25 18:43:36] Forward testing NHL with ensemble model...
[2025-11-25 18:43:41] Updating completed results for NHL (ensemble)...
[2025-11-25 18:43:44] Forward testing NHL with random_forest model...
[2025-11-25 18:43:47] Updating completed results for NHL (random_forest)...
[2025-11-25 18:43:50] Forward testing NHL with gradient_boosting model...
[2025-11-25 18:43:54] Updating completed results for NHL (gradient_boosting)...
[2025-11-25 18:43:57] Forward testing EPL with ensemble model...
[2025-11-25 18:44:01] Updating completed results for EPL (ensemble)...
[2025-11-25 18:44:08] Forward testing EPL with random_forest model...
[2025-11-25 18:44:10] Updating completed results for EPL (random_forest)...
[2025-11-25 18:44:13] Forward testing EPL with gradient_boosting model...
[2025-11-25 18:44:17] Updating completed results for EPL (gradient_boosting)...
[2025-11-25 18:44:20] Forward testing LALIGA with ensemble model...
[2025-11-25 18:44:25] Updating completed results for LALIGA (ensemble)...
[2025-11-25 18:44:33] Forward testing LALIGA with random_forest model...
[2025-11-25 18:44:36] Updating completed results for LALIGA (random_forest)...
[2025-11-25 18:44:39] Forward testing LALIGA with gradient_boosting model...
[2025-11-25 18:44:43] Updating completed results for LALIGA (gradient_boosting)...
[2025-11-25 18:44:46] Forward testing BUNDESLIGA with ensemble model...
[2025-11-25 18:44:50] Updating completed results for BUNDESLIGA (ensemble)...
[2025-11-25 18:44:56] Forward testing BUNDESLIGA with random_forest model...
[2025-11-25 18:44:59] Updating completed results for BUNDESLIGA (random_forest)...
[2025-11-25 18:45:02] Forward testing BUNDESLIGA with gradient_boosting model...
[2025-11-25 18:45:06] Updating completed results for BUNDESLIGA (gradient_boosting)...
[2025-11-25 18:45:09] Forward testing SERIEA with ensemble model...
[2025-11-25 18:45:13] Updating completed results for SERIEA (ensemble)...
[2025-11-25 18:45:20] Forward testing SERIEA with random_forest model...
[2025-11-25 18:45:23] Updating completed results for SERIEA (random_forest)...
[2025-11-25 18:45:26] Forward testing SERIEA with gradient_boosting model...
[2025-11-25 18:45:29] Updating completed results for SERIEA (gradient_boosting)...
[2025-11-25 18:45:32] Forward testing LIGUE1 with ensemble model...
[2025-11-25 18:45:37] Updating completed results for LIGUE1 (ensemble)...
[2025-11-25 18:45:41] Forward testing LIGUE1 with random_forest model...
[2025-11-25 18:45:44] Updating completed results for LIGUE1 (random_forest)...
[2025-11-25 18:45:48] Forward testing LIGUE1 with gradient_boosting model...
[2025-11-25 18:45:52] Updating completed results for LIGUE1 (gradient_boosting)...
[2025-11-25 18:45:57] Prediction generation complete
[2025-11-25 18:45:57] Step 4: Syncing results across model types...
[2025-11-25 18:45:58] Results synced successfully across all model types
[2025-11-25 18:45:58] =========================================
[2025-11-25 18:45:58] PREDICTION pipeline completed
[2025-11-25 18:45:58] =========================================
