[2025-12-08 00:20:34] =========================================
[2025-12-08 00:20:34] Starting PREDICTION pipeline
[2025-12-08 00:20:34] =========================================
[2025-12-08 00:20:34] Processing leagues: NFL, NBA, CFB, NCAAB, NHL, EPL, LALIGA, BUNDESLIGA, SERIEA, LIGUE1
[2025-12-08 00:20:34] Step 0: Creating backups...
[2025-12-08 00:20:34] Backing up database...
[2025-12-08 00:20:36] Backing up prediction files...
[2025-12-08 00:20:38] Step 1: Generating predictions...
[2025-12-08 00:20:38] Generating predictions for NFL with ensemble model...
[2025-12-08 00:20:42] Generating predictions for NFL with random_forest model...
[2025-12-08 00:20:46] Generating predictions for NFL with gradient_boosting model...
[2025-12-08 00:20:50] Generating predictions for NBA with ensemble model...
[2025-12-08 00:20:55] Generating predictions for NBA with random_forest model...
[2025-12-08 00:20:59] Generating predictions for NBA with gradient_boosting model...
[2025-12-08 00:21:04] Generating predictions for CFB with ensemble model...
[2025-12-08 00:21:09] Generating predictions for CFB with random_forest model...
[2025-12-08 00:21:12] Generating predictions for CFB with gradient_boosting model...
[2025-12-08 00:21:16] Generating predictions for NCAAB with ensemble model...
[2025-12-08 00:21:21] Generating predictions for NCAAB with random_forest model...
[2025-12-08 00:21:24] Generating predictions for NCAAB with gradient_boosting model...
[2025-12-08 00:21:29] Generating predictions for NHL with ensemble model...
[2025-12-08 00:21:34] Generating predictions for NHL with random_forest model...
[2025-12-08 00:21:37] Generating predictions for NHL with gradient_boosting model...
[2025-12-08 00:21:41] Generating predictions for EPL with ensemble model...
[2025-12-08 00:21:46] Generating predictions for EPL with random_forest model...
[2025-12-08 00:21:49] Generating predictions for EPL with gradient_boosting model...
[2025-12-08 00:21:54] Generating predictions for LALIGA with ensemble model...
[2025-12-08 00:21:59] Generating predictions for LALIGA with random_forest model...
[2025-12-08 00:22:02] Generating predictions for LALIGA with gradient_boosting model...
[2025-12-08 00:22:07] Generating predictions for BUNDESLIGA with ensemble model...
[2025-12-08 00:22:12] Generating predictions for BUNDESLIGA with random_forest model...
[2025-12-08 00:22:15] Generating predictions for BUNDESLIGA with gradient_boosting model...
[2025-12-08 00:22:20] Generating predictions for SERIEA with ensemble model...
[2025-12-08 00:22:25] Generating predictions for SERIEA with random_forest model...
[2025-12-08 00:22:28] Generating predictions for SERIEA with gradient_boosting model...
[2025-12-08 00:22:32] Generating predictions for LIGUE1 with ensemble model...
[2025-12-08 00:22:37] Generating predictions for LIGUE1 with random_forest model...
[2025-12-08 00:22:40] Generating predictions for LIGUE1 with gradient_boosting model...
[2025-12-08 00:22:45] Prediction generation complete
[2025-12-08 00:22:45] Step 2: Result syncing is now handled by ingestion pipeline.
[2025-12-08 00:22:45] =========================================
[2025-12-08 00:22:45] PREDICTION pipeline completed
[2025-12-08 00:22:45] =========================================
