[2025-12-11 18:35:41] =========================================
[2025-12-11 18:35:41] Starting PREDICTION pipeline
[2025-12-11 18:35:41] =========================================
[2025-12-11 18:35:41] Processing leagues: NFL, NBA, CFB, NCAAB, NHL, EPL, LALIGA, BUNDESLIGA, SERIEA, LIGUE1
[2025-12-11 18:35:41] Step 0: Creating backups...
[2025-12-11 18:35:41] Backing up database...
[2025-12-11 18:35:42] Backing up prediction files...
[2025-12-11 18:35:43] Step 1: Generating predictions...
[2025-12-11 18:35:43] Generating predictions for NFL with ensemble model...
[2025-12-11 18:35:46] Generating predictions for NFL with random_forest model...
[2025-12-11 18:35:48] Generating predictions for NFL with gradient_boosting model...
[2025-12-11 18:35:52] Generating predictions for NBA with ensemble model...
[2025-12-11 18:35:55] Generating predictions for NBA with random_forest model...
[2025-12-11 18:35:57] Generating predictions for NBA with gradient_boosting model...
[2025-12-11 18:36:00] Generating predictions for CFB with ensemble model...
[2025-12-11 18:36:02] WARNING: Prediction failed for CFB (ensemble)
[2025-12-11 18:36:02] Generating predictions for CFB with random_forest model...
[2025-12-11 18:36:04] WARNING: Prediction failed for CFB (random_forest)
[2025-12-11 18:36:04] Generating predictions for CFB with gradient_boosting model...
[2025-12-11 18:36:06] WARNING: Prediction failed for CFB (gradient_boosting)
[2025-12-11 18:36:06] Generating predictions for NCAAB with ensemble model...
[2025-12-11 18:36:10] Generating predictions for NCAAB with random_forest model...
[2025-12-11 18:36:12] Generating predictions for NCAAB with gradient_boosting model...
[2025-12-11 18:36:15] Generating predictions for NHL with ensemble model...
[2025-12-11 18:36:18] Generating predictions for NHL with random_forest model...
[2025-12-11 18:36:20] Generating predictions for NHL with gradient_boosting model...
[2025-12-11 18:36:23] Generating predictions for EPL with ensemble model...
[2025-12-11 18:36:27] Generating predictions for EPL with random_forest model...
[2025-12-11 18:36:29] Generating predictions for EPL with gradient_boosting model...
[2025-12-11 18:36:32] Generating predictions for LALIGA with ensemble model...
[2025-12-11 18:36:35] Generating predictions for LALIGA with random_forest model...
[2025-12-11 18:36:38] Generating predictions for LALIGA with gradient_boosting model...
[2025-12-11 18:36:41] Generating predictions for BUNDESLIGA with ensemble model...
[2025-12-11 18:36:44] Generating predictions for BUNDESLIGA with random_forest model...
[2025-12-11 18:36:46] Generating predictions for BUNDESLIGA with gradient_boosting model...
[2025-12-11 18:36:49] Generating predictions for SERIEA with ensemble model...
[2025-12-11 18:36:53] Generating predictions for SERIEA with random_forest model...
[2025-12-11 18:36:55] Generating predictions for SERIEA with gradient_boosting model...
[2025-12-11 18:36:58] Generating predictions for LIGUE1 with ensemble model...
[2025-12-11 18:37:01] Generating predictions for LIGUE1 with random_forest model...
[2025-12-11 18:37:03] Generating predictions for LIGUE1 with gradient_boosting model...
[2025-12-11 18:37:07] Prediction generation complete
[2025-12-11 18:37:07] Step 2: Result syncing is now handled by ingestion pipeline.
[2025-12-11 18:37:07] =========================================
[2025-12-11 18:37:07] PREDICTION pipeline completed
[2025-12-11 18:37:07] =========================================
