[2025-12-04 20:12:46] =========================================
[2025-12-04 20:12:46] Starting PREDICTION pipeline
[2025-12-04 20:12:46] =========================================
[2025-12-04 20:12:46] Processing leagues: NFL, NBA, CFB, NCAAB, NHL, EPL, LALIGA, BUNDESLIGA, SERIEA, LIGUE1
[2025-12-04 20:12:46] Step 0: Creating backups...
[2025-12-04 20:12:46] Backing up database...
[2025-12-04 20:12:47] Backing up prediction files...
[2025-12-04 20:12:48] Step 1: Fetching The Odds API snapshots...
[2025-12-04 20:12:48] Skipping Odds API snapshot for NFL (SkipOdds enabled)
[2025-12-04 20:12:48] Skipping Odds API snapshot for NBA (SkipOdds enabled)
[2025-12-04 20:12:48] Skipping Odds API snapshot for CFB (SkipOdds enabled)
[2025-12-04 20:12:48] Skipping Odds API snapshot for NCAAB (SkipOdds enabled)
[2025-12-04 20:12:48] Skipping Odds API snapshot for NHL (SkipOdds enabled)
[2025-12-04 20:12:48] Skipping Odds API snapshot for EPL (SkipOdds enabled)
[2025-12-04 20:12:48] Skipping Odds API snapshot for LALIGA (SkipOdds enabled)
[2025-12-04 20:12:48] Skipping Odds API snapshot for BUNDESLIGA (SkipOdds enabled)
[2025-12-04 20:12:48] Skipping Odds API snapshot for SERIEA (SkipOdds enabled)
[2025-12-04 20:12:48] Skipping Odds API snapshot for LIGUE1 (SkipOdds enabled)
[2025-12-04 20:12:48] Step 2: Smart Data Ingestion...
[2025-12-04 20:12:48] Skipping smart ingestion (SkipHistory enabled)
[2025-12-04 20:12:48] Skipping score ingestion (SkipOdds enabled)
[2025-12-04 20:12:48] Step 3: Generating predictions...
[2025-12-04 20:12:48] Forward testing NFL with ensemble model...
[2025-12-04 20:12:56] Updating completed results for NFL (ensemble)...
[2025-12-04 20:12:59] Forward testing NFL with random_forest model...
[2025-12-04 20:13:06] Updating completed results for NFL (random_forest)...
[2025-12-04 20:13:08] Forward testing NFL with gradient_boosting model...
[2025-12-04 20:13:16] Updating completed results for NFL (gradient_boosting)...
[2025-12-04 20:13:18] Forward testing NBA with ensemble model...
[2025-12-04 20:13:23] Updating completed results for NBA (ensemble)...
[2025-12-04 20:13:26] Forward testing NBA with random_forest model...
[2025-12-04 20:13:29] Updating completed results for NBA (random_forest)...
[2025-12-04 20:13:32] Forward testing NBA with gradient_boosting model...
[2025-12-04 20:13:36] Updating completed results for NBA (gradient_boosting)...
[2025-12-04 20:13:38] Forward testing CFB with ensemble model...
[2025-12-04 20:13:43] Updating completed results for CFB (ensemble)...
[2025-12-04 20:13:54] Forward testing CFB with random_forest model...
[2025-12-04 20:13:57] Updating completed results for CFB (random_forest)...
[2025-12-04 20:14:00] Forward testing CFB with gradient_boosting model...
[2025-12-04 20:14:04] Updating completed results for CFB (gradient_boosting)...
[2025-12-04 20:14:06] Forward testing NCAAB with ensemble model...
[2025-12-04 20:14:12] Updating completed results for NCAAB (ensemble)...
[2025-12-04 20:14:20] Forward testing NCAAB with random_forest model...
[2025-12-04 20:14:24] Updating completed results for NCAAB (random_forest)...
[2025-12-04 20:14:31] Forward testing NCAAB with gradient_boosting model...
[2025-12-04 20:14:36] Updating completed results for NCAAB (gradient_boosting)...
[2025-12-04 20:14:43] Forward testing NHL with ensemble model...
[2025-12-04 20:14:48] Updating completed results for NHL (ensemble)...
[2025-12-04 20:14:50] Forward testing NHL with random_forest model...
[2025-12-04 20:14:53] Updating completed results for NHL (random_forest)...
[2025-12-04 20:14:56] Forward testing NHL with gradient_boosting model...
[2025-12-04 20:15:00] Updating completed results for NHL (gradient_boosting)...
[2025-12-04 20:15:02] Forward testing EPL with ensemble model...
[2025-12-04 20:15:07] Updating completed results for EPL (ensemble)...
[2025-12-04 20:15:34] Forward testing EPL with random_forest model...
[2025-12-04 20:15:37] Updating completed results for EPL (random_forest)...
[2025-12-04 20:15:51] Forward testing EPL with gradient_boosting model...
[2025-12-04 20:15:54] Updating completed results for EPL (gradient_boosting)...
[2025-12-04 20:16:07] Forward testing LALIGA with ensemble model...
[2025-12-04 20:16:12] Updating completed results for LALIGA (ensemble)...
[2025-12-04 20:16:28] Forward testing LALIGA with random_forest model...
[2025-12-04 20:16:32] Updating completed results for LALIGA (random_forest)...
[2025-12-04 20:16:44] Forward testing LALIGA with gradient_boosting model...
[2025-12-04 20:16:48] Updating completed results for LALIGA (gradient_boosting)...
[2025-12-04 20:17:01] Forward testing BUNDESLIGA with ensemble model...
[2025-12-04 20:17:06] Updating completed results for BUNDESLIGA (ensemble)...
[2025-12-04 20:17:15] Forward testing BUNDESLIGA with random_forest model...
[2025-12-04 20:17:19] Updating completed results for BUNDESLIGA (random_forest)...
[2025-12-04 20:17:26] Forward testing BUNDESLIGA with gradient_boosting model...
[2025-12-04 20:17:30] Updating completed results for BUNDESLIGA (gradient_boosting)...
[2025-12-04 20:17:38] Forward testing SERIEA with ensemble model...
[2025-12-04 20:17:42] Updating completed results for SERIEA (ensemble)...
[2025-12-04 20:17:52] Forward testing SERIEA with random_forest model...
[2025-12-04 20:17:55] Updating completed results for SERIEA (random_forest)...
[2025-12-04 20:18:06] Forward testing SERIEA with gradient_boosting model...
[2025-12-04 20:18:10] Updating completed results for SERIEA (gradient_boosting)...
[2025-12-04 20:18:25] Forward testing LIGUE1 with ensemble model...
[2025-12-04 20:18:29] Updating completed results for LIGUE1 (ensemble)...
[2025-12-04 20:18:37] Forward testing LIGUE1 with random_forest model...
[2025-12-04 20:18:40] Updating completed results for LIGUE1 (random_forest)...
[2025-12-04 20:18:51] Forward testing LIGUE1 with gradient_boosting model...
[2025-12-04 20:18:55] Updating completed results for LIGUE1 (gradient_boosting)...
[2025-12-04 20:19:03] Prediction generation complete
[2025-12-04 20:19:03] Step 4: Syncing results across model types...
[2025-12-04 20:19:05] WARNING: Result sync failed
[2025-12-04 20:19:05] =========================================
[2025-12-04 20:19:05] PREDICTION pipeline completed
[2025-12-04 20:19:05] =========================================
