[2025-11-25 21:36:39] =========================================
[2025-11-25 21:36:39] Starting PREDICTION pipeline
[2025-11-25 21:36:39] =========================================
[2025-11-25 21:36:39] Processing leagues: NFL, NBA, CFB, NCAAB, NHL, EPL, LALIGA, BUNDESLIGA, SERIEA, LIGUE1
[2025-11-25 21:36:39] Step 1: Fetching The Odds API snapshots...
[2025-11-25 21:36:39] Requesting Odds API snapshot for NFL (moneyline + totals)...
[2025-11-25 21:36:41] Requesting Odds API snapshot for NBA (moneyline + totals)...
[2025-11-25 21:36:43] Requesting Odds API snapshot for CFB (moneyline + totals)...
[2025-11-25 21:36:45] Requesting Odds API snapshot for NCAAB (moneyline + totals)...
[2025-11-25 21:36:48] Requesting Odds API snapshot for NHL (moneyline + totals)...
[2025-11-25 21:36:50] Requesting Odds API snapshot for EPL (moneyline + totals)...
[2025-11-25 21:36:52] Requesting Odds API snapshot for LALIGA (moneyline + totals)...
[2025-11-25 21:36:54] Requesting Odds API snapshot for BUNDESLIGA (moneyline + totals)...
[2025-11-25 21:36:56] Requesting Odds API snapshot for SERIEA (moneyline + totals)...
[2025-11-25 21:36:58] Requesting Odds API snapshot for LIGUE1 (moneyline + totals)...
[2025-11-25 21:37:00] Step 3: Generating predictions...
[2025-11-25 21:37:00] Forward testing NFL with ensemble model...
[2025-11-25 21:37:09] Updating completed results for NFL (ensemble)...
[2025-11-25 21:37:12] Forward testing NFL with random_forest model...
[2025-11-25 21:37:19] Updating completed results for NFL (random_forest)...
[2025-11-25 21:37:22] Forward testing NFL with gradient_boosting model...
[2025-11-25 21:37:31] Updating completed results for NFL (gradient_boosting)...
[2025-11-25 21:37:34] Forward testing NBA with ensemble model...
[2025-11-25 21:37:39] Updating completed results for NBA (ensemble)...
[2025-11-25 21:37:42] Forward testing NBA with random_forest model...
[2025-11-25 21:37:45] Updating completed results for NBA (random_forest)...
[2025-11-25 21:37:48] Forward testing NBA with gradient_boosting model...
[2025-11-25 21:37:53] Updating completed results for NBA (gradient_boosting)...
[2025-11-25 21:37:56] Forward testing CFB with ensemble model...
[2025-11-25 21:38:05] Updating completed results for CFB (ensemble)...
[2025-11-25 21:38:09] Forward testing CFB with random_forest model...
[2025-11-25 21:38:15] Updating completed results for CFB (random_forest)...
[2025-11-25 21:38:19] Forward testing CFB with gradient_boosting model...
[2025-11-25 21:38:24] Updating completed results for CFB (gradient_boosting)...
[2025-11-25 21:38:28] Forward testing NCAAB with ensemble model...
[2025-11-25 21:38:36] Updating completed results for NCAAB (ensemble)...
[2025-11-25 21:38:46] Forward testing NCAAB with random_forest model...
[2025-11-25 21:38:51] Updating completed results for NCAAB (random_forest)...
[2025-11-25 21:39:01] Forward testing NCAAB with gradient_boosting model...
[2025-11-25 21:39:05] Updating completed results for NCAAB (gradient_boosting)...
[2025-11-25 21:39:15] Forward testing NHL with ensemble model...
[2025-11-25 21:39:20] Updating completed results for NHL (ensemble)...
[2025-11-25 21:39:24] Forward testing NHL with random_forest model...
[2025-11-25 21:39:28] Updating completed results for NHL (random_forest)...
[2025-11-25 21:39:31] Forward testing NHL with gradient_boosting model...
[2025-11-25 21:39:35] Updating completed results for NHL (gradient_boosting)...
[2025-11-25 21:39:39] Forward testing EPL with ensemble model...
[2025-11-25 21:39:43] Updating completed results for EPL (ensemble)...
[2025-11-25 21:39:48] Forward testing EPL with random_forest model...
[2025-11-25 21:39:51] Updating completed results for EPL (random_forest)...
[2025-11-25 21:39:55] Forward testing EPL with gradient_boosting model...
[2025-11-25 21:39:59] Updating completed results for EPL (gradient_boosting)...
[2025-11-25 21:40:02] Forward testing LALIGA with ensemble model...
[2025-11-25 21:40:08] Updating completed results for LALIGA (ensemble)...
[2025-11-25 21:40:13] Forward testing LALIGA with random_forest model...
[2025-11-25 21:40:16] Updating completed results for LALIGA (random_forest)...
[2025-11-25 21:40:19] Forward testing LALIGA with gradient_boosting model...
[2025-11-25 21:40:24] Updating completed results for LALIGA (gradient_boosting)...
[2025-11-25 21:40:27] Forward testing BUNDESLIGA with ensemble model...
[2025-11-25 21:40:32] Updating completed results for BUNDESLIGA (ensemble)...
[2025-11-25 21:40:37] Forward testing BUNDESLIGA with random_forest model...
[2025-11-25 21:40:40] Updating completed results for BUNDESLIGA (random_forest)...
[2025-11-25 21:40:44] Forward testing BUNDESLIGA with gradient_boosting model...
[2025-11-25 21:40:48] Updating completed results for BUNDESLIGA (gradient_boosting)...
[2025-11-25 21:40:51] Forward testing SERIEA with ensemble model...
[2025-11-25 21:40:56] Updating completed results for SERIEA (ensemble)...
[2025-11-25 21:41:00] Forward testing SERIEA with random_forest model...
[2025-11-25 21:41:03] Updating completed results for SERIEA (random_forest)...
[2025-11-25 21:41:06] Forward testing SERIEA with gradient_boosting model...
[2025-11-25 21:41:10] Updating completed results for SERIEA (gradient_boosting)...
[2025-11-25 21:41:13] Forward testing LIGUE1 with ensemble model...
[2025-11-25 21:41:18] Updating completed results for LIGUE1 (ensemble)...
[2025-11-25 21:41:22] Forward testing LIGUE1 with random_forest model...
[2025-11-25 21:41:25] Updating completed results for LIGUE1 (random_forest)...
[2025-11-25 21:41:29] Forward testing LIGUE1 with gradient_boosting model...
[2025-11-25 21:41:33] Updating completed results for LIGUE1 (gradient_boosting)...
[2025-11-25 21:41:38] Prediction generation complete
[2025-11-25 21:41:38] Step 4: Syncing results across model types...
[2025-11-25 21:41:39] Results synced successfully across all model types
[2025-11-25 21:41:39] =========================================
[2025-11-25 21:41:39] PREDICTION pipeline completed
[2025-11-25 21:41:39] =========================================
