[2025-11-24 21:49:13] =========================================
[2025-11-24 21:49:13] Starting PREDICTION pipeline
[2025-11-24 21:49:13] =========================================
[2025-11-24 21:49:13] Processing leagues: NFL, NBA, CFB, NCAAB, NHL, EPL, LALIGA, BUNDESLIGA, SERIEA, LIGUE1
[2025-11-24 21:49:13] Step 1: Fetching The Odds API snapshots...
[2025-11-24 21:49:13] Requesting Odds API snapshot for NFL (moneyline + totals)...
[2025-11-24 21:49:15] Requesting Odds API snapshot for NBA (moneyline + totals)...
[2025-11-24 21:49:17] Requesting Odds API snapshot for CFB (moneyline + totals)...
[2025-11-24 21:49:19] Requesting Odds API snapshot for NCAAB (moneyline + totals)...
[2025-11-24 21:49:21] Requesting Odds API snapshot for NHL (moneyline + totals)...
[2025-11-24 21:49:23] Requesting Odds API snapshot for EPL (moneyline + totals)...
[2025-11-24 21:49:24] Requesting Odds API snapshot for LALIGA (moneyline + totals)...
[2025-11-24 21:49:26] Requesting Odds API snapshot for BUNDESLIGA (moneyline + totals)...
[2025-11-24 21:49:28] Requesting Odds API snapshot for SERIEA (moneyline + totals)...
[2025-11-24 21:49:30] Requesting Odds API snapshot for LIGUE1 (moneyline + totals)...
[2025-11-24 21:49:32] Fetching TeamRankings over/under picks for leagues: NFL,NBA,CFB...
[2025-11-24 21:50:07] Updating TeamRankings picks for leagues: NFL,NBA,CFB...
[2025-11-24 21:51:13] Step 3: Generating predictions...
[2025-11-24 21:51:13] Forward testing NFL with ensemble model...
[2025-11-24 21:51:19] Updating completed results for NFL (ensemble)...
[2025-11-24 21:51:22] Forward testing NFL with random_forest model...
[2025-11-24 21:51:26] Updating completed results for NFL (random_forest)...
[2025-11-24 21:51:29] Forward testing NFL with gradient_boosting model...
[2025-11-24 21:51:34] Updating completed results for NFL (gradient_boosting)...
[2025-11-24 21:51:37] Forward testing NBA with ensemble model...
[2025-11-24 21:51:40] Updating completed results for NBA (ensemble)...
[2025-11-24 21:51:43] Forward testing NBA with random_forest model...
[2025-11-24 21:51:45] Updating completed results for NBA (random_forest)...
[2025-11-24 21:51:49] Forward testing NBA with gradient_boosting model...
[2025-11-24 21:51:51] Updating completed results for NBA (gradient_boosting)...
[2025-11-24 21:51:55] Forward testing CFB with ensemble model...
[2025-11-24 21:52:04] Updating completed results for CFB (ensemble)...
[2025-11-24 21:52:08] Forward testing CFB with random_forest model...
[2025-11-24 21:52:14] Updating completed results for CFB (random_forest)...
[2025-11-24 21:52:17] Forward testing CFB with gradient_boosting model...
[2025-11-24 21:52:21] Updating completed results for CFB (gradient_boosting)...
[2025-11-24 21:52:24] Forward testing NCAAB with ensemble model...
[2025-11-24 21:52:27] Updating completed results for NCAAB (ensemble)...
[2025-11-24 21:52:35] Forward testing NCAAB with random_forest model...
[2025-11-24 21:52:37] Updating completed results for NCAAB (random_forest)...
[2025-11-24 21:52:46] Forward testing NCAAB with gradient_boosting model...
[2025-11-24 21:52:48] Updating completed results for NCAAB (gradient_boosting)...
[2025-11-24 21:52:56] Forward testing NHL with ensemble model...
[2025-11-24 21:52:59] Updating completed results for NHL (ensemble)...
[2025-11-24 21:53:02] Forward testing NHL with random_forest model...
[2025-11-24 21:53:04] Updating completed results for NHL (random_forest)...
[2025-11-24 21:53:07] Forward testing NHL with gradient_boosting model...
[2025-11-24 21:53:10] Updating completed results for NHL (gradient_boosting)...
[2025-11-24 21:53:13] Forward testing EPL with ensemble model...
[2025-11-24 21:53:18] Updating completed results for EPL (ensemble)...
[2025-11-24 21:53:26] Forward testing EPL with random_forest model...
[2025-11-24 21:53:29] Updating completed results for EPL (random_forest)...
[2025-11-24 21:53:35] Forward testing EPL with gradient_boosting model...
[2025-11-24 21:53:39] Updating completed results for EPL (gradient_boosting)...
[2025-11-24 21:53:46] Forward testing LALIGA with ensemble model...
[2025-11-24 21:53:52] Updating completed results for LALIGA (ensemble)...
[2025-11-24 21:54:01] Forward testing LALIGA with random_forest model...
[2025-11-24 21:54:04] Updating completed results for LALIGA (random_forest)...
[2025-11-24 21:54:10] Forward testing LALIGA with gradient_boosting model...
[2025-11-24 21:54:14] Updating completed results for LALIGA (gradient_boosting)...
[2025-11-24 21:54:22] Forward testing BUNDESLIGA with ensemble model...
[2025-11-24 21:54:27] Updating completed results for BUNDESLIGA (ensemble)...
[2025-11-24 21:54:35] Forward testing BUNDESLIGA with random_forest model...
[2025-11-24 21:54:38] Updating completed results for BUNDESLIGA (random_forest)...
[2025-11-24 21:54:42] Forward testing BUNDESLIGA with gradient_boosting model...
[2025-11-24 21:54:46] Updating completed results for BUNDESLIGA (gradient_boosting)...
[2025-11-24 21:54:52] Forward testing SERIEA with ensemble model...
[2025-11-24 21:54:57] Updating completed results for SERIEA (ensemble)...
[2025-11-24 21:55:05] Forward testing SERIEA with random_forest model...
[2025-11-24 21:55:08] Updating completed results for SERIEA (random_forest)...
[2025-11-24 21:55:15] Forward testing SERIEA with gradient_boosting model...
[2025-11-24 21:55:18] Updating completed results for SERIEA (gradient_boosting)...
[2025-11-24 21:55:26] Forward testing LIGUE1 with ensemble model...
[2025-11-24 21:55:30] Updating completed results for LIGUE1 (ensemble)...
[2025-11-24 21:55:38] Forward testing LIGUE1 with random_forest model...
[2025-11-24 21:55:41] Updating completed results for LIGUE1 (random_forest)...
[2025-11-24 21:55:45] Forward testing LIGUE1 with gradient_boosting model...
[2025-11-24 21:55:49] Updating completed results for LIGUE1 (gradient_boosting)...
[2025-11-24 21:55:55] Prediction generation complete
[2025-11-24 21:55:55] Step 4: Syncing results across model types...
[2025-11-24 21:55:57] Results synced successfully across all model types
[2025-11-24 21:55:57] =========================================
[2025-11-24 21:55:57] PREDICTION pipeline completed
[2025-11-24 21:55:57] =========================================
