[2025-12-03 22:08:56] =========================================
[2025-12-03 22:08:56] Starting PREDICTION pipeline
[2025-12-03 22:08:56] =========================================
[2025-12-03 22:08:56] Processing leagues: NFL, NBA, CFB, NCAAB, NHL, EPL, LALIGA, BUNDESLIGA, SERIEA, LIGUE1
[2025-12-03 22:08:56] Step 0: Creating backups...
[2025-12-03 22:08:56] Backing up database...
[2025-12-03 22:08:57] Backing up prediction files...
[2025-12-03 22:08:58] Step 1: Fetching The Odds API snapshots...
[2025-12-03 22:08:58] Requesting Odds API snapshot for NFL (moneyline + totals)...
[2025-12-03 22:09:00] Requesting Odds API snapshot for NBA (moneyline + totals)...
[2025-12-03 22:09:02] Requesting Odds API snapshot for CFB (moneyline + totals)...
[2025-12-03 22:09:04] Requesting Odds API snapshot for NCAAB (moneyline + totals)...
[2025-12-03 22:09:06] Requesting Odds API snapshot for NHL (moneyline + totals)...
[2025-12-03 22:09:08] Requesting Odds API snapshot for EPL (moneyline + totals)...
[2025-12-03 22:09:09] Requesting Odds API snapshot for LALIGA (moneyline + totals)...
[2025-12-03 22:09:11] Requesting Odds API snapshot for BUNDESLIGA (moneyline + totals)...
[2025-12-03 22:09:13] Requesting Odds API snapshot for SERIEA (moneyline + totals)...
[2025-12-03 22:09:15] Requesting Odds API snapshot for LIGUE1 (moneyline + totals)...
[2025-12-03 22:09:17] Step 3: Generating predictions...
[2025-12-03 22:09:17] Forward testing NFL with ensemble model...
[2025-12-03 22:09:32] Updating completed results for NFL (ensemble)...
[2025-12-03 22:09:35] Forward testing NFL with random_forest model...
[2025-12-03 22:09:41] Updating completed results for NFL (random_forest)...
[2025-12-03 22:09:44] Forward testing NFL with gradient_boosting model...
[2025-12-03 22:09:52] Updating completed results for NFL (gradient_boosting)...
[2025-12-03 22:09:55] Forward testing NBA with ensemble model...
[2025-12-03 22:09:59] Updating completed results for NBA (ensemble)...
[2025-12-03 22:10:02] Forward testing NBA with random_forest model...
[2025-12-03 22:10:06] Updating completed results for NBA (random_forest)...
[2025-12-03 22:10:09] Forward testing NBA with gradient_boosting model...
[2025-12-03 22:10:12] Updating completed results for NBA (gradient_boosting)...
[2025-12-03 22:10:15] Forward testing CFB with ensemble model...
[2025-12-03 22:10:20] Updating completed results for CFB (ensemble)...
[2025-12-03 22:10:29] Forward testing CFB with random_forest model...
[2025-12-03 22:10:32] Updating completed results for CFB (random_forest)...
[2025-12-03 22:10:35] Forward testing CFB with gradient_boosting model...
[2025-12-03 22:10:38] Updating completed results for CFB (gradient_boosting)...
[2025-12-03 22:10:41] Forward testing NCAAB with ensemble model...
[2025-12-03 22:10:47] Updating completed results for NCAAB (ensemble)...
[2025-12-03 22:11:08] Forward testing NCAAB with random_forest model...
[2025-12-03 22:11:13] Updating completed results for NCAAB (random_forest)...
[2025-12-03 22:11:32] Forward testing NCAAB with gradient_boosting model...
[2025-12-03 22:11:36] Updating completed results for NCAAB (gradient_boosting)...
[2025-12-03 22:11:57] Forward testing NHL with ensemble model...
[2025-12-03 22:12:02] Updating completed results for NHL (ensemble)...
[2025-12-03 22:12:05] Forward testing NHL with random_forest model...
[2025-12-03 22:12:08] Updating completed results for NHL (random_forest)...
[2025-12-03 22:12:11] Forward testing NHL with gradient_boosting model...
[2025-12-03 22:12:14] Updating completed results for NHL (gradient_boosting)...
[2025-12-03 22:12:17] Forward testing EPL with ensemble model...
[2025-12-03 22:12:21] Updating completed results for EPL (ensemble)...
[2025-12-03 22:13:02] Forward testing EPL with random_forest model...
[2025-12-03 22:13:05] Updating completed results for EPL (random_forest)...
[2025-12-03 22:13:19] Forward testing EPL with gradient_boosting model...
[2025-12-03 22:13:22] Updating completed results for EPL (gradient_boosting)...
[2025-12-03 22:13:33] Forward testing LALIGA with ensemble model...
[2025-12-03 22:13:38] Updating completed results for LALIGA (ensemble)...
[2025-12-03 22:13:59] Forward testing LALIGA with random_forest model...
[2025-12-03 22:14:02] Updating completed results for LALIGA (random_forest)...
[2025-12-03 22:14:19] Forward testing LALIGA with gradient_boosting model...
[2025-12-03 22:14:22] Updating completed results for LALIGA (gradient_boosting)...
[2025-12-03 22:14:36] Forward testing BUNDESLIGA with ensemble model...
[2025-12-03 22:14:40] Updating completed results for BUNDESLIGA (ensemble)...
[2025-12-03 22:15:05] Forward testing BUNDESLIGA with random_forest model...
[2025-12-03 22:15:08] Updating completed results for BUNDESLIGA (random_forest)...
[2025-12-03 22:15:17] Forward testing BUNDESLIGA with gradient_boosting model...
[2025-12-03 22:15:21] Updating completed results for BUNDESLIGA (gradient_boosting)...
[2025-12-03 22:15:29] Forward testing SERIEA with ensemble model...
[2025-12-03 22:15:33] Updating completed results for SERIEA (ensemble)...
[2025-12-03 22:15:55] Forward testing SERIEA with random_forest model...
[2025-12-03 22:15:58] Updating completed results for SERIEA (random_forest)...
[2025-12-03 22:16:11] Forward testing SERIEA with gradient_boosting model...
[2025-12-03 22:16:14] Updating completed results for SERIEA (gradient_boosting)...
[2025-12-03 22:16:25] Forward testing LIGUE1 with ensemble model...
[2025-12-03 22:16:29] Updating completed results for LIGUE1 (ensemble)...
[2025-12-03 22:16:38] Forward testing LIGUE1 with random_forest model...
[2025-12-03 22:16:41] Updating completed results for LIGUE1 (random_forest)...
[2025-12-03 22:16:49] Forward testing LIGUE1 with gradient_boosting model...
[2025-12-03 22:16:53] Updating completed results for LIGUE1 (gradient_boosting)...
[2025-12-03 22:17:01] Prediction generation complete
[2025-12-03 22:17:01] Step 4: Syncing results across model types...
[2025-12-03 22:17:02] Results synced successfully across all model types
[2025-12-03 22:17:02] =========================================
[2025-12-03 22:17:02] PREDICTION pipeline completed
[2025-12-03 22:17:02] =========================================
