[2025-12-04 19:20:51] =========================================
[2025-12-04 19:20:51] Starting PREDICTION pipeline
[2025-12-04 19:20:51] =========================================
[2025-12-04 19:20:51] Processing leagues: NFL, NBA, CFB, NCAAB, NHL, EPL, LALIGA, BUNDESLIGA, SERIEA, LIGUE1
[2025-12-04 19:20:51] Step 0: Creating backups...
[2025-12-04 19:20:51] Backing up database...
[2025-12-04 19:20:52] Backing up prediction files...
[2025-12-04 19:20:54] Step 1: Fetching The Odds API snapshots...
[2025-12-04 19:20:54] Skipping Odds API snapshot for NFL (SkipOdds enabled)
[2025-12-04 19:20:54] Skipping Odds API snapshot for NBA (SkipOdds enabled)
[2025-12-04 19:20:54] Skipping Odds API snapshot for CFB (SkipOdds enabled)
[2025-12-04 19:20:54] Skipping Odds API snapshot for NCAAB (SkipOdds enabled)
[2025-12-04 19:20:54] Skipping Odds API snapshot for NHL (SkipOdds enabled)
[2025-12-04 19:20:54] Skipping Odds API snapshot for EPL (SkipOdds enabled)
[2025-12-04 19:20:54] Skipping Odds API snapshot for LALIGA (SkipOdds enabled)
[2025-12-04 19:20:54] Skipping Odds API snapshot for BUNDESLIGA (SkipOdds enabled)
[2025-12-04 19:20:54] Skipping Odds API snapshot for SERIEA (SkipOdds enabled)
[2025-12-04 19:20:54] Skipping Odds API snapshot for LIGUE1 (SkipOdds enabled)
[2025-12-04 19:20:54] Step 2: Smart Data Ingestion...
[2025-12-04 19:20:54] Skipping smart ingestion (SkipHistory enabled)
[2025-12-04 19:20:54] Skipping score ingestion (SkipOdds enabled)
[2025-12-04 19:20:54] Step 3: Generating predictions...
[2025-12-04 19:20:54] Forward testing NFL with ensemble model...
[2025-12-04 19:21:04] Updating completed results for NFL (ensemble)...
[2025-12-04 19:21:06] Forward testing NFL with random_forest model...
[2025-12-04 19:21:14] Updating completed results for NFL (random_forest)...
[2025-12-04 19:21:16] Forward testing NFL with gradient_boosting model...
[2025-12-04 19:21:25] Updating completed results for NFL (gradient_boosting)...
[2025-12-04 19:21:27] Forward testing NBA with ensemble model...
[2025-12-04 19:21:32] Updating completed results for NBA (ensemble)...
[2025-12-04 19:21:34] Forward testing NBA with random_forest model...
[2025-12-04 19:21:37] Updating completed results for NBA (random_forest)...
[2025-12-04 19:21:40] Forward testing NBA with gradient_boosting model...
[2025-12-04 19:21:44] Updating completed results for NBA (gradient_boosting)...
[2025-12-04 19:21:46] Forward testing CFB with ensemble model...
[2025-12-04 19:21:51] Updating completed results for CFB (ensemble)...
[2025-12-04 19:21:59] Forward testing CFB with random_forest model...
[2025-12-04 19:22:02] Updating completed results for CFB (random_forest)...
[2025-12-04 19:22:05] Forward testing CFB with gradient_boosting model...
[2025-12-04 19:22:09] Updating completed results for CFB (gradient_boosting)...
[2025-12-04 19:22:11] Forward testing NCAAB with ensemble model...
[2025-12-04 19:22:16] Updating completed results for NCAAB (ensemble)...
[2025-12-04 19:22:24] Forward testing NCAAB with random_forest model...
[2025-12-04 19:22:27] Updating completed results for NCAAB (random_forest)...
[2025-12-04 19:22:34] Forward testing NCAAB with gradient_boosting model...
[2025-12-04 19:22:38] Updating completed results for NCAAB (gradient_boosting)...
[2025-12-04 19:22:45] Forward testing NHL with ensemble model...
[2025-12-04 19:22:50] Updating completed results for NHL (ensemble)...
[2025-12-04 19:22:53] Forward testing NHL with random_forest model...
[2025-12-04 19:22:56] Updating completed results for NHL (random_forest)...
[2025-12-04 19:22:59] Forward testing NHL with gradient_boosting model...
[2025-12-04 19:23:03] Updating completed results for NHL (gradient_boosting)...
[2025-12-04 19:23:05] Forward testing EPL with ensemble model...
[2025-12-04 19:23:10] Updating completed results for EPL (ensemble)...
[2025-12-04 19:23:38] Forward testing EPL with random_forest model...
[2025-12-04 19:23:41] Updating completed results for EPL (random_forest)...
[2025-12-04 19:23:53] Forward testing EPL with gradient_boosting model...
[2025-12-04 19:23:57] Updating completed results for EPL (gradient_boosting)...
[2025-12-04 19:24:13] Forward testing LALIGA with ensemble model...
[2025-12-04 19:24:18] Updating completed results for LALIGA (ensemble)...
[2025-12-04 19:24:39] Forward testing LALIGA with random_forest model...
[2025-12-04 19:24:42] Updating completed results for LALIGA (random_forest)...
[2025-12-04 19:24:55] Forward testing LALIGA with gradient_boosting model...
[2025-12-04 19:24:59] Updating completed results for LALIGA (gradient_boosting)...
[2025-12-04 19:25:11] Forward testing BUNDESLIGA with ensemble model...
[2025-12-04 19:25:16] Updating completed results for BUNDESLIGA (ensemble)...
[2025-12-04 19:25:36] Forward testing BUNDESLIGA with random_forest model...
[2025-12-04 19:25:40] Updating completed results for BUNDESLIGA (random_forest)...
[2025-12-04 19:25:47] Forward testing BUNDESLIGA with gradient_boosting model...
[2025-12-04 19:25:51] Updating completed results for BUNDESLIGA (gradient_boosting)...
[2025-12-04 19:25:58] Forward testing SERIEA with ensemble model...
[2025-12-04 19:26:03] Updating completed results for SERIEA (ensemble)...
[2025-12-04 19:26:23] Forward testing SERIEA with random_forest model...
[2025-12-04 19:26:26] Updating completed results for SERIEA (random_forest)...
[2025-12-04 19:26:36] Forward testing SERIEA with gradient_boosting model...
[2025-12-04 19:26:40] Updating completed results for SERIEA (gradient_boosting)...
[2025-12-04 19:26:49] Forward testing LIGUE1 with ensemble model...
[2025-12-04 19:26:54] Updating completed results for LIGUE1 (ensemble)...
[2025-12-04 19:27:02] Forward testing LIGUE1 with random_forest model...
[2025-12-04 19:27:06] Updating completed results for LIGUE1 (random_forest)...
[2025-12-04 19:27:13] Forward testing LIGUE1 with gradient_boosting model...
[2025-12-04 19:27:17] Updating completed results for LIGUE1 (gradient_boosting)...
[2025-12-04 19:27:29] Prediction generation complete
[2025-12-04 19:27:29] Step 4: Syncing results across model types...
[2025-12-04 19:27:31] Results synced successfully across all model types
[2025-12-04 19:27:31] =========================================
[2025-12-04 19:27:31] PREDICTION pipeline completed
[2025-12-04 19:27:31] =========================================
