[2025-12-09 18:34:04] =========================================
[2025-12-09 18:34:04] Starting PREDICTION pipeline
[2025-12-09 18:34:04] =========================================
[2025-12-09 18:34:04] Processing leagues: NFL, NBA, CFB, NCAAB, NHL, EPL, LALIGA, BUNDESLIGA, SERIEA, LIGUE1
[2025-12-09 18:34:04] Step 0: Creating backups...
[2025-12-09 18:34:04] Backing up database...
[2025-12-09 18:34:09] Backing up prediction files...
[2025-12-09 18:34:11] Step 1: Generating predictions...
[2025-12-09 18:34:11] Generating predictions for NFL with ensemble model...
[2025-12-09 18:34:25] Generating predictions for NFL with random_forest model...
[2025-12-09 18:34:29] Generating predictions for NFL with gradient_boosting model...
[2025-12-09 18:34:34] Generating predictions for NBA with ensemble model...
[2025-12-09 18:34:40] Generating predictions for NBA with random_forest model...
[2025-12-09 18:34:44] Generating predictions for NBA with gradient_boosting model...
[2025-12-09 18:34:49] Generating predictions for CFB with ensemble model...
[2025-12-09 18:34:54] Generating predictions for CFB with random_forest model...
[2025-12-09 18:34:58] Generating predictions for CFB with gradient_boosting model...
[2025-12-09 18:35:04] Generating predictions for NCAAB with ensemble model...
[2025-12-09 18:35:10] Generating predictions for NCAAB with random_forest model...
[2025-12-09 18:35:14] Generating predictions for NCAAB with gradient_boosting model...
[2025-12-09 18:35:20] Generating predictions for NHL with ensemble model...
[2025-12-09 18:35:25] Generating predictions for NHL with random_forest model...
[2025-12-09 18:35:29] Generating predictions for NHL with gradient_boosting model...
[2025-12-09 18:35:34] Generating predictions for EPL with ensemble model...
[2025-12-09 18:35:40] Generating predictions for EPL with random_forest model...
[2025-12-09 18:35:44] Generating predictions for EPL with gradient_boosting model...
[2025-12-09 18:35:49] Generating predictions for LALIGA with ensemble model...
[2025-12-09 18:35:55] Generating predictions for LALIGA with random_forest model...
[2025-12-09 18:35:58] Generating predictions for LALIGA with gradient_boosting model...
[2025-12-09 18:36:03] Generating predictions for BUNDESLIGA with ensemble model...
[2025-12-09 18:36:09] Generating predictions for BUNDESLIGA with random_forest model...
[2025-12-09 18:36:13] Generating predictions for BUNDESLIGA with gradient_boosting model...
[2025-12-09 18:36:18] Generating predictions for SERIEA with ensemble model...
[2025-12-09 18:36:24] Generating predictions for SERIEA with random_forest model...
[2025-12-09 18:36:28] Generating predictions for SERIEA with gradient_boosting model...
[2025-12-09 18:36:33] Generating predictions for LIGUE1 with ensemble model...
[2025-12-09 18:36:40] Generating predictions for LIGUE1 with random_forest model...
[2025-12-09 18:36:44] Generating predictions for LIGUE1 with gradient_boosting model...
[2025-12-09 18:36:50] Prediction generation complete
[2025-12-09 18:36:50] Step 2: Result syncing is now handled by ingestion pipeline.
[2025-12-09 18:36:50] =========================================
[2025-12-09 18:36:50] PREDICTION pipeline completed
[2025-12-09 18:36:50] =========================================
