[2025-12-09 20:29:57] =========================================
[2025-12-09 20:29:57] Starting PREDICTION pipeline
[2025-12-09 20:29:57] =========================================
[2025-12-09 20:29:57] Processing leagues: NFL, NBA, CFB, NCAAB, NHL, EPL, LALIGA, BUNDESLIGA, SERIEA, LIGUE1
[2025-12-09 20:29:57] Step 0: Creating backups...
[2025-12-09 20:29:57] Backing up database...
[2025-12-09 20:30:00] Backing up prediction files...
[2025-12-09 20:30:04] Step 1: Generating predictions...
[2025-12-09 20:30:04] Generating predictions for NFL with ensemble model...
[2025-12-09 20:30:11] Generating predictions for NFL with random_forest model...
[2025-12-09 20:30:16] Generating predictions for NFL with gradient_boosting model...
[2025-12-09 20:30:22] Generating predictions for NBA with ensemble model...
[2025-12-09 20:30:29] Generating predictions for NBA with random_forest model...
[2025-12-09 20:30:34] Generating predictions for NBA with gradient_boosting model...
[2025-12-09 20:30:40] Generating predictions for CFB with ensemble model...
[2025-12-09 20:30:48] Generating predictions for CFB with random_forest model...
[2025-12-09 20:30:53] Generating predictions for CFB with gradient_boosting model...
[2025-12-09 20:31:00] Generating predictions for NCAAB with ensemble model...
[2025-12-09 20:31:08] Generating predictions for NCAAB with random_forest model...
[2025-12-09 20:31:16] Generating predictions for NCAAB with gradient_boosting model...
[2025-12-09 20:31:23] Generating predictions for NHL with ensemble model...
[2025-12-09 20:31:30] Generating predictions for NHL with random_forest model...
[2025-12-09 20:31:36] Generating predictions for NHL with gradient_boosting model...
[2025-12-09 20:31:43] Generating predictions for EPL with ensemble model...
[2025-12-09 20:31:50] Generating predictions for EPL with random_forest model...
[2025-12-09 20:31:56] Generating predictions for EPL with gradient_boosting model...
[2025-12-09 20:32:03] Generating predictions for LALIGA with ensemble model...
[2025-12-09 20:32:11] Generating predictions for LALIGA with random_forest model...
[2025-12-09 20:32:17] Generating predictions for LALIGA with gradient_boosting model...
[2025-12-09 20:32:25] Generating predictions for BUNDESLIGA with ensemble model...
[2025-12-09 20:32:33] Generating predictions for BUNDESLIGA with random_forest model...
[2025-12-09 20:32:38] Generating predictions for BUNDESLIGA with gradient_boosting model...
[2025-12-09 20:32:47] Generating predictions for SERIEA with ensemble model...
[2025-12-09 20:32:54] Generating predictions for SERIEA with random_forest model...
[2025-12-09 20:32:59] Generating predictions for SERIEA with gradient_boosting model...
[2025-12-09 20:33:07] Generating predictions for LIGUE1 with ensemble model...
[2025-12-09 20:33:15] Generating predictions for LIGUE1 with random_forest model...
[2025-12-09 20:33:20] Generating predictions for LIGUE1 with gradient_boosting model...
[2025-12-09 20:33:26] Prediction generation complete
[2025-12-09 20:33:26] Step 2: Result syncing is now handled by ingestion pipeline.
[2025-12-09 20:33:26] =========================================
[2025-12-09 20:33:26] PREDICTION pipeline completed
[2025-12-09 20:33:26] =========================================
