[2025-12-03 22:40:11] =========================================
[2025-12-03 22:40:11] Starting PREDICTION pipeline
[2025-12-03 22:40:11] =========================================
[2025-12-03 22:40:11] Processing leagues: NFL, NBA, CFB, NCAAB, NHL, EPL, LALIGA, BUNDESLIGA, SERIEA, LIGUE1
[2025-12-03 22:40:11] Step 0: Creating backups...
[2025-12-03 22:40:11] Backing up database...
[2025-12-03 22:40:12] Backing up prediction files...
[2025-12-03 22:40:13] Step 1: Fetching The Odds API snapshots...
[2025-12-03 22:40:13] Skipping Odds API snapshot for NFL (SkipOdds enabled)
[2025-12-03 22:40:13] Skipping Odds API snapshot for NBA (SkipOdds enabled)
[2025-12-03 22:40:13] Skipping Odds API snapshot for CFB (SkipOdds enabled)
[2025-12-03 22:40:13] Skipping Odds API snapshot for NCAAB (SkipOdds enabled)
[2025-12-03 22:40:13] Skipping Odds API snapshot for NHL (SkipOdds enabled)
[2025-12-03 22:40:13] Skipping Odds API snapshot for EPL (SkipOdds enabled)
[2025-12-03 22:40:13] Skipping Odds API snapshot for LALIGA (SkipOdds enabled)
[2025-12-03 22:40:13] Skipping Odds API snapshot for BUNDESLIGA (SkipOdds enabled)
[2025-12-03 22:40:13] Skipping Odds API snapshot for SERIEA (SkipOdds enabled)
[2025-12-03 22:40:13] Skipping Odds API snapshot for LIGUE1 (SkipOdds enabled)
[2025-12-03 22:40:13] Step 2: Ingesting recent scores...
[2025-12-03 22:40:13] Skipping score ingestion (SkipOdds enabled)
[2025-12-03 22:40:13] Step 3: Generating predictions...
[2025-12-03 22:40:13] Forward testing NFL with ensemble model...
[2025-12-03 22:40:21] Updating completed results for NFL (ensemble)...
[2025-12-03 22:40:23] Forward testing NFL with random_forest model...
[2025-12-03 22:40:30] Updating completed results for NFL (random_forest)...
[2025-12-03 22:40:32] Forward testing NFL with gradient_boosting model...
[2025-12-03 22:40:39] Updating completed results for NFL (gradient_boosting)...
[2025-12-03 22:40:41] Forward testing NBA with ensemble model...
[2025-12-03 22:40:46] Updating completed results for NBA (ensemble)...
[2025-12-03 22:40:48] Forward testing NBA with random_forest model...
[2025-12-03 22:40:51] Updating completed results for NBA (random_forest)...
[2025-12-03 22:40:53] Forward testing NBA with gradient_boosting model...
[2025-12-03 22:40:57] Updating completed results for NBA (gradient_boosting)...
[2025-12-03 22:40:59] Forward testing CFB with ensemble model...
[2025-12-03 22:41:03] Updating completed results for CFB (ensemble)...
[2025-12-03 22:41:11] Forward testing CFB with random_forest model...
[2025-12-03 22:41:14] Updating completed results for CFB (random_forest)...
[2025-12-03 22:41:16] Forward testing CFB with gradient_boosting model...
[2025-12-03 22:41:19] Updating completed results for CFB (gradient_boosting)...
[2025-12-03 22:41:21] Forward testing NCAAB with ensemble model...
[2025-12-03 22:41:27] Updating completed results for NCAAB (ensemble)...
[2025-12-03 22:41:47] Forward testing NCAAB with random_forest model...
[2025-12-03 22:41:52] Updating completed results for NCAAB (random_forest)...
[2025-12-03 22:42:11] Forward testing NCAAB with gradient_boosting model...
[2025-12-03 22:42:15] Updating completed results for NCAAB (gradient_boosting)...
[2025-12-03 22:42:36] Forward testing NHL with ensemble model...
[2025-12-03 22:42:41] Updating completed results for NHL (ensemble)...
[2025-12-03 22:42:43] Forward testing NHL with random_forest model...
[2025-12-03 22:42:47] Updating completed results for NHL (random_forest)...
[2025-12-03 22:42:49] Forward testing NHL with gradient_boosting model...
[2025-12-03 22:42:52] Updating completed results for NHL (gradient_boosting)...
[2025-12-03 22:42:54] Forward testing EPL with ensemble model...
[2025-12-03 22:42:58] Updating completed results for EPL (ensemble)...
[2025-12-03 22:43:21] Forward testing EPL with random_forest model...
[2025-12-03 22:43:24] Updating completed results for EPL (random_forest)...
[2025-12-03 22:43:34] Forward testing EPL with gradient_boosting model...
[2025-12-03 22:43:37] Updating completed results for EPL (gradient_boosting)...
[2025-12-03 22:43:47] Forward testing LALIGA with ensemble model...
[2025-12-03 22:43:51] Updating completed results for LALIGA (ensemble)...
[2025-12-03 22:44:13] Forward testing LALIGA with random_forest model...
[2025-12-03 22:44:16] Updating completed results for LALIGA (random_forest)...
[2025-12-03 22:44:29] Forward testing LALIGA with gradient_boosting model...
[2025-12-03 22:44:32] Updating completed results for LALIGA (gradient_boosting)...
[2025-12-03 22:44:45] Forward testing BUNDESLIGA with ensemble model...
[2025-12-03 22:44:50] Updating completed results for BUNDESLIGA (ensemble)...
[2025-12-03 22:45:11] Forward testing BUNDESLIGA with random_forest model...
[2025-12-03 22:45:13] Updating completed results for BUNDESLIGA (random_forest)...
[2025-12-03 22:45:21] Forward testing BUNDESLIGA with gradient_boosting model...
[2025-12-03 22:45:24] Updating completed results for BUNDESLIGA (gradient_boosting)...
[2025-12-03 22:45:31] Forward testing SERIEA with ensemble model...
[2025-12-03 22:45:35] Updating completed results for SERIEA (ensemble)...
[2025-12-03 22:45:56] Forward testing SERIEA with random_forest model...
[2025-12-03 22:45:59] Updating completed results for SERIEA (random_forest)...
[2025-12-03 22:46:11] Forward testing SERIEA with gradient_boosting model...
[2025-12-03 22:46:14] Updating completed results for SERIEA (gradient_boosting)...
[2025-12-03 22:46:24] Forward testing LIGUE1 with ensemble model...
[2025-12-03 22:46:27] Updating completed results for LIGUE1 (ensemble)...
[2025-12-03 22:46:35] Forward testing LIGUE1 with random_forest model...
[2025-12-03 22:46:38] Updating completed results for LIGUE1 (random_forest)...
[2025-12-03 22:46:45] Forward testing LIGUE1 with gradient_boosting model...
[2025-12-03 22:46:48] Updating completed results for LIGUE1 (gradient_boosting)...
[2025-12-03 22:46:55] Prediction generation complete
[2025-12-03 22:46:55] Step 4: Syncing results across model types...
[2025-12-03 22:46:57] Results synced successfully across all model types
[2025-12-03 22:46:57] =========================================
[2025-12-03 22:46:57] PREDICTION pipeline completed
[2025-12-03 22:46:57] =========================================
