[2025-12-12 18:26:35] =========================================
[2025-12-12 18:26:35] Starting PREDICTION pipeline
[2025-12-12 18:26:35] =========================================
[2025-12-12 18:26:35] Processing leagues: NFL, NBA, CFB, NCAAB, NHL, EPL, LALIGA, BUNDESLIGA, SERIEA, LIGUE1
[2025-12-12 18:26:35] Step 0: Creating backups...
[2025-12-12 18:26:35] Backing up database...
[2025-12-12 18:26:37] Backing up prediction files...
[2025-12-12 18:26:38] Step 1: Generating predictions...
[2025-12-12 18:26:38] Generating predictions for NFL with ensemble model...
[2025-12-12 18:26:42] Generating predictions for NFL with random_forest model...
[2025-12-12 18:26:44] Generating predictions for NFL with gradient_boosting model...
[2025-12-12 18:26:48] Generating predictions for NBA with ensemble model...
[2025-12-12 18:26:52] Generating predictions for NBA with random_forest model...
[2025-12-12 18:26:54] Generating predictions for NBA with gradient_boosting model...
[2025-12-12 18:26:57] Generating predictions for CFB with ensemble model...
[2025-12-12 18:27:00] WARNING: Prediction failed for CFB (ensemble)
[2025-12-12 18:27:00] Generating predictions for CFB with random_forest model...
[2025-12-12 18:27:02] WARNING: Prediction failed for CFB (random_forest)
[2025-12-12 18:27:02] Generating predictions for CFB with gradient_boosting model...
[2025-12-12 18:27:04] WARNING: Prediction failed for CFB (gradient_boosting)
[2025-12-12 18:27:04] Generating predictions for NCAAB with ensemble model...
[2025-12-12 18:27:08] Generating predictions for NCAAB with random_forest model...
[2025-12-12 18:27:10] Generating predictions for NCAAB with gradient_boosting model...
[2025-12-12 18:27:14] Generating predictions for NHL with ensemble model...
[2025-12-12 18:27:18] Generating predictions for NHL with random_forest model...
[2025-12-12 18:27:20] Generating predictions for NHL with gradient_boosting model...
[2025-12-12 18:27:24] Generating predictions for EPL with ensemble model...
[2025-12-12 18:27:27] Generating predictions for EPL with random_forest model...
[2025-12-12 18:27:30] Generating predictions for EPL with gradient_boosting model...
[2025-12-12 18:27:33] Generating predictions for LALIGA with ensemble model...
[2025-12-12 18:27:37] Generating predictions for LALIGA with random_forest model...
[2025-12-12 18:27:40] Generating predictions for LALIGA with gradient_boosting model...
[2025-12-12 18:27:43] Generating predictions for BUNDESLIGA with ensemble model...
[2025-12-12 18:27:47] Generating predictions for BUNDESLIGA with random_forest model...
[2025-12-12 18:27:50] Generating predictions for BUNDESLIGA with gradient_boosting model...
[2025-12-12 18:27:53] Generating predictions for SERIEA with ensemble model...
[2025-12-12 18:27:57] Generating predictions for SERIEA with random_forest model...
[2025-12-12 18:27:59] Generating predictions for SERIEA with gradient_boosting model...
[2025-12-12 18:28:03] Generating predictions for LIGUE1 with ensemble model...
[2025-12-12 18:28:07] Generating predictions for LIGUE1 with random_forest model...
[2025-12-12 18:28:09] Generating predictions for LIGUE1 with gradient_boosting model...
[2025-12-12 18:28:12] Prediction generation complete
[2025-12-12 18:28:12] Step 2: Result syncing is now handled by ingestion pipeline.
[2025-12-12 18:28:12] =========================================
[2025-12-12 18:28:12] PREDICTION pipeline completed
[2025-12-12 18:28:12] =========================================
