[2025-12-01 23:22:34] =========================================
[2025-12-01 23:22:34] Starting PREDICTION pipeline
[2025-12-01 23:22:34] =========================================
[2025-12-01 23:22:34] Processing leagues: NFL, NBA, CFB, NCAAB, NHL, EPL, LALIGA, BUNDESLIGA, SERIEA, LIGUE1
[2025-12-01 23:22:34] Step 0: Creating backups...
[2025-12-01 23:22:34] Backing up database...
[2025-12-01 23:22:38] Backing up prediction files...
[2025-12-01 23:22:39] Step 1: Fetching The Odds API snapshots...
[2025-12-01 23:22:39] Requesting Odds API snapshot for NFL (moneyline + totals)...
[2025-12-01 23:22:44] Requesting Odds API snapshot for NBA (moneyline + totals)...
[2025-12-01 23:22:46] Requesting Odds API snapshot for CFB (moneyline + totals)...
[2025-12-01 23:22:49] Requesting Odds API snapshot for NCAAB (moneyline + totals)...
[2025-12-01 23:22:54] Requesting Odds API snapshot for NHL (moneyline + totals)...
[2025-12-01 23:22:57] Requesting Odds API snapshot for EPL (moneyline + totals)...
[2025-12-01 23:22:59] Requesting Odds API snapshot for LALIGA (moneyline + totals)...
[2025-12-01 23:23:01] Requesting Odds API snapshot for BUNDESLIGA (moneyline + totals)...
[2025-12-01 23:23:04] Requesting Odds API snapshot for SERIEA (moneyline + totals)...
[2025-12-01 23:23:06] Requesting Odds API snapshot for LIGUE1 (moneyline + totals)...
[2025-12-01 23:23:08] Step 3: Generating predictions...
[2025-12-01 23:23:08] Forward testing NFL with ensemble model...
[2025-12-01 23:23:23] Updating completed results for NFL (ensemble)...
[2025-12-01 23:23:27] Forward testing NFL with random_forest model...
[2025-12-01 23:23:34] Updating completed results for NFL (random_forest)...
[2025-12-01 23:23:38] Forward testing NFL with gradient_boosting model...
[2025-12-01 23:23:47] Updating completed results for NFL (gradient_boosting)...
[2025-12-01 23:23:52] Forward testing NBA with ensemble model...
[2025-12-01 23:23:58] Updating completed results for NBA (ensemble)...
[2025-12-01 23:24:02] Forward testing NBA with random_forest model...
[2025-12-01 23:24:06] Updating completed results for NBA (random_forest)...
[2025-12-01 23:24:11] Forward testing NBA with gradient_boosting model...
[2025-12-01 23:24:16] Updating completed results for NBA (gradient_boosting)...
[2025-12-01 23:24:20] Forward testing CFB with ensemble model...
[2025-12-01 23:24:26] Updating completed results for CFB (ensemble)...
[2025-12-01 23:24:39] Forward testing CFB with random_forest model...
[2025-12-01 23:24:43] Updating completed results for CFB (random_forest)...
[2025-12-01 23:24:47] Forward testing CFB with gradient_boosting model...
[2025-12-01 23:24:52] Updating completed results for CFB (gradient_boosting)...
[2025-12-01 23:24:56] Forward testing NCAAB with ensemble model...
[2025-12-01 23:25:06] Updating completed results for NCAAB (ensemble)...
[2025-12-01 23:25:17] Forward testing NCAAB with random_forest model...
[2025-12-01 23:25:24] Updating completed results for NCAAB (random_forest)...
[2025-12-01 23:25:34] Forward testing NCAAB with gradient_boosting model...
[2025-12-01 23:25:38] Updating completed results for NCAAB (gradient_boosting)...
[2025-12-01 23:25:49] Forward testing NHL with ensemble model...
[2025-12-01 23:25:53] Updating completed results for NHL (ensemble)...
[2025-12-01 23:25:58] Forward testing NHL with random_forest model...
[2025-12-01 23:26:02] Updating completed results for NHL (random_forest)...
[2025-12-01 23:26:07] Forward testing NHL with gradient_boosting model...
[2025-12-01 23:26:11] Updating completed results for NHL (gradient_boosting)...
[2025-12-01 23:26:16] Forward testing EPL with ensemble model...
[2025-12-01 23:26:22] Updating completed results for EPL (ensemble)...
[2025-12-01 23:26:49] Forward testing EPL with random_forest model...
[2025-12-01 23:26:53] Updating completed results for EPL (random_forest)...
[2025-12-01 23:27:02] Forward testing EPL with gradient_boosting model...
[2025-12-01 23:27:06] Updating completed results for EPL (gradient_boosting)...
[2025-12-01 23:27:15] Forward testing LALIGA with ensemble model...
[2025-12-01 23:27:20] Updating completed results for LALIGA (ensemble)...
[2025-12-01 23:27:49] Forward testing LALIGA with random_forest model...
[2025-12-01 23:27:52] Updating completed results for LALIGA (random_forest)...
[2025-12-01 23:28:05] Forward testing LALIGA with gradient_boosting model...
[2025-12-01 23:28:09] Updating completed results for LALIGA (gradient_boosting)...
[2025-12-01 23:28:23] Forward testing BUNDESLIGA with ensemble model...
[2025-12-01 23:28:28] Updating completed results for BUNDESLIGA (ensemble)...
[2025-12-01 23:28:55] Forward testing BUNDESLIGA with random_forest model...
[2025-12-01 23:28:58] Updating completed results for BUNDESLIGA (random_forest)...
[2025-12-01 23:29:09] Forward testing BUNDESLIGA with gradient_boosting model...
[2025-12-01 23:29:13] Updating completed results for BUNDESLIGA (gradient_boosting)...
[2025-12-01 23:29:25] Forward testing SERIEA with ensemble model...
[2025-12-01 23:29:30] Updating completed results for SERIEA (ensemble)...
[2025-12-01 23:30:00] Forward testing SERIEA with random_forest model...
[2025-12-01 23:30:03] Updating completed results for SERIEA (random_forest)...
[2025-12-01 23:30:16] Forward testing SERIEA with gradient_boosting model...
[2025-12-01 23:30:20] Updating completed results for SERIEA (gradient_boosting)...
[2025-12-01 23:30:33] Forward testing LIGUE1 with ensemble model...
[2025-12-01 23:30:38] Updating completed results for LIGUE1 (ensemble)...
[2025-12-01 23:31:00] Forward testing LIGUE1 with random_forest model...
[2025-12-01 23:31:03] Updating completed results for LIGUE1 (random_forest)...
[2025-12-01 23:31:26] Forward testing LIGUE1 with gradient_boosting model...
[2025-12-01 23:31:30] Updating completed results for LIGUE1 (gradient_boosting)...
[2025-12-01 23:31:52] Prediction generation complete
[2025-12-01 23:31:52] Step 4: Syncing results across model types...
[2025-12-01 23:31:53] Results synced successfully across all model types
[2025-12-01 23:31:53] =========================================
[2025-12-01 23:31:53] PREDICTION pipeline completed
[2025-12-01 23:31:53] =========================================
