[2025-12-02 23:13:11] =========================================
[2025-12-02 23:13:11] Starting PREDICTION pipeline
[2025-12-02 23:13:11] =========================================
[2025-12-02 23:13:11] Processing leagues: NFL, NBA, CFB, NCAAB, NHL, EPL, LALIGA, BUNDESLIGA, SERIEA, LIGUE1
[2025-12-02 23:13:11] Step 0: Creating backups...
[2025-12-02 23:13:11] Backing up database...
[2025-12-02 23:13:14] Backing up prediction files...
[2025-12-02 23:13:15] Step 1: Fetching The Odds API snapshots...
[2025-12-02 23:13:15] Requesting Odds API snapshot for NFL (moneyline + totals)...
[2025-12-02 23:13:20] Requesting Odds API snapshot for NBA (moneyline + totals)...
[2025-12-02 23:13:21] Requesting Odds API snapshot for CFB (moneyline + totals)...
[2025-12-02 23:13:23] Requesting Odds API snapshot for NCAAB (moneyline + totals)...
[2025-12-02 23:13:30] Requesting Odds API snapshot for NHL (moneyline + totals)...
[2025-12-02 23:13:32] Requesting Odds API snapshot for EPL (moneyline + totals)...
[2025-12-02 23:13:33] Requesting Odds API snapshot for LALIGA (moneyline + totals)...
[2025-12-02 23:13:35] Requesting Odds API snapshot for BUNDESLIGA (moneyline + totals)...
[2025-12-02 23:13:37] Requesting Odds API snapshot for SERIEA (moneyline + totals)...
[2025-12-02 23:13:38] Requesting Odds API snapshot for LIGUE1 (moneyline + totals)...
[2025-12-02 23:13:40] Step 3: Generating predictions...
[2025-12-02 23:13:40] Forward testing NFL with ensemble model...
[2025-12-02 23:13:57] Updating completed results for NFL (ensemble)...
[2025-12-02 23:14:00] Forward testing NFL with random_forest model...
[2025-12-02 23:14:06] Updating completed results for NFL (random_forest)...
[2025-12-02 23:14:09] Forward testing NFL with gradient_boosting model...
[2025-12-02 23:14:17] Updating completed results for NFL (gradient_boosting)...
[2025-12-02 23:14:20] Forward testing NBA with ensemble model...
[2025-12-02 23:14:25] Updating completed results for NBA (ensemble)...
[2025-12-02 23:14:28] Forward testing NBA with random_forest model...
[2025-12-02 23:14:32] Updating completed results for NBA (random_forest)...
[2025-12-02 23:14:35] Forward testing NBA with gradient_boosting model...
[2025-12-02 23:14:39] Updating completed results for NBA (gradient_boosting)...
[2025-12-02 23:14:42] Forward testing CFB with ensemble model...
[2025-12-02 23:14:47] Updating completed results for CFB (ensemble)...
[2025-12-02 23:14:56] Forward testing CFB with random_forest model...
[2025-12-02 23:14:59] Updating completed results for CFB (random_forest)...
[2025-12-02 23:15:02] Forward testing CFB with gradient_boosting model...
[2025-12-02 23:15:06] Updating completed results for CFB (gradient_boosting)...
[2025-12-02 23:15:09] Forward testing NCAAB with ensemble model...
[2025-12-02 23:15:21] Updating completed results for NCAAB (ensemble)...
[2025-12-02 23:15:33] Forward testing NCAAB with random_forest model...
[2025-12-02 23:15:40] Updating completed results for NCAAB (random_forest)...
[2025-12-02 23:15:52] Forward testing NCAAB with gradient_boosting model...
[2025-12-02 23:15:57] Updating completed results for NCAAB (gradient_boosting)...
[2025-12-02 23:16:09] Forward testing NHL with ensemble model...
[2025-12-02 23:16:13] Updating completed results for NHL (ensemble)...
[2025-12-02 23:16:17] Forward testing NHL with random_forest model...
[2025-12-02 23:16:19] Updating completed results for NHL (random_forest)...
[2025-12-02 23:16:22] Forward testing NHL with gradient_boosting model...
[2025-12-02 23:16:26] Updating completed results for NHL (gradient_boosting)...
[2025-12-02 23:16:29] Forward testing EPL with ensemble model...
[2025-12-02 23:16:34] Updating completed results for EPL (ensemble)...
[2025-12-02 23:16:57] Forward testing EPL with random_forest model...
[2025-12-02 23:17:00] Updating completed results for EPL (random_forest)...
[2025-12-02 23:17:11] Forward testing EPL with gradient_boosting model...
[2025-12-02 23:17:15] Updating completed results for EPL (gradient_boosting)...
[2025-12-02 23:17:29] Forward testing LALIGA with ensemble model...
[2025-12-02 23:17:34] Updating completed results for LALIGA (ensemble)...
[2025-12-02 23:17:57] Forward testing LALIGA with random_forest model...
[2025-12-02 23:18:00] Updating completed results for LALIGA (random_forest)...
[2025-12-02 23:18:12] Forward testing LALIGA with gradient_boosting model...
[2025-12-02 23:18:16] Updating completed results for LALIGA (gradient_boosting)...
[2025-12-02 23:18:29] Forward testing BUNDESLIGA with ensemble model...
[2025-12-02 23:18:34] Updating completed results for BUNDESLIGA (ensemble)...
[2025-12-02 23:18:52] Forward testing BUNDESLIGA with random_forest model...
[2025-12-02 23:18:55] Updating completed results for BUNDESLIGA (random_forest)...
[2025-12-02 23:19:03] Forward testing BUNDESLIGA with gradient_boosting model...
[2025-12-02 23:19:07] Updating completed results for BUNDESLIGA (gradient_boosting)...
[2025-12-02 23:19:15] Forward testing SERIEA with ensemble model...
[2025-12-02 23:19:20] Updating completed results for SERIEA (ensemble)...
[2025-12-02 23:19:58] Forward testing SERIEA with random_forest model...
[2025-12-02 23:20:01] Updating completed results for SERIEA (random_forest)...
[2025-12-02 23:20:16] Forward testing SERIEA with gradient_boosting model...
[2025-12-02 23:20:20] Updating completed results for SERIEA (gradient_boosting)...
[2025-12-02 23:20:36] Forward testing LIGUE1 with ensemble model...
[2025-12-02 23:20:41] Updating completed results for LIGUE1 (ensemble)...
[2025-12-02 23:20:58] Forward testing LIGUE1 with random_forest model...
[2025-12-02 23:21:00] Updating completed results for LIGUE1 (random_forest)...
[2025-12-02 23:21:18] Forward testing LIGUE1 with gradient_boosting model...
[2025-12-02 23:21:22] Updating completed results for LIGUE1 (gradient_boosting)...
[2025-12-02 23:21:44] Prediction generation complete
[2025-12-02 23:21:44] Step 4: Syncing results across model types...
[2025-12-02 23:21:46] Results synced successfully across all model types
[2025-12-02 23:21:46] =========================================
[2025-12-02 23:21:46] PREDICTION pipeline completed
[2025-12-02 23:21:46] =========================================
