[2025-11-30 19:07:28] =========================================
[2025-11-30 19:07:28] Starting PREDICTION pipeline
[2025-11-30 19:07:28] =========================================
[2025-11-30 19:07:28] Processing leagues: NFL, NBA, CFB, NCAAB, NHL, EPL, LALIGA, BUNDESLIGA, SERIEA, LIGUE1
[2025-11-30 19:07:28] Step 1: Fetching The Odds API snapshots...
[2025-11-30 19:07:28] Requesting Odds API snapshot for NFL (moneyline + totals)...
[2025-11-30 19:07:30] Requesting Odds API snapshot for NBA (moneyline + totals)...
[2025-11-30 19:07:31] Requesting Odds API snapshot for CFB (moneyline + totals)...
[2025-11-30 19:07:33] Requesting Odds API snapshot for NCAAB (moneyline + totals)...
[2025-11-30 19:07:36] Requesting Odds API snapshot for NHL (moneyline + totals)...
[2025-11-30 19:07:37] Requesting Odds API snapshot for EPL (moneyline + totals)...
[2025-11-30 19:07:39] Requesting Odds API snapshot for LALIGA (moneyline + totals)...
[2025-11-30 19:07:41] Requesting Odds API snapshot for BUNDESLIGA (moneyline + totals)...
[2025-11-30 19:07:42] Requesting Odds API snapshot for SERIEA (moneyline + totals)...
[2025-11-30 19:07:44] Requesting Odds API snapshot for LIGUE1 (moneyline + totals)...
[2025-11-30 19:07:45] Step 3: Generating predictions...
[2025-11-30 19:07:45] Forward testing NFL with ensemble model...
[2025-11-30 19:08:01] Updating completed results for NFL (ensemble)...
[2025-11-30 19:08:04] Forward testing NFL with random_forest model...
[2025-11-30 19:08:10] Updating completed results for NFL (random_forest)...
[2025-11-30 19:08:13] Forward testing NFL with gradient_boosting model...
[2025-11-30 19:08:20] Updating completed results for NFL (gradient_boosting)...
[2025-11-30 19:08:23] Forward testing NBA with ensemble model...
[2025-11-30 19:08:27] Updating completed results for NBA (ensemble)...
[2025-11-30 19:08:30] Forward testing NBA with random_forest model...
[2025-11-30 19:08:32] Updating completed results for NBA (random_forest)...
[2025-11-30 19:08:35] Forward testing NBA with gradient_boosting model...
[2025-11-30 19:08:38] Updating completed results for NBA (gradient_boosting)...
[2025-11-30 19:08:41] Forward testing CFB with ensemble model...
[2025-11-30 19:08:45] Updating completed results for CFB (ensemble)...
[2025-11-30 19:08:51] Forward testing CFB with random_forest model...
[2025-11-30 19:08:54] Updating completed results for CFB (random_forest)...
[2025-11-30 19:08:58] Forward testing CFB with gradient_boosting model...
[2025-11-30 19:09:02] Updating completed results for CFB (gradient_boosting)...
[2025-11-30 19:09:06] Forward testing NCAAB with ensemble model...
[2025-11-30 19:09:11] Updating completed results for NCAAB (ensemble)...
[2025-11-30 19:09:17] Forward testing NCAAB with random_forest model...
[2025-11-30 19:09:21] Updating completed results for NCAAB (random_forest)...
[2025-11-30 19:09:27] Forward testing NCAAB with gradient_boosting model...
[2025-11-30 19:09:31] Updating completed results for NCAAB (gradient_boosting)...
[2025-11-30 19:09:38] Forward testing NHL with ensemble model...
[2025-11-30 19:09:41] Updating completed results for NHL (ensemble)...
[2025-11-30 19:09:44] Forward testing NHL with random_forest model...
[2025-11-30 19:09:47] Updating completed results for NHL (random_forest)...
[2025-11-30 19:09:49] Forward testing NHL with gradient_boosting model...
[2025-11-30 19:09:53] Updating completed results for NHL (gradient_boosting)...
[2025-11-30 19:09:55] Forward testing EPL with ensemble model...
[2025-11-30 19:10:00] Updating completed results for EPL (ensemble)...
[2025-11-30 19:10:05] Forward testing EPL with random_forest model...
[2025-11-30 19:10:08] Updating completed results for EPL (random_forest)...
[2025-11-30 19:10:13] Forward testing EPL with gradient_boosting model...
[2025-11-30 19:10:16] Updating completed results for EPL (gradient_boosting)...
[2025-11-30 19:10:22] Forward testing LALIGA with ensemble model...
[2025-11-30 19:10:26] Updating completed results for LALIGA (ensemble)...
[2025-11-30 19:10:31] Forward testing LALIGA with random_forest model...
[2025-11-30 19:10:34] Updating completed results for LALIGA (random_forest)...
[2025-11-30 19:10:39] Forward testing LALIGA with gradient_boosting model...
[2025-11-30 19:10:42] Updating completed results for LALIGA (gradient_boosting)...
[2025-11-30 19:10:48] Forward testing BUNDESLIGA with ensemble model...
[2025-11-30 19:10:51] Updating completed results for BUNDESLIGA (ensemble)...
[2025-11-30 19:10:57] Forward testing BUNDESLIGA with random_forest model...
[2025-11-30 19:10:59] Updating completed results for BUNDESLIGA (random_forest)...
[2025-11-30 19:11:04] Forward testing BUNDESLIGA with gradient_boosting model...
[2025-11-30 19:11:08] Updating completed results for BUNDESLIGA (gradient_boosting)...
[2025-11-30 19:11:13] Forward testing SERIEA with ensemble model...
[2025-11-30 19:11:16] Updating completed results for SERIEA (ensemble)...
[2025-11-30 19:11:21] Forward testing SERIEA with random_forest model...
[2025-11-30 19:11:24] Updating completed results for SERIEA (random_forest)...
[2025-11-30 19:11:29] Forward testing SERIEA with gradient_boosting model...
[2025-11-30 19:11:33] Updating completed results for SERIEA (gradient_boosting)...
[2025-11-30 19:11:38] Forward testing LIGUE1 with ensemble model...
[2025-11-30 19:11:42] Updating completed results for LIGUE1 (ensemble)...
[2025-11-30 19:11:47] Forward testing LIGUE1 with random_forest model...
[2025-11-30 19:11:49] Updating completed results for LIGUE1 (random_forest)...
[2025-11-30 19:11:54] Forward testing LIGUE1 with gradient_boosting model...
[2025-11-30 19:11:58] Updating completed results for LIGUE1 (gradient_boosting)...
[2025-11-30 19:12:03] Prediction generation complete
[2025-11-30 19:12:03] Step 4: Syncing results across model types...
[2025-11-30 19:12:04] Results synced successfully across all model types
[2025-11-30 19:12:04] =========================================
[2025-11-30 19:12:04] PREDICTION pipeline completed
[2025-11-30 19:12:04] =========================================
