[2025-12-03 22:53:58] =========================================
[2025-12-03 22:53:58] Starting PREDICTION pipeline
[2025-12-03 22:53:58] =========================================
[2025-12-03 22:53:58] Processing leagues: NFL, NBA, CFB, NCAAB, NHL, EPL, LALIGA, BUNDESLIGA, SERIEA, LIGUE1
[2025-12-03 22:53:58] Step 0: Creating backups...
[2025-12-03 22:53:58] Backing up database...
[2025-12-03 22:53:59] Backing up prediction files...
[2025-12-03 22:54:00] Step 1: Fetching The Odds API snapshots...
[2025-12-03 22:54:00] Skipping Odds API snapshot for NFL (SkipOdds enabled)
[2025-12-03 22:54:00] Skipping Odds API snapshot for NBA (SkipOdds enabled)
[2025-12-03 22:54:00] Skipping Odds API snapshot for CFB (SkipOdds enabled)
[2025-12-03 22:54:00] Skipping Odds API snapshot for NCAAB (SkipOdds enabled)
[2025-12-03 22:54:00] Skipping Odds API snapshot for NHL (SkipOdds enabled)
[2025-12-03 22:54:00] Skipping Odds API snapshot for EPL (SkipOdds enabled)
[2025-12-03 22:54:00] Skipping Odds API snapshot for LALIGA (SkipOdds enabled)
[2025-12-03 22:54:00] Skipping Odds API snapshot for BUNDESLIGA (SkipOdds enabled)
[2025-12-03 22:54:00] Skipping Odds API snapshot for SERIEA (SkipOdds enabled)
[2025-12-03 22:54:00] Skipping Odds API snapshot for LIGUE1 (SkipOdds enabled)
[2025-12-03 22:54:00] Step 2: Ingesting recent scores...
[2025-12-03 22:54:00] Skipping score ingestion (SkipOdds enabled)
[2025-12-03 22:54:00] Step 3: Generating predictions...
[2025-12-03 22:54:00] Forward testing NFL with ensemble model...
[2025-12-03 22:54:10] Updating completed results for NFL (ensemble)...
[2025-12-03 22:54:12] Forward testing NFL with random_forest model...
[2025-12-03 22:54:19] Updating completed results for NFL (random_forest)...
[2025-12-03 22:54:22] Forward testing NFL with gradient_boosting model...
[2025-12-03 22:54:30] Updating completed results for NFL (gradient_boosting)...
[2025-12-03 22:54:33] Forward testing NBA with ensemble model...
[2025-12-03 22:54:37] Updating completed results for NBA (ensemble)...
[2025-12-03 22:54:40] Forward testing NBA with random_forest model...
[2025-12-03 22:54:43] Updating completed results for NBA (random_forest)...
[2025-12-03 22:54:46] Forward testing NBA with gradient_boosting model...
[2025-12-03 22:54:50] Updating completed results for NBA (gradient_boosting)...
[2025-12-03 22:54:52] Forward testing CFB with ensemble model...
[2025-12-03 22:54:57] Updating completed results for CFB (ensemble)...
[2025-12-03 22:55:10] Forward testing CFB with random_forest model...
[2025-12-03 22:55:13] Updating completed results for CFB (random_forest)...
[2025-12-03 22:55:15] Forward testing CFB with gradient_boosting model...
[2025-12-03 22:55:19] Updating completed results for CFB (gradient_boosting)...
[2025-12-03 22:55:22] Forward testing NCAAB with ensemble model...
[2025-12-03 22:55:28] Updating completed results for NCAAB (ensemble)...
[2025-12-03 22:55:51] Forward testing NCAAB with random_forest model...
[2025-12-03 22:55:56] Updating completed results for NCAAB (random_forest)...
[2025-12-03 22:56:15] Forward testing NCAAB with gradient_boosting model...
[2025-12-03 22:56:19] Updating completed results for NCAAB (gradient_boosting)...
[2025-12-03 22:56:38] Forward testing NHL with ensemble model...
[2025-12-03 22:56:43] Updating completed results for NHL (ensemble)...
[2025-12-03 22:56:45] Forward testing NHL with random_forest model...
[2025-12-03 22:56:49] Updating completed results for NHL (random_forest)...
[2025-12-03 22:56:51] Forward testing NHL with gradient_boosting model...
[2025-12-03 22:56:55] Updating completed results for NHL (gradient_boosting)...
[2025-12-03 22:56:57] Forward testing EPL with ensemble model...
[2025-12-03 22:57:01] Updating completed results for EPL (ensemble)...
[2025-12-03 22:57:29] Forward testing EPL with random_forest model...
[2025-12-03 22:57:32] Updating completed results for EPL (random_forest)...
[2025-12-03 22:57:42] Forward testing EPL with gradient_boosting model...
[2025-12-03 22:57:46] Updating completed results for EPL (gradient_boosting)...
[2025-12-03 22:57:56] Forward testing LALIGA with ensemble model...
[2025-12-03 22:58:01] Updating completed results for LALIGA (ensemble)...
[2025-12-03 22:58:21] Forward testing LALIGA with random_forest model...
[2025-12-03 22:58:24] Updating completed results for LALIGA (random_forest)...
[2025-12-03 22:58:38] Forward testing LALIGA with gradient_boosting model...
[2025-12-03 22:58:42] Updating completed results for LALIGA (gradient_boosting)...
[2025-12-03 22:58:53] Forward testing BUNDESLIGA with ensemble model...
[2025-12-03 22:58:58] Updating completed results for BUNDESLIGA (ensemble)...
[2025-12-03 22:59:16] Forward testing BUNDESLIGA with random_forest model...
[2025-12-03 22:59:19] Updating completed results for BUNDESLIGA (random_forest)...
[2025-12-03 22:59:26] Forward testing BUNDESLIGA with gradient_boosting model...
[2025-12-03 22:59:30] Updating completed results for BUNDESLIGA (gradient_boosting)...
[2025-12-03 22:59:37] Forward testing SERIEA with ensemble model...
[2025-12-03 22:59:41] Updating completed results for SERIEA (ensemble)...
[2025-12-03 23:00:01] Forward testing SERIEA with random_forest model...
[2025-12-03 23:00:04] Updating completed results for SERIEA (random_forest)...
[2025-12-03 23:00:13] Forward testing SERIEA with gradient_boosting model...
[2025-12-03 23:00:17] Updating completed results for SERIEA (gradient_boosting)...
[2025-12-03 23:00:25] Forward testing LIGUE1 with ensemble model...
[2025-12-03 23:00:30] Updating completed results for LIGUE1 (ensemble)...
[2025-12-03 23:00:39] Forward testing LIGUE1 with random_forest model...
[2025-12-03 23:00:41] Updating completed results for LIGUE1 (random_forest)...
[2025-12-03 23:00:49] Forward testing LIGUE1 with gradient_boosting model...
[2025-12-03 23:00:52] Updating completed results for LIGUE1 (gradient_boosting)...
[2025-12-03 23:00:59] Prediction generation complete
[2025-12-03 23:00:59] Step 4: Syncing results across model types...
[2025-12-03 23:01:01] Results synced successfully across all model types
[2025-12-03 23:01:01] =========================================
[2025-12-03 23:01:01] PREDICTION pipeline completed
[2025-12-03 23:01:01] =========================================
