[2025-12-04 00:33:39] =========================================
[2025-12-04 00:33:39] Starting PREDICTION pipeline
[2025-12-04 00:33:39] =========================================
[2025-12-04 00:33:39] Processing leagues: NFL, NBA, CFB, NCAAB, NHL, EPL, LALIGA, BUNDESLIGA, SERIEA, LIGUE1
[2025-12-04 00:33:39] Step 0: Creating backups...
[2025-12-04 00:33:39] Backing up database...
[2025-12-04 00:33:40] Backing up prediction files...
[2025-12-04 00:33:41] Step 1: Fetching The Odds API snapshots...
[2025-12-04 00:33:41] Skipping Odds API snapshot for NFL (SkipOdds enabled)
[2025-12-04 00:33:41] Skipping Odds API snapshot for NBA (SkipOdds enabled)
[2025-12-04 00:33:41] Skipping Odds API snapshot for CFB (SkipOdds enabled)
[2025-12-04 00:33:41] Skipping Odds API snapshot for NCAAB (SkipOdds enabled)
[2025-12-04 00:33:41] Skipping Odds API snapshot for NHL (SkipOdds enabled)
[2025-12-04 00:33:41] Skipping Odds API snapshot for EPL (SkipOdds enabled)
[2025-12-04 00:33:41] Skipping Odds API snapshot for LALIGA (SkipOdds enabled)
[2025-12-04 00:33:41] Skipping Odds API snapshot for BUNDESLIGA (SkipOdds enabled)
[2025-12-04 00:33:41] Skipping Odds API snapshot for SERIEA (SkipOdds enabled)
[2025-12-04 00:33:41] Skipping Odds API snapshot for LIGUE1 (SkipOdds enabled)
[2025-12-04 00:33:41] Step 2: Smart Data Ingestion...
[2025-12-04 00:33:41] Skipping data ingestion (SkipOdds enabled)
[2025-12-04 00:33:41] Step 3: Generating predictions...
[2025-12-04 00:33:41] Forward testing NFL with ensemble model...
[2025-12-04 00:33:42] WARNING: Forward test failed for NFL (ensemble)
[2025-12-04 00:33:42] Forward testing NFL with random_forest model...
[2025-12-04 00:33:44] WARNING: Forward test failed for NFL (random_forest)
[2025-12-04 00:33:44] Forward testing NFL with gradient_boosting model...
[2025-12-04 00:33:45] WARNING: Forward test failed for NFL (gradient_boosting)
[2025-12-04 00:33:45] Forward testing NBA with ensemble model...
[2025-12-04 00:33:47] WARNING: Forward test failed for NBA (ensemble)
[2025-12-04 00:33:47] Forward testing NBA with random_forest model...
[2025-12-04 00:33:48] WARNING: Forward test failed for NBA (random_forest)
[2025-12-04 00:33:48] Forward testing NBA with gradient_boosting model...
[2025-12-04 00:33:50] WARNING: Forward test failed for NBA (gradient_boosting)
[2025-12-04 00:33:50] Forward testing CFB with ensemble model...
[2025-12-04 00:33:51] WARNING: Forward test failed for CFB (ensemble)
[2025-12-04 00:33:51] Forward testing CFB with random_forest model...
[2025-12-04 00:33:52] WARNING: Forward test failed for CFB (random_forest)
[2025-12-04 00:33:52] Forward testing CFB with gradient_boosting model...
[2025-12-04 00:33:54] WARNING: Forward test failed for CFB (gradient_boosting)
[2025-12-04 00:33:54] Forward testing NCAAB with ensemble model...
[2025-12-04 00:33:55] WARNING: Forward test failed for NCAAB (ensemble)
[2025-12-04 00:33:55] Forward testing NCAAB with random_forest model...
[2025-12-04 00:33:57] WARNING: Forward test failed for NCAAB (random_forest)
[2025-12-04 00:33:57] Forward testing NCAAB with gradient_boosting model...
[2025-12-04 00:33:58] WARNING: Forward test failed for NCAAB (gradient_boosting)
[2025-12-04 00:33:58] Forward testing NHL with ensemble model...
[2025-12-04 00:34:00] WARNING: Forward test failed for NHL (ensemble)
[2025-12-04 00:34:00] Forward testing NHL with random_forest model...
[2025-12-04 00:34:01] WARNING: Forward test failed for NHL (random_forest)
[2025-12-04 00:34:01] Forward testing NHL with gradient_boosting model...
[2025-12-04 00:34:03] WARNING: Forward test failed for NHL (gradient_boosting)
[2025-12-04 00:34:03] Forward testing EPL with ensemble model...
[2025-12-04 00:34:04] WARNING: Forward test failed for EPL (ensemble)
[2025-12-04 00:34:04] Forward testing EPL with random_forest model...
[2025-12-04 00:34:06] WARNING: Forward test failed for EPL (random_forest)
[2025-12-04 00:34:06] Forward testing EPL with gradient_boosting model...
[2025-12-04 00:34:07] WARNING: Forward test failed for EPL (gradient_boosting)
[2025-12-04 00:34:07] Forward testing LALIGA with ensemble model...
[2025-12-04 00:34:08] WARNING: Forward test failed for LALIGA (ensemble)
[2025-12-04 00:34:08] Forward testing LALIGA with random_forest model...
[2025-12-04 00:34:10] WARNING: Forward test failed for LALIGA (random_forest)
[2025-12-04 00:34:10] Forward testing LALIGA with gradient_boosting model...
[2025-12-04 00:34:11] WARNING: Forward test failed for LALIGA (gradient_boosting)
[2025-12-04 00:34:11] Forward testing BUNDESLIGA with ensemble model...
[2025-12-04 00:34:13] WARNING: Forward test failed for BUNDESLIGA (ensemble)
[2025-12-04 00:34:13] Forward testing BUNDESLIGA with random_forest model...
[2025-12-04 00:34:14] WARNING: Forward test failed for BUNDESLIGA (random_forest)
[2025-12-04 00:34:14] Forward testing BUNDESLIGA with gradient_boosting model...
[2025-12-04 00:34:16] WARNING: Forward test failed for BUNDESLIGA (gradient_boosting)
[2025-12-04 00:34:16] Forward testing SERIEA with ensemble model...
[2025-12-04 00:34:17] WARNING: Forward test failed for SERIEA (ensemble)
[2025-12-04 00:34:17] Forward testing SERIEA with random_forest model...
[2025-12-04 00:34:19] WARNING: Forward test failed for SERIEA (random_forest)
[2025-12-04 00:34:19] Forward testing SERIEA with gradient_boosting model...
[2025-12-04 00:34:20] WARNING: Forward test failed for SERIEA (gradient_boosting)
[2025-12-04 00:34:20] Forward testing LIGUE1 with ensemble model...
[2025-12-04 00:34:22] WARNING: Forward test failed for LIGUE1 (ensemble)
[2025-12-04 00:34:22] Forward testing LIGUE1 with random_forest model...
[2025-12-04 00:34:23] WARNING: Forward test failed for LIGUE1 (random_forest)
[2025-12-04 00:34:23] Forward testing LIGUE1 with gradient_boosting model...
[2025-12-04 00:34:25] WARNING: Forward test failed for LIGUE1 (gradient_boosting)
[2025-12-04 00:34:25] Prediction generation complete
[2025-12-04 00:34:25] Step 4: Syncing results across model types...
[2025-12-04 00:34:26] Results synced successfully across all model types
[2025-12-04 00:34:26] =========================================
[2025-12-04 00:34:26] PREDICTION pipeline completed
[2025-12-04 00:34:26] =========================================
