[2025-12-03 22:29:21] =========================================
[2025-12-03 22:29:21] Starting PREDICTION pipeline
[2025-12-03 22:29:21] =========================================
[2025-12-03 22:29:21] Processing leagues: NFL, NBA, CFB, NCAAB, NHL, EPL, LALIGA, BUNDESLIGA, SERIEA, LIGUE1
[2025-12-03 22:29:21] Step 0: Creating backups...
[2025-12-03 22:29:21] Backing up database...
[2025-12-03 22:29:22] Backing up prediction files...
[2025-12-03 22:29:23] Step 1: Fetching The Odds API snapshots...
[2025-12-03 22:29:23] Requesting Odds API snapshot for NFL (moneyline + totals)...
[2025-12-03 22:29:25] Requesting Odds API snapshot for NBA (moneyline + totals)...
[2025-12-03 22:29:27] Requesting Odds API snapshot for CFB (moneyline + totals)...
[2025-12-03 22:29:28] Requesting Odds API snapshot for NCAAB (moneyline + totals)...
[2025-12-03 22:29:30] Requesting Odds API snapshot for NHL (moneyline + totals)...
[2025-12-03 22:29:32] Requesting Odds API snapshot for EPL (moneyline + totals)...
[2025-12-03 22:29:33] Requesting Odds API snapshot for LALIGA (moneyline + totals)...
[2025-12-03 22:29:35] Requesting Odds API snapshot for BUNDESLIGA (moneyline + totals)...
[2025-12-03 22:29:37] Requesting Odds API snapshot for SERIEA (moneyline + totals)...
[2025-12-03 22:29:38] Requesting Odds API snapshot for LIGUE1 (moneyline + totals)...
[2025-12-03 22:29:40] Step 2: Ingesting recent scores...
[2025-12-03 22:29:40] Fetching scores for: NFL NBA CFB NCAAB NHL EPL LALIGA BUNDESLIGA SERIEA LIGUE1
[2025-12-03 22:29:43] Step 3: Generating predictions...
[2025-12-03 22:29:43] Forward testing NFL with ensemble model...
[2025-12-03 22:29:51] Updating completed results for NFL (ensemble)...
[2025-12-03 22:29:53] Forward testing NFL with random_forest model...
[2025-12-03 22:29:59] Updating completed results for NFL (random_forest)...
[2025-12-03 22:30:01] Forward testing NFL with gradient_boosting model...
[2025-12-03 22:30:09] Updating completed results for NFL (gradient_boosting)...
[2025-12-03 22:30:11] Forward testing NBA with ensemble model...
[2025-12-03 22:30:15] Updating completed results for NBA (ensemble)...
[2025-12-03 22:30:17] Forward testing NBA with random_forest model...
[2025-12-03 22:30:20] Updating completed results for NBA (random_forest)...
[2025-12-03 22:30:23] Forward testing NBA with gradient_boosting model...
[2025-12-03 22:30:26] Updating completed results for NBA (gradient_boosting)...
[2025-12-03 22:30:28] Forward testing CFB with ensemble model...
[2025-12-03 22:30:33] Updating completed results for CFB (ensemble)...
[2025-12-03 22:30:40] Forward testing CFB with random_forest model...
[2025-12-03 22:30:43] Updating completed results for CFB (random_forest)...
[2025-12-03 22:30:45] Forward testing CFB with gradient_boosting model...
[2025-12-03 22:30:49] Updating completed results for CFB (gradient_boosting)...
[2025-12-03 22:30:51] Forward testing NCAAB with ensemble model...
[2025-12-03 22:30:57] Updating completed results for NCAAB (ensemble)...
[2025-12-03 22:31:16] Forward testing NCAAB with random_forest model...
[2025-12-03 22:31:21] Updating completed results for NCAAB (random_forest)...
[2025-12-03 22:31:39] Forward testing NCAAB with gradient_boosting model...
[2025-12-03 22:31:43] Updating completed results for NCAAB (gradient_boosting)...
[2025-12-03 22:32:02] Forward testing NHL with ensemble model...
[2025-12-03 22:32:07] Updating completed results for NHL (ensemble)...
[2025-12-03 22:32:09] Forward testing NHL with random_forest model...
[2025-12-03 22:32:12] Updating completed results for NHL (random_forest)...
[2025-12-03 22:32:14] Forward testing NHL with gradient_boosting model...
[2025-12-03 22:32:18] Updating completed results for NHL (gradient_boosting)...
[2025-12-03 22:32:20] Forward testing EPL with ensemble model...
[2025-12-03 22:32:24] Updating completed results for EPL (ensemble)...
[2025-12-03 22:32:45] Forward testing EPL with random_forest model...
[2025-12-03 22:32:48] Updating completed results for EPL (random_forest)...
[2025-12-03 22:32:58] Forward testing EPL with gradient_boosting model...
[2025-12-03 22:33:01] Updating completed results for EPL (gradient_boosting)...
[2025-12-03 22:33:11] Forward testing LALIGA with ensemble model...
[2025-12-03 22:33:16] Updating completed results for LALIGA (ensemble)...
[2025-12-03 22:33:34] Forward testing LALIGA with random_forest model...
[2025-12-03 22:33:37] Updating completed results for LALIGA (random_forest)...
[2025-12-03 22:33:52] Forward testing LALIGA with gradient_boosting model...
[2025-12-03 22:33:56] Updating completed results for LALIGA (gradient_boosting)...
[2025-12-03 22:34:08] Forward testing BUNDESLIGA with ensemble model...
[2025-12-03 22:34:12] Updating completed results for BUNDESLIGA (ensemble)...
[2025-12-03 22:34:29] Forward testing BUNDESLIGA with random_forest model...
[2025-12-03 22:34:32] Updating completed results for BUNDESLIGA (random_forest)...
[2025-12-03 22:34:40] Forward testing BUNDESLIGA with gradient_boosting model...
[2025-12-03 22:34:43] Updating completed results for BUNDESLIGA (gradient_boosting)...
[2025-12-03 22:34:50] Forward testing SERIEA with ensemble model...
[2025-12-03 22:34:54] Updating completed results for SERIEA (ensemble)...
[2025-12-03 22:35:17] Forward testing SERIEA with random_forest model...
[2025-12-03 22:35:20] Updating completed results for SERIEA (random_forest)...
[2025-12-03 22:35:28] Forward testing SERIEA with gradient_boosting model...
[2025-12-03 22:35:32] Updating completed results for SERIEA (gradient_boosting)...
[2025-12-03 22:35:41] Forward testing LIGUE1 with ensemble model...
[2025-12-03 22:35:45] Updating completed results for LIGUE1 (ensemble)...
[2025-12-03 22:35:53] Forward testing LIGUE1 with random_forest model...
[2025-12-03 22:35:55] Updating completed results for LIGUE1 (random_forest)...
[2025-12-03 22:36:04] Forward testing LIGUE1 with gradient_boosting model...
[2025-12-03 22:36:07] Updating completed results for LIGUE1 (gradient_boosting)...
[2025-12-03 22:36:15] Prediction generation complete
[2025-12-03 22:36:15] Step 4: Syncing results across model types...
[2025-12-03 22:36:16] Results synced successfully across all model types
[2025-12-03 22:36:16] =========================================
[2025-12-03 22:36:16] PREDICTION pipeline completed
[2025-12-03 22:36:16] =========================================
