[2025-12-03 23:06:42] =========================================
[2025-12-03 23:06:42] Starting PREDICTION pipeline
[2025-12-03 23:06:42] =========================================
[2025-12-03 23:06:42] Processing leagues: NFL, NBA, CFB, NCAAB, NHL, EPL, LALIGA, BUNDESLIGA, SERIEA, LIGUE1
[2025-12-03 23:06:42] Step 0: Creating backups...
[2025-12-03 23:06:42] Backing up database...
[2025-12-03 23:06:43] Backing up prediction files...
[2025-12-03 23:06:44] Step 1: Fetching The Odds API snapshots...
[2025-12-03 23:06:44] Skipping Odds API snapshot for NFL (SkipOdds enabled)
[2025-12-03 23:06:44] Skipping Odds API snapshot for NBA (SkipOdds enabled)
[2025-12-03 23:06:44] Skipping Odds API snapshot for CFB (SkipOdds enabled)
[2025-12-03 23:06:44] Skipping Odds API snapshot for NCAAB (SkipOdds enabled)
[2025-12-03 23:06:44] Skipping Odds API snapshot for NHL (SkipOdds enabled)
[2025-12-03 23:06:44] Skipping Odds API snapshot for EPL (SkipOdds enabled)
[2025-12-03 23:06:44] Skipping Odds API snapshot for LALIGA (SkipOdds enabled)
[2025-12-03 23:06:44] Skipping Odds API snapshot for BUNDESLIGA (SkipOdds enabled)
[2025-12-03 23:06:44] Skipping Odds API snapshot for SERIEA (SkipOdds enabled)
[2025-12-03 23:06:44] Skipping Odds API snapshot for LIGUE1 (SkipOdds enabled)
[2025-12-03 23:06:44] Step 2: Ingesting recent scores...
[2025-12-03 23:06:44] Skipping score ingestion (SkipOdds enabled)
[2025-12-03 23:06:44] Step 3: Generating predictions...
[2025-12-03 23:06:44] Forward testing NFL with ensemble model...
[2025-12-03 23:06:53] Updating completed results for NFL (ensemble)...
[2025-12-03 23:06:56] Forward testing NFL with random_forest model...
[2025-12-03 23:07:04] Updating completed results for NFL (random_forest)...
[2025-12-03 23:07:06] Forward testing NFL with gradient_boosting model...
[2025-12-03 23:07:15] Updating completed results for NFL (gradient_boosting)...
[2025-12-03 23:07:17] Forward testing NBA with ensemble model...
[2025-12-03 23:07:22] Updating completed results for NBA (ensemble)...
[2025-12-03 23:07:24] Forward testing NBA with random_forest model...
[2025-12-03 23:07:28] Updating completed results for NBA (random_forest)...
[2025-12-03 23:07:31] Forward testing NBA with gradient_boosting model...
[2025-12-03 23:07:35] Updating completed results for NBA (gradient_boosting)...
[2025-12-03 23:07:37] Forward testing CFB with ensemble model...
[2025-12-03 23:07:42] Updating completed results for CFB (ensemble)...
[2025-12-03 23:07:51] Forward testing CFB with random_forest model...
[2025-12-03 23:07:54] Updating completed results for CFB (random_forest)...
[2025-12-03 23:07:57] Forward testing CFB with gradient_boosting model...
[2025-12-03 23:08:01] Updating completed results for CFB (gradient_boosting)...
[2025-12-03 23:08:03] Forward testing NCAAB with ensemble model...
[2025-12-03 23:08:09] Updating completed results for NCAAB (ensemble)...
[2025-12-03 23:08:22] Forward testing NCAAB with random_forest model...
[2025-12-03 23:08:28] Updating completed results for NCAAB (random_forest)...
[2025-12-03 23:08:40] Forward testing NCAAB with gradient_boosting model...
[2025-12-03 23:08:44] Updating completed results for NCAAB (gradient_boosting)...
[2025-12-03 23:08:57] Forward testing NHL with ensemble model...
[2025-12-03 23:09:02] Updating completed results for NHL (ensemble)...
[2025-12-03 23:09:04] Forward testing NHL with random_forest model...
[2025-12-03 23:09:08] Updating completed results for NHL (random_forest)...
[2025-12-03 23:09:10] Forward testing NHL with gradient_boosting model...
[2025-12-03 23:09:14] Updating completed results for NHL (gradient_boosting)...
[2025-12-03 23:09:16] Forward testing EPL with ensemble model...
[2025-12-03 23:09:21] Updating completed results for EPL (ensemble)...
[2025-12-03 23:09:51] Forward testing EPL with random_forest model...
[2025-12-03 23:09:54] Updating completed results for EPL (random_forest)...
[2025-12-03 23:10:07] Forward testing EPL with gradient_boosting model...
[2025-12-03 23:10:10] Updating completed results for EPL (gradient_boosting)...
[2025-12-03 23:10:23] Forward testing LALIGA with ensemble model...
[2025-12-03 23:10:28] Updating completed results for LALIGA (ensemble)...
[2025-12-03 23:10:53] Forward testing LALIGA with random_forest model...
[2025-12-03 23:10:57] Updating completed results for LALIGA (random_forest)...
[2025-12-03 23:11:16] Forward testing LALIGA with gradient_boosting model...
[2025-12-03 23:11:20] Updating completed results for LALIGA (gradient_boosting)...
[2025-12-03 23:11:34] Forward testing BUNDESLIGA with ensemble model...
[2025-12-03 23:11:39] Updating completed results for BUNDESLIGA (ensemble)...
[2025-12-03 23:12:06] Forward testing BUNDESLIGA with random_forest model...
[2025-12-03 23:12:09] Updating completed results for BUNDESLIGA (random_forest)...
[2025-12-03 23:12:18] Forward testing BUNDESLIGA with gradient_boosting model...
[2025-12-03 23:12:21] Updating completed results for BUNDESLIGA (gradient_boosting)...
[2025-12-03 23:12:30] Forward testing SERIEA with ensemble model...
[2025-12-03 23:12:34] Updating completed results for SERIEA (ensemble)...
[2025-12-03 23:13:01] Forward testing SERIEA with random_forest model...
[2025-12-03 23:13:04] Updating completed results for SERIEA (random_forest)...
[2025-12-03 23:13:14] Forward testing SERIEA with gradient_boosting model...
[2025-12-03 23:13:18] Updating completed results for SERIEA (gradient_boosting)...
[2025-12-03 23:13:29] Forward testing LIGUE1 with ensemble model...
[2025-12-03 23:13:34] Updating completed results for LIGUE1 (ensemble)...
[2025-12-03 23:13:45] Forward testing LIGUE1 with random_forest model...
[2025-12-03 23:13:48] Updating completed results for LIGUE1 (random_forest)...
[2025-12-03 23:13:56] Forward testing LIGUE1 with gradient_boosting model...
[2025-12-03 23:14:00] Updating completed results for LIGUE1 (gradient_boosting)...
[2025-12-03 23:14:09] Prediction generation complete
[2025-12-03 23:14:09] Step 4: Syncing results across model types...
[2025-12-03 23:14:11] Results synced successfully across all model types
[2025-12-03 23:14:11] =========================================
[2025-12-03 23:14:11] PREDICTION pipeline completed
[2025-12-03 23:14:11] =========================================
