[2025-11-25 00:44:15] =========================================
[2025-11-25 00:44:15] Starting PREDICTION pipeline
[2025-11-25 00:44:15] =========================================
[2025-11-25 00:44:15] Processing leagues: NFL, NBA, CFB, NCAAB, NHL, EPL, LALIGA, BUNDESLIGA, SERIEA, LIGUE1
[2025-11-25 00:44:15] Step 1: Fetching The Odds API snapshots...
[2025-11-25 00:44:15] Requesting Odds API snapshot for NFL (moneyline + totals)...
[2025-11-25 00:44:17] Requesting Odds API snapshot for NBA (moneyline + totals)...
[2025-11-25 00:44:19] Requesting Odds API snapshot for CFB (moneyline + totals)...
[2025-11-25 00:44:21] Requesting Odds API snapshot for NCAAB (moneyline + totals)...
[2025-11-25 00:44:23] Requesting Odds API snapshot for NHL (moneyline + totals)...
[2025-11-25 00:44:25] Requesting Odds API snapshot for EPL (moneyline + totals)...
[2025-11-25 00:44:27] Requesting Odds API snapshot for LALIGA (moneyline + totals)...
[2025-11-25 00:44:29] Requesting Odds API snapshot for BUNDESLIGA (moneyline + totals)...
[2025-11-25 00:44:31] Requesting Odds API snapshot for SERIEA (moneyline + totals)...
[2025-11-25 00:44:33] Requesting Odds API snapshot for LIGUE1 (moneyline + totals)...
[2025-11-25 00:44:35] Fetching TeamRankings over/under picks for leagues: NFL,NBA,CFB...
[2025-11-25 00:45:09] Updating TeamRankings picks for leagues: NFL,NBA,CFB...
[2025-11-25 00:46:33] Step 3: Generating predictions...
[2025-11-25 00:46:33] Forward testing NFL with ensemble model...
[2025-11-25 00:46:43] Updating completed results for NFL (ensemble)...
[2025-11-25 00:46:47] Forward testing NFL with random_forest model...
[2025-11-25 00:46:54] Updating completed results for NFL (random_forest)...
[2025-11-25 00:46:57] Forward testing NFL with gradient_boosting model...
[2025-11-25 00:47:05] Updating completed results for NFL (gradient_boosting)...
[2025-11-25 00:47:09] Forward testing NBA with ensemble model...
[2025-11-25 00:47:13] Updating completed results for NBA (ensemble)...
[2025-11-25 00:47:17] Forward testing NBA with random_forest model...
[2025-11-25 00:47:20] Updating completed results for NBA (random_forest)...
[2025-11-25 00:47:23] Forward testing NBA with gradient_boosting model...
[2025-11-25 00:47:27] Updating completed results for NBA (gradient_boosting)...
[2025-11-25 00:47:31] Forward testing CFB with ensemble model...
[2025-11-25 00:47:42] Updating completed results for CFB (ensemble)...
[2025-11-25 00:47:45] Forward testing CFB with random_forest model...
[2025-11-25 00:47:53] Updating completed results for CFB (random_forest)...
[2025-11-25 00:47:56] Forward testing CFB with gradient_boosting model...
[2025-11-25 00:48:00] Updating completed results for CFB (gradient_boosting)...
[2025-11-25 00:48:04] Forward testing NCAAB with ensemble model...
[2025-11-25 00:48:13] Updating completed results for NCAAB (ensemble)...
[2025-11-25 00:48:17] Forward testing NCAAB with random_forest model...
[2025-11-25 00:48:24] Updating completed results for NCAAB (random_forest)...
[2025-11-25 00:48:29] Forward testing NCAAB with gradient_boosting model...
[2025-11-25 00:48:33] Updating completed results for NCAAB (gradient_boosting)...
[2025-11-25 00:48:37] Forward testing NHL with ensemble model...
[2025-11-25 00:48:42] Updating completed results for NHL (ensemble)...
[2025-11-25 00:48:45] Forward testing NHL with random_forest model...
[2025-11-25 00:48:48] Updating completed results for NHL (random_forest)...
[2025-11-25 00:48:51] Forward testing NHL with gradient_boosting model...
[2025-11-25 00:48:55] Updating completed results for NHL (gradient_boosting)...
[2025-11-25 00:48:59] Forward testing EPL with ensemble model...
[2025-11-25 00:49:04] Updating completed results for EPL (ensemble)...
[2025-11-25 00:49:07] Forward testing EPL with random_forest model...
[2025-11-25 00:49:10] Updating completed results for EPL (random_forest)...
[2025-11-25 00:49:13] Forward testing EPL with gradient_boosting model...
[2025-11-25 00:49:17] Updating completed results for EPL (gradient_boosting)...
[2025-11-25 00:49:21] Forward testing LALIGA with ensemble model...
[2025-11-25 00:49:26] Updating completed results for LALIGA (ensemble)...
[2025-11-25 00:49:29] Forward testing LALIGA with random_forest model...
[2025-11-25 00:49:33] Updating completed results for LALIGA (random_forest)...
[2025-11-25 00:49:36] Forward testing LALIGA with gradient_boosting model...
[2025-11-25 00:49:40] Updating completed results for LALIGA (gradient_boosting)...
[2025-11-25 00:49:44] Forward testing BUNDESLIGA with ensemble model...
[2025-11-25 00:49:49] Updating completed results for BUNDESLIGA (ensemble)...
[2025-11-25 00:49:52] Forward testing BUNDESLIGA with random_forest model...
[2025-11-25 00:49:56] Updating completed results for BUNDESLIGA (random_forest)...
[2025-11-25 00:49:59] Forward testing BUNDESLIGA with gradient_boosting model...
[2025-11-25 00:50:03] Updating completed results for BUNDESLIGA (gradient_boosting)...
[2025-11-25 00:50:07] Forward testing SERIEA with ensemble model...
[2025-11-25 00:50:11] Updating completed results for SERIEA (ensemble)...
[2025-11-25 00:50:15] Forward testing SERIEA with random_forest model...
[2025-11-25 00:50:18] Updating completed results for SERIEA (random_forest)...
[2025-11-25 00:50:21] Forward testing SERIEA with gradient_boosting model...
[2025-11-25 00:50:25] Updating completed results for SERIEA (gradient_boosting)...
[2025-11-25 00:50:29] Forward testing LIGUE1 with ensemble model...
[2025-11-25 00:50:33] Updating completed results for LIGUE1 (ensemble)...
[2025-11-25 00:50:38] Forward testing LIGUE1 with random_forest model...
[2025-11-25 00:50:41] Updating completed results for LIGUE1 (random_forest)...
[2025-11-25 00:50:46] Forward testing LIGUE1 with gradient_boosting model...
[2025-11-25 00:50:50] Updating completed results for LIGUE1 (gradient_boosting)...
[2025-11-25 00:50:55] Prediction generation complete
[2025-11-25 00:50:55] Step 4: Syncing results across model types...
[2025-11-25 00:50:56] Results synced successfully across all model types
[2025-11-25 00:50:56] =========================================
[2025-11-25 00:50:56] PREDICTION pipeline completed
[2025-11-25 00:50:56] =========================================
