[2025-12-04 20:31:09] =========================================
[2025-12-04 20:31:09] Starting PREDICTION pipeline
[2025-12-04 20:31:09] =========================================
[2025-12-04 20:31:09] Processing leagues: NFL, NBA, CFB, NCAAB, NHL, EPL, LALIGA, BUNDESLIGA, SERIEA, LIGUE1
[2025-12-04 20:31:09] Step 0: Creating backups...
[2025-12-04 20:31:09] Backing up database...
[2025-12-04 20:31:10] Backing up prediction files...
[2025-12-04 20:31:12] Step 1: Fetching The Odds API snapshots...
[2025-12-04 20:31:12] Skipping Odds API snapshot for NFL (SkipOdds enabled)
[2025-12-04 20:31:12] Skipping Odds API snapshot for NBA (SkipOdds enabled)
[2025-12-04 20:31:12] Skipping Odds API snapshot for CFB (SkipOdds enabled)
[2025-12-04 20:31:12] Skipping Odds API snapshot for NCAAB (SkipOdds enabled)
[2025-12-04 20:31:12] Skipping Odds API snapshot for NHL (SkipOdds enabled)
[2025-12-04 20:31:12] Skipping Odds API snapshot for EPL (SkipOdds enabled)
[2025-12-04 20:31:12] Skipping Odds API snapshot for LALIGA (SkipOdds enabled)
[2025-12-04 20:31:12] Skipping Odds API snapshot for BUNDESLIGA (SkipOdds enabled)
[2025-12-04 20:31:12] Skipping Odds API snapshot for SERIEA (SkipOdds enabled)
[2025-12-04 20:31:12] Skipping Odds API snapshot for LIGUE1 (SkipOdds enabled)
[2025-12-04 20:31:12] Step 2: Smart Data Ingestion...
[2025-12-04 20:31:12] Skipping smart ingestion (SkipHistory enabled)
[2025-12-04 20:31:12] Skipping score ingestion (SkipOdds enabled)
[2025-12-04 20:31:12] Step 3: Generating predictions...
[2025-12-04 20:31:12] Forward testing NFL with ensemble model...
[2025-12-04 20:31:21] Updating completed results for NFL (ensemble)...
[2025-12-04 20:31:24] Forward testing NFL with random_forest model...
[2025-12-04 20:31:31] Updating completed results for NFL (random_forest)...
[2025-12-04 20:31:34] Forward testing NFL with gradient_boosting model...
[2025-12-04 20:31:43] Updating completed results for NFL (gradient_boosting)...
[2025-12-04 20:31:45] Forward testing NBA with ensemble model...
[2025-12-04 20:31:50] Updating completed results for NBA (ensemble)...
[2025-12-04 20:31:53] Forward testing NBA with random_forest model...
[2025-12-04 20:31:56] Updating completed results for NBA (random_forest)...
[2025-12-04 20:31:59] Forward testing NBA with gradient_boosting model...
[2025-12-04 20:32:03] Updating completed results for NBA (gradient_boosting)...
[2025-12-04 20:32:06] Forward testing CFB with ensemble model...
[2025-12-04 20:32:11] Updating completed results for CFB (ensemble)...
[2025-12-04 20:32:18] Forward testing CFB with random_forest model...
[2025-12-04 20:32:22] Updating completed results for CFB (random_forest)...
[2025-12-04 20:32:25] Forward testing CFB with gradient_boosting model...
[2025-12-04 20:32:29] Updating completed results for CFB (gradient_boosting)...
[2025-12-04 20:32:31] Forward testing NCAAB with ensemble model...
[2025-12-04 20:32:37] Updating completed results for NCAAB (ensemble)...
[2025-12-04 20:32:44] Forward testing NCAAB with random_forest model...
[2025-12-04 20:32:48] Updating completed results for NCAAB (random_forest)...
[2025-12-04 20:32:55] Forward testing NCAAB with gradient_boosting model...
[2025-12-04 20:32:59] Updating completed results for NCAAB (gradient_boosting)...
[2025-12-04 20:33:07] Forward testing NHL with ensemble model...
[2025-12-04 20:33:12] Updating completed results for NHL (ensemble)...
[2025-12-04 20:33:14] Forward testing NHL with random_forest model...
[2025-12-04 20:33:18] Updating completed results for NHL (random_forest)...
[2025-12-04 20:33:21] Forward testing NHL with gradient_boosting model...
[2025-12-04 20:33:25] Updating completed results for NHL (gradient_boosting)...
[2025-12-04 20:33:28] Forward testing EPL with ensemble model...
[2025-12-04 20:33:32] Updating completed results for EPL (ensemble)...
[2025-12-04 20:33:56] Forward testing EPL with random_forest model...
[2025-12-04 20:33:59] Updating completed results for EPL (random_forest)...
[2025-12-04 20:34:11] Forward testing EPL with gradient_boosting model...
[2025-12-04 20:34:15] Updating completed results for EPL (gradient_boosting)...
[2025-12-04 20:34:29] Forward testing LALIGA with ensemble model...
[2025-12-04 20:34:34] Updating completed results for LALIGA (ensemble)...
[2025-12-04 20:34:47] Forward testing LALIGA with random_forest model...
[2025-12-04 20:34:50] Updating completed results for LALIGA (random_forest)...
[2025-12-04 20:35:03] Forward testing LALIGA with gradient_boosting model...
[2025-12-04 20:35:07] Updating completed results for LALIGA (gradient_boosting)...
[2025-12-04 20:35:19] Forward testing BUNDESLIGA with ensemble model...
[2025-12-04 20:35:24] Updating completed results for BUNDESLIGA (ensemble)...
[2025-12-04 20:35:32] Forward testing BUNDESLIGA with random_forest model...
[2025-12-04 20:35:35] Updating completed results for BUNDESLIGA (random_forest)...
[2025-12-04 20:35:42] Forward testing BUNDESLIGA with gradient_boosting model...
[2025-12-04 20:35:47] Updating completed results for BUNDESLIGA (gradient_boosting)...
[2025-12-04 20:35:54] Forward testing SERIEA with ensemble model...
[2025-12-04 20:35:59] Updating completed results for SERIEA (ensemble)...
[2025-12-04 20:36:10] Forward testing SERIEA with random_forest model...
[2025-12-04 20:36:13] Updating completed results for SERIEA (random_forest)...
[2025-12-04 20:36:23] Forward testing SERIEA with gradient_boosting model...
[2025-12-04 20:36:27] Updating completed results for SERIEA (gradient_boosting)...
[2025-12-04 20:36:36] Forward testing LIGUE1 with ensemble model...
[2025-12-04 20:36:40] Updating completed results for LIGUE1 (ensemble)...
[2025-12-04 20:36:49] Forward testing LIGUE1 with random_forest model...
[2025-12-04 20:36:52] Updating completed results for LIGUE1 (random_forest)...
[2025-12-04 20:37:00] Forward testing LIGUE1 with gradient_boosting model...
[2025-12-04 20:37:04] Updating completed results for LIGUE1 (gradient_boosting)...
[2025-12-04 20:37:11] Prediction generation complete
[2025-12-04 20:37:11] Step 4: Syncing results across model types...
[2025-12-04 20:37:13] Results synced successfully across all model types
[2025-12-04 20:37:13] =========================================
[2025-12-04 20:37:13] PREDICTION pipeline completed
[2025-12-04 20:37:13] =========================================
