[2025-12-13 22:08:21] =========================================
[2025-12-13 22:08:21] Starting PREDICTION pipeline
[2025-12-13 22:08:21] =========================================
[2025-12-13 22:08:21] Processing leagues: NFL, NBA, CFB, NCAAB, NHL, EPL, LALIGA, BUNDESLIGA, SERIEA, LIGUE1
[2025-12-13 22:08:21] Step 0: Creating backups...
[2025-12-13 22:08:21] Backing up database...
[2025-12-13 22:08:22] Backing up prediction files...
[2025-12-13 22:08:23] Step 1: Generating predictions...
[2025-12-13 22:08:23] Generating predictions for NFL with ensemble model...
[2025-12-13 22:08:28] Generating predictions for NFL with random_forest model...
[2025-12-13 22:08:30] Generating predictions for NFL with gradient_boosting model...
[2025-12-13 22:08:34] Generating predictions for NBA with ensemble model...
[2025-12-13 22:08:38] Generating predictions for NBA with random_forest model...
[2025-12-13 22:08:41] Generating predictions for NBA with gradient_boosting model...
[2025-12-13 22:08:44] Generating predictions for CFB with ensemble model...
[2025-12-13 22:08:48] Generating predictions for CFB with random_forest model...
[2025-12-13 22:08:51] Generating predictions for CFB with gradient_boosting model...
[2025-12-13 22:08:55] Generating predictions for NCAAB with ensemble model...
[2025-12-13 22:08:59] Generating predictions for NCAAB with random_forest model...
[2025-12-13 22:09:02] Generating predictions for NCAAB with gradient_boosting model...
[2025-12-13 22:09:05] Generating predictions for NHL with ensemble model...
[2025-12-13 22:09:09] Generating predictions for NHL with random_forest model...
[2025-12-13 22:09:12] Generating predictions for NHL with gradient_boosting model...
[2025-12-13 22:09:16] Generating predictions for EPL with ensemble model...
[2025-12-13 22:09:20] Generating predictions for EPL with random_forest model...
[2025-12-13 22:09:22] Generating predictions for EPL with gradient_boosting model...
[2025-12-13 22:09:26] Generating predictions for LALIGA with ensemble model...
[2025-12-13 22:09:30] Generating predictions for LALIGA with random_forest model...
[2025-12-13 22:09:33] Generating predictions for LALIGA with gradient_boosting model...
[2025-12-13 22:09:36] Generating predictions for BUNDESLIGA with ensemble model...
[2025-12-13 22:09:40] Generating predictions for BUNDESLIGA with random_forest model...
[2025-12-13 22:09:43] Generating predictions for BUNDESLIGA with gradient_boosting model...
[2025-12-13 22:09:46] Generating predictions for SERIEA with ensemble model...
[2025-12-13 22:09:50] Generating predictions for SERIEA with random_forest model...
[2025-12-13 22:09:53] Generating predictions for SERIEA with gradient_boosting model...
[2025-12-13 22:09:57] Generating predictions for LIGUE1 with ensemble model...
[2025-12-13 22:10:01] Generating predictions for LIGUE1 with random_forest model...
[2025-12-13 22:10:04] Generating predictions for LIGUE1 with gradient_boosting model...
[2025-12-13 22:10:07] Prediction generation complete
[2025-12-13 22:10:07] Step 2: Result syncing is now handled by ingestion pipeline.
[2025-12-13 22:10:07] =========================================
[2025-12-13 22:10:07] PREDICTION pipeline completed
[2025-12-13 22:10:07] =========================================
