[2025-11-25 00:25:25] =========================================
[2025-11-25 00:25:25] Starting PREDICTION pipeline
[2025-11-25 00:25:25] =========================================
[2025-11-25 00:25:25] Processing leagues: NFL, NBA, CFB, NCAAB, NHL, EPL, LALIGA, BUNDESLIGA, SERIEA, LIGUE1
[2025-11-25 00:25:25] Step 1: Fetching The Odds API snapshots...
[2025-11-25 00:25:25] Requesting Odds API snapshot for NFL (moneyline + totals)...
[2025-11-25 00:25:27] Requesting Odds API snapshot for NBA (moneyline + totals)...
[2025-11-25 00:25:28] Requesting Odds API snapshot for CFB (moneyline + totals)...
[2025-11-25 00:25:31] Requesting Odds API snapshot for NCAAB (moneyline + totals)...
[2025-11-25 00:25:33] Requesting Odds API snapshot for NHL (moneyline + totals)...
[2025-11-25 00:25:35] Requesting Odds API snapshot for EPL (moneyline + totals)...
[2025-11-25 00:25:37] Requesting Odds API snapshot for LALIGA (moneyline + totals)...
[2025-11-25 00:25:39] Requesting Odds API snapshot for BUNDESLIGA (moneyline + totals)...
[2025-11-25 00:25:42] Requesting Odds API snapshot for SERIEA (moneyline + totals)...
[2025-11-25 00:25:44] Requesting Odds API snapshot for LIGUE1 (moneyline + totals)...
[2025-11-25 00:25:46] Fetching TeamRankings over/under picks for leagues: NFL,NBA,CFB...
[2025-11-25 00:26:21] Updating TeamRankings picks for leagues: NFL,NBA,CFB...
[2025-11-25 00:27:45] Step 3: Generating predictions...
[2025-11-25 00:27:45] Forward testing NFL with ensemble model...
[2025-11-25 00:27:55] Updating completed results for NFL (ensemble)...
[2025-11-25 00:27:58] Forward testing NFL with random_forest model...
[2025-11-25 00:28:05] Updating completed results for NFL (random_forest)...
[2025-11-25 00:28:09] Forward testing NFL with gradient_boosting model...
[2025-11-25 00:28:18] Updating completed results for NFL (gradient_boosting)...
[2025-11-25 00:28:21] Forward testing NBA with ensemble model...
[2025-11-25 00:28:26] Updating completed results for NBA (ensemble)...
[2025-11-25 00:28:30] Forward testing NBA with random_forest model...
[2025-11-25 00:28:33] Updating completed results for NBA (random_forest)...
[2025-11-25 00:28:36] Forward testing NBA with gradient_boosting model...
[2025-11-25 00:28:40] Updating completed results for NBA (gradient_boosting)...
[2025-11-25 00:28:44] Forward testing CFB with ensemble model...
[2025-11-25 00:28:54] Updating completed results for CFB (ensemble)...
[2025-11-25 00:28:58] Forward testing CFB with random_forest model...
[2025-11-25 00:29:06] Updating completed results for CFB (random_forest)...
[2025-11-25 00:29:09] Forward testing CFB with gradient_boosting model...
[2025-11-25 00:29:14] Updating completed results for CFB (gradient_boosting)...
[2025-11-25 00:29:17] Forward testing NCAAB with ensemble model...
[2025-11-25 00:29:27] Updating completed results for NCAAB (ensemble)...
[2025-11-25 00:29:39] Forward testing NCAAB with random_forest model...
[2025-11-25 00:29:45] Updating completed results for NCAAB (random_forest)...
[2025-11-25 00:29:57] Forward testing NCAAB with gradient_boosting model...
[2025-11-25 00:30:02] Updating completed results for NCAAB (gradient_boosting)...
[2025-11-25 00:30:13] Forward testing NHL with ensemble model...
[2025-11-25 00:30:17] Updating completed results for NHL (ensemble)...
[2025-11-25 00:30:21] Forward testing NHL with random_forest model...
[2025-11-25 00:30:24] Updating completed results for NHL (random_forest)...
[2025-11-25 00:30:28] Forward testing NHL with gradient_boosting model...
[2025-11-25 00:30:31] Updating completed results for NHL (gradient_boosting)...
[2025-11-25 00:30:35] Forward testing EPL with ensemble model...
[2025-11-25 00:30:40] Updating completed results for EPL (ensemble)...
[2025-11-25 00:30:48] Forward testing EPL with random_forest model...
[2025-11-25 00:30:51] Updating completed results for EPL (random_forest)...
[2025-11-25 00:30:57] Forward testing EPL with gradient_boosting model...
[2025-11-25 00:31:01] Updating completed results for EPL (gradient_boosting)...
[2025-11-25 00:31:08] Forward testing LALIGA with ensemble model...
[2025-11-25 00:31:13] Updating completed results for LALIGA (ensemble)...
[2025-11-25 00:31:22] Forward testing LALIGA with random_forest model...
[2025-11-25 00:31:26] Updating completed results for LALIGA (random_forest)...
[2025-11-25 00:31:32] Forward testing LALIGA with gradient_boosting model...
[2025-11-25 00:31:36] Updating completed results for LALIGA (gradient_boosting)...
[2025-11-25 00:31:44] Forward testing BUNDESLIGA with ensemble model...
[2025-11-25 00:31:49] Updating completed results for BUNDESLIGA (ensemble)...
[2025-11-25 00:31:56] Forward testing BUNDESLIGA with random_forest model...
[2025-11-25 00:31:59] Updating completed results for BUNDESLIGA (random_forest)...
[2025-11-25 00:32:04] Forward testing BUNDESLIGA with gradient_boosting model...
[2025-11-25 00:32:08] Updating completed results for BUNDESLIGA (gradient_boosting)...
[2025-11-25 00:32:14] Forward testing SERIEA with ensemble model...
[2025-11-25 00:32:19] Updating completed results for SERIEA (ensemble)...
[2025-11-25 00:32:26] Forward testing SERIEA with random_forest model...
[2025-11-25 00:32:29] Updating completed results for SERIEA (random_forest)...
[2025-11-25 00:32:35] Forward testing SERIEA with gradient_boosting model...
[2025-11-25 00:32:39] Updating completed results for SERIEA (gradient_boosting)...
[2025-11-25 00:32:47] Forward testing LIGUE1 with ensemble model...
[2025-11-25 00:32:51] Updating completed results for LIGUE1 (ensemble)...
[2025-11-25 00:32:59] Forward testing LIGUE1 with random_forest model...
[2025-11-25 00:33:02] Updating completed results for LIGUE1 (random_forest)...
[2025-11-25 00:33:07] Forward testing LIGUE1 with gradient_boosting model...
[2025-11-25 00:33:11] Updating completed results for LIGUE1 (gradient_boosting)...
[2025-11-25 00:33:17] Prediction generation complete
[2025-11-25 00:33:17] Step 4: Syncing results across model types...
[2025-11-25 00:33:19] Results synced successfully across all model types
[2025-11-25 00:33:19] =========================================
[2025-11-25 00:33:19] PREDICTION pipeline completed
[2025-11-25 00:33:19] =========================================
