[2025-12-07 23:32:41] =========================================
[2025-12-07 23:32:41] Starting PREDICTION pipeline
[2025-12-07 23:32:41] =========================================
[2025-12-07 23:32:41] Processing leagues: NFL, NBA, CFB, NCAAB, NHL, EPL, LALIGA, BUNDESLIGA, SERIEA, LIGUE1
[2025-12-07 23:32:41] Step 0: Creating backups...
[2025-12-07 23:32:41] Backing up database...
[2025-12-07 23:32:43] Backing up prediction files...
[2025-12-07 23:32:44] Step 1: Generating predictions...
[2025-12-07 23:32:44] Generating predictions for NFL with ensemble model...
[2025-12-07 23:32:49] Generating predictions for NFL with random_forest model...
[2025-12-07 23:32:52] Generating predictions for NFL with gradient_boosting model...
[2025-12-07 23:32:56] Generating predictions for NBA with ensemble model...
[2025-12-07 23:33:01] Generating predictions for NBA with random_forest model...
[2025-12-07 23:33:03] Generating predictions for NBA with gradient_boosting model...
[2025-12-07 23:33:07] Generating predictions for CFB with ensemble model...
[2025-12-07 23:33:12] Generating predictions for CFB with random_forest model...
[2025-12-07 23:33:14] Generating predictions for CFB with gradient_boosting model...
[2025-12-07 23:33:19] Generating predictions for NCAAB with ensemble model...
[2025-12-07 23:33:23] Generating predictions for NCAAB with random_forest model...
[2025-12-07 23:33:26] Generating predictions for NCAAB with gradient_boosting model...
[2025-12-07 23:33:31] Generating predictions for NHL with ensemble model...
[2025-12-07 23:33:35] Generating predictions for NHL with random_forest model...
[2025-12-07 23:33:38] Generating predictions for NHL with gradient_boosting model...
[2025-12-07 23:33:42] Generating predictions for EPL with ensemble model...
[2025-12-07 23:33:47] Generating predictions for EPL with random_forest model...
[2025-12-07 23:33:49] Generating predictions for EPL with gradient_boosting model...
[2025-12-07 23:33:54] Generating predictions for LALIGA with ensemble model...
[2025-12-07 23:33:59] Generating predictions for LALIGA with random_forest model...
[2025-12-07 23:34:02] Generating predictions for LALIGA with gradient_boosting model...
[2025-12-07 23:34:06] Generating predictions for BUNDESLIGA with ensemble model...
[2025-12-07 23:34:10] Generating predictions for BUNDESLIGA with random_forest model...
[2025-12-07 23:34:13] Generating predictions for BUNDESLIGA with gradient_boosting model...
[2025-12-07 23:34:17] Generating predictions for SERIEA with ensemble model...
[2025-12-07 23:34:22] Generating predictions for SERIEA with random_forest model...
[2025-12-07 23:34:25] Generating predictions for SERIEA with gradient_boosting model...
[2025-12-07 23:34:29] Generating predictions for LIGUE1 with ensemble model...
[2025-12-07 23:34:33] Generating predictions for LIGUE1 with random_forest model...
[2025-12-07 23:34:36] Generating predictions for LIGUE1 with gradient_boosting model...
[2025-12-07 23:34:40] Prediction generation complete
[2025-12-07 23:34:40] Step 2: Result syncing is now handled by ingestion pipeline.
[2025-12-07 23:34:40] =========================================
[2025-12-07 23:34:40] PREDICTION pipeline completed
[2025-12-07 23:34:40] =========================================
