[2025-12-16 23:06:55] =========================================
[2025-12-16 23:06:55] Starting PREDICTION pipeline
[2025-12-16 23:06:55] =========================================
[2025-12-16 23:06:55] Processing leagues: NFL, NBA, CFB, NCAAB, NHL, EPL, LALIGA, BUNDESLIGA, SERIEA, LIGUE1
[2025-12-16 23:06:55] Step 0: Creating backups...
[2025-12-16 23:06:55] Backing up database...
[2025-12-16 23:06:56] Backing up prediction files...
[2025-12-16 23:06:57] Step 1: Generating predictions...
[2025-12-16 23:06:57] Generating predictions for NFL with ensemble model...
[2025-12-16 23:07:01] Generating predictions for NFL with random_forest model...
[2025-12-16 23:07:04] Generating predictions for NFL with gradient_boosting model...
[2025-12-16 23:07:07] Generating predictions for NBA with ensemble model...
[2025-12-16 23:07:11] Generating predictions for NBA with random_forest model...
[2025-12-16 23:07:13] Generating predictions for NBA with gradient_boosting model...
[2025-12-16 23:07:17] Generating predictions for CFB with ensemble model...
[2025-12-16 23:07:20] Generating predictions for CFB with random_forest model...
[2025-12-16 23:07:23] Generating predictions for CFB with gradient_boosting model...
[2025-12-16 23:07:26] Generating predictions for NCAAB with ensemble model...
[2025-12-16 23:07:30] Generating predictions for NCAAB with random_forest model...
[2025-12-16 23:07:32] Generating predictions for NCAAB with gradient_boosting model...
[2025-12-16 23:07:36] Generating predictions for NHL with ensemble model...
[2025-12-16 23:07:39] Generating predictions for NHL with random_forest model...
[2025-12-16 23:07:41] Generating predictions for NHL with gradient_boosting model...
[2025-12-16 23:07:45] Generating predictions for EPL with ensemble model...
[2025-12-16 23:07:49] Generating predictions for EPL with random_forest model...
[2025-12-16 23:07:51] Generating predictions for EPL with gradient_boosting model...
[2025-12-16 23:07:54] Generating predictions for LALIGA with ensemble model...
[2025-12-16 23:07:58] Generating predictions for LALIGA with random_forest model...
[2025-12-16 23:08:00] Generating predictions for LALIGA with gradient_boosting model...
[2025-12-16 23:08:04] Generating predictions for BUNDESLIGA with ensemble model...
[2025-12-16 23:08:07] Generating predictions for BUNDESLIGA with random_forest model...
[2025-12-16 23:08:10] Generating predictions for BUNDESLIGA with gradient_boosting model...
[2025-12-16 23:08:13] Generating predictions for SERIEA with ensemble model...
[2025-12-16 23:08:17] Generating predictions for SERIEA with random_forest model...
[2025-12-16 23:08:19] Generating predictions for SERIEA with gradient_boosting model...
[2025-12-16 23:08:23] Generating predictions for LIGUE1 with ensemble model...
[2025-12-16 23:08:25] Generating predictions for LIGUE1 with random_forest model...
[2025-12-16 23:08:27] Generating predictions for LIGUE1 with gradient_boosting model...
[2025-12-16 23:08:29] Prediction generation complete
[2025-12-16 23:08:29] Step 2: Result syncing is now handled by ingestion pipeline.
[2025-12-16 23:08:29] =========================================
[2025-12-16 23:08:29] PREDICTION pipeline completed
[2025-12-16 23:08:29] =========================================
