[2025-12-14 17:01:58] =========================================
[2025-12-14 17:01:58] Starting PREDICTION pipeline
[2025-12-14 17:01:58] =========================================
[2025-12-14 17:01:58] Processing leagues: NFL, NBA, CFB, NCAAB, NHL, EPL, LALIGA, BUNDESLIGA, SERIEA, LIGUE1
[2025-12-14 17:01:58] Step 0: Creating backups...
[2025-12-14 17:01:58] Backing up database...
[2025-12-14 17:01:59] Backing up prediction files...
[2025-12-14 17:02:00] Step 1: Generating predictions...
[2025-12-14 17:02:00] Generating predictions for NFL with ensemble model...
[2025-12-14 17:02:04] Generating predictions for NFL with random_forest model...
[2025-12-14 17:02:06] Generating predictions for NFL with gradient_boosting model...
[2025-12-14 17:02:10] Generating predictions for NBA with ensemble model...
[2025-12-14 17:02:14] Generating predictions for NBA with random_forest model...
[2025-12-14 17:02:16] Generating predictions for NBA with gradient_boosting model...
[2025-12-14 17:02:20] Generating predictions for CFB with ensemble model...
[2025-12-14 17:02:24] Generating predictions for CFB with random_forest model...
[2025-12-14 17:02:26] Generating predictions for CFB with gradient_boosting model...
[2025-12-14 17:02:30] Generating predictions for NCAAB with ensemble model...
[2025-12-14 17:02:33] Generating predictions for NCAAB with random_forest model...
[2025-12-14 17:02:36] Generating predictions for NCAAB with gradient_boosting model...
[2025-12-14 17:02:40] Generating predictions for NHL with ensemble model...
[2025-12-14 17:02:43] Generating predictions for NHL with random_forest model...
[2025-12-14 17:02:46] Generating predictions for NHL with gradient_boosting model...
[2025-12-14 17:02:50] Generating predictions for EPL with ensemble model...
[2025-12-14 17:02:54] Generating predictions for EPL with random_forest model...
[2025-12-14 17:02:56] Generating predictions for EPL with gradient_boosting model...
[2025-12-14 17:03:00] Generating predictions for LALIGA with ensemble model...
[2025-12-14 17:03:03] Generating predictions for LALIGA with random_forest model...
[2025-12-14 17:03:06] Generating predictions for LALIGA with gradient_boosting model...
[2025-12-14 17:03:09] Generating predictions for BUNDESLIGA with ensemble model...
[2025-12-14 17:03:13] Generating predictions for BUNDESLIGA with random_forest model...
[2025-12-14 17:03:16] Generating predictions for BUNDESLIGA with gradient_boosting model...
[2025-12-14 17:03:20] Generating predictions for SERIEA with ensemble model...
[2025-12-14 17:03:24] Generating predictions for SERIEA with random_forest model...
[2025-12-14 17:03:26] Generating predictions for SERIEA with gradient_boosting model...
[2025-12-14 17:03:30] Generating predictions for LIGUE1 with ensemble model...
[2025-12-14 17:03:32] Generating predictions for LIGUE1 with random_forest model...
[2025-12-14 17:03:34] Generating predictions for LIGUE1 with gradient_boosting model...
[2025-12-14 17:03:36] Prediction generation complete
[2025-12-14 17:03:36] Step 2: Result syncing is now handled by ingestion pipeline.
[2025-12-14 17:03:36] =========================================
[2025-12-14 17:03:36] PREDICTION pipeline completed
[2025-12-14 17:03:36] =========================================
