[2025-12-05 22:21:11] =========================================
[2025-12-05 22:21:11] Starting PREDICTION pipeline
[2025-12-05 22:21:11] =========================================
[2025-12-05 22:21:11] Processing leagues: NFL, NBA, CFB, NCAAB, NHL, EPL, LALIGA, BUNDESLIGA, SERIEA, LIGUE1
[2025-12-05 22:21:11] Step 0: Creating backups...
[2025-12-05 22:21:11] Backing up database...
[2025-12-05 22:21:17] Backing up prediction files...
[2025-12-05 22:21:18] Step 1: Fetching The Odds API snapshots...
[2025-12-05 22:21:18] Requesting Odds API snapshot for NFL (moneyline + totals)...
[2025-12-05 22:21:23] Requesting Odds API snapshot for NBA (moneyline + totals)...
[2025-12-05 22:21:26] Requesting Odds API snapshot for CFB (moneyline + totals)...
[2025-12-05 22:21:29] Requesting Odds API snapshot for NCAAB (moneyline + totals)...
[2025-12-05 22:21:40] Requesting Odds API snapshot for NHL (moneyline + totals)...
[2025-12-05 22:21:50] Requesting Odds API snapshot for EPL (moneyline + totals)...
[2025-12-05 22:21:52] Requesting Odds API snapshot for LALIGA (moneyline + totals)...
[2025-12-05 22:21:55] Requesting Odds API snapshot for BUNDESLIGA (moneyline + totals)...
[2025-12-05 22:21:58] Requesting Odds API snapshot for SERIEA (moneyline + totals)...
[2025-12-05 22:22:01] Requesting Odds API snapshot for LIGUE1 (moneyline + totals)...
[2025-12-05 22:22:04] Step 2: Smart Data Ingestion...
[2025-12-05 22:22:04] Running smart ingestion for: NFL NBA CFB NCAAB NHL EPL LALIGA BUNDESLIGA SERIEA LIGUE1
[2025-12-05 22:22:06] Fetching latest scores from Odds API...
[2025-12-05 22:22:22] Step 3: Generating predictions...
[2025-12-05 22:22:22] Forward testing NFL with ensemble model...
[2025-12-05 22:22:35] Updating completed results for NFL (ensemble)...
[2025-12-05 22:22:38] Forward testing NFL with random_forest model...
[2025-12-05 22:22:47] Updating completed results for NFL (random_forest)...
[2025-12-05 22:22:50] Forward testing NFL with gradient_boosting model...
[2025-12-05 22:23:01] Updating completed results for NFL (gradient_boosting)...
[2025-12-05 22:23:04] Forward testing NBA with ensemble model...
[2025-12-05 22:23:11] Updating completed results for NBA (ensemble)...
[2025-12-05 22:23:15] Forward testing NBA with random_forest model...
[2025-12-05 22:23:21] Updating completed results for NBA (random_forest)...
[2025-12-05 22:23:25] Forward testing NBA with gradient_boosting model...
[2025-12-05 22:23:32] Updating completed results for NBA (gradient_boosting)...
[2025-12-05 22:23:36] Forward testing CFB with ensemble model...
[2025-12-05 22:23:42] Updating completed results for CFB (ensemble)...
[2025-12-05 22:23:53] Forward testing CFB with random_forest model...
[2025-12-05 22:23:57] Updating completed results for CFB (random_forest)...
[2025-12-05 22:24:02] Forward testing CFB with gradient_boosting model...
[2025-12-05 22:24:07] Updating completed results for CFB (gradient_boosting)...
[2025-12-05 22:24:11] Forward testing NCAAB with ensemble model...
[2025-12-05 22:24:26] Updating completed results for NCAAB (ensemble)...
[2025-12-05 22:24:36] Forward testing NCAAB with random_forest model...
[2025-12-05 22:24:51] Updating completed results for NCAAB (random_forest)...
[2025-12-05 22:25:02] Forward testing NCAAB with gradient_boosting model...
[2025-12-05 22:25:08] Updating completed results for NCAAB (gradient_boosting)...
[2025-12-05 22:25:19] Forward testing NHL with ensemble model...
[2025-12-05 22:25:26] Updating completed results for NHL (ensemble)...
[2025-12-05 22:25:29] Forward testing NHL with random_forest model...
[2025-12-05 22:25:35] Updating completed results for NHL (random_forest)...
[2025-12-05 22:25:38] Forward testing NHL with gradient_boosting model...
[2025-12-05 22:25:43] Updating completed results for NHL (gradient_boosting)...
[2025-12-05 22:25:46] Forward testing EPL with ensemble model...
[2025-12-05 22:25:52] Updating completed results for EPL (ensemble)...
[2025-12-05 22:26:21] Forward testing EPL with random_forest model...
[2025-12-05 22:26:26] Updating completed results for EPL (random_forest)...
[2025-12-05 22:26:42] Forward testing EPL with gradient_boosting model...
[2025-12-05 22:26:47] Updating completed results for EPL (gradient_boosting)...
[2025-12-05 22:27:01] Forward testing LALIGA with ensemble model...
[2025-12-05 22:27:07] Updating completed results for LALIGA (ensemble)...
[2025-12-05 22:27:26] Forward testing LALIGA with random_forest model...
[2025-12-05 22:27:31] Updating completed results for LALIGA (random_forest)...
[2025-12-05 22:27:49] Forward testing LALIGA with gradient_boosting model...
[2025-12-05 22:27:54] Updating completed results for LALIGA (gradient_boosting)...
[2025-12-05 22:28:12] Forward testing BUNDESLIGA with ensemble model...
[2025-12-05 22:28:18] Updating completed results for BUNDESLIGA (ensemble)...
[2025-12-05 22:28:36] Forward testing BUNDESLIGA with random_forest model...
[2025-12-05 22:28:41] Updating completed results for BUNDESLIGA (random_forest)...
[2025-12-05 22:28:58] Forward testing BUNDESLIGA with gradient_boosting model...
[2025-12-05 22:29:03] Updating completed results for BUNDESLIGA (gradient_boosting)...
[2025-12-05 22:29:22] Forward testing SERIEA with ensemble model...
[2025-12-05 22:29:29] Updating completed results for SERIEA (ensemble)...
[2025-12-05 22:29:41] Forward testing SERIEA with random_forest model...
[2025-12-05 22:29:46] Updating completed results for SERIEA (random_forest)...
[2025-12-05 22:29:58] Forward testing SERIEA with gradient_boosting model...
[2025-12-05 22:30:03] Updating completed results for SERIEA (gradient_boosting)...
[2025-12-05 22:30:14] Forward testing LIGUE1 with ensemble model...
[2025-12-05 22:30:20] Updating completed results for LIGUE1 (ensemble)...
[2025-12-05 22:30:39] Forward testing LIGUE1 with random_forest model...
[2025-12-05 22:30:44] Updating completed results for LIGUE1 (random_forest)...
[2025-12-05 22:31:00] Forward testing LIGUE1 with gradient_boosting model...
[2025-12-05 22:31:05] Updating completed results for LIGUE1 (gradient_boosting)...
[2025-12-05 22:31:29] Prediction generation complete
[2025-12-05 22:31:29] Step 4: Syncing results across model types...
[2025-12-05 22:31:31] Results synced successfully across all model types
[2025-12-05 22:31:31] =========================================
[2025-12-05 22:31:31] PREDICTION pipeline completed
[2025-12-05 22:31:31] =========================================
