[2025-11-24 19:17:03] =========================================
[2025-11-24 19:17:03] Starting PREDICTION pipeline
[2025-11-24 19:17:03] =========================================
[2025-11-24 19:17:03] Processing leagues: NFL, NBA, CFB, NCAAB, NHL, EPL, LALIGA, BUNDESLIGA, SERIEA, LIGUE1
[2025-11-24 19:17:03] Step 1: Fetching The Odds API snapshots...
[2025-11-24 19:17:03] Skipping Odds API snapshot for NFL (SkipOdds enabled)
[2025-11-24 19:17:03] Skipping Odds API snapshot for NBA (SkipOdds enabled)
[2025-11-24 19:17:03] Skipping Odds API snapshot for CFB (SkipOdds enabled)
[2025-11-24 19:17:03] Skipping Odds API snapshot for NCAAB (SkipOdds enabled)
[2025-11-24 19:17:03] Skipping Odds API snapshot for NHL (SkipOdds enabled)
[2025-11-24 19:17:03] Skipping Odds API snapshot for EPL (SkipOdds enabled)
[2025-11-24 19:17:03] Skipping Odds API snapshot for LALIGA (SkipOdds enabled)
[2025-11-24 19:17:03] Skipping Odds API snapshot for BUNDESLIGA (SkipOdds enabled)
[2025-11-24 19:17:03] Skipping Odds API snapshot for SERIEA (SkipOdds enabled)
[2025-11-24 19:17:03] Skipping Odds API snapshot for LIGUE1 (SkipOdds enabled)
[2025-11-24 19:17:03] Fetching TeamRankings over/under picks for leagues: NFL,NBA,CFB...
[2025-11-24 19:17:40] Updating TeamRankings picks for leagues: NFL,NBA,CFB...
[2025-11-24 19:18:57] Step 3: Generating predictions...
[2025-11-24 19:18:57] Forward testing NFL with ensemble model...
[2025-11-24 19:19:04] Updating completed results for NFL (ensemble)...
[2025-11-24 19:19:07] Forward testing NFL with random_forest model...
[2025-11-24 19:19:12] Updating completed results for NFL (random_forest)...
[2025-11-24 19:19:15] Forward testing NFL with gradient_boosting model...
[2025-11-24 19:19:22] Updating completed results for NFL (gradient_boosting)...
[2025-11-24 19:19:26] Forward testing NBA with ensemble model...
[2025-11-24 19:19:29] Updating completed results for NBA (ensemble)...
[2025-11-24 19:19:33] Forward testing NBA with random_forest model...
[2025-11-24 19:19:35] Updating completed results for NBA (random_forest)...
[2025-11-24 19:19:39] Forward testing NBA with gradient_boosting model...
[2025-11-24 19:19:42] Updating completed results for NBA (gradient_boosting)...
[2025-11-24 19:19:45] Forward testing CFB with ensemble model...
[2025-11-24 19:19:55] Updating completed results for CFB (ensemble)...
[2025-11-24 19:19:58] Forward testing CFB with random_forest model...
[2025-11-24 19:20:05] Updating completed results for CFB (random_forest)...
[2025-11-24 19:20:08] Forward testing CFB with gradient_boosting model...
[2025-11-24 19:20:12] Updating completed results for CFB (gradient_boosting)...
[2025-11-24 19:20:15] Forward testing NCAAB with ensemble model...
[2025-11-24 19:20:18] Updating completed results for NCAAB (ensemble)...
[2025-11-24 19:20:27] Forward testing NCAAB with random_forest model...
[2025-11-24 19:20:30] Updating completed results for NCAAB (random_forest)...
[2025-11-24 19:20:39] Forward testing NCAAB with gradient_boosting model...
[2025-11-24 19:20:42] Updating completed results for NCAAB (gradient_boosting)...
[2025-11-24 19:20:51] Forward testing NHL with ensemble model...
[2025-11-24 19:20:53] Updating completed results for NHL (ensemble)...
[2025-11-24 19:20:57] Forward testing NHL with random_forest model...
[2025-11-24 19:21:00] Updating completed results for NHL (random_forest)...
[2025-11-24 19:21:03] Forward testing NHL with gradient_boosting model...
[2025-11-24 19:21:05] Updating completed results for NHL (gradient_boosting)...
[2025-11-24 19:21:08] Forward testing EPL with ensemble model...
[2025-11-24 19:21:13] Updating completed results for EPL (ensemble)...
[2025-11-24 19:21:20] Forward testing EPL with random_forest model...
[2025-11-24 19:21:23] Updating completed results for EPL (random_forest)...
[2025-11-24 19:21:28] Forward testing EPL with gradient_boosting model...
[2025-11-24 19:21:33] Updating completed results for EPL (gradient_boosting)...
[2025-11-24 19:21:40] Forward testing LALIGA with ensemble model...
[2025-11-24 19:21:46] Updating completed results for LALIGA (ensemble)...
[2025-11-24 19:21:55] Forward testing LALIGA with random_forest model...
[2025-11-24 19:21:59] Updating completed results for LALIGA (random_forest)...
[2025-11-24 19:22:05] Forward testing LALIGA with gradient_boosting model...
[2025-11-24 19:22:10] Updating completed results for LALIGA (gradient_boosting)...
[2025-11-24 19:22:18] Forward testing BUNDESLIGA with ensemble model...
[2025-11-24 19:22:23] Updating completed results for BUNDESLIGA (ensemble)...
[2025-11-24 19:22:31] Forward testing BUNDESLIGA with random_forest model...
[2025-11-24 19:22:34] Updating completed results for BUNDESLIGA (random_forest)...
[2025-11-24 19:22:40] Forward testing BUNDESLIGA with gradient_boosting model...
[2025-11-24 19:22:44] Updating completed results for BUNDESLIGA (gradient_boosting)...
[2025-11-24 19:22:50] Forward testing SERIEA with ensemble model...
[2025-11-24 19:22:55] Updating completed results for SERIEA (ensemble)...
[2025-11-24 19:23:02] Forward testing SERIEA with random_forest model...
[2025-11-24 19:23:06] Updating completed results for SERIEA (random_forest)...
[2025-11-24 19:23:13] Forward testing SERIEA with gradient_boosting model...
[2025-11-24 19:23:17] Updating completed results for SERIEA (gradient_boosting)...
[2025-11-24 19:23:25] Forward testing LIGUE1 with ensemble model...
[2025-11-24 19:23:30] Updating completed results for LIGUE1 (ensemble)...
[2025-11-24 19:23:38] Forward testing LIGUE1 with random_forest model...
[2025-11-24 19:23:41] Updating completed results for LIGUE1 (random_forest)...
[2025-11-24 19:23:45] Forward testing LIGUE1 with gradient_boosting model...
[2025-11-24 19:23:49] Updating completed results for LIGUE1 (gradient_boosting)...
[2025-11-24 19:23:55] Prediction generation complete
[2025-11-24 19:23:55] Step 4: Syncing results across model types...
[2025-11-24 19:23:57] Results synced successfully across all model types
[2025-11-24 19:23:57] =========================================
[2025-11-24 19:23:57] PREDICTION pipeline completed
[2025-11-24 19:23:57] =========================================
