[2025-11-24 18:54:26] =========================================
[2025-11-24 18:54:26] Starting PREDICTION pipeline
[2025-11-24 18:54:26] =========================================
[2025-11-24 18:54:26] Processing leagues: NFL, NBA, CFB, NCAAB, NHL, EPL, LALIGA, BUNDESLIGA, SERIEA, LIGUE1
[2025-11-24 18:54:26] Step 1: Fetching The Odds API snapshots...
[2025-11-24 18:54:26] Requesting Odds API snapshot for NFL (moneyline + totals)...
[2025-11-24 18:54:28] Requesting Odds API snapshot for NBA (moneyline + totals)...
[2025-11-24 18:54:30] Requesting Odds API snapshot for CFB (moneyline + totals)...
[2025-11-24 18:54:32] Requesting Odds API snapshot for NCAAB (moneyline + totals)...
[2025-11-24 18:54:34] Requesting Odds API snapshot for NHL (moneyline + totals)...
[2025-11-24 18:54:36] Requesting Odds API snapshot for EPL (moneyline + totals)...
[2025-11-24 18:54:38] Requesting Odds API snapshot for LALIGA (moneyline + totals)...
[2025-11-24 18:54:40] Requesting Odds API snapshot for BUNDESLIGA (moneyline + totals)...
[2025-11-24 18:54:42] Requesting Odds API snapshot for SERIEA (moneyline + totals)...
[2025-11-24 18:54:44] Requesting Odds API snapshot for LIGUE1 (moneyline + totals)...
[2025-11-24 18:54:46] Fetching TeamRankings over/under picks for leagues: NFL,NBA,CFB...
[2025-11-24 18:55:24] Updating TeamRankings picks for leagues: NFL,NBA,CFB...
[2025-11-24 18:56:26] Step 3: Generating predictions...
[2025-11-24 18:56:26] Forward testing NFL with ensemble model...
[2025-11-24 18:56:28] WARNING: Forward test failed for NFL (ensemble)
[2025-11-24 18:56:28] Forward testing NFL with random_forest model...
[2025-11-24 18:56:30] WARNING: Forward test failed for NFL (random_forest)
[2025-11-24 18:56:30] Forward testing NFL with gradient_boosting model...
[2025-11-24 18:56:33] WARNING: Forward test failed for NFL (gradient_boosting)
[2025-11-24 18:56:33] Forward testing NBA with ensemble model...
[2025-11-24 18:56:35] WARNING: Forward test failed for NBA (ensemble)
[2025-11-24 18:56:35] Forward testing NBA with random_forest model...
[2025-11-24 18:56:38] WARNING: Forward test failed for NBA (random_forest)
[2025-11-24 18:56:38] Forward testing NBA with gradient_boosting model...
[2025-11-24 18:56:40] WARNING: Forward test failed for NBA (gradient_boosting)
[2025-11-24 18:56:40] Forward testing CFB with ensemble model...
[2025-11-24 18:56:42] WARNING: Forward test failed for CFB (ensemble)
[2025-11-24 18:56:42] Forward testing CFB with random_forest model...
[2025-11-24 18:56:45] WARNING: Forward test failed for CFB (random_forest)
[2025-11-24 18:56:45] Forward testing CFB with gradient_boosting model...
[2025-11-24 18:56:48] WARNING: Forward test failed for CFB (gradient_boosting)
[2025-11-24 18:56:48] Forward testing NCAAB with ensemble model...
[2025-11-24 18:56:51] WARNING: Forward test failed for NCAAB (ensemble)
[2025-11-24 18:56:51] Forward testing NCAAB with random_forest model...
[2025-11-24 18:56:53] WARNING: Forward test failed for NCAAB (random_forest)
[2025-11-24 18:56:53] Forward testing NCAAB with gradient_boosting model...
[2025-11-24 18:56:55] WARNING: Forward test failed for NCAAB (gradient_boosting)
[2025-11-24 18:56:55] Forward testing NHL with ensemble model...
[2025-11-24 18:56:58] WARNING: Forward test failed for NHL (ensemble)
[2025-11-24 18:56:58] Forward testing NHL with random_forest model...
[2025-11-24 18:57:00] WARNING: Forward test failed for NHL (random_forest)
[2025-11-24 18:57:00] Forward testing NHL with gradient_boosting model...
[2025-11-24 18:57:02] WARNING: Forward test failed for NHL (gradient_boosting)
[2025-11-24 18:57:02] Forward testing EPL with ensemble model...
[2025-11-24 18:57:05] WARNING: Forward test failed for EPL (ensemble)
[2025-11-24 18:57:05] Forward testing EPL with random_forest model...
[2025-11-24 18:57:07] WARNING: Forward test failed for EPL (random_forest)
[2025-11-24 18:57:07] Forward testing EPL with gradient_boosting model...
[2025-11-24 18:57:09] WARNING: Forward test failed for EPL (gradient_boosting)
[2025-11-24 18:57:09] Forward testing LALIGA with ensemble model...
[2025-11-24 18:57:12] WARNING: Forward test failed for LALIGA (ensemble)
[2025-11-24 18:57:12] Forward testing LALIGA with random_forest model...
[2025-11-24 18:57:14] WARNING: Forward test failed for LALIGA (random_forest)
[2025-11-24 18:57:14] Forward testing LALIGA with gradient_boosting model...
[2025-11-24 18:57:16] WARNING: Forward test failed for LALIGA (gradient_boosting)
[2025-11-24 18:57:16] Forward testing BUNDESLIGA with ensemble model...
[2025-11-24 18:57:19] WARNING: Forward test failed for BUNDESLIGA (ensemble)
[2025-11-24 18:57:19] Forward testing BUNDESLIGA with random_forest model...
[2025-11-24 18:57:21] WARNING: Forward test failed for BUNDESLIGA (random_forest)
[2025-11-24 18:57:21] Forward testing BUNDESLIGA with gradient_boosting model...
[2025-11-24 18:57:23] WARNING: Forward test failed for BUNDESLIGA (gradient_boosting)
[2025-11-24 18:57:23] Forward testing SERIEA with ensemble model...
[2025-11-24 18:57:26] WARNING: Forward test failed for SERIEA (ensemble)
[2025-11-24 18:57:26] Forward testing SERIEA with random_forest model...
[2025-11-24 18:57:28] WARNING: Forward test failed for SERIEA (random_forest)
[2025-11-24 18:57:28] Forward testing SERIEA with gradient_boosting model...
[2025-11-24 18:57:31] WARNING: Forward test failed for SERIEA (gradient_boosting)
[2025-11-24 18:57:31] Forward testing LIGUE1 with ensemble model...
[2025-11-24 18:57:33] WARNING: Forward test failed for LIGUE1 (ensemble)
[2025-11-24 18:57:33] Forward testing LIGUE1 with random_forest model...
[2025-11-24 18:57:35] WARNING: Forward test failed for LIGUE1 (random_forest)
[2025-11-24 18:57:35] Forward testing LIGUE1 with gradient_boosting model...
[2025-11-24 18:57:38] WARNING: Forward test failed for LIGUE1 (gradient_boosting)
[2025-11-24 18:57:38] Prediction generation complete
[2025-11-24 18:57:38] Step 4: Syncing results across model types...
[2025-11-24 18:57:39] Results synced successfully across all model types
[2025-11-24 18:57:39] =========================================
[2025-11-24 18:57:39] PREDICTION pipeline completed
[2025-11-24 18:57:39] =========================================
