[2025-12-15 22:50:53] =========================================
[2025-12-15 22:50:53] Starting PREDICTION pipeline
[2025-12-15 22:50:53] =========================================
[2025-12-15 22:50:53] Processing leagues: NFL, NBA, CFB, NCAAB, NHL, EPL, LALIGA, BUNDESLIGA, SERIEA, LIGUE1
[2025-12-15 22:50:53] Step 0: Creating backups...
[2025-12-15 22:50:53] Backing up database...
[2025-12-15 22:50:54] Backing up prediction files...
[2025-12-15 22:50:55] Step 1: Generating predictions...
[2025-12-15 22:50:55] Generating predictions for NFL with ensemble model...
[2025-12-15 22:50:59] Generating predictions for NFL with random_forest model...
[2025-12-15 22:51:01] Generating predictions for NFL with gradient_boosting model...
[2025-12-15 22:51:04] Generating predictions for NBA with ensemble model...
[2025-12-15 22:51:08] Generating predictions for NBA with random_forest model...
[2025-12-15 22:51:10] Generating predictions for NBA with gradient_boosting model...
[2025-12-15 22:51:13] Generating predictions for CFB with ensemble model...
[2025-12-15 22:51:16] Generating predictions for CFB with random_forest model...
[2025-12-15 22:51:18] Generating predictions for CFB with gradient_boosting model...
[2025-12-15 22:51:22] Generating predictions for NCAAB with ensemble model...
[2025-12-15 22:51:25] Generating predictions for NCAAB with random_forest model...
[2025-12-15 22:51:27] Generating predictions for NCAAB with gradient_boosting model...
[2025-12-15 22:51:31] Generating predictions for NHL with ensemble model...
[2025-12-15 22:51:34] Generating predictions for NHL with random_forest model...
[2025-12-15 22:51:36] Generating predictions for NHL with gradient_boosting model...
[2025-12-15 22:51:40] Generating predictions for EPL with ensemble model...
[2025-12-15 22:51:43] Generating predictions for EPL with random_forest model...
[2025-12-15 22:51:45] Generating predictions for EPL with gradient_boosting model...
[2025-12-15 22:51:49] Generating predictions for LALIGA with ensemble model...
[2025-12-15 22:51:52] Generating predictions for LALIGA with random_forest model...
[2025-12-15 22:51:54] Generating predictions for LALIGA with gradient_boosting model...
[2025-12-15 22:51:58] Generating predictions for BUNDESLIGA with ensemble model...
[2025-12-15 22:52:01] Generating predictions for BUNDESLIGA with random_forest model...
[2025-12-15 22:52:03] Generating predictions for BUNDESLIGA with gradient_boosting model...
[2025-12-15 22:52:07] Generating predictions for SERIEA with ensemble model...
[2025-12-15 22:52:10] Generating predictions for SERIEA with random_forest model...
[2025-12-15 22:52:12] Generating predictions for SERIEA with gradient_boosting model...
[2025-12-15 22:52:15] Generating predictions for LIGUE1 with ensemble model...
[2025-12-15 22:52:17] Generating predictions for LIGUE1 with random_forest model...
[2025-12-15 22:52:19] Generating predictions for LIGUE1 with gradient_boosting model...
[2025-12-15 22:52:21] Prediction generation complete
[2025-12-15 22:52:21] Step 2: Result syncing is now handled by ingestion pipeline.
[2025-12-15 22:52:21] =========================================
[2025-12-15 22:52:21] PREDICTION pipeline completed
[2025-12-15 22:52:21] =========================================
