[2025-12-05 00:02:45] =========================================
[2025-12-05 00:02:45] Starting PREDICTION pipeline
[2025-12-05 00:02:45] =========================================
[2025-12-05 00:02:45] Processing leagues: NFL, NBA, CFB, NCAAB, NHL, EPL, LALIGA, BUNDESLIGA, SERIEA, LIGUE1
[2025-12-05 00:02:45] Step 0: Creating backups...
[2025-12-05 00:02:45] Backing up database...
[2025-12-05 00:02:47] Backing up prediction files...
[2025-12-05 00:02:48] Step 1: Fetching The Odds API snapshots...
[2025-12-05 00:02:48] Requesting Odds API snapshot for NFL (moneyline + totals)...
[2025-12-05 00:02:50] Requesting Odds API snapshot for NBA (moneyline + totals)...
[2025-12-05 00:02:52] Requesting Odds API snapshot for CFB (moneyline + totals)...
[2025-12-05 00:02:54] Requesting Odds API snapshot for NCAAB (moneyline + totals)...
[2025-12-05 00:02:58] Requesting Odds API snapshot for NHL (moneyline + totals)...
[2025-12-05 00:03:00] Requesting Odds API snapshot for EPL (moneyline + totals)...
[2025-12-05 00:03:02] Requesting Odds API snapshot for LALIGA (moneyline + totals)...
[2025-12-05 00:03:05] Requesting Odds API snapshot for BUNDESLIGA (moneyline + totals)...
[2025-12-05 00:03:06] Requesting Odds API snapshot for SERIEA (moneyline + totals)...
[2025-12-05 00:03:08] Requesting Odds API snapshot for LIGUE1 (moneyline + totals)...
[2025-12-05 00:03:10] Step 2: Smart Data Ingestion...
[2025-12-05 00:03:10] Running smart ingestion for: NFL NBA CFB NCAAB NHL EPL LALIGA BUNDESLIGA SERIEA LIGUE1
[2025-12-05 00:03:12] Fetching latest scores from Odds API...
[2025-12-05 00:03:18] Step 3: Generating predictions...
[2025-12-05 00:03:18] Forward testing NFL with ensemble model...
[2025-12-05 00:03:26] Updating completed results for NFL (ensemble)...
[2025-12-05 00:03:29] Forward testing NFL with random_forest model...
[2025-12-05 00:03:35] Updating completed results for NFL (random_forest)...
[2025-12-05 00:03:38] Forward testing NFL with gradient_boosting model...
[2025-12-05 00:03:45] Updating completed results for NFL (gradient_boosting)...
[2025-12-05 00:03:48] Forward testing NBA with ensemble model...
[2025-12-05 00:03:53] Updating completed results for NBA (ensemble)...
[2025-12-05 00:03:55] Forward testing NBA with random_forest model...
[2025-12-05 00:03:59] Updating completed results for NBA (random_forest)...
[2025-12-05 00:04:02] Forward testing NBA with gradient_boosting model...
[2025-12-05 00:04:06] Updating completed results for NBA (gradient_boosting)...
[2025-12-05 00:04:09] Forward testing CFB with ensemble model...
[2025-12-05 00:04:14] Updating completed results for CFB (ensemble)...
[2025-12-05 00:04:22] Forward testing CFB with random_forest model...
[2025-12-05 00:04:25] Updating completed results for CFB (random_forest)...
[2025-12-05 00:04:28] Forward testing CFB with gradient_boosting model...
[2025-12-05 00:04:32] Updating completed results for CFB (gradient_boosting)...
[2025-12-05 00:04:34] Forward testing NCAAB with ensemble model...
[2025-12-05 00:04:40] Updating completed results for NCAAB (ensemble)...
[2025-12-05 00:04:47] Forward testing NCAAB with random_forest model...
[2025-12-05 00:04:52] Updating completed results for NCAAB (random_forest)...
[2025-12-05 00:04:59] Forward testing NCAAB with gradient_boosting model...
[2025-12-05 00:05:04] Updating completed results for NCAAB (gradient_boosting)...
[2025-12-05 00:05:12] Forward testing NHL with ensemble model...
[2025-12-05 00:05:17] Updating completed results for NHL (ensemble)...
[2025-12-05 00:05:19] Forward testing NHL with random_forest model...
[2025-12-05 00:05:22] Updating completed results for NHL (random_forest)...
[2025-12-05 00:05:25] Forward testing NHL with gradient_boosting model...
[2025-12-05 00:05:29] Updating completed results for NHL (gradient_boosting)...
[2025-12-05 00:05:32] Forward testing EPL with ensemble model...
[2025-12-05 00:05:36] Updating completed results for EPL (ensemble)...
[2025-12-05 00:06:06] Forward testing EPL with random_forest model...
[2025-12-05 00:06:09] Updating completed results for EPL (random_forest)...
[2025-12-05 00:06:23] Forward testing EPL with gradient_boosting model...
[2025-12-05 00:06:27] Updating completed results for EPL (gradient_boosting)...
[2025-12-05 00:06:39] Forward testing LALIGA with ensemble model...
[2025-12-05 00:06:44] Updating completed results for LALIGA (ensemble)...
[2025-12-05 00:07:02] Forward testing LALIGA with random_forest model...
[2025-12-05 00:07:05] Updating completed results for LALIGA (random_forest)...
[2025-12-05 00:07:18] Forward testing LALIGA with gradient_boosting model...
[2025-12-05 00:07:22] Updating completed results for LALIGA (gradient_boosting)...
[2025-12-05 00:07:35] Forward testing BUNDESLIGA with ensemble model...
[2025-12-05 00:07:40] Updating completed results for BUNDESLIGA (ensemble)...
[2025-12-05 00:07:47] Forward testing BUNDESLIGA with random_forest model...
[2025-12-05 00:07:51] Updating completed results for BUNDESLIGA (random_forest)...
[2025-12-05 00:08:02] Forward testing BUNDESLIGA with gradient_boosting model...
[2025-12-05 00:08:07] Updating completed results for BUNDESLIGA (gradient_boosting)...
[2025-12-05 00:08:15] Forward testing SERIEA with ensemble model...
[2025-12-05 00:08:21] Updating completed results for SERIEA (ensemble)...
[2025-12-05 00:08:32] Forward testing SERIEA with random_forest model...
[2025-12-05 00:08:35] Updating completed results for SERIEA (random_forest)...
[2025-12-05 00:08:48] Forward testing SERIEA with gradient_boosting model...
[2025-12-05 00:08:53] Updating completed results for SERIEA (gradient_boosting)...
[2025-12-05 00:09:05] Forward testing LIGUE1 with ensemble model...
[2025-12-05 00:09:10] Updating completed results for LIGUE1 (ensemble)...
[2025-12-05 00:09:18] Forward testing LIGUE1 with random_forest model...
[2025-12-05 00:09:21] Updating completed results for LIGUE1 (random_forest)...
[2025-12-05 00:09:30] Forward testing LIGUE1 with gradient_boosting model...
[2025-12-05 00:09:34] Updating completed results for LIGUE1 (gradient_boosting)...
[2025-12-05 00:09:43] Prediction generation complete
[2025-12-05 00:09:43] Step 4: Syncing results across model types...
[2025-12-05 00:09:45] Results synced successfully across all model types
[2025-12-05 00:09:45] =========================================
[2025-12-05 00:09:45] PREDICTION pipeline completed
[2025-12-05 00:09:45] =========================================
