[2025-12-07 00:31:37] =========================================
[2025-12-07 00:31:37] Starting PREDICTION pipeline
[2025-12-07 00:31:37] =========================================
[2025-12-07 00:31:37] Processing leagues: NFL, NBA, CFB, NCAAB, NHL, EPL, LALIGA, BUNDESLIGA, SERIEA, LIGUE1
[2025-12-07 00:31:37] Step 0: Creating backups...
[2025-12-07 00:31:37] Backing up database...
[2025-12-07 00:31:40] Backing up prediction files...
[2025-12-07 00:31:41] Step 1: Generating predictions...
[2025-12-07 00:31:41] Generating predictions for NFL with ensemble model...
[2025-12-07 00:31:45] Generating predictions for NFL with random_forest model...
[2025-12-07 00:31:48] Generating predictions for NFL with gradient_boosting model...
[2025-12-07 00:31:52] Generating predictions for NBA with ensemble model...
[2025-12-07 00:31:55] Generating predictions for NBA with random_forest model...
[2025-12-07 00:31:59] Generating predictions for NBA with gradient_boosting model...
[2025-12-07 00:32:03] Generating predictions for CFB with ensemble model...
[2025-12-07 00:32:06] Generating predictions for CFB with random_forest model...
[2025-12-07 00:32:10] Generating predictions for CFB with gradient_boosting model...
[2025-12-07 00:32:14] Generating predictions for NCAAB with ensemble model...
[2025-12-07 00:32:17] Generating predictions for NCAAB with random_forest model...
[2025-12-07 00:32:21] Generating predictions for NCAAB with gradient_boosting model...
[2025-12-07 00:32:25] Generating predictions for NHL with ensemble model...
[2025-12-07 00:32:29] Generating predictions for NHL with random_forest model...
[2025-12-07 00:32:33] Generating predictions for NHL with gradient_boosting model...
[2025-12-07 00:32:37] Generating predictions for EPL with ensemble model...
[2025-12-07 00:32:41] Generating predictions for EPL with random_forest model...
[2025-12-07 00:32:45] Generating predictions for EPL with gradient_boosting model...
[2025-12-07 00:32:50] Generating predictions for LALIGA with ensemble model...
[2025-12-07 00:32:53] Generating predictions for LALIGA with random_forest model...
[2025-12-07 00:32:57] Generating predictions for LALIGA with gradient_boosting model...
[2025-12-07 00:33:01] Generating predictions for BUNDESLIGA with ensemble model...
[2025-12-07 00:33:05] Generating predictions for BUNDESLIGA with random_forest model...
[2025-12-07 00:33:08] Generating predictions for BUNDESLIGA with gradient_boosting model...
[2025-12-07 00:33:14] Generating predictions for SERIEA with ensemble model...
[2025-12-07 00:33:17] Generating predictions for SERIEA with random_forest model...
[2025-12-07 00:33:20] Generating predictions for SERIEA with gradient_boosting model...
[2025-12-07 00:33:24] Generating predictions for LIGUE1 with ensemble model...
[2025-12-07 00:33:28] Generating predictions for LIGUE1 with random_forest model...
[2025-12-07 00:33:31] Generating predictions for LIGUE1 with gradient_boosting model...
[2025-12-07 00:33:35] Prediction generation complete
[2025-12-07 00:33:35] Step 2: Result syncing is now handled by ingestion pipeline.
[2025-12-07 00:33:35] =========================================
[2025-12-07 00:33:35] PREDICTION pipeline completed
[2025-12-07 00:33:35] =========================================
