[2025-12-13 16:56:59] =========================================
[2025-12-13 16:56:59] Starting PREDICTION pipeline
[2025-12-13 16:56:59] =========================================
[2025-12-13 16:56:59] Processing leagues: NFL, NBA, CFB, NCAAB, NHL, EPL, LALIGA, BUNDESLIGA, SERIEA, LIGUE1
[2025-12-13 16:56:59] Step 0: Creating backups...
[2025-12-13 16:56:59] Backing up database...
[2025-12-13 16:57:01] Backing up prediction files...
[2025-12-13 16:57:02] Step 1: Generating predictions...
[2025-12-13 16:57:02] Generating predictions for NFL with ensemble model...
[2025-12-13 16:57:05] Generating predictions for NFL with random_forest model...
[2025-12-13 16:57:08] Generating predictions for NFL with gradient_boosting model...
[2025-12-13 16:57:11] Generating predictions for NBA with ensemble model...
[2025-12-13 16:57:15] Generating predictions for NBA with random_forest model...
[2025-12-13 16:57:17] Generating predictions for NBA with gradient_boosting model...
[2025-12-13 16:57:21] Generating predictions for CFB with ensemble model...
[2025-12-13 16:57:23] WARNING: Prediction failed for CFB (ensemble)
[2025-12-13 16:57:23] Generating predictions for CFB with random_forest model...
[2025-12-13 16:57:25] WARNING: Prediction failed for CFB (random_forest)
[2025-12-13 16:57:25] Generating predictions for CFB with gradient_boosting model...
[2025-12-13 16:57:27] WARNING: Prediction failed for CFB (gradient_boosting)
[2025-12-13 16:57:27] Generating predictions for NCAAB with ensemble model...
[2025-12-13 16:57:31] Generating predictions for NCAAB with random_forest model...
[2025-12-13 16:57:33] Generating predictions for NCAAB with gradient_boosting model...
[2025-12-13 16:57:37] Generating predictions for NHL with ensemble model...
[2025-12-13 16:57:41] Generating predictions for NHL with random_forest model...
[2025-12-13 16:57:43] Generating predictions for NHL with gradient_boosting model...
[2025-12-13 16:57:47] Generating predictions for EPL with ensemble model...
[2025-12-13 16:57:50] Generating predictions for EPL with random_forest model...
[2025-12-13 16:57:53] Generating predictions for EPL with gradient_boosting model...
[2025-12-13 16:57:56] Generating predictions for LALIGA with ensemble model...
[2025-12-13 16:58:00] Generating predictions for LALIGA with random_forest model...
[2025-12-13 16:58:02] Generating predictions for LALIGA with gradient_boosting model...
[2025-12-13 16:58:06] Generating predictions for BUNDESLIGA with ensemble model...
[2025-12-13 16:58:09] Generating predictions for BUNDESLIGA with random_forest model...
[2025-12-13 16:58:12] Generating predictions for BUNDESLIGA with gradient_boosting model...
[2025-12-13 16:58:15] Generating predictions for SERIEA with ensemble model...
[2025-12-13 16:58:19] Generating predictions for SERIEA with random_forest model...
[2025-12-13 16:58:21] Generating predictions for SERIEA with gradient_boosting model...
[2025-12-13 16:58:25] Generating predictions for LIGUE1 with ensemble model...
[2025-12-13 16:58:28] Generating predictions for LIGUE1 with random_forest model...
[2025-12-13 16:58:31] Generating predictions for LIGUE1 with gradient_boosting model...
[2025-12-13 16:58:34] Prediction generation complete
[2025-12-13 16:58:34] Step 2: Result syncing is now handled by ingestion pipeline.
[2025-12-13 16:58:34] =========================================
[2025-12-13 16:58:34] PREDICTION pipeline completed
[2025-12-13 16:58:34] =========================================
