[2025-11-25 00:08:48] =========================================
[2025-11-25 00:08:48] Starting PREDICTION pipeline
[2025-11-25 00:08:48] =========================================
[2025-11-25 00:08:48] Processing leagues: NFL, NBA, CFB, NCAAB, NHL, EPL, LALIGA, BUNDESLIGA, SERIEA, LIGUE1
[2025-11-25 00:08:48] Step 1: Fetching The Odds API snapshots...
[2025-11-25 00:08:48] Requesting Odds API snapshot for NFL (moneyline + totals)...
[2025-11-25 00:08:57] Requesting Odds API snapshot for NBA (moneyline + totals)...
[2025-11-25 00:08:59] Requesting Odds API snapshot for CFB (moneyline + totals)...
[2025-11-25 00:09:01] Requesting Odds API snapshot for NCAAB (moneyline + totals)...
[2025-11-25 00:09:04] Requesting Odds API snapshot for NHL (moneyline + totals)...
[2025-11-25 00:09:06] Requesting Odds API snapshot for EPL (moneyline + totals)...
[2025-11-25 00:09:08] Requesting Odds API snapshot for LALIGA (moneyline + totals)...
[2025-11-25 00:09:10] Requesting Odds API snapshot for BUNDESLIGA (moneyline + totals)...
[2025-11-25 00:09:12] Requesting Odds API snapshot for SERIEA (moneyline + totals)...
[2025-11-25 00:09:15] Requesting Odds API snapshot for LIGUE1 (moneyline + totals)...
[2025-11-25 00:09:17] Fetching TeamRankings over/under picks for leagues: NFL,NBA,CFB...
[2025-11-25 00:09:52] Updating TeamRankings picks for leagues: NFL,NBA,CFB...
[2025-11-25 00:11:05] Step 3: Generating predictions...
[2025-11-25 00:11:05] Forward testing NFL with ensemble model...
[2025-11-25 00:11:22] Updating completed results for NFL (ensemble)...
[2025-11-25 00:11:25] Forward testing NFL with random_forest model...
[2025-11-25 00:11:32] Updating completed results for NFL (random_forest)...
[2025-11-25 00:11:36] Forward testing NFL with gradient_boosting model...
[2025-11-25 00:11:44] Updating completed results for NFL (gradient_boosting)...
[2025-11-25 00:11:48] Forward testing NBA with ensemble model...
[2025-11-25 00:11:53] Updating completed results for NBA (ensemble)...
[2025-11-25 00:11:56] Forward testing NBA with random_forest model...
[2025-11-25 00:12:00] Updating completed results for NBA (random_forest)...
[2025-11-25 00:12:03] Forward testing NBA with gradient_boosting model...
[2025-11-25 00:12:08] Updating completed results for NBA (gradient_boosting)...
[2025-11-25 00:12:11] Forward testing CFB with ensemble model...
[2025-11-25 00:12:22] Updating completed results for CFB (ensemble)...
[2025-11-25 00:12:26] Forward testing CFB with random_forest model...
[2025-11-25 00:12:34] Updating completed results for CFB (random_forest)...
[2025-11-25 00:12:37] Forward testing CFB with gradient_boosting model...
[2025-11-25 00:12:41] Updating completed results for CFB (gradient_boosting)...
[2025-11-25 00:12:45] Forward testing NCAAB with ensemble model...
[2025-11-25 00:12:54] Updating completed results for NCAAB (ensemble)...
[2025-11-25 00:13:03] Forward testing NCAAB with random_forest model...
[2025-11-25 00:13:09] Updating completed results for NCAAB (random_forest)...
[2025-11-25 00:13:17] Forward testing NCAAB with gradient_boosting model...
[2025-11-25 00:13:21] Updating completed results for NCAAB (gradient_boosting)...
[2025-11-25 00:13:30] Forward testing NHL with ensemble model...
[2025-11-25 00:13:34] Updating completed results for NHL (ensemble)...
[2025-11-25 00:13:37] Forward testing NHL with random_forest model...
[2025-11-25 00:13:40] Updating completed results for NHL (random_forest)...
[2025-11-25 00:13:44] Forward testing NHL with gradient_boosting model...
[2025-11-25 00:13:47] Updating completed results for NHL (gradient_boosting)...
[2025-11-25 00:13:51] Forward testing EPL with ensemble model...
[2025-11-25 00:13:56] Updating completed results for EPL (ensemble)...
[2025-11-25 00:14:03] Forward testing EPL with random_forest model...
[2025-11-25 00:14:06] Updating completed results for EPL (random_forest)...
[2025-11-25 00:14:13] Forward testing EPL with gradient_boosting model...
[2025-11-25 00:14:17] Updating completed results for EPL (gradient_boosting)...
[2025-11-25 00:14:24] Forward testing LALIGA with ensemble model...
[2025-11-25 00:14:29] Updating completed results for LALIGA (ensemble)...
[2025-11-25 00:14:39] Forward testing LALIGA with random_forest model...
[2025-11-25 00:14:42] Updating completed results for LALIGA (random_forest)...
[2025-11-25 00:14:49] Forward testing LALIGA with gradient_boosting model...
[2025-11-25 00:14:53] Updating completed results for LALIGA (gradient_boosting)...
[2025-11-25 00:15:00] Forward testing BUNDESLIGA with ensemble model...
[2025-11-25 00:15:05] Updating completed results for BUNDESLIGA (ensemble)...
[2025-11-25 00:15:13] Forward testing BUNDESLIGA with random_forest model...
[2025-11-25 00:15:16] Updating completed results for BUNDESLIGA (random_forest)...
[2025-11-25 00:15:21] Forward testing BUNDESLIGA with gradient_boosting model...
[2025-11-25 00:15:25] Updating completed results for BUNDESLIGA (gradient_boosting)...
[2025-11-25 00:15:32] Forward testing SERIEA with ensemble model...
[2025-11-25 00:15:36] Updating completed results for SERIEA (ensemble)...
[2025-11-25 00:15:44] Forward testing SERIEA with random_forest model...
[2025-11-25 00:15:47] Updating completed results for SERIEA (random_forest)...
[2025-11-25 00:15:53] Forward testing SERIEA with gradient_boosting model...
[2025-11-25 00:15:57] Updating completed results for SERIEA (gradient_boosting)...
[2025-11-25 00:16:05] Forward testing LIGUE1 with ensemble model...
[2025-11-25 00:16:09] Updating completed results for LIGUE1 (ensemble)...
[2025-11-25 00:16:16] Forward testing LIGUE1 with random_forest model...
[2025-11-25 00:16:19] Updating completed results for LIGUE1 (random_forest)...
[2025-11-25 00:16:24] Forward testing LIGUE1 with gradient_boosting model...
[2025-11-25 00:16:28] Updating completed results for LIGUE1 (gradient_boosting)...
[2025-11-25 00:16:35] Prediction generation complete
[2025-11-25 00:16:35] Step 4: Syncing results across model types...
[2025-11-25 00:16:37] Results synced successfully across all model types
[2025-11-25 00:16:37] =========================================
[2025-11-25 00:16:37] PREDICTION pipeline completed
[2025-11-25 00:16:37] =========================================
