**********************
Windows PowerShell transcript start
Start time: 20251204195329
Username: GAMING-PC\Bobby
RunAs User: GAMING-PC\Bobby
Configuration Name: 
Machine: GAMING-PC (Microsoft Windows NT 10.0.26200.0)
Host Application: C:\WINDOWS\System32\WindowsPowerShell\v1.0\powershell.exe -noexit -command try { . "c:\Users\Bobby\AppData\Local\Programs\Antigravity\resources\app\out\vs\workbench\contrib\terminal\common\scripts\shellIntegration.ps1" } catch {}
Process ID: 171492
PSVersion: 5.1.26100.7309
PSEdition: Desktop
PSCompatibleVersions: 1.0, 2.0, 3.0, 4.0, 5.0, 5.1.26100.7309
BuildVersion: 10.0.26100.7309
CLRVersion: 4.0.30319.42000
WSManStackVersion: 3.0
PSRemotingProtocolVersion: 2.3
SerializationVersion: 1.1.0.1
**********************
Transcript started, output file is logs/train_pipeline_20251204_195329.log
[2025-12-04 19:53:29] =========================================
[2025-12-04 19:53:29] Starting TRAINING pipeline
[2025-12-04 19:53:29] =========================================
[2025-12-04 19:53:29] Processing leagues: NFL, NBA, CFB, NCAAB, NHL, EPL, LALIGA, BUNDESLIGA, SERIEA, LIGUE1
[2025-12-04 19:53:29] Skipping data ingestion (SkipIngestion enabled)
[2025-12-04 19:53:29] Step 2: Building Datasets...
[2025-12-04 19:53:29] Building dataset for NFL (Seasons: 2015-2025)...

[2025-12-04 19:53:34] Building dataset for NBA (Seasons: 2015-2025)...

[2025-12-04 19:53:48] Building dataset for CFB (Seasons: 2015-2025)...

[2025-12-04 19:53:50] Building dataset for NCAAB (Seasons: 2015-2025)...

[2025-12-04 19:53:53] Building dataset for NHL (Seasons: 2015-2025)...

[2025-12-04 19:53:54] Building dataset for EPL (Seasons: 2015-2025)...

[2025-12-04 19:53:59] Building dataset for LALIGA (Seasons: 2015-2025)...

[2025-12-04 19:54:02] Building dataset for BUNDESLIGA (Seasons: 2015-2025)...

[2025-12-04 19:54:04] Building dataset for SERIEA (Seasons: 2015-2025)...

[2025-12-04 19:54:07] Building dataset for LIGUE1 (Seasons: 2015-2025)...

[2025-12-04 19:54:09] Step 3: Training Models...
[2025-12-04 19:54:09] Training NFL ensemble model...
st.json
INFO:__main__:Ensemble pruning: 6 candidates, 5 kept (threshold=0.050, best_log_loss=0.622)
INFO:src.db.models:Persisted 1575 predictions for model ensemble_calibrated_74013a1b
INFO:__main__:Saved model to models\nfl_ensemble_calibrated_moneyline.pkl
INFO:__main__:Metrics written to reports\backtests\nfl_ensemble_calibrated_metrics.json
[2025-12-04 19:54:53] Training NFL random_forest model...

[2025-12-04 19:54:57] Training NFL random_forest totals model...

[2025-12-04 19:54:59] Training NFL gradient_boosting model...

[2025-12-04 19:55:04] Training NFL gradient_boosting totals model...

[2025-12-04 19:55:06] Training NBA ensemble model...

[2025-12-04 19:55:21] Training NBA random_forest model...

[2025-12-04 19:55:25] Training NBA random_forest totals model...

[2025-12-04 19:55:27] Training NBA gradient_boosting model...

[2025-12-04 19:55:31] Training NBA gradient_boosting totals model...

[2025-12-04 19:55:33] Training CFB ensemble model...

[2025-12-04 19:55:42] Training CFB random_forest model...

[2025-12-04 19:55:46] Training CFB random_forest totals model...

[2025-12-04 19:55:50] Training CFB gradient_boosting model...

[2025-12-04 19:55:54] Training CFB gradient_boosting totals model...

[2025-12-04 19:55:56] Training NCAAB ensemble model...
INFO:__main__:Loaded tuned params for NCAAB random_forest from config\tuned_params\ncaab_random_
forest.json
INFO:__main__:Ensemble pruning: 6 candidates, 6 kept (threshold=0.050, best_log_loss=0.640)
INFO:src.db.models:Persisted 42160 predictions for model ensemble_calibrated_70f4c844
INFO:__main__:Saved model to models\ncaab_ensemble_calibrated_moneyline.pkl
INFO:__main__:Metrics written to reports\backtests\ncaab_ensemble_calibrated_metrics.json
[2025-12-04 19:57:33] Training NCAAB random_forest model...
INFO:src.db.models:Persisted 42160 predictions for model random_forest_calibrated_a35a6578
INFO:__main__:Saved model to models\ncaab_random_forest_calibrated_moneyline.pkl
INFO:__main__:Metrics written to reports\backtests\ncaab_random_forest_calibrated_metrics.json
[2025-12-04 19:57:44] Training NCAAB random_forest totals model...

[2025-12-04 19:57:46] Training NCAAB gradient_boosting model...

[2025-12-04 19:57:55] Training NCAAB gradient_boosting totals model...

[2025-12-04 19:57:57] Training NHL ensemble model...

[2025-12-04 19:58:05] Training NHL random_forest model...

[2025-12-04 19:58:09] Training NHL random_forest totals model...

[2025-12-04 19:58:11] Training NHL gradient_boosting model...

[2025-12-04 19:58:15] Training NHL gradient_boosting totals model...

[2025-12-04 19:58:17] Training EPL ensemble model...

[2025-12-04 19:58:25] Training EPL random_forest model...

[2025-12-04 19:58:28] Training EPL random_forest totals model...

[2025-12-04 19:58:30] Training EPL gradient_boosting model...

[2025-12-04 19:58:34] Training EPL gradient_boosting totals model...

[2025-12-04 19:58:36] Training LALIGA ensemble model...

[2025-12-04 19:58:45] Training LALIGA random_forest model...

[2025-12-04 19:58:49] Training LALIGA random_forest totals model...

[2025-12-04 19:58:52] Training LALIGA gradient_boosting model...

[2025-12-04 19:58:56] Training LALIGA gradient_boosting totals model...

[2025-12-04 19:58:58] Training BUNDESLIGA ensemble model...

[2025-12-04 19:59:07] Training BUNDESLIGA random_forest model...

[2025-12-04 19:59:11] Training BUNDESLIGA random_forest totals model...

[2025-12-04 19:59:13] Training BUNDESLIGA gradient_boosting model...

[2025-12-04 19:59:17] Training BUNDESLIGA gradient_boosting totals model...

[2025-12-04 19:59:20] Training SERIEA ensemble model...

[2025-12-04 19:59:29] Training SERIEA random_forest model...

[2025-12-04 19:59:32] Training SERIEA random_forest totals model...

[2025-12-04 19:59:35] Training SERIEA gradient_boosting model...

[2025-12-04 19:59:40] Training SERIEA gradient_boosting totals model...

[2025-12-04 19:59:42] Training LIGUE1 ensemble model...

[2025-12-04 19:59:53] Training LIGUE1 random_forest model...

[2025-12-04 19:59:57] Training LIGUE1 random_forest totals model...

[2025-12-04 19:59:59] Training LIGUE1 gradient_boosting model...

[2025-12-04 20:00:04] Training LIGUE1 gradient_boosting totals model...

[2025-12-04 20:00:07] =========================================
[2025-12-04 20:00:07] TRAINING pipeline completed
[2025-12-04 20:00:07] =========================================
**********************
Windows PowerShell transcript end
End time: 20251204200007
**********************
