**********************
Windows PowerShell transcript start
Start time: 20251209201936
Username: GAMING-PC\Bobby
RunAs User: GAMING-PC\Bobby
Configuration Name: 
Machine: GAMING-PC (Microsoft Windows NT 10.0.26200.0)
Host Application: C:\WINDOWS\System32\WindowsPowerShell\v1.0\powershell.exe -noexit -command try { . "c:\Users\Bobby\AppData\Local\Programs\Antigravity\resources\app\out\vs\workbench\contrib\terminal\common\scripts\shellIntegration.ps1" } catch {}
Process ID: 1907472
PSVersion: 5.1.26100.7309
PSEdition: Desktop
PSCompatibleVersions: 1.0, 2.0, 3.0, 4.0, 5.0, 5.1.26100.7309
BuildVersion: 10.0.26100.7309
CLRVersion: 4.0.30319.42000
WSManStackVersion: 3.0
PSRemotingProtocolVersion: 2.3
SerializationVersion: 1.1.0.1
**********************
Transcript started, output file is logs/train_pipeline_20251209_201936.log
[2025-12-09 20:19:36] =========================================
[2025-12-09 20:19:36] Starting TRAINING pipeline
[2025-12-09 20:19:36] =========================================
[2025-12-09 20:19:36] Processing leagues: NFL, NBA, CFB, NCAAB, NHL, EPL, LALIGA, BUNDESLIGA, SERIEA, LIGUE1
[2025-12-09 20:19:36] Step 1: Building Datasets...
[2025-12-09 20:19:36] Building dataset for NFL (Seasons: 2015-2025)...
INFO:src.features.dataset.nfl:Loading cached schedules data from C:\Users\Bobby\Desktop\sports\data\raw\results\schedules_2015_2026.parquet
INFO:src.features.dataset.nfl:Loading cached team metrics from C:\Users\Bobby\Desktop\sports\data\processed\intermediate\team_metrics_2015_2026.parquet
INFO:src.features.dataset.nfl:Loading cached injury reports from C:\Users\Bobby\Desktop\sports\data\raw\results\injuries_2015_2026.parquet
INFO:src.features.dataset.nfl:Wrote processed dataset to C:\Users\Bobby\Desktop\sports\data\processed\model_input\moneyline_nfl_2015_2026.parquet
[2025-12-09 20:19:44] Building dataset for NBA (Seasons: 2015-2025)...
INFO:src.features.dataset.nba:Wrote processed dataset to C:\Users\Bobby\Desktop\sports\data\processed\model_input\moneyline_nba_2015_2026.parquet
[2025-12-09 20:20:05] Building dataset for CFB (Seasons: 2015-2025)...
INFO:src.features.dataset.cfb:Wrote processed dataset to C:\Users\Bobby\Desktop\sports\data\processed\model_input\moneyline_cfb_2015_2026.parquet
[2025-12-09 20:20:11] Building dataset for NCAAB (Seasons: 2015-2025)...
INFO:src.features.dataset.ncaab:Wrote processed dataset to C:\Users\Bobby\Desktop\sports\data\processed\model_input\moneyline_ncaab_2015_2026.parquet
[2025-12-09 20:20:17] Building dataset for NHL (Seasons: 2015-2025)...
INFO:src.features.dataset.nhl:Wrote processed dataset to C:\Users\Bobby\Desktop\sports\data\processed\model_input\moneyline_nhl_2015_2026.parquet
[2025-12-09 20:20:20] Building dataset for EPL (Seasons: 2015-2025)...
INFO:src.features.dataset.soccer:Wrote processed dataset to C:\Users\Bobby\Desktop\sports\data\processed\model_input\moneyline_epl_2015_2026.parquet
[2025-12-09 20:20:28] Building dataset for LALIGA (Seasons: 2015-2025)...
INFO:src.features.dataset.soccer:Wrote processed dataset to C:\Users\Bobby\Desktop\sports\data\processed\model_input\moneyline_laliga_2015_2026.parquet
[2025-12-09 20:20:33] Building dataset for BUNDESLIGA (Seasons: 2015-2025)...
INFO:src.features.dataset.soccer:Wrote processed dataset to C:\Users\Bobby\Desktop\sports\data\processed\model_input\moneyline_bundesliga_2015_2026.parquet
[2025-12-09 20:20:38] Building dataset for SERIEA (Seasons: 2015-2025)...
INFO:src.features.dataset.soccer:Wrote processed dataset to C:\Users\Bobby\Desktop\sports\data\processed\model_input\moneyline_seriea_2015_2026.parquet
[2025-12-09 20:20:44] Building dataset for LIGUE1 (Seasons: 2015-2025)...
INFO:src.features.dataset.soccer:Wrote processed dataset to C:\Users\Bobby\Desktop\sports\data\processed\model_input\moneyline_ligue1_2015_2026.parquet
[2025-12-09 20:20:49] Step 2: Training Models...
[2025-12-09 20:20:49] Training NFL ensemble model...
C:\Users\Bobby\AppData\Local\Packages\PythonSoftwareFoundation.Python.3.11_qbz5n2kfra8p0\LocalCache\Local\pypoetry\Cache\virtualenvs\sports-betting-analytics-w0RVEvSZ-py3.11\Lib\site-packages\sklearn\utils\validation.py:2749: UserWarning: X does not have valid feature names, but LGBMClassifier was fitted with feature names
  warnings.warn(
C:\Users\Bobby\AppData\Local\Packages\PythonSoftwareFoundation.Python.3.11_qbz5n2kfra8p0\LocalCache\Local\pypoetry\Cache\virtualenvs\sports-betting-analytics-w0RVEvSZ-py3.11\Lib\site-packages\sklearn\utils\validation.py:2749: UserWarning: X does not have valid feature names, but LGBMClassifier was fitted with feature names
  warnings.warn(
C:\Users\Bobby\AppData\Local\Packages\PythonSoftwareFoundation.Python.3.11_qbz5n2kfra8p0\LocalCache\Local\pypoetry\Cache\virtualenvs\sports-betting-analytics-w0RVEvSZ-py3.11\Lib\site-packages\sklearn\utils\validation.py:2749: UserWarning: X does not have valid feature names, but LGBMClassifier was fitted with feature names
  warnings.warn(
C:\Users\Bobby\AppData\Local\Packages\PythonSoftwareFoundation.Python.3.11_qbz5n2kfra8p0\LocalCache\Local\pypoetry\Cache\virtualenvs\sports-betting-analytics-w0RVEvSZ-py3.11\Lib\site-packages\sklearn\utils\validation.py:2749: UserWarning: X does not have valid feature names, but LGBMClassifier was fitted with feature names
  warnings.warn(
C:\Users\Bobby\AppData\Local\Packages\PythonSoftwareFoundation.Python.3.11_qbz5n2kfra8p0\LocalCache\Local\pypoetry\Cache\virtualenvs\sports-betting-analytics-w0RVEvSZ-py3.11\Lib\site-packages\sklearn\utils\validation.py:2749: UserWarning: X does not have valid feature names, but LGBMClassifier was fitted with feature names
  warnings.warn(
C:\Users\Bobby\AppData\Local\Packages\PythonSoftwareFoundation.Python.3.11_qbz5n2kfra8p0\LocalCache\Local\pypoetry\Cache\virtualenvs\sports-betting-analytics-w0RVEvSZ-py3.11\Lib\site-packages\sklearn\neural_network\_multilayer_perceptron.py:781: ConvergenceWarning: Stochastic Optimizer: Maximum iterations (500) reached and the optimization hasn't converged yet.
  warnings.warn(
C:\Users\Bobby\AppData\Local\Packages\PythonSoftwareFoundation.Python.3.11_qbz5n2kfra8p0\LocalCache\Local\pypoetry\Cache\virtualenvs\sports-betting-analytics-w0RVEvSZ-py3.11\Lib\site-packages\sklearn\neural_network\_multilayer_perceptron.py:781: ConvergenceWarning: Stochastic Optimizer: Maximum iterations (500) reached and the optimization hasn't converged yet.
  warnings.warn(
C:\Users\Bobby\AppData\Local\Packages\PythonSoftwareFoundation.Python.3.11_qbz5n2kfra8p0\LocalCache\Local\pypoetry\Cache\virtualenvs\sports-betting-analytics-w0RVEvSZ-py3.11\Lib\site-packages\sklearn\neural_network\_multilayer_perceptron.py:781: ConvergenceWarning: Stochastic Optimizer: Maximum iterations (500) reached and the optimization hasn't converged yet.
  warnings.warn(
INFO:__main__:Loaded tuned params for NFL random_forest from config\tuned_params\nfl_random_forest.json
INFO:__main__:Ensemble pruning: 6 candidates, 5 kept (threshold=0.050, best_log_loss=0.622)
INFO:src.db.models:Persisted 1575 predictions for model ensemble_calibrated_a3d4e890
INFO:__main__:Saved model to models\nfl_ensemble_calibrated_moneyline.pkl
INFO:__main__:Metrics written to reports\backtests\nfl_ensemble_calibrated_metrics.json
[2025-12-09 20:21:36] Training NFL random_forest model...
INFO:__main__:Loaded tuned params for NFL random_forest from config\tuned_params\nfl_random_forest.json
INFO:src.db.models:Persisted 1575 predictions for model random_forest_calibrated_e111b8cd
INFO:__main__:Saved model to models\nfl_random_forest_calibrated_moneyline.pkl
INFO:__main__:Metrics written to reports\backtests\nfl_random_forest_calibrated_metrics.json
[2025-12-09 20:21:44] Training NFL random_forest totals model...
Totals model saved to models\nfl_totals_random_forest.pkl
Metrics written to reports\backtests\nfl_totals_random_forest_metrics.json
[2025-12-09 20:21:50] Training NFL gradient_boosting model...
INFO:src.db.models:Persisted 1575 predictions for model gradient_boosting_calibrated_d558b7cc
INFO:__main__:Saved model to models\nfl_gradient_boosting_calibrated_moneyline.pkl
INFO:__main__:Metrics written to reports\backtests\nfl_gradient_boosting_calibrated_metrics.json
[2025-12-09 20:21:58] Training NFL gradient_boosting totals model...
Totals model saved to models\nfl_totals_gradient_boosting.pkl
Metrics written to reports\backtests\nfl_totals_gradient_boosting_metrics.json
[2025-12-09 20:22:03] Training NBA ensemble model...
C:\Users\Bobby\AppData\Local\Packages\PythonSoftwareFoundation.Python.3.11_qbz5n2kfra8p0\LocalCache\Local\pypoetry\Cache\virtualenvs\sports-betting-analytics-w0RVEvSZ-py3.11\Lib\site-packages\sklearn\utils\validation.py:2749: UserWarning: X does not have valid feature names, but LGBMClassifier was fitted with feature names
  warnings.warn(
C:\Users\Bobby\AppData\Local\Packages\PythonSoftwareFoundation.Python.3.11_qbz5n2kfra8p0\LocalCache\Local\pypoetry\Cache\virtualenvs\sports-betting-analytics-w0RVEvSZ-py3.11\Lib\site-packages\sklearn\utils\validation.py:2749: UserWarning: X does not have valid feature names, but LGBMClassifier was fitted with feature names
  warnings.warn(
C:\Users\Bobby\AppData\Local\Packages\PythonSoftwareFoundation.Python.3.11_qbz5n2kfra8p0\LocalCache\Local\pypoetry\Cache\virtualenvs\sports-betting-analytics-w0RVEvSZ-py3.11\Lib\site-packages\sklearn\utils\validation.py:2749: UserWarning: X does not have valid feature names, but LGBMClassifier was fitted with feature names
  warnings.warn(
C:\Users\Bobby\AppData\Local\Packages\PythonSoftwareFoundation.Python.3.11_qbz5n2kfra8p0\LocalCache\Local\pypoetry\Cache\virtualenvs\sports-betting-analytics-w0RVEvSZ-py3.11\Lib\site-packages\sklearn\utils\validation.py:2749: UserWarning: X does not have valid feature names, but LGBMClassifier was fitted with feature names
  warnings.warn(
C:\Users\Bobby\AppData\Local\Packages\PythonSoftwareFoundation.Python.3.11_qbz5n2kfra8p0\LocalCache\Local\pypoetry\Cache\virtualenvs\sports-betting-analytics-w0RVEvSZ-py3.11\Lib\site-packages\sklearn\utils\validation.py:2749: UserWarning: X does not have valid feature names, but LGBMClassifier was fitted with feature names
  warnings.warn(
INFO:__main__:Loaded tuned params for NBA random_forest from config\tuned_params\nba_random_forest.json
INFO:__main__:Ensemble pruning: 6 candidates, 6 kept (threshold=0.050, best_log_loss=0.602)
INFO:src.db.models:Persisted 3491 predictions for model ensemble_calibrated_0e7b47f4
INFO:__main__:Saved model to models\nba_ensemble_calibrated_moneyline.pkl
INFO:__main__:Metrics written to reports\backtests\nba_ensemble_calibrated_metrics.json
[2025-12-09 20:22:27] Training NBA random_forest model...
INFO:__main__:Loaded tuned params for NBA random_forest from config\tuned_params\nba_random_forest.json
INFO:src.db.models:Persisted 3491 predictions for model random_forest_calibrated_267915f0
INFO:__main__:Saved model to models\nba_random_forest_calibrated_moneyline.pkl
INFO:__main__:Metrics written to reports\backtests\nba_random_forest_calibrated_metrics.json
[2025-12-09 20:22:33] Training NBA random_forest totals model...
Totals model saved to models\nba_totals_random_forest.pkl
Metrics written to reports\backtests\nba_totals_random_forest_metrics.json
[2025-12-09 20:22:38] Training NBA gradient_boosting model...
INFO:src.db.models:Persisted 3491 predictions for model gradient_boosting_calibrated_bd4c1fb9
INFO:__main__:Saved model to models\nba_gradient_boosting_calibrated_moneyline.pkl
INFO:__main__:Metrics written to reports\backtests\nba_gradient_boosting_calibrated_metrics.json
[2025-12-09 20:22:48] Training NBA gradient_boosting totals model...
Totals model saved to models\nba_totals_gradient_boosting.pkl
Metrics written to reports\backtests\nba_totals_gradient_boosting_metrics.json
[2025-12-09 20:22:53] Training CFB ensemble model...
C:\Users\Bobby\AppData\Local\Packages\PythonSoftwareFoundation.Python.3.11_qbz5n2kfra8p0\LocalCache\Local\pypoetry\Cache\virtualenvs\sports-betting-analytics-w0RVEvSZ-py3.11\Lib\site-packages\sklearn\utils\validation.py:2749: UserWarning: X does not have valid feature names, but LGBMClassifier was fitted with feature names
  warnings.warn(
C:\Users\Bobby\AppData\Local\Packages\PythonSoftwareFoundation.Python.3.11_qbz5n2kfra8p0\LocalCache\Local\pypoetry\Cache\virtualenvs\sports-betting-analytics-w0RVEvSZ-py3.11\Lib\site-packages\sklearn\utils\validation.py:2749: UserWarning: X does not have valid feature names, but LGBMClassifier was fitted with feature names
  warnings.warn(
C:\Users\Bobby\AppData\Local\Packages\PythonSoftwareFoundation.Python.3.11_qbz5n2kfra8p0\LocalCache\Local\pypoetry\Cache\virtualenvs\sports-betting-analytics-w0RVEvSZ-py3.11\Lib\site-packages\sklearn\utils\validation.py:2749: UserWarning: X does not have valid feature names, but LGBMClassifier was fitted with feature names
  warnings.warn(
C:\Users\Bobby\AppData\Local\Packages\PythonSoftwareFoundation.Python.3.11_qbz5n2kfra8p0\LocalCache\Local\pypoetry\Cache\virtualenvs\sports-betting-analytics-w0RVEvSZ-py3.11\Lib\site-packages\sklearn\utils\validation.py:2749: UserWarning: X does not have valid feature names, but LGBMClassifier was fitted with feature names
  warnings.warn(
C:\Users\Bobby\AppData\Local\Packages\PythonSoftwareFoundation.Python.3.11_qbz5n2kfra8p0\LocalCache\Local\pypoetry\Cache\virtualenvs\sports-betting-analytics-w0RVEvSZ-py3.11\Lib\site-packages\sklearn\utils\validation.py:2749: UserWarning: X does not have valid feature names, but LGBMClassifier was fitted with feature names
  warnings.warn(
INFO:__main__:Loaded tuned params for CFB random_forest from config\tuned_params\cfb_random_forest.json
INFO:__main__:Ensemble pruning: 6 candidates, 4 kept (threshold=0.050, best_log_loss=0.509)
INFO:src.db.models:Persisted 217 predictions for model ensemble_calibrated_397d1faa
INFO:__main__:Saved model to models\cfb_ensemble_calibrated_moneyline.pkl
INFO:__main__:Metrics written to reports\backtests\cfb_ensemble_calibrated_metrics.json
[2025-12-09 20:23:06] Training CFB random_forest model...
INFO:__main__:Loaded tuned params for CFB random_forest from config\tuned_params\cfb_random_forest.json
INFO:src.db.models:Persisted 217 predictions for model random_forest_calibrated_cf32e764
INFO:__main__:Saved model to models\cfb_random_forest_calibrated_moneyline.pkl
INFO:__main__:Metrics written to reports\backtests\cfb_random_forest_calibrated_metrics.json
[2025-12-09 20:23:15] Training CFB random_forest totals model...
Totals model saved to models\cfb_totals_random_forest.pkl
Metrics written to reports\backtests\cfb_totals_random_forest_metrics.json
[2025-12-09 20:23:21] Training CFB gradient_boosting model...
INFO:src.db.models:Persisted 217 predictions for model gradient_boosting_calibrated_f6649787
INFO:__main__:Saved model to models\cfb_gradient_boosting_calibrated_moneyline.pkl
INFO:__main__:Metrics written to reports\backtests\cfb_gradient_boosting_calibrated_metrics.json
[2025-12-09 20:23:29] Training CFB gradient_boosting totals model...
Totals model saved to models\cfb_totals_gradient_boosting.pkl
Metrics written to reports\backtests\cfb_totals_gradient_boosting_metrics.json
[2025-12-09 20:23:33] Training NCAAB ensemble model...
C:\Users\Bobby\AppData\Local\Packages\PythonSoftwareFoundation.Python.3.11_qbz5n2kfra8p0\LocalCache\Local\pypoetry\Cache\virtualenvs\sports-betting-analytics-w0RVEvSZ-py3.11\Lib\site-packages\sklearn\utils\validation.py:2749: UserWarning: X does not have valid feature names, but LGBMClassifier was fitted with feature names
  warnings.warn(
C:\Users\Bobby\AppData\Local\Packages\PythonSoftwareFoundation.Python.3.11_qbz5n2kfra8p0\LocalCache\Local\pypoetry\Cache\virtualenvs\sports-betting-analytics-w0RVEvSZ-py3.11\Lib\site-packages\sklearn\utils\validation.py:2749: UserWarning: X does not have valid feature names, but LGBMClassifier was fitted with feature names
  warnings.warn(
C:\Users\Bobby\AppData\Local\Packages\PythonSoftwareFoundation.Python.3.11_qbz5n2kfra8p0\LocalCache\Local\pypoetry\Cache\virtualenvs\sports-betting-analytics-w0RVEvSZ-py3.11\Lib\site-packages\sklearn\utils\validation.py:2749: UserWarning: X does not have valid feature names, but LGBMClassifier was fitted with feature names
  warnings.warn(
C:\Users\Bobby\AppData\Local\Packages\PythonSoftwareFoundation.Python.3.11_qbz5n2kfra8p0\LocalCache\Local\pypoetry\Cache\virtualenvs\sports-betting-analytics-w0RVEvSZ-py3.11\Lib\site-packages\sklearn\utils\validation.py:2749: UserWarning: X does not have valid feature names, but LGBMClassifier was fitted with feature names
  warnings.warn(
C:\Users\Bobby\AppData\Local\Packages\PythonSoftwareFoundation.Python.3.11_qbz5n2kfra8p0\LocalCache\Local\pypoetry\Cache\virtualenvs\sports-betting-analytics-w0RVEvSZ-py3.11\Lib\site-packages\sklearn\utils\validation.py:2749: UserWarning: X does not have valid feature names, but LGBMClassifier was fitted with feature names
  warnings.warn(
INFO:__main__:Loaded tuned params for NCAAB random_forest from config\tuned_params\ncaab_random_forest.json
INFO:__main__:Ensemble pruning: 6 candidates, 6 kept (threshold=0.050, best_log_loss=0.640)
INFO:src.db.models:Persisted 42160 predictions for model ensemble_calibrated_34bf6f7d
INFO:__main__:Saved model to models\ncaab_ensemble_calibrated_moneyline.pkl
INFO:__main__:Metrics written to reports\backtests\ncaab_ensemble_calibrated_metrics.json
[2025-12-09 20:25:24] Training NCAAB random_forest model...
INFO:__main__:Loaded tuned params for NCAAB random_forest from config\tuned_params\ncaab_random_forest.json
INFO:src.db.models:Persisted 42160 predictions for model random_forest_calibrated_01af241b
INFO:__main__:Saved model to models\ncaab_random_forest_calibrated_moneyline.pkl
INFO:__main__:Metrics written to reports\backtests\ncaab_random_forest_calibrated_metrics.json
[2025-12-09 20:25:40] Training NCAAB random_forest totals model...
Totals model saved to models\ncaab_totals_random_forest.pkl
Metrics written to reports\backtests\ncaab_totals_random_forest_metrics.json
[2025-12-09 20:25:45] Training NCAAB gradient_boosting model...
INFO:src.db.models:Persisted 42160 predictions for model gradient_boosting_calibrated_eddab978
INFO:__main__:Saved model to models\ncaab_gradient_boosting_calibrated_moneyline.pkl
INFO:__main__:Metrics written to reports\backtests\ncaab_gradient_boosting_calibrated_metrics.json
[2025-12-09 20:26:02] Training NCAAB gradient_boosting totals model...
Totals model saved to models\ncaab_totals_gradient_boosting.pkl
Metrics written to reports\backtests\ncaab_totals_gradient_boosting_metrics.json
[2025-12-09 20:26:06] Training NHL ensemble model...
C:\Users\Bobby\AppData\Local\Packages\PythonSoftwareFoundation.Python.3.11_qbz5n2kfra8p0\LocalCache\Local\pypoetry\Cache\virtualenvs\sports-betting-analytics-w0RVEvSZ-py3.11\Lib\site-packages\sklearn\utils\validation.py:2749: UserWarning: X does not have valid feature names, but LGBMClassifier was fitted with feature names
  warnings.warn(
C:\Users\Bobby\AppData\Local\Packages\PythonSoftwareFoundation.Python.3.11_qbz5n2kfra8p0\LocalCache\Local\pypoetry\Cache\virtualenvs\sports-betting-analytics-w0RVEvSZ-py3.11\Lib\site-packages\sklearn\utils\validation.py:2749: UserWarning: X does not have valid feature names, but LGBMClassifier was fitted with feature names
  warnings.warn(
C:\Users\Bobby\AppData\Local\Packages\PythonSoftwareFoundation.Python.3.11_qbz5n2kfra8p0\LocalCache\Local\pypoetry\Cache\virtualenvs\sports-betting-analytics-w0RVEvSZ-py3.11\Lib\site-packages\sklearn\utils\validation.py:2749: UserWarning: X does not have valid feature names, but LGBMClassifier was fitted with feature names
  warnings.warn(
C:\Users\Bobby\AppData\Local\Packages\PythonSoftwareFoundation.Python.3.11_qbz5n2kfra8p0\LocalCache\Local\pypoetry\Cache\virtualenvs\sports-betting-analytics-w0RVEvSZ-py3.11\Lib\site-packages\sklearn\utils\validation.py:2749: UserWarning: X does not have valid feature names, but LGBMClassifier was fitted with feature names
  warnings.warn(
C:\Users\Bobby\AppData\Local\Packages\PythonSoftwareFoundation.Python.3.11_qbz5n2kfra8p0\LocalCache\Local\pypoetry\Cache\virtualenvs\sports-betting-analytics-w0RVEvSZ-py3.11\Lib\site-packages\sklearn\utils\validation.py:2749: UserWarning: X does not have valid feature names, but LGBMClassifier was fitted with feature names
  warnings.warn(
C:\Users\Bobby\AppData\Local\Packages\PythonSoftwareFoundation.Python.3.11_qbz5n2kfra8p0\LocalCache\Local\pypoetry\Cache\virtualenvs\sports-betting-analytics-w0RVEvSZ-py3.11\Lib\site-packages\sklearn\neural_network\_multilayer_perceptron.py:781: ConvergenceWarning: Stochastic Optimizer: Maximum iterations (500) reached and the optimization hasn't converged yet.
  warnings.warn(
C:\Users\Bobby\AppData\Local\Packages\PythonSoftwareFoundation.Python.3.11_qbz5n2kfra8p0\LocalCache\Local\pypoetry\Cache\virtualenvs\sports-betting-analytics-w0RVEvSZ-py3.11\Lib\site-packages\sklearn\neural_network\_multilayer_perceptron.py:781: ConvergenceWarning: Stochastic Optimizer: Maximum iterations (500) reached and the optimization hasn't converged yet.
  warnings.warn(
C:\Users\Bobby\AppData\Local\Packages\PythonSoftwareFoundation.Python.3.11_qbz5n2kfra8p0\LocalCache\Local\pypoetry\Cache\virtualenvs\sports-betting-analytics-w0RVEvSZ-py3.11\Lib\site-packages\sklearn\neural_network\_multilayer_perceptron.py:781: ConvergenceWarning: Stochastic Optimizer: Maximum iterations (500) reached and the optimization hasn't converged yet.
  warnings.warn(
INFO:__main__:Loaded tuned params for NHL random_forest from config\tuned_params\nhl_random_forest.json
INFO:__main__:Ensemble pruning: 6 candidates, 6 kept (threshold=0.050, best_log_loss=0.665)
INFO:src.db.models:Persisted 83 predictions for model ensemble_calibrated_05d9f9cc
INFO:__main__:Saved model to models\nhl_ensemble_calibrated_moneyline.pkl
INFO:__main__:Metrics written to reports\backtests\nhl_ensemble_calibrated_metrics.json
[2025-12-09 20:26:21] Training NHL random_forest model...
INFO:__main__:Loaded tuned params for NHL random_forest from config\tuned_params\nhl_random_forest.json
INFO:src.db.models:Persisted 83 predictions for model random_forest_calibrated_6d628d0f
INFO:__main__:Saved model to models\nhl_random_forest_calibrated_moneyline.pkl
INFO:__main__:Metrics written to reports\backtests\nhl_random_forest_calibrated_metrics.json
[2025-12-09 20:26:28] Training NHL random_forest totals model...
Totals model saved to models\nhl_totals_random_forest.pkl
Metrics written to reports\backtests\nhl_totals_random_forest_metrics.json
[2025-12-09 20:26:33] Training NHL gradient_boosting model...
INFO:src.db.models:Persisted 83 predictions for model gradient_boosting_calibrated_5de803fd
INFO:__main__:Saved model to models\nhl_gradient_boosting_calibrated_moneyline.pkl
INFO:__main__:Metrics written to reports\backtests\nhl_gradient_boosting_calibrated_metrics.json
[2025-12-09 20:26:42] Training NHL gradient_boosting totals model...
Totals model saved to models\nhl_totals_gradient_boosting.pkl
Metrics written to reports\backtests\nhl_totals_gradient_boosting_metrics.json
[2025-12-09 20:26:48] Training EPL ensemble model...
C:\Users\Bobby\AppData\Local\Packages\PythonSoftwareFoundation.Python.3.11_qbz5n2kfra8p0\LocalCache\Local\pypoetry\Cache\virtualenvs\sports-betting-analytics-w0RVEvSZ-py3.11\Lib\site-packages\sklearn\utils\validation.py:2749: UserWarning: X does not have valid feature names, but LGBMClassifier was fitted with feature names
  warnings.warn(
C:\Users\Bobby\AppData\Local\Packages\PythonSoftwareFoundation.Python.3.11_qbz5n2kfra8p0\LocalCache\Local\pypoetry\Cache\virtualenvs\sports-betting-analytics-w0RVEvSZ-py3.11\Lib\site-packages\sklearn\utils\validation.py:2749: UserWarning: X does not have valid feature names, but LGBMClassifier was fitted with feature names
  warnings.warn(
C:\Users\Bobby\AppData\Local\Packages\PythonSoftwareFoundation.Python.3.11_qbz5n2kfra8p0\LocalCache\Local\pypoetry\Cache\virtualenvs\sports-betting-analytics-w0RVEvSZ-py3.11\Lib\site-packages\sklearn\utils\validation.py:2749: UserWarning: X does not have valid feature names, but LGBMClassifier was fitted with feature names
  warnings.warn(
C:\Users\Bobby\AppData\Local\Packages\PythonSoftwareFoundation.Python.3.11_qbz5n2kfra8p0\LocalCache\Local\pypoetry\Cache\virtualenvs\sports-betting-analytics-w0RVEvSZ-py3.11\Lib\site-packages\sklearn\utils\validation.py:2749: UserWarning: X does not have valid feature names, but LGBMClassifier was fitted with feature names
  warnings.warn(
C:\Users\Bobby\AppData\Local\Packages\PythonSoftwareFoundation.Python.3.11_qbz5n2kfra8p0\LocalCache\Local\pypoetry\Cache\virtualenvs\sports-betting-analytics-w0RVEvSZ-py3.11\Lib\site-packages\sklearn\utils\validation.py:2749: UserWarning: X does not have valid feature names, but LGBMClassifier was fitted with feature names
  warnings.warn(
INFO:__main__:Loaded tuned params for EPL random_forest from config\tuned_params\epl_random_forest.json
INFO:__main__:Ensemble pruning: 6 candidates, 6 kept (threshold=0.050, best_log_loss=0.605)
INFO:src.db.models:Persisted 1013 predictions for model ensemble_calibrated_d25e95cc
INFO:__main__:Saved model to models\epl_ensemble_calibrated_moneyline.pkl
INFO:__main__:Metrics written to reports\backtests\epl_ensemble_calibrated_metrics.json
[2025-12-09 20:27:00] Training EPL random_forest model...
INFO:__main__:Loaded tuned params for EPL random_forest from config\tuned_params\epl_random_forest.json
INFO:src.db.models:Persisted 1013 predictions for model random_forest_calibrated_05d6e01d
INFO:__main__:Saved model to models\epl_random_forest_calibrated_moneyline.pkl
INFO:__main__:Metrics written to reports\backtests\epl_random_forest_calibrated_metrics.json
[2025-12-09 20:27:06] Training EPL random_forest totals model...
Totals model saved to models\epl_totals_random_forest.pkl
Metrics written to reports\backtests\epl_totals_random_forest_metrics.json
[2025-12-09 20:27:11] Training EPL gradient_boosting model...
INFO:src.db.models:Persisted 1013 predictions for model gradient_boosting_calibrated_149f5812
INFO:__main__:Saved model to models\epl_gradient_boosting_calibrated_moneyline.pkl
INFO:__main__:Metrics written to reports\backtests\epl_gradient_boosting_calibrated_metrics.json
[2025-12-09 20:27:19] Training EPL gradient_boosting totals model...
Totals model saved to models\epl_totals_gradient_boosting.pkl
Metrics written to reports\backtests\epl_totals_gradient_boosting_metrics.json
[2025-12-09 20:27:23] Training LALIGA ensemble model...
C:\Users\Bobby\AppData\Local\Packages\PythonSoftwareFoundation.Python.3.11_qbz5n2kfra8p0\LocalCache\Local\pypoetry\Cache\virtualenvs\sports-betting-analytics-w0RVEvSZ-py3.11\Lib\site-packages\sklearn\utils\validation.py:2749: UserWarning: X does not have valid feature names, but LGBMClassifier was fitted with feature names
  warnings.warn(
C:\Users\Bobby\AppData\Local\Packages\PythonSoftwareFoundation.Python.3.11_qbz5n2kfra8p0\LocalCache\Local\pypoetry\Cache\virtualenvs\sports-betting-analytics-w0RVEvSZ-py3.11\Lib\site-packages\sklearn\utils\validation.py:2749: UserWarning: X does not have valid feature names, but LGBMClassifier was fitted with feature names
  warnings.warn(
C:\Users\Bobby\AppData\Local\Packages\PythonSoftwareFoundation.Python.3.11_qbz5n2kfra8p0\LocalCache\Local\pypoetry\Cache\virtualenvs\sports-betting-analytics-w0RVEvSZ-py3.11\Lib\site-packages\sklearn\utils\validation.py:2749: UserWarning: X does not have valid feature names, but LGBMClassifier was fitted with feature names
  warnings.warn(
C:\Users\Bobby\AppData\Local\Packages\PythonSoftwareFoundation.Python.3.11_qbz5n2kfra8p0\LocalCache\Local\pypoetry\Cache\virtualenvs\sports-betting-analytics-w0RVEvSZ-py3.11\Lib\site-packages\sklearn\utils\validation.py:2749: UserWarning: X does not have valid feature names, but LGBMClassifier was fitted with feature names
  warnings.warn(
C:\Users\Bobby\AppData\Local\Packages\PythonSoftwareFoundation.Python.3.11_qbz5n2kfra8p0\LocalCache\Local\pypoetry\Cache\virtualenvs\sports-betting-analytics-w0RVEvSZ-py3.11\Lib\site-packages\sklearn\utils\validation.py:2749: UserWarning: X does not have valid feature names, but LGBMClassifier was fitted with feature names
  warnings.warn(
INFO:__main__:Loaded tuned params for LALIGA random_forest from config\tuned_params\laliga_random_forest.json
INFO:__main__:Ensemble pruning: 6 candidates, 6 kept (threshold=0.050, best_log_loss=0.540)
INFO:src.db.models:Persisted 1013 predictions for model ensemble_calibrated_a3d18d43
INFO:__main__:Saved model to models\laliga_ensemble_calibrated_moneyline.pkl
INFO:__main__:Metrics written to reports\backtests\laliga_ensemble_calibrated_metrics.json
[2025-12-09 20:27:37] Training LALIGA random_forest model...
INFO:__main__:Loaded tuned params for LALIGA random_forest from config\tuned_params\laliga_random_forest.json
INFO:src.db.models:Persisted 1013 predictions for model random_forest_calibrated_58299e15
INFO:__main__:Saved model to models\laliga_random_forest_calibrated_moneyline.pkl
INFO:__main__:Metrics written to reports\backtests\laliga_random_forest_calibrated_metrics.json
[2025-12-09 20:27:45] Training LALIGA random_forest totals model...
Totals model saved to models\laliga_totals_random_forest.pkl
Metrics written to reports\backtests\laliga_totals_random_forest_metrics.json
[2025-12-09 20:27:50] Training LALIGA gradient_boosting model...
INFO:src.db.models:Persisted 1013 predictions for model gradient_boosting_calibrated_e3df0c3d
INFO:__main__:Saved model to models\laliga_gradient_boosting_calibrated_moneyline.pkl
INFO:__main__:Metrics written to reports\backtests\laliga_gradient_boosting_calibrated_metrics.json
[2025-12-09 20:27:58] Training LALIGA gradient_boosting totals model...
Totals model saved to models\laliga_totals_gradient_boosting.pkl
Metrics written to reports\backtests\laliga_totals_gradient_boosting_metrics.json
[2025-12-09 20:28:03] Training BUNDESLIGA ensemble model...
C:\Users\Bobby\AppData\Local\Packages\PythonSoftwareFoundation.Python.3.11_qbz5n2kfra8p0\LocalCache\Local\pypoetry\Cache\virtualenvs\sports-betting-analytics-w0RVEvSZ-py3.11\Lib\site-packages\sklearn\utils\validation.py:2749: UserWarning: X does not have valid feature names, but LGBMClassifier was fitted with feature names
  warnings.warn(
C:\Users\Bobby\AppData\Local\Packages\PythonSoftwareFoundation.Python.3.11_qbz5n2kfra8p0\LocalCache\Local\pypoetry\Cache\virtualenvs\sports-betting-analytics-w0RVEvSZ-py3.11\Lib\site-packages\sklearn\utils\validation.py:2749: UserWarning: X does not have valid feature names, but LGBMClassifier was fitted with feature names
  warnings.warn(
C:\Users\Bobby\AppData\Local\Packages\PythonSoftwareFoundation.Python.3.11_qbz5n2kfra8p0\LocalCache\Local\pypoetry\Cache\virtualenvs\sports-betting-analytics-w0RVEvSZ-py3.11\Lib\site-packages\sklearn\utils\validation.py:2749: UserWarning: X does not have valid feature names, but LGBMClassifier was fitted with feature names
  warnings.warn(
C:\Users\Bobby\AppData\Local\Packages\PythonSoftwareFoundation.Python.3.11_qbz5n2kfra8p0\LocalCache\Local\pypoetry\Cache\virtualenvs\sports-betting-analytics-w0RVEvSZ-py3.11\Lib\site-packages\sklearn\utils\validation.py:2749: UserWarning: X does not have valid feature names, but LGBMClassifier was fitted with feature names
  warnings.warn(
C:\Users\Bobby\AppData\Local\Packages\PythonSoftwareFoundation.Python.3.11_qbz5n2kfra8p0\LocalCache\Local\pypoetry\Cache\virtualenvs\sports-betting-analytics-w0RVEvSZ-py3.11\Lib\site-packages\sklearn\utils\validation.py:2749: UserWarning: X does not have valid feature names, but LGBMClassifier was fitted with feature names
  warnings.warn(
INFO:__main__:Loaded tuned params for BUNDESLIGA random_forest from config\tuned_params\bundesliga_random_forest.json
INFO:__main__:Ensemble pruning: 6 candidates, 6 kept (threshold=0.050, best_log_loss=0.589)
INFO:src.db.models:Persisted 815 predictions for model ensemble_calibrated_2ff9bb54
INFO:__main__:Saved model to models\bundesliga_ensemble_calibrated_moneyline.pkl
INFO:__main__:Metrics written to reports\backtests\bundesliga_ensemble_calibrated_metrics.json
[2025-12-09 20:28:18] Training BUNDESLIGA random_forest model...
INFO:__main__:Loaded tuned params for BUNDESLIGA random_forest from config\tuned_params\bundesliga_random_forest.json
INFO:src.db.models:Persisted 815 predictions for model random_forest_calibrated_f16d8449
INFO:__main__:Saved model to models\bundesliga_random_forest_calibrated_moneyline.pkl
INFO:__main__:Metrics written to reports\backtests\bundesliga_random_forest_calibrated_metrics.json
[2025-12-09 20:28:25] Training BUNDESLIGA random_forest totals model...
Totals model saved to models\bundesliga_totals_random_forest.pkl
Metrics written to reports\backtests\bundesliga_totals_random_forest_metrics.json
[2025-12-09 20:28:30] Training BUNDESLIGA gradient_boosting model...
INFO:src.db.models:Persisted 815 predictions for model gradient_boosting_calibrated_4840ee08
INFO:__main__:Saved model to models\bundesliga_gradient_boosting_calibrated_moneyline.pkl
INFO:__main__:Metrics written to reports\backtests\bundesliga_gradient_boosting_calibrated_metrics.json
[2025-12-09 20:28:37] Training BUNDESLIGA gradient_boosting totals model...
Totals model saved to models\bundesliga_totals_gradient_boosting.pkl
Metrics written to reports\backtests\bundesliga_totals_gradient_boosting_metrics.json
[2025-12-09 20:28:42] Training SERIEA ensemble model...
C:\Users\Bobby\AppData\Local\Packages\PythonSoftwareFoundation.Python.3.11_qbz5n2kfra8p0\LocalCache\Local\pypoetry\Cache\virtualenvs\sports-betting-analytics-w0RVEvSZ-py3.11\Lib\site-packages\sklearn\utils\validation.py:2749: UserWarning: X does not have valid feature names, but LGBMClassifier was fitted with feature names
  warnings.warn(
C:\Users\Bobby\AppData\Local\Packages\PythonSoftwareFoundation.Python.3.11_qbz5n2kfra8p0\LocalCache\Local\pypoetry\Cache\virtualenvs\sports-betting-analytics-w0RVEvSZ-py3.11\Lib\site-packages\sklearn\utils\validation.py:2749: UserWarning: X does not have valid feature names, but LGBMClassifier was fitted with feature names
  warnings.warn(
C:\Users\Bobby\AppData\Local\Packages\PythonSoftwareFoundation.Python.3.11_qbz5n2kfra8p0\LocalCache\Local\pypoetry\Cache\virtualenvs\sports-betting-analytics-w0RVEvSZ-py3.11\Lib\site-packages\sklearn\utils\validation.py:2749: UserWarning: X does not have valid feature names, but LGBMClassifier was fitted with feature names
  warnings.warn(
C:\Users\Bobby\AppData\Local\Packages\PythonSoftwareFoundation.Python.3.11_qbz5n2kfra8p0\LocalCache\Local\pypoetry\Cache\virtualenvs\sports-betting-analytics-w0RVEvSZ-py3.11\Lib\site-packages\sklearn\utils\validation.py:2749: UserWarning: X does not have valid feature names, but LGBMClassifier was fitted with feature names
  warnings.warn(
C:\Users\Bobby\AppData\Local\Packages\PythonSoftwareFoundation.Python.3.11_qbz5n2kfra8p0\LocalCache\Local\pypoetry\Cache\virtualenvs\sports-betting-analytics-w0RVEvSZ-py3.11\Lib\site-packages\sklearn\utils\validation.py:2749: UserWarning: X does not have valid feature names, but LGBMClassifier was fitted with feature names
  warnings.warn(
INFO:__main__:Loaded tuned params for SERIEA random_forest from config\tuned_params\seriea_random_forest.json
INFO:__main__:Ensemble pruning: 6 candidates, 6 kept (threshold=0.050, best_log_loss=0.585)
INFO:src.db.models:Persisted 1003 predictions for model ensemble_calibrated_5e1883c1
INFO:__main__:Saved model to models\seriea_ensemble_calibrated_moneyline.pkl
INFO:__main__:Metrics written to reports\backtests\seriea_ensemble_calibrated_metrics.json
[2025-12-09 20:28:54] Training SERIEA random_forest model...
INFO:__main__:Loaded tuned params for SERIEA random_forest from config\tuned_params\seriea_random_forest.json
INFO:src.db.models:Persisted 1003 predictions for model random_forest_calibrated_52101483
INFO:__main__:Saved model to models\seriea_random_forest_calibrated_moneyline.pkl
INFO:__main__:Metrics written to reports\backtests\seriea_random_forest_calibrated_metrics.json
[2025-12-09 20:29:00] Training SERIEA random_forest totals model...
Totals model saved to models\seriea_totals_random_forest.pkl
Metrics written to reports\backtests\seriea_totals_random_forest_metrics.json
[2025-12-09 20:29:06] Training SERIEA gradient_boosting model...
INFO:src.db.models:Persisted 1003 predictions for model gradient_boosting_calibrated_633279b7
INFO:__main__:Saved model to models\seriea_gradient_boosting_calibrated_moneyline.pkl
INFO:__main__:Metrics written to reports\backtests\seriea_gradient_boosting_calibrated_metrics.json
[2025-12-09 20:29:16] Training SERIEA gradient_boosting totals model...
Totals model saved to models\seriea_totals_gradient_boosting.pkl
Metrics written to reports\backtests\seriea_totals_gradient_boosting_metrics.json
[2025-12-09 20:29:20] Training LIGUE1 ensemble model...
C:\Users\Bobby\AppData\Local\Packages\PythonSoftwareFoundation.Python.3.11_qbz5n2kfra8p0\LocalCache\Local\pypoetry\Cache\virtualenvs\sports-betting-analytics-w0RVEvSZ-py3.11\Lib\site-packages\sklearn\utils\validation.py:2749: UserWarning: X does not have valid feature names, but LGBMClassifier was fitted with feature names
  warnings.warn(
C:\Users\Bobby\AppData\Local\Packages\PythonSoftwareFoundation.Python.3.11_qbz5n2kfra8p0\LocalCache\Local\pypoetry\Cache\virtualenvs\sports-betting-analytics-w0RVEvSZ-py3.11\Lib\site-packages\sklearn\utils\validation.py:2749: UserWarning: X does not have valid feature names, but LGBMClassifier was fitted with feature names
  warnings.warn(
C:\Users\Bobby\AppData\Local\Packages\PythonSoftwareFoundation.Python.3.11_qbz5n2kfra8p0\LocalCache\Local\pypoetry\Cache\virtualenvs\sports-betting-analytics-w0RVEvSZ-py3.11\Lib\site-packages\sklearn\utils\validation.py:2749: UserWarning: X does not have valid feature names, but LGBMClassifier was fitted with feature names
  warnings.warn(
C:\Users\Bobby\AppData\Local\Packages\PythonSoftwareFoundation.Python.3.11_qbz5n2kfra8p0\LocalCache\Local\pypoetry\Cache\virtualenvs\sports-betting-analytics-w0RVEvSZ-py3.11\Lib\site-packages\sklearn\utils\validation.py:2749: UserWarning: X does not have valid feature names, but LGBMClassifier was fitted with feature names
  warnings.warn(
C:\Users\Bobby\AppData\Local\Packages\PythonSoftwareFoundation.Python.3.11_qbz5n2kfra8p0\LocalCache\Local\pypoetry\Cache\virtualenvs\sports-betting-analytics-w0RVEvSZ-py3.11\Lib\site-packages\sklearn\utils\validation.py:2749: UserWarning: X does not have valid feature names, but LGBMClassifier was fitted with feature names
  warnings.warn(
INFO:__main__:Loaded tuned params for LIGUE1 random_forest from config\tuned_params\ligue1_random_forest.json
INFO:__main__:Ensemble pruning: 6 candidates, 6 kept (threshold=0.050, best_log_loss=0.592)
INFO:src.db.models:Persisted 1012 predictions for model ensemble_calibrated_56fe9215
INFO:__main__:Saved model to models\ligue1_ensemble_calibrated_moneyline.pkl
INFO:__main__:Metrics written to reports\backtests\ligue1_ensemble_calibrated_metrics.json
[2025-12-09 20:29:33] Training LIGUE1 random_forest model...
INFO:__main__:Loaded tuned params for LIGUE1 random_forest from config\tuned_params\ligue1_random_forest.json
INFO:src.db.models:Persisted 1012 predictions for model random_forest_calibrated_bc5479b6
INFO:__main__:Saved model to models\ligue1_random_forest_calibrated_moneyline.pkl
INFO:__main__:Metrics written to reports\backtests\ligue1_random_forest_calibrated_metrics.json
[2025-12-09 20:29:39] Training LIGUE1 random_forest totals model...
Totals model saved to models\ligue1_totals_random_forest.pkl
Metrics written to reports\backtests\ligue1_totals_random_forest_metrics.json
[2025-12-09 20:29:45] Training LIGUE1 gradient_boosting model...
INFO:src.db.models:Persisted 1012 predictions for model gradient_boosting_calibrated_431f7f24
INFO:__main__:Saved model to models\ligue1_gradient_boosting_calibrated_moneyline.pkl
INFO:__main__:Metrics written to reports\backtests\ligue1_gradient_boosting_calibrated_metrics.json
[2025-12-09 20:29:52] Training LIGUE1 gradient_boosting totals model...
Totals model saved to models\ligue1_totals_gradient_boosting.pkl
Metrics written to reports\backtests\ligue1_totals_gradient_boosting_metrics.json
[2025-12-09 20:29:57] =========================================
[2025-12-09 20:29:57] TRAINING pipeline completed
[2025-12-09 20:29:57] =========================================
**********************
Windows PowerShell transcript end
End time: 20251209202957
**********************
