[2025-12-04 19:38:27] =========================================
[2025-12-04 19:38:27] Starting TRAINING pipeline
[2025-12-04 19:38:27] =========================================
[2025-12-04 19:38:27] Processing leagues: NFL, NBA, CFB, NCAAB, NHL, EPL, LALIGA, BUNDESLIGA, SERIEA, LIGUE1
[2025-12-04 19:38:27] Skipping data ingestion (SkipIngestion enabled)
[2025-12-04 19:38:27] Step 2: Building Datasets...
[2025-12-04 19:38:27] Building dataset for NFL (Seasons: 2015-2025)...
[2025-12-04 19:38:30] WARNING: Dataset build failed for NFL
[2025-12-04 19:38:30] Building dataset for NBA (Seasons: 2015-2025)...
[2025-12-04 19:38:44] Building dataset for CFB (Seasons: 2015-2025)...
[2025-12-04 19:38:47] Building dataset for NCAAB (Seasons: 2015-2025)...
[2025-12-04 19:38:50] Building dataset for NHL (Seasons: 2015-2025)...
[2025-12-04 19:38:51] Building dataset for EPL (Seasons: 2015-2025)...
[2025-12-04 19:38:56] Building dataset for LALIGA (Seasons: 2015-2025)...
[2025-12-04 19:38:59] Building dataset for BUNDESLIGA (Seasons: 2015-2025)...
[2025-12-04 19:39:02] Building dataset for SERIEA (Seasons: 2015-2025)...
[2025-12-04 19:39:05] Building dataset for LIGUE1 (Seasons: 2015-2025)...
[2025-12-04 19:39:08] Step 3: Training Models...
[2025-12-04 19:39:08] Training NFL ensemble model...
[2025-12-04 19:39:49] Training NFL random_forest model...
[2025-12-04 19:39:53] Training NFL random_forest totals model...
[2025-12-04 19:39:55] Training NFL gradient_boosting model...
[2025-12-04 19:40:00] Training NFL gradient_boosting totals model...
[2025-12-04 19:40:02] Training NBA ensemble model...
[2025-12-04 19:40:15] Training NBA random_forest model...
[2025-12-04 19:40:19] Training NBA random_forest totals model...
[2025-12-04 19:40:21] Training NBA gradient_boosting model...
[2025-12-04 19:40:25] Training NBA gradient_boosting totals model...
[2025-12-04 19:40:27] Training CFB ensemble model...
[2025-12-04 19:40:35] Training CFB random_forest model...
[2025-12-04 19:40:39] Training CFB random_forest totals model...
[2025-12-04 19:40:42] Training CFB gradient_boosting model...
[2025-12-04 19:40:46] Training CFB gradient_boosting totals model...
[2025-12-04 19:40:48] Training NCAAB ensemble model...
[2025-12-04 19:42:17] Training NCAAB random_forest model...
[2025-12-04 19:42:28] Training NCAAB random_forest totals model...
[2025-12-04 19:42:31] Training NCAAB gradient_boosting model...
[2025-12-04 19:42:40] Training NCAAB gradient_boosting totals model...
[2025-12-04 19:42:43] Training NHL ensemble model...
[2025-12-04 19:42:51] Training NHL random_forest model...
[2025-12-04 19:42:55] Training NHL random_forest totals model...
[2025-12-04 19:42:57] Training NHL gradient_boosting model...
[2025-12-04 19:43:01] Training NHL gradient_boosting totals model...
[2025-12-04 19:43:04] Training EPL ensemble model...
[2025-12-04 19:43:12] Training EPL random_forest model...
[2025-12-04 19:43:16] Training EPL random_forest totals model...
[2025-12-04 19:43:19] Training EPL gradient_boosting model...
[2025-12-04 19:43:23] Training EPL gradient_boosting totals model...
[2025-12-04 19:43:25] Training LALIGA ensemble model...
[2025-12-04 19:43:34] Training LALIGA random_forest model...
[2025-12-04 19:43:38] Training LALIGA random_forest totals model...
[2025-12-04 19:43:40] Training LALIGA gradient_boosting model...
[2025-12-04 19:43:44] Training LALIGA gradient_boosting totals model...
[2025-12-04 19:43:47] Training BUNDESLIGA ensemble model...
[2025-12-04 19:43:55] Training BUNDESLIGA random_forest model...
[2025-12-04 19:43:59] Training BUNDESLIGA random_forest totals model...
[2025-12-04 19:44:02] Training BUNDESLIGA gradient_boosting model...
[2025-12-04 19:44:06] Training BUNDESLIGA gradient_boosting totals model...
[2025-12-04 19:44:08] Training SERIEA ensemble model...
[2025-12-04 19:44:16] Training SERIEA random_forest model...
[2025-12-04 19:44:19] Training SERIEA random_forest totals model...
[2025-12-04 19:44:21] Training SERIEA gradient_boosting model...
[2025-12-04 19:44:25] Training SERIEA gradient_boosting totals model...
[2025-12-04 19:44:27] Training LIGUE1 ensemble model...
[2025-12-04 19:44:35] Training LIGUE1 random_forest model...
[2025-12-04 19:44:38] Training LIGUE1 random_forest totals model...
[2025-12-04 19:44:41] Training LIGUE1 gradient_boosting model...
[2025-12-04 19:44:45] Training LIGUE1 gradient_boosting totals model...
[2025-12-04 19:44:47] =========================================
[2025-12-04 19:44:47] TRAINING pipeline completed
[2025-12-04 19:44:47] =========================================
