**********************
Windows PowerShell transcript start
Start time: 20251215224517
Username: GAMING-PC\Bobby
RunAs User: GAMING-PC\Bobby
Configuration Name: 
Machine: GAMING-PC (Microsoft Windows NT 10.0.26200.0)
Host Application: C:\WINDOWS\System32\WindowsPowerShell\v1.0\powershell.exe -NoProfile -ExecutionPolicy Bypass -Command Import-Module 'c:\Users\Bobby\.antigravity\extensions\ms-vscode.powershell-2025.4.0-universal\modules\PowerShellEditorServices\PowerShellEditorServices.psd1'; Start-EditorServices -HostName 'Visual Studio Code Host' -HostProfileId 'Microsoft.VSCode' -HostVersion '2025.4.0' -BundledModulesPath 'c:\Users\Bobby\.antigravity\extensions\ms-vscode.powershell-2025.4.0-universal\modules' -EnableConsoleRepl -StartupBanner "PowerShell Extension v2025.4.0
Copyright (c) Microsoft Corporation.

https://aka.ms/vscode-powershell
Type 'help' to get help.
" -LogLevel 'Warning' -LogPath 'c:\Users\Bobby\AppData\Roaming\Antigravity\logs\20251215T100845\window1\exthost\ms-vscode.powershell' -SessionDetailsPath 'c:\Users\Bobby\AppData\Roaming\Antigravity\User\globalStorage\ms-vscode.powershell\sessions\PSES-VSCode-11312-435217.json' -FeatureFlags @() 
Process ID: 1816
PSVersion: 5.1.26100.7462
PSEdition: Desktop
PSCompatibleVersions: 1.0, 2.0, 3.0, 4.0, 5.0, 5.1.26100.7462
BuildVersion: 10.0.26100.7462
CLRVersion: 4.0.30319.42000
WSManStackVersion: 3.0
PSRemotingProtocolVersion: 2.3
SerializationVersion: 1.1.0.1
**********************
Transcript started, output file is logs/train_pipeline_20251215_224517.log
[2025-12-15 22:45:17] =========================================
[2025-12-15 22:45:17] Starting TRAINING pipeline
[2025-12-15 22:45:17] =========================================
[2025-12-15 22:45:17] Processing leagues: NFL, NBA, CFB, NCAAB, NHL, EPL, LALIGA, BUNDESLIGA, SERIEA, LIGUE1
[2025-12-15 22:45:17] Step 1: Building Datasets...
[2025-12-15 22:45:17] Building dataset for NFL (Seasons: 2015-2025)...
INFO:src.features.dataset.nfl:Loading cached schedules data from C:\Users\Bobby\Desktop\sports\data\raw\results\schedules_2015_2026.parquet
INFO:src.features.dataset.nfl:Loading cached team metrics from C:\Users\Bobby\Desktop\sports\data\processed\intermediate\team_metrics_2015_2026.parquet
INFO:src.features.dataset.nfl:Loading cached injury reports from C:\Users\Bobby\Desktop\sports\data\raw\results\injuries_2015_2026.parquet
INFO:src.features.dataset.nfl:Wrote processed dataset to C:\Users\Bobby\Desktop\sports\data\processed\model_input\moneyline_nfl_2015_2026.parquet
[2025-12-15 22:45:21] Building dataset for NBA (Seasons: 2015-2025)...
INFO:src.features.dataset.nba:Wrote processed dataset to C:\Users\Bobby\Desktop\sports\data\processed\model_input\moneyline_nba_2015_2026.parquet
[2025-12-15 22:45:22] Building dataset for CFB (Seasons: 2015-2025)...
INFO:src.features.dataset.cfb:Wrote processed dataset to C:\Users\Bobby\Desktop\sports\data\processed\model_input\moneyline_cfb_2015_2026.parquet
[2025-12-15 22:45:24] Building dataset for NCAAB (Seasons: 2015-2025)...
INFO:src.features.dataset.ncaab:Wrote processed dataset to C:\Users\Bobby\Desktop\sports\data\processed\model_input\moneyline_ncaab_2015_2026.parquet
[2025-12-15 22:45:25] Building dataset for NHL (Seasons: 2015-2025)...
INFO:src.features.dataset.nhl:Wrote processed dataset to C:\Users\Bobby\Desktop\sports\data\processed\model_input\moneyline_nhl_2015_2026.parquet
[2025-12-15 22:45:27] Building dataset for EPL (Seasons: 2015-2025)...
WARNING:src.features.soccer_features:Unable to align Football-Data odds for EPL
INFO:src.features.dataset.soccer:Wrote processed dataset to C:\Users\Bobby\Desktop\sports\data\processed\model_input\moneyline_epl_2015_2026.parquet
[2025-12-15 22:45:29] Building dataset for LALIGA (Seasons: 2015-2025)...
WARNING:src.features.soccer_features:Unable to align Football-Data odds for LALIGA
WARNING:src.features.soccer_features:Unable to match Understat games to warehouse games for LALIGA
INFO:src.features.dataset.soccer:Wrote processed dataset to C:\Users\Bobby\Desktop\sports\data\processed\model_input\moneyline_laliga_2015_2026.parquet
[2025-12-15 22:45:30] Building dataset for BUNDESLIGA (Seasons: 2015-2025)...
WARNING:src.features.soccer_features:Unable to align Football-Data odds for BUNDESLIGA
INFO:src.features.dataset.soccer:Wrote processed dataset to C:\Users\Bobby\Desktop\sports\data\processed\model_input\moneyline_bundesliga_2015_2026.parquet
[2025-12-15 22:45:31] Building dataset for SERIEA (Seasons: 2015-2025)...
WARNING:src.features.soccer_features:Unable to align Football-Data odds for SERIEA
WARNING:src.features.soccer_features:Unable to match Understat games to warehouse games for SERIEA
INFO:src.features.dataset.soccer:Wrote processed dataset to C:\Users\Bobby\Desktop\sports\data\processed\model_input\moneyline_seriea_2015_2026.parquet
[2025-12-15 22:45:33] Building dataset for LIGUE1 (Seasons: 2015-2025)...
WARNING:src.features.soccer_features:Unable to align Football-Data odds for LIGUE1
WARNING:src.features.soccer_features:Unable to match Understat games to warehouse games for LIGUE1
INFO:src.features.dataset.soccer:Wrote processed dataset to C:\Users\Bobby\Desktop\sports\data\processed\model_input\moneyline_ligue1_2015_2026.parquet
[2025-12-15 22:45:34] Step 2: Training Models...
[2025-12-15 22:45:34] Training NFL ensemble model...
C:\Users\Bobby\AppData\Local\Packages\PythonSoftwareFoundation.Python.3.11_qbz5n2kfra8p0\LocalCache\Local\pypoetry\Cache\virtualenvs\sports-betting-analytics-w0RVEvSZ-py3.11\Lib\site-packages\sklearn\utils\validation.py:2749: UserWarning: X does not have valid feature names, but LGBMClassifier was fitted with feature names
  warnings.warn(
C:\Users\Bobby\AppData\Local\Packages\PythonSoftwareFoundation.Python.3.11_qbz5n2kfra8p0\LocalCache\Local\pypoetry\Cache\virtualenvs\sports-betting-analytics-w0RVEvSZ-py3.11\Lib\site-packages\sklearn\utils\validation.py:2749: UserWarning: X does not have valid feature names, but LGBMClassifier was fitted with feature names
  warnings.warn(
C:\Users\Bobby\AppData\Local\Packages\PythonSoftwareFoundation.Python.3.11_qbz5n2kfra8p0\LocalCache\Local\pypoetry\Cache\virtualenvs\sports-betting-analytics-w0RVEvSZ-py3.11\Lib\site-packages\sklearn\utils\validation.py:2749: UserWarning: X does not have valid feature names, but LGBMClassifier was fitted with feature names
  warnings.warn(
C:\Users\Bobby\AppData\Local\Packages\PythonSoftwareFoundation.Python.3.11_qbz5n2kfra8p0\LocalCache\Local\pypoetry\Cache\virtualenvs\sports-betting-analytics-w0RVEvSZ-py3.11\Lib\site-packages\sklearn\utils\validation.py:2749: UserWarning: X does not have valid feature names, but LGBMClassifier was fitted with feature names
  warnings.warn(
C:\Users\Bobby\AppData\Local\Packages\PythonSoftwareFoundation.Python.3.11_qbz5n2kfra8p0\LocalCache\Local\pypoetry\Cache\virtualenvs\sports-betting-analytics-w0RVEvSZ-py3.11\Lib\site-packages\sklearn\utils\validation.py:2749: UserWarning: X does not have valid feature names, but LGBMClassifier was fitted with feature names
  warnings.warn(
C:\Users\Bobby\AppData\Local\Packages\PythonSoftwareFoundation.Python.3.11_qbz5n2kfra8p0\LocalCache\Local\pypoetry\Cache\virtualenvs\sports-betting-analytics-w0RVEvSZ-py3.11\Lib\site-packages\sklearn\neural_network\_multilayer_perceptron.py:781: ConvergenceWarning: Stochastic Optimizer: Maximum iterations (500) reached and the optimization hasn't converged yet.
  warnings.warn(
C:\Users\Bobby\AppData\Local\Packages\PythonSoftwareFoundation.Python.3.11_qbz5n2kfra8p0\LocalCache\Local\pypoetry\Cache\virtualenvs\sports-betting-analytics-w0RVEvSZ-py3.11\Lib\site-packages\sklearn\neural_network\_multilayer_perceptron.py:781: ConvergenceWarning: Stochastic Optimizer: Maximum iterations (500) reached and the optimization hasn't converged yet.
  warnings.warn(
C:\Users\Bobby\AppData\Local\Packages\PythonSoftwareFoundation.Python.3.11_qbz5n2kfra8p0\LocalCache\Local\pypoetry\Cache\virtualenvs\sports-betting-analytics-w0RVEvSZ-py3.11\Lib\site-packages\sklearn\neural_network\_multilayer_perceptron.py:781: ConvergenceWarning: Stochastic Optimizer: Maximum iterations (500) reached and the optimization hasn't converged yet.
  warnings.warn(
INFO:__main__:Loaded tuned params for NFL random_forest from config\tuned_params\nfl_random_forest.json
INFO:__main__:Ensemble pruning: 6 candidates, 5 kept (threshold=0.050, best_log_loss=0.622)
INFO:src.db.models:Persisted 1575 predictions for model ensemble_calibrated_a7da5eb1
INFO:__main__:Saved model to models\nfl_ensemble_calibrated_moneyline.pkl
INFO:__main__:Metrics written to reports\backtests\nfl_ensemble_calibrated_metrics.json
[2025-12-15 22:46:15] Training NFL random_forest model...
INFO:__main__:Loaded tuned params for NFL random_forest from config\tuned_params\nfl_random_forest.json
INFO:src.db.models:Persisted 1575 predictions for model random_forest_calibrated_7d999800
INFO:__main__:Saved model to models\nfl_random_forest_calibrated_moneyline.pkl
INFO:__main__:Metrics written to reports\backtests\nfl_random_forest_calibrated_metrics.json
[2025-12-15 22:46:19] Training NFL random_forest totals model...
Totals model saved to models\nfl_totals_random_forest.pkl
Metrics written to reports\backtests\nfl_totals_random_forest_metrics.json
[2025-12-15 22:46:20] Training NFL gradient_boosting model...
INFO:src.db.models:Persisted 1575 predictions for model gradient_boosting_calibrated_56df7a14
INFO:__main__:Saved model to models\nfl_gradient_boosting_calibrated_moneyline.pkl
INFO:__main__:Metrics written to reports\backtests\nfl_gradient_boosting_calibrated_metrics.json
[2025-12-15 22:46:24] Training NFL gradient_boosting totals model...
Totals model saved to models\nfl_totals_gradient_boosting.pkl
Metrics written to reports\backtests\nfl_totals_gradient_boosting_metrics.json
[2025-12-15 22:46:26] Training NBA ensemble model...
C:\Users\Bobby\AppData\Local\Packages\PythonSoftwareFoundation.Python.3.11_qbz5n2kfra8p0\LocalCache\Local\pypoetry\Cache\virtualenvs\sports-betting-analytics-w0RVEvSZ-py3.11\Lib\site-packages\sklearn\utils\validation.py:2749: UserWarning: X does not have valid feature names, but LGBMClassifier was fitted with feature names
  warnings.warn(
C:\Users\Bobby\AppData\Local\Packages\PythonSoftwareFoundation.Python.3.11_qbz5n2kfra8p0\LocalCache\Local\pypoetry\Cache\virtualenvs\sports-betting-analytics-w0RVEvSZ-py3.11\Lib\site-packages\sklearn\utils\validation.py:2749: UserWarning: X does not have valid feature names, but LGBMClassifier was fitted with feature names
  warnings.warn(
C:\Users\Bobby\AppData\Local\Packages\PythonSoftwareFoundation.Python.3.11_qbz5n2kfra8p0\LocalCache\Local\pypoetry\Cache\virtualenvs\sports-betting-analytics-w0RVEvSZ-py3.11\Lib\site-packages\sklearn\utils\validation.py:2749: UserWarning: X does not have valid feature names, but LGBMClassifier was fitted with feature names
  warnings.warn(
C:\Users\Bobby\AppData\Local\Packages\PythonSoftwareFoundation.Python.3.11_qbz5n2kfra8p0\LocalCache\Local\pypoetry\Cache\virtualenvs\sports-betting-analytics-w0RVEvSZ-py3.11\Lib\site-packages\sklearn\utils\validation.py:2749: UserWarning: X does not have valid feature names, but LGBMClassifier was fitted with feature names
  warnings.warn(
C:\Users\Bobby\AppData\Local\Packages\PythonSoftwareFoundation.Python.3.11_qbz5n2kfra8p0\LocalCache\Local\pypoetry\Cache\virtualenvs\sports-betting-analytics-w0RVEvSZ-py3.11\Lib\site-packages\sklearn\utils\validation.py:2749: UserWarning: X does not have valid feature names, but LGBMClassifier was fitted with feature names
  warnings.warn(
INFO:__main__:Loaded tuned params for NBA random_forest from config\tuned_params\nba_random_forest.json
INFO:__main__:Ensemble pruning: 6 candidates, 6 kept (threshold=0.050, best_log_loss=0.602)
INFO:src.db.models:Persisted 3491 predictions for model ensemble_calibrated_e5f11e2f
INFO:__main__:Saved model to models\nba_ensemble_calibrated_moneyline.pkl
INFO:__main__:Metrics written to reports\backtests\nba_ensemble_calibrated_metrics.json
[2025-12-15 22:46:39] Training NBA random_forest model...
INFO:__main__:Loaded tuned params for NBA random_forest from config\tuned_params\nba_random_forest.json
INFO:src.db.models:Persisted 3491 predictions for model random_forest_calibrated_3ab6f0b7
INFO:__main__:Saved model to models\nba_random_forest_calibrated_moneyline.pkl
INFO:__main__:Metrics written to reports\backtests\nba_random_forest_calibrated_metrics.json
[2025-12-15 22:46:42] Training NBA random_forest totals model...
Totals model saved to models\nba_totals_random_forest.pkl
Metrics written to reports\backtests\nba_totals_random_forest_metrics.json
[2025-12-15 22:46:44] Training NBA gradient_boosting model...
INFO:src.db.models:Persisted 3491 predictions for model gradient_boosting_calibrated_b660a6c5
INFO:__main__:Saved model to models\nba_gradient_boosting_calibrated_moneyline.pkl
INFO:__main__:Metrics written to reports\backtests\nba_gradient_boosting_calibrated_metrics.json
[2025-12-15 22:46:48] Training NBA gradient_boosting totals model...
Totals model saved to models\nba_totals_gradient_boosting.pkl
Metrics written to reports\backtests\nba_totals_gradient_boosting_metrics.json
[2025-12-15 22:46:50] Training CFB ensemble model...
C:\Users\Bobby\AppData\Local\Packages\PythonSoftwareFoundation.Python.3.11_qbz5n2kfra8p0\LocalCache\Local\pypoetry\Cache\virtualenvs\sports-betting-analytics-w0RVEvSZ-py3.11\Lib\site-packages\sklearn\utils\validation.py:2749: UserWarning: X does not have valid feature names, but LGBMClassifier was fitted with feature names
  warnings.warn(
C:\Users\Bobby\AppData\Local\Packages\PythonSoftwareFoundation.Python.3.11_qbz5n2kfra8p0\LocalCache\Local\pypoetry\Cache\virtualenvs\sports-betting-analytics-w0RVEvSZ-py3.11\Lib\site-packages\sklearn\utils\validation.py:2749: UserWarning: X does not have valid feature names, but LGBMClassifier was fitted with feature names
  warnings.warn(
C:\Users\Bobby\AppData\Local\Packages\PythonSoftwareFoundation.Python.3.11_qbz5n2kfra8p0\LocalCache\Local\pypoetry\Cache\virtualenvs\sports-betting-analytics-w0RVEvSZ-py3.11\Lib\site-packages\sklearn\utils\validation.py:2749: UserWarning: X does not have valid feature names, but LGBMClassifier was fitted with feature names
  warnings.warn(
C:\Users\Bobby\AppData\Local\Packages\PythonSoftwareFoundation.Python.3.11_qbz5n2kfra8p0\LocalCache\Local\pypoetry\Cache\virtualenvs\sports-betting-analytics-w0RVEvSZ-py3.11\Lib\site-packages\sklearn\utils\validation.py:2749: UserWarning: X does not have valid feature names, but LGBMClassifier was fitted with feature names
  warnings.warn(
C:\Users\Bobby\AppData\Local\Packages\PythonSoftwareFoundation.Python.3.11_qbz5n2kfra8p0\LocalCache\Local\pypoetry\Cache\virtualenvs\sports-betting-analytics-w0RVEvSZ-py3.11\Lib\site-packages\sklearn\utils\validation.py:2749: UserWarning: X does not have valid feature names, but LGBMClassifier was fitted with feature names
  warnings.warn(
INFO:__main__:Loaded tuned params for CFB random_forest from config\tuned_params\cfb_random_forest.json
INFO:__main__:Ensemble pruning: 6 candidates, 4 kept (threshold=0.050, best_log_loss=0.509)
INFO:src.db.models:Persisted 217 predictions for model ensemble_calibrated_20076bfa
INFO:__main__:Saved model to models\cfb_ensemble_calibrated_moneyline.pkl
INFO:__main__:Metrics written to reports\backtests\cfb_ensemble_calibrated_metrics.json
[2025-12-15 22:46:57] Training CFB random_forest model...
INFO:__main__:Loaded tuned params for CFB random_forest from config\tuned_params\cfb_random_forest.json
INFO:src.db.models:Persisted 217 predictions for model random_forest_calibrated_00509f26
INFO:__main__:Saved model to models\cfb_random_forest_calibrated_moneyline.pkl
INFO:__main__:Metrics written to reports\backtests\cfb_random_forest_calibrated_metrics.json
[2025-12-15 22:47:01] Training CFB random_forest totals model...
Totals model saved to models\cfb_totals_random_forest.pkl
Metrics written to reports\backtests\cfb_totals_random_forest_metrics.json
[2025-12-15 22:47:03] Training CFB gradient_boosting model...
INFO:src.db.models:Persisted 217 predictions for model gradient_boosting_calibrated_2ff143c9
INFO:__main__:Saved model to models\cfb_gradient_boosting_calibrated_moneyline.pkl
INFO:__main__:Metrics written to reports\backtests\cfb_gradient_boosting_calibrated_metrics.json
[2025-12-15 22:47:07] Training CFB gradient_boosting totals model...
Totals model saved to models\cfb_totals_gradient_boosting.pkl
Metrics written to reports\backtests\cfb_totals_gradient_boosting_metrics.json
[2025-12-15 22:47:08] Training NCAAB ensemble model...
C:\Users\Bobby\AppData\Local\Packages\PythonSoftwareFoundation.Python.3.11_qbz5n2kfra8p0\LocalCache\Local\pypoetry\Cache\virtualenvs\sports-betting-analytics-w0RVEvSZ-py3.11\Lib\site-packages\sklearn\utils\validation.py:2749: UserWarning: X does not have valid feature names, but LGBMClassifier was fitted with feature names
  warnings.warn(
C:\Users\Bobby\AppData\Local\Packages\PythonSoftwareFoundation.Python.3.11_qbz5n2kfra8p0\LocalCache\Local\pypoetry\Cache\virtualenvs\sports-betting-analytics-w0RVEvSZ-py3.11\Lib\site-packages\sklearn\utils\validation.py:2749: UserWarning: X does not have valid feature names, but LGBMClassifier was fitted with feature names
  warnings.warn(
C:\Users\Bobby\AppData\Local\Packages\PythonSoftwareFoundation.Python.3.11_qbz5n2kfra8p0\LocalCache\Local\pypoetry\Cache\virtualenvs\sports-betting-analytics-w0RVEvSZ-py3.11\Lib\site-packages\sklearn\utils\validation.py:2749: UserWarning: X does not have valid feature names, but LGBMClassifier was fitted with feature names
  warnings.warn(
C:\Users\Bobby\AppData\Local\Packages\PythonSoftwareFoundation.Python.3.11_qbz5n2kfra8p0\LocalCache\Local\pypoetry\Cache\virtualenvs\sports-betting-analytics-w0RVEvSZ-py3.11\Lib\site-packages\sklearn\utils\validation.py:2749: UserWarning: X does not have valid feature names, but LGBMClassifier was fitted with feature names
  warnings.warn(
C:\Users\Bobby\AppData\Local\Packages\PythonSoftwareFoundation.Python.3.11_qbz5n2kfra8p0\LocalCache\Local\pypoetry\Cache\virtualenvs\sports-betting-analytics-w0RVEvSZ-py3.11\Lib\site-packages\sklearn\utils\validation.py:2749: UserWarning: X does not have valid feature names, but LGBMClassifier was fitted with feature names
  warnings.warn(
INFO:__main__:Loaded tuned params for NCAAB random_forest from config\tuned_params\ncaab_random_forest.json
INFO:__main__:Ensemble pruning: 6 candidates, 6 kept (threshold=0.050, best_log_loss=0.640)
INFO:src.db.models:Persisted 42160 predictions for model ensemble_calibrated_ee923e6d
INFO:__main__:Saved model to models\ncaab_ensemble_calibrated_moneyline.pkl
INFO:__main__:Metrics written to reports\backtests\ncaab_ensemble_calibrated_metrics.json
[2025-12-15 22:48:37] Training NCAAB random_forest model...
INFO:__main__:Loaded tuned params for NCAAB random_forest from config\tuned_params\ncaab_random_forest.json
INFO:src.db.models:Persisted 42160 predictions for model random_forest_calibrated_fac1c3f6
INFO:__main__:Saved model to models\ncaab_random_forest_calibrated_moneyline.pkl
INFO:__main__:Metrics written to reports\backtests\ncaab_random_forest_calibrated_metrics.json
[2025-12-15 22:48:49] Training NCAAB random_forest totals model...
Totals model saved to models\ncaab_totals_random_forest.pkl
Metrics written to reports\backtests\ncaab_totals_random_forest_metrics.json
[2025-12-15 22:48:51] Training NCAAB gradient_boosting model...
INFO:src.db.models:Persisted 42160 predictions for model gradient_boosting_calibrated_7d7f895b
INFO:__main__:Saved model to models\ncaab_gradient_boosting_calibrated_moneyline.pkl
INFO:__main__:Metrics written to reports\backtests\ncaab_gradient_boosting_calibrated_metrics.json
[2025-12-15 22:49:00] Training NCAAB gradient_boosting totals model...
Totals model saved to models\ncaab_totals_gradient_boosting.pkl
Metrics written to reports\backtests\ncaab_totals_gradient_boosting_metrics.json
[2025-12-15 22:49:01] Training NHL ensemble model...
C:\Users\Bobby\AppData\Local\Packages\PythonSoftwareFoundation.Python.3.11_qbz5n2kfra8p0\LocalCache\Local\pypoetry\Cache\virtualenvs\sports-betting-analytics-w0RVEvSZ-py3.11\Lib\site-packages\sklearn\utils\validation.py:2749: UserWarning: X does not have valid feature names, but LGBMClassifier was fitted with feature names
  warnings.warn(
C:\Users\Bobby\AppData\Local\Packages\PythonSoftwareFoundation.Python.3.11_qbz5n2kfra8p0\LocalCache\Local\pypoetry\Cache\virtualenvs\sports-betting-analytics-w0RVEvSZ-py3.11\Lib\site-packages\sklearn\utils\validation.py:2749: UserWarning: X does not have valid feature names, but LGBMClassifier was fitted with feature names
  warnings.warn(
C:\Users\Bobby\AppData\Local\Packages\PythonSoftwareFoundation.Python.3.11_qbz5n2kfra8p0\LocalCache\Local\pypoetry\Cache\virtualenvs\sports-betting-analytics-w0RVEvSZ-py3.11\Lib\site-packages\sklearn\utils\validation.py:2749: UserWarning: X does not have valid feature names, but LGBMClassifier was fitted with feature names
  warnings.warn(
C:\Users\Bobby\AppData\Local\Packages\PythonSoftwareFoundation.Python.3.11_qbz5n2kfra8p0\LocalCache\Local\pypoetry\Cache\virtualenvs\sports-betting-analytics-w0RVEvSZ-py3.11\Lib\site-packages\sklearn\utils\validation.py:2749: UserWarning: X does not have valid feature names, but LGBMClassifier was fitted with feature names
  warnings.warn(
C:\Users\Bobby\AppData\Local\Packages\PythonSoftwareFoundation.Python.3.11_qbz5n2kfra8p0\LocalCache\Local\pypoetry\Cache\virtualenvs\sports-betting-analytics-w0RVEvSZ-py3.11\Lib\site-packages\sklearn\utils\validation.py:2749: UserWarning: X does not have valid feature names, but LGBMClassifier was fitted with feature names
  warnings.warn(
C:\Users\Bobby\AppData\Local\Packages\PythonSoftwareFoundation.Python.3.11_qbz5n2kfra8p0\LocalCache\Local\pypoetry\Cache\virtualenvs\sports-betting-analytics-w0RVEvSZ-py3.11\Lib\site-packages\sklearn\neural_network\_multilayer_perceptron.py:781: ConvergenceWarning: Stochastic Optimizer: Maximum iterations (500) reached and the optimization hasn't converged yet.
  warnings.warn(
C:\Users\Bobby\AppData\Local\Packages\PythonSoftwareFoundation.Python.3.11_qbz5n2kfra8p0\LocalCache\Local\pypoetry\Cache\virtualenvs\sports-betting-analytics-w0RVEvSZ-py3.11\Lib\site-packages\sklearn\neural_network\_multilayer_perceptron.py:781: ConvergenceWarning: Stochastic Optimizer: Maximum iterations (500) reached and the optimization hasn't converged yet.
  warnings.warn(
C:\Users\Bobby\AppData\Local\Packages\PythonSoftwareFoundation.Python.3.11_qbz5n2kfra8p0\LocalCache\Local\pypoetry\Cache\virtualenvs\sports-betting-analytics-w0RVEvSZ-py3.11\Lib\site-packages\sklearn\neural_network\_multilayer_perceptron.py:781: ConvergenceWarning: Stochastic Optimizer: Maximum iterations (500) reached and the optimization hasn't converged yet.
  warnings.warn(
INFO:__main__:Loaded tuned params for NHL random_forest from config\tuned_params\nhl_random_forest.json
INFO:__main__:Ensemble pruning: 6 candidates, 6 kept (threshold=0.050, best_log_loss=0.665)
INFO:src.db.models:Persisted 83 predictions for model ensemble_calibrated_bd0a8459
INFO:__main__:Saved model to models\nhl_ensemble_calibrated_moneyline.pkl
INFO:__main__:Metrics written to reports\backtests\nhl_ensemble_calibrated_metrics.json
[2025-12-15 22:49:09] Training NHL random_forest model...
INFO:__main__:Loaded tuned params for NHL random_forest from config\tuned_params\nhl_random_forest.json
INFO:src.db.models:Persisted 83 predictions for model random_forest_calibrated_7ad8c781
INFO:__main__:Saved model to models\nhl_random_forest_calibrated_moneyline.pkl
INFO:__main__:Metrics written to reports\backtests\nhl_random_forest_calibrated_metrics.json
[2025-12-15 22:49:12] Training NHL random_forest totals model...
Totals model saved to models\nhl_totals_random_forest.pkl
Metrics written to reports\backtests\nhl_totals_random_forest_metrics.json
[2025-12-15 22:49:14] Training NHL gradient_boosting model...
INFO:src.db.models:Persisted 83 predictions for model gradient_boosting_calibrated_7b7f17fd
INFO:__main__:Saved model to models\nhl_gradient_boosting_calibrated_moneyline.pkl
INFO:__main__:Metrics written to reports\backtests\nhl_gradient_boosting_calibrated_metrics.json
[2025-12-15 22:49:17] Training NHL gradient_boosting totals model...
Totals model saved to models\nhl_totals_gradient_boosting.pkl
Metrics written to reports\backtests\nhl_totals_gradient_boosting_metrics.json
[2025-12-15 22:49:19] Training EPL ensemble model...
C:\Users\Bobby\AppData\Local\Packages\PythonSoftwareFoundation.Python.3.11_qbz5n2kfra8p0\LocalCache\Local\pypoetry\Cache\virtualenvs\sports-betting-analytics-w0RVEvSZ-py3.11\Lib\site-packages\sklearn\utils\validation.py:2749: UserWarning: X does not have valid feature names, but LGBMClassifier was fitted with feature names
  warnings.warn(
C:\Users\Bobby\AppData\Local\Packages\PythonSoftwareFoundation.Python.3.11_qbz5n2kfra8p0\LocalCache\Local\pypoetry\Cache\virtualenvs\sports-betting-analytics-w0RVEvSZ-py3.11\Lib\site-packages\sklearn\utils\validation.py:2749: UserWarning: X does not have valid feature names, but LGBMClassifier was fitted with feature names
  warnings.warn(
C:\Users\Bobby\AppData\Local\Packages\PythonSoftwareFoundation.Python.3.11_qbz5n2kfra8p0\LocalCache\Local\pypoetry\Cache\virtualenvs\sports-betting-analytics-w0RVEvSZ-py3.11\Lib\site-packages\sklearn\utils\validation.py:2749: UserWarning: X does not have valid feature names, but LGBMClassifier was fitted with feature names
  warnings.warn(
C:\Users\Bobby\AppData\Local\Packages\PythonSoftwareFoundation.Python.3.11_qbz5n2kfra8p0\LocalCache\Local\pypoetry\Cache\virtualenvs\sports-betting-analytics-w0RVEvSZ-py3.11\Lib\site-packages\sklearn\utils\validation.py:2749: UserWarning: X does not have valid feature names, but LGBMClassifier was fitted with feature names
  warnings.warn(
C:\Users\Bobby\AppData\Local\Packages\PythonSoftwareFoundation.Python.3.11_qbz5n2kfra8p0\LocalCache\Local\pypoetry\Cache\virtualenvs\sports-betting-analytics-w0RVEvSZ-py3.11\Lib\site-packages\sklearn\utils\validation.py:2749: UserWarning: X does not have valid feature names, but LGBMClassifier was fitted with feature names
  warnings.warn(
INFO:__main__:Loaded tuned params for EPL random_forest from config\tuned_params\epl_random_forest.json
INFO:__main__:Ensemble pruning: 6 candidates, 6 kept (threshold=0.050, best_log_loss=0.605)
INFO:src.db.models:Persisted 1013 predictions for model ensemble_calibrated_38aa5dc6
INFO:__main__:Saved model to models\epl_ensemble_calibrated_moneyline.pkl
INFO:__main__:Metrics written to reports\backtests\epl_ensemble_calibrated_metrics.json
[2025-12-15 22:49:27] Training EPL random_forest model...
INFO:__main__:Loaded tuned params for EPL random_forest from config\tuned_params\epl_random_forest.json
INFO:src.db.models:Persisted 1013 predictions for model random_forest_calibrated_f122ca5d
INFO:__main__:Saved model to models\epl_random_forest_calibrated_moneyline.pkl
INFO:__main__:Metrics written to reports\backtests\epl_random_forest_calibrated_metrics.json
[2025-12-15 22:49:29] Training EPL random_forest totals model...
Totals model saved to models\epl_totals_random_forest.pkl
Metrics written to reports\backtests\epl_totals_random_forest_metrics.json
[2025-12-15 22:49:31] Training EPL gradient_boosting model...
INFO:src.db.models:Persisted 1013 predictions for model gradient_boosting_calibrated_8383ba29
INFO:__main__:Saved model to models\epl_gradient_boosting_calibrated_moneyline.pkl
INFO:__main__:Metrics written to reports\backtests\epl_gradient_boosting_calibrated_metrics.json
[2025-12-15 22:49:35] Training EPL gradient_boosting totals model...
Totals model saved to models\epl_totals_gradient_boosting.pkl
Metrics written to reports\backtests\epl_totals_gradient_boosting_metrics.json
[2025-12-15 22:49:37] Training LALIGA ensemble model...
C:\Users\Bobby\AppData\Local\Packages\PythonSoftwareFoundation.Python.3.11_qbz5n2kfra8p0\LocalCache\Local\pypoetry\Cache\virtualenvs\sports-betting-analytics-w0RVEvSZ-py3.11\Lib\site-packages\sklearn\utils\validation.py:2749: UserWarning: X does not have valid feature names, but LGBMClassifier was fitted with feature names
  warnings.warn(
C:\Users\Bobby\AppData\Local\Packages\PythonSoftwareFoundation.Python.3.11_qbz5n2kfra8p0\LocalCache\Local\pypoetry\Cache\virtualenvs\sports-betting-analytics-w0RVEvSZ-py3.11\Lib\site-packages\sklearn\utils\validation.py:2749: UserWarning: X does not have valid feature names, but LGBMClassifier was fitted with feature names
  warnings.warn(
C:\Users\Bobby\AppData\Local\Packages\PythonSoftwareFoundation.Python.3.11_qbz5n2kfra8p0\LocalCache\Local\pypoetry\Cache\virtualenvs\sports-betting-analytics-w0RVEvSZ-py3.11\Lib\site-packages\sklearn\utils\validation.py:2749: UserWarning: X does not have valid feature names, but LGBMClassifier was fitted with feature names
  warnings.warn(
C:\Users\Bobby\AppData\Local\Packages\PythonSoftwareFoundation.Python.3.11_qbz5n2kfra8p0\LocalCache\Local\pypoetry\Cache\virtualenvs\sports-betting-analytics-w0RVEvSZ-py3.11\Lib\site-packages\sklearn\utils\validation.py:2749: UserWarning: X does not have valid feature names, but LGBMClassifier was fitted with feature names
  warnings.warn(
C:\Users\Bobby\AppData\Local\Packages\PythonSoftwareFoundation.Python.3.11_qbz5n2kfra8p0\LocalCache\Local\pypoetry\Cache\virtualenvs\sports-betting-analytics-w0RVEvSZ-py3.11\Lib\site-packages\sklearn\utils\validation.py:2749: UserWarning: X does not have valid feature names, but LGBMClassifier was fitted with feature names
  warnings.warn(
INFO:__main__:Loaded tuned params for LALIGA random_forest from config\tuned_params\laliga_random_forest.json
INFO:__main__:Ensemble pruning: 6 candidates, 6 kept (threshold=0.050, best_log_loss=0.540)
INFO:src.db.models:Persisted 1013 predictions for model ensemble_calibrated_4e2aa305
INFO:__main__:Saved model to models\laliga_ensemble_calibrated_moneyline.pkl
INFO:__main__:Metrics written to reports\backtests\laliga_ensemble_calibrated_metrics.json
[2025-12-15 22:49:46] Training LALIGA random_forest model...
INFO:__main__:Loaded tuned params for LALIGA random_forest from config\tuned_params\laliga_random_forest.json
INFO:src.db.models:Persisted 1013 predictions for model random_forest_calibrated_96279e90
INFO:__main__:Saved model to models\laliga_random_forest_calibrated_moneyline.pkl
INFO:__main__:Metrics written to reports\backtests\laliga_random_forest_calibrated_metrics.json
[2025-12-15 22:49:49] Training LALIGA random_forest totals model...
Totals model saved to models\laliga_totals_random_forest.pkl
Metrics written to reports\backtests\laliga_totals_random_forest_metrics.json
[2025-12-15 22:49:51] Training LALIGA gradient_boosting model...
INFO:src.db.models:Persisted 1013 predictions for model gradient_boosting_calibrated_d3706078
INFO:__main__:Saved model to models\laliga_gradient_boosting_calibrated_moneyline.pkl
INFO:__main__:Metrics written to reports\backtests\laliga_gradient_boosting_calibrated_metrics.json
[2025-12-15 22:49:55] Training LALIGA gradient_boosting totals model...
Totals model saved to models\laliga_totals_gradient_boosting.pkl
Metrics written to reports\backtests\laliga_totals_gradient_boosting_metrics.json
[2025-12-15 22:49:57] Training BUNDESLIGA ensemble model...
C:\Users\Bobby\AppData\Local\Packages\PythonSoftwareFoundation.Python.3.11_qbz5n2kfra8p0\LocalCache\Local\pypoetry\Cache\virtualenvs\sports-betting-analytics-w0RVEvSZ-py3.11\Lib\site-packages\sklearn\utils\validation.py:2749: UserWarning: X does not have valid feature names, but LGBMClassifier was fitted with feature names
  warnings.warn(
C:\Users\Bobby\AppData\Local\Packages\PythonSoftwareFoundation.Python.3.11_qbz5n2kfra8p0\LocalCache\Local\pypoetry\Cache\virtualenvs\sports-betting-analytics-w0RVEvSZ-py3.11\Lib\site-packages\sklearn\utils\validation.py:2749: UserWarning: X does not have valid feature names, but LGBMClassifier was fitted with feature names
  warnings.warn(
C:\Users\Bobby\AppData\Local\Packages\PythonSoftwareFoundation.Python.3.11_qbz5n2kfra8p0\LocalCache\Local\pypoetry\Cache\virtualenvs\sports-betting-analytics-w0RVEvSZ-py3.11\Lib\site-packages\sklearn\utils\validation.py:2749: UserWarning: X does not have valid feature names, but LGBMClassifier was fitted with feature names
  warnings.warn(
C:\Users\Bobby\AppData\Local\Packages\PythonSoftwareFoundation.Python.3.11_qbz5n2kfra8p0\LocalCache\Local\pypoetry\Cache\virtualenvs\sports-betting-analytics-w0RVEvSZ-py3.11\Lib\site-packages\sklearn\utils\validation.py:2749: UserWarning: X does not have valid feature names, but LGBMClassifier was fitted with feature names
  warnings.warn(
C:\Users\Bobby\AppData\Local\Packages\PythonSoftwareFoundation.Python.3.11_qbz5n2kfra8p0\LocalCache\Local\pypoetry\Cache\virtualenvs\sports-betting-analytics-w0RVEvSZ-py3.11\Lib\site-packages\sklearn\utils\validation.py:2749: UserWarning: X does not have valid feature names, but LGBMClassifier was fitted with feature names
  warnings.warn(
INFO:__main__:Loaded tuned params for BUNDESLIGA random_forest from config\tuned_params\bundesliga_random_forest.json
INFO:__main__:Ensemble pruning: 6 candidates, 6 kept (threshold=0.050, best_log_loss=0.589)
INFO:src.db.models:Persisted 815 predictions for model ensemble_calibrated_6766a91e
INFO:__main__:Saved model to models\bundesliga_ensemble_calibrated_moneyline.pkl
INFO:__main__:Metrics written to reports\backtests\bundesliga_ensemble_calibrated_metrics.json
[2025-12-15 22:50:06] Training BUNDESLIGA random_forest model...
INFO:__main__:Loaded tuned params for BUNDESLIGA random_forest from config\tuned_params\bundesliga_random_forest.json
INFO:src.db.models:Persisted 815 predictions for model random_forest_calibrated_a783a75f
INFO:__main__:Saved model to models\bundesliga_random_forest_calibrated_moneyline.pkl
INFO:__main__:Metrics written to reports\backtests\bundesliga_random_forest_calibrated_metrics.json
[2025-12-15 22:50:09] Training BUNDESLIGA random_forest totals model...
Totals model saved to models\bundesliga_totals_random_forest.pkl
Metrics written to reports\backtests\bundesliga_totals_random_forest_metrics.json
[2025-12-15 22:50:11] Training BUNDESLIGA gradient_boosting model...
INFO:src.db.models:Persisted 815 predictions for model gradient_boosting_calibrated_b17e7b1e
INFO:__main__:Saved model to models\bundesliga_gradient_boosting_calibrated_moneyline.pkl
INFO:__main__:Metrics written to reports\backtests\bundesliga_gradient_boosting_calibrated_metrics.json
[2025-12-15 22:50:15] Training BUNDESLIGA gradient_boosting totals model...
Totals model saved to models\bundesliga_totals_gradient_boosting.pkl
Metrics written to reports\backtests\bundesliga_totals_gradient_boosting_metrics.json
[2025-12-15 22:50:17] Training SERIEA ensemble model...
C:\Users\Bobby\AppData\Local\Packages\PythonSoftwareFoundation.Python.3.11_qbz5n2kfra8p0\LocalCache\Local\pypoetry\Cache\virtualenvs\sports-betting-analytics-w0RVEvSZ-py3.11\Lib\site-packages\sklearn\utils\validation.py:2749: UserWarning: X does not have valid feature names, but LGBMClassifier was fitted with feature names
  warnings.warn(
C:\Users\Bobby\AppData\Local\Packages\PythonSoftwareFoundation.Python.3.11_qbz5n2kfra8p0\LocalCache\Local\pypoetry\Cache\virtualenvs\sports-betting-analytics-w0RVEvSZ-py3.11\Lib\site-packages\sklearn\utils\validation.py:2749: UserWarning: X does not have valid feature names, but LGBMClassifier was fitted with feature names
  warnings.warn(
C:\Users\Bobby\AppData\Local\Packages\PythonSoftwareFoundation.Python.3.11_qbz5n2kfra8p0\LocalCache\Local\pypoetry\Cache\virtualenvs\sports-betting-analytics-w0RVEvSZ-py3.11\Lib\site-packages\sklearn\utils\validation.py:2749: UserWarning: X does not have valid feature names, but LGBMClassifier was fitted with feature names
  warnings.warn(
C:\Users\Bobby\AppData\Local\Packages\PythonSoftwareFoundation.Python.3.11_qbz5n2kfra8p0\LocalCache\Local\pypoetry\Cache\virtualenvs\sports-betting-analytics-w0RVEvSZ-py3.11\Lib\site-packages\sklearn\utils\validation.py:2749: UserWarning: X does not have valid feature names, but LGBMClassifier was fitted with feature names
  warnings.warn(
C:\Users\Bobby\AppData\Local\Packages\PythonSoftwareFoundation.Python.3.11_qbz5n2kfra8p0\LocalCache\Local\pypoetry\Cache\virtualenvs\sports-betting-analytics-w0RVEvSZ-py3.11\Lib\site-packages\sklearn\utils\validation.py:2749: UserWarning: X does not have valid feature names, but LGBMClassifier was fitted with feature names
  warnings.warn(
INFO:__main__:Loaded tuned params for SERIEA random_forest from config\tuned_params\seriea_random_forest.json
INFO:__main__:Ensemble pruning: 6 candidates, 6 kept (threshold=0.050, best_log_loss=0.585)
INFO:src.db.models:Persisted 1003 predictions for model ensemble_calibrated_1cf861a8
INFO:__main__:Saved model to models\seriea_ensemble_calibrated_moneyline.pkl
INFO:__main__:Metrics written to reports\backtests\seriea_ensemble_calibrated_metrics.json
[2025-12-15 22:50:24] Training SERIEA random_forest model...
INFO:__main__:Loaded tuned params for SERIEA random_forest from config\tuned_params\seriea_random_forest.json
INFO:src.db.models:Persisted 1003 predictions for model random_forest_calibrated_fd786d8b
INFO:__main__:Saved model to models\seriea_random_forest_calibrated_moneyline.pkl
INFO:__main__:Metrics written to reports\backtests\seriea_random_forest_calibrated_metrics.json
[2025-12-15 22:50:27] Training SERIEA random_forest totals model...
Totals model saved to models\seriea_totals_random_forest.pkl
Metrics written to reports\backtests\seriea_totals_random_forest_metrics.json
[2025-12-15 22:50:29] Training SERIEA gradient_boosting model...
INFO:src.db.models:Persisted 1003 predictions for model gradient_boosting_calibrated_8fe883dd
INFO:__main__:Saved model to models\seriea_gradient_boosting_calibrated_moneyline.pkl
INFO:__main__:Metrics written to reports\backtests\seriea_gradient_boosting_calibrated_metrics.json
[2025-12-15 22:50:33] Training SERIEA gradient_boosting totals model...
Totals model saved to models\seriea_totals_gradient_boosting.pkl
Metrics written to reports\backtests\seriea_totals_gradient_boosting_metrics.json
[2025-12-15 22:50:35] Training LIGUE1 ensemble model...
C:\Users\Bobby\AppData\Local\Packages\PythonSoftwareFoundation.Python.3.11_qbz5n2kfra8p0\LocalCache\Local\pypoetry\Cache\virtualenvs\sports-betting-analytics-w0RVEvSZ-py3.11\Lib\site-packages\sklearn\utils\validation.py:2749: UserWarning: X does not have valid feature names, but LGBMClassifier was fitted with feature names
  warnings.warn(
C:\Users\Bobby\AppData\Local\Packages\PythonSoftwareFoundation.Python.3.11_qbz5n2kfra8p0\LocalCache\Local\pypoetry\Cache\virtualenvs\sports-betting-analytics-w0RVEvSZ-py3.11\Lib\site-packages\sklearn\utils\validation.py:2749: UserWarning: X does not have valid feature names, but LGBMClassifier was fitted with feature names
  warnings.warn(
C:\Users\Bobby\AppData\Local\Packages\PythonSoftwareFoundation.Python.3.11_qbz5n2kfra8p0\LocalCache\Local\pypoetry\Cache\virtualenvs\sports-betting-analytics-w0RVEvSZ-py3.11\Lib\site-packages\sklearn\utils\validation.py:2749: UserWarning: X does not have valid feature names, but LGBMClassifier was fitted with feature names
  warnings.warn(
C:\Users\Bobby\AppData\Local\Packages\PythonSoftwareFoundation.Python.3.11_qbz5n2kfra8p0\LocalCache\Local\pypoetry\Cache\virtualenvs\sports-betting-analytics-w0RVEvSZ-py3.11\Lib\site-packages\sklearn\utils\validation.py:2749: UserWarning: X does not have valid feature names, but LGBMClassifier was fitted with feature names
  warnings.warn(
C:\Users\Bobby\AppData\Local\Packages\PythonSoftwareFoundation.Python.3.11_qbz5n2kfra8p0\LocalCache\Local\pypoetry\Cache\virtualenvs\sports-betting-analytics-w0RVEvSZ-py3.11\Lib\site-packages\sklearn\utils\validation.py:2749: UserWarning: X does not have valid feature names, but LGBMClassifier was fitted with feature names
  warnings.warn(
INFO:__main__:Loaded tuned params for LIGUE1 random_forest from config\tuned_params\ligue1_random_forest.json
INFO:__main__:Ensemble pruning: 6 candidates, 6 kept (threshold=0.050, best_log_loss=0.592)
INFO:src.db.models:Persisted 1012 predictions for model ensemble_calibrated_e90ee226
INFO:__main__:Saved model to models\ligue1_ensemble_calibrated_moneyline.pkl
INFO:__main__:Metrics written to reports\backtests\ligue1_ensemble_calibrated_metrics.json
[2025-12-15 22:50:43] Training LIGUE1 random_forest model...
INFO:__main__:Loaded tuned params for LIGUE1 random_forest from config\tuned_params\ligue1_random_forest.json
INFO:src.db.models:Persisted 1012 predictions for model random_forest_calibrated_a2d36446
INFO:__main__:Saved model to models\ligue1_random_forest_calibrated_moneyline.pkl
INFO:__main__:Metrics written to reports\backtests\ligue1_random_forest_calibrated_metrics.json
[2025-12-15 22:50:45] Training LIGUE1 random_forest totals model...
Totals model saved to models\ligue1_totals_random_forest.pkl
Metrics written to reports\backtests\ligue1_totals_random_forest_metrics.json
[2025-12-15 22:50:47] Training LIGUE1 gradient_boosting model...
INFO:src.db.models:Persisted 1012 predictions for model gradient_boosting_calibrated_378e3af3
INFO:__main__:Saved model to models\ligue1_gradient_boosting_calibrated_moneyline.pkl
INFO:__main__:Metrics written to reports\backtests\ligue1_gradient_boosting_calibrated_metrics.json
[2025-12-15 22:50:51] Training LIGUE1 gradient_boosting totals model...
Totals model saved to models\ligue1_totals_gradient_boosting.pkl
Metrics written to reports\backtests\ligue1_totals_gradient_boosting_metrics.json
[2025-12-15 22:50:53] =========================================
[2025-12-15 22:50:53] TRAINING pipeline completed
[2025-12-15 22:50:53] =========================================
**********************
Windows PowerShell transcript end
End time: 20251215225053
**********************
