**********************
Windows PowerShell transcript start
Start time: 20251213165124
Username: GAMING-PC\Bobby
RunAs User: GAMING-PC\Bobby
Configuration Name: 
Machine: GAMING-PC (Microsoft Windows NT 10.0.26200.0)
Host Application: C:\WINDOWS\System32\WindowsPowerShell\v1.0\powershell.exe -NoProfile -ExecutionPolicy Bypass -Command Import-Module 'c:\Users\Bobby\.antigravity\extensions\ms-vscode.powershell-2025.4.0-universal\modules\PowerShellEditorServices\PowerShellEditorServices.psd1'; Start-EditorServices -HostName 'Visual Studio Code Host' -HostProfileId 'Microsoft.VSCode' -HostVersion '2025.4.0' -BundledModulesPath 'c:\Users\Bobby\.antigravity\extensions\ms-vscode.powershell-2025.4.0-universal\modules' -EnableConsoleRepl -StartupBanner "PowerShell Extension v2025.4.0
Copyright (c) Microsoft Corporation.

https://aka.ms/vscode-powershell
Type 'help' to get help.
" -LogLevel 'Warning' -LogPath 'c:\Users\Bobby\AppData\Roaming\Antigravity\logs\20251210T082526\window1\exthost\ms-vscode.powershell' -SessionDetailsPath 'c:\Users\Bobby\AppData\Roaming\Antigravity\User\globalStorage\ms-vscode.powershell\sessions\PSES-VSCode-41000-324204.json' -FeatureFlags @() 
Process ID: 25188
PSVersion: 5.1.26100.7462
PSEdition: Desktop
PSCompatibleVersions: 1.0, 2.0, 3.0, 4.0, 5.0, 5.1.26100.7462
BuildVersion: 10.0.26100.7462
CLRVersion: 4.0.30319.42000
WSManStackVersion: 3.0
PSRemotingProtocolVersion: 2.3
SerializationVersion: 1.1.0.1
**********************
Transcript started, output file is logs/train_pipeline_20251213_165124.log
[2025-12-13 16:51:24] =========================================
[2025-12-13 16:51:24] Starting TRAINING pipeline
[2025-12-13 16:51:24] =========================================
[2025-12-13 16:51:24] Processing leagues: NFL, NBA, CFB, NCAAB, NHL, EPL, LALIGA, BUNDESLIGA, SERIEA, LIGUE1
[2025-12-13 16:51:24] Step 1: Building Datasets...
[2025-12-13 16:51:24] Building dataset for NFL (Seasons: 2015-2025)...
INFO:src.features.dataset.nfl:Loading cached schedules data from C:\Users\Bobby\Desktop\sports\data\raw\results\schedules_2015_2026.parquet
INFO:src.features.dataset.nfl:Loading cached team metrics from C:\Users\Bobby\Desktop\sports\data\processed\intermediate\team_metrics_2015_2026.parquet
INFO:src.features.dataset.nfl:Loading cached injury reports from C:\Users\Bobby\Desktop\sports\data\raw\results\injuries_2015_2026.parquet
INFO:src.features.dataset.nfl:Wrote processed dataset to C:\Users\Bobby\Desktop\sports\data\processed\model_input\moneyline_nfl_2015_2026.parquet
[2025-12-13 16:51:29] Building dataset for NBA (Seasons: 2015-2025)...
INFO:src.features.dataset.nba:Wrote processed dataset to C:\Users\Bobby\Desktop\sports\data\processed\model_input\moneyline_nba_2015_2026.parquet
[2025-12-13 16:51:30] Building dataset for CFB (Seasons: 2015-2025)...
INFO:src.features.dataset.cfb:Wrote processed dataset to C:\Users\Bobby\Desktop\sports\data\processed\model_input\moneyline_cfb_2015_2026.parquet
[2025-12-13 16:51:32] Building dataset for NCAAB (Seasons: 2015-2025)...
INFO:src.features.dataset.ncaab:Wrote processed dataset to C:\Users\Bobby\Desktop\sports\data\processed\model_input\moneyline_ncaab_2015_2026.parquet
[2025-12-13 16:51:33] Building dataset for NHL (Seasons: 2015-2025)...
INFO:src.features.dataset.nhl:Wrote processed dataset to C:\Users\Bobby\Desktop\sports\data\processed\model_input\moneyline_nhl_2015_2026.parquet
[2025-12-13 16:51:35] Building dataset for EPL (Seasons: 2015-2025)...
WARNING:src.features.soccer_features:Unable to align Football-Data odds for EPL
INFO:src.features.dataset.soccer:Wrote processed dataset to C:\Users\Bobby\Desktop\sports\data\processed\model_input\moneyline_epl_2015_2026.parquet
[2025-12-13 16:51:37] Building dataset for LALIGA (Seasons: 2015-2025)...
WARNING:src.features.soccer_features:Unable to align Football-Data odds for LALIGA
WARNING:src.features.soccer_features:Unable to match Understat games to warehouse games for LALIGA
INFO:src.features.dataset.soccer:Wrote processed dataset to C:\Users\Bobby\Desktop\sports\data\processed\model_input\moneyline_laliga_2015_2026.parquet
[2025-12-13 16:51:38] Building dataset for BUNDESLIGA (Seasons: 2015-2025)...
WARNING:src.features.soccer_features:Unable to align Football-Data odds for BUNDESLIGA
INFO:src.features.dataset.soccer:Wrote processed dataset to C:\Users\Bobby\Desktop\sports\data\processed\model_input\moneyline_bundesliga_2015_2026.parquet
[2025-12-13 16:51:40] Building dataset for SERIEA (Seasons: 2015-2025)...
WARNING:src.features.soccer_features:Unable to align Football-Data odds for SERIEA
WARNING:src.features.soccer_features:Unable to match Understat games to warehouse games for SERIEA
INFO:src.features.dataset.soccer:Wrote processed dataset to C:\Users\Bobby\Desktop\sports\data\processed\model_input\moneyline_seriea_2015_2026.parquet
[2025-12-13 16:51:42] Building dataset for LIGUE1 (Seasons: 2015-2025)...
WARNING:src.features.soccer_features:Unable to align Football-Data odds for LIGUE1
WARNING:src.features.soccer_features:Unable to match Understat games to warehouse games for LIGUE1
INFO:src.features.dataset.soccer:Wrote processed dataset to C:\Users\Bobby\Desktop\sports\data\processed\model_input\moneyline_ligue1_2015_2026.parquet
[2025-12-13 16:51:43] Step 2: Training Models...
[2025-12-13 16:51:43] Training NFL ensemble model...
C:\Users\Bobby\AppData\Local\Packages\PythonSoftwareFoundation.Python.3.11_qbz5n2kfra8p0\LocalCache\Local\pypoetry\Cache\virtualenvs\sports-betting-analytics-w0RVEvSZ-py3.11\Lib\site-packages\sklearn\utils\validation.py:2749: UserWarning: X does not have valid feature names, but LGBMClassifier was fitted with feature names
  warnings.warn(
C:\Users\Bobby\AppData\Local\Packages\PythonSoftwareFoundation.Python.3.11_qbz5n2kfra8p0\LocalCache\Local\pypoetry\Cache\virtualenvs\sports-betting-analytics-w0RVEvSZ-py3.11\Lib\site-packages\sklearn\utils\validation.py:2749: UserWarning: X does not have valid feature names, but LGBMClassifier was fitted with feature names
  warnings.warn(
C:\Users\Bobby\AppData\Local\Packages\PythonSoftwareFoundation.Python.3.11_qbz5n2kfra8p0\LocalCache\Local\pypoetry\Cache\virtualenvs\sports-betting-analytics-w0RVEvSZ-py3.11\Lib\site-packages\sklearn\utils\validation.py:2749: UserWarning: X does not have valid feature names, but LGBMClassifier was fitted with feature names
  warnings.warn(
C:\Users\Bobby\AppData\Local\Packages\PythonSoftwareFoundation.Python.3.11_qbz5n2kfra8p0\LocalCache\Local\pypoetry\Cache\virtualenvs\sports-betting-analytics-w0RVEvSZ-py3.11\Lib\site-packages\sklearn\utils\validation.py:2749: UserWarning: X does not have valid feature names, but LGBMClassifier was fitted with feature names
  warnings.warn(
C:\Users\Bobby\AppData\Local\Packages\PythonSoftwareFoundation.Python.3.11_qbz5n2kfra8p0\LocalCache\Local\pypoetry\Cache\virtualenvs\sports-betting-analytics-w0RVEvSZ-py3.11\Lib\site-packages\sklearn\utils\validation.py:2749: UserWarning: X does not have valid feature names, but LGBMClassifier was fitted with feature names
  warnings.warn(
C:\Users\Bobby\AppData\Local\Packages\PythonSoftwareFoundation.Python.3.11_qbz5n2kfra8p0\LocalCache\Local\pypoetry\Cache\virtualenvs\sports-betting-analytics-w0RVEvSZ-py3.11\Lib\site-packages\sklearn\neural_network\_multilayer_perceptron.py:781: ConvergenceWarning: Stochastic Optimizer: Maximum iterations (500) reached and the optimization hasn't converged yet.
  warnings.warn(
C:\Users\Bobby\AppData\Local\Packages\PythonSoftwareFoundation.Python.3.11_qbz5n2kfra8p0\LocalCache\Local\pypoetry\Cache\virtualenvs\sports-betting-analytics-w0RVEvSZ-py3.11\Lib\site-packages\sklearn\neural_network\_multilayer_perceptron.py:781: ConvergenceWarning: Stochastic Optimizer: Maximum iterations (500) reached and the optimization hasn't converged yet.
  warnings.warn(
C:\Users\Bobby\AppData\Local\Packages\PythonSoftwareFoundation.Python.3.11_qbz5n2kfra8p0\LocalCache\Local\pypoetry\Cache\virtualenvs\sports-betting-analytics-w0RVEvSZ-py3.11\Lib\site-packages\sklearn\neural_network\_multilayer_perceptron.py:781: ConvergenceWarning: Stochastic Optimizer: Maximum iterations (500) reached and the optimization hasn't converged yet.
  warnings.warn(
INFO:__main__:Loaded tuned params for NFL random_forest from config\tuned_params\nfl_random_forest.json
INFO:__main__:Ensemble pruning: 6 candidates, 5 kept (threshold=0.050, best_log_loss=0.622)
INFO:src.db.models:Persisted 1575 predictions for model ensemble_calibrated_83f97f1c
INFO:__main__:Saved model to models\nfl_ensemble_calibrated_moneyline.pkl
INFO:__main__:Metrics written to reports\backtests\nfl_ensemble_calibrated_metrics.json
[2025-12-13 16:52:23] Training NFL random_forest model...
INFO:__main__:Loaded tuned params for NFL random_forest from config\tuned_params\nfl_random_forest.json
INFO:src.db.models:Persisted 1575 predictions for model random_forest_calibrated_3153d0ce
INFO:__main__:Saved model to models\nfl_random_forest_calibrated_moneyline.pkl
INFO:__main__:Metrics written to reports\backtests\nfl_random_forest_calibrated_metrics.json
[2025-12-13 16:52:26] Training NFL random_forest totals model...
Totals model saved to models\nfl_totals_random_forest.pkl
Metrics written to reports\backtests\nfl_totals_random_forest_metrics.json
[2025-12-13 16:52:29] Training NFL gradient_boosting model...
INFO:src.db.models:Persisted 1575 predictions for model gradient_boosting_calibrated_6f432c78
INFO:__main__:Saved model to models\nfl_gradient_boosting_calibrated_moneyline.pkl
INFO:__main__:Metrics written to reports\backtests\nfl_gradient_boosting_calibrated_metrics.json
[2025-12-13 16:52:33] Training NFL gradient_boosting totals model...
Totals model saved to models\nfl_totals_gradient_boosting.pkl
Metrics written to reports\backtests\nfl_totals_gradient_boosting_metrics.json
[2025-12-13 16:52:35] Training NBA ensemble model...
C:\Users\Bobby\AppData\Local\Packages\PythonSoftwareFoundation.Python.3.11_qbz5n2kfra8p0\LocalCache\Local\pypoetry\Cache\virtualenvs\sports-betting-analytics-w0RVEvSZ-py3.11\Lib\site-packages\sklearn\utils\validation.py:2749: UserWarning: X does not have valid feature names, but LGBMClassifier was fitted with feature names
  warnings.warn(
C:\Users\Bobby\AppData\Local\Packages\PythonSoftwareFoundation.Python.3.11_qbz5n2kfra8p0\LocalCache\Local\pypoetry\Cache\virtualenvs\sports-betting-analytics-w0RVEvSZ-py3.11\Lib\site-packages\sklearn\utils\validation.py:2749: UserWarning: X does not have valid feature names, but LGBMClassifier was fitted with feature names
  warnings.warn(
C:\Users\Bobby\AppData\Local\Packages\PythonSoftwareFoundation.Python.3.11_qbz5n2kfra8p0\LocalCache\Local\pypoetry\Cache\virtualenvs\sports-betting-analytics-w0RVEvSZ-py3.11\Lib\site-packages\sklearn\utils\validation.py:2749: UserWarning: X does not have valid feature names, but LGBMClassifier was fitted with feature names
  warnings.warn(
C:\Users\Bobby\AppData\Local\Packages\PythonSoftwareFoundation.Python.3.11_qbz5n2kfra8p0\LocalCache\Local\pypoetry\Cache\virtualenvs\sports-betting-analytics-w0RVEvSZ-py3.11\Lib\site-packages\sklearn\utils\validation.py:2749: UserWarning: X does not have valid feature names, but LGBMClassifier was fitted with feature names
  warnings.warn(
C:\Users\Bobby\AppData\Local\Packages\PythonSoftwareFoundation.Python.3.11_qbz5n2kfra8p0\LocalCache\Local\pypoetry\Cache\virtualenvs\sports-betting-analytics-w0RVEvSZ-py3.11\Lib\site-packages\sklearn\utils\validation.py:2749: UserWarning: X does not have valid feature names, but LGBMClassifier was fitted with feature names
  warnings.warn(
INFO:__main__:Loaded tuned params for NBA random_forest from config\tuned_params\nba_random_forest.json
INFO:__main__:Ensemble pruning: 6 candidates, 6 kept (threshold=0.050, best_log_loss=0.602)
INFO:src.db.models:Persisted 3491 predictions for model ensemble_calibrated_66088565
INFO:__main__:Saved model to models\nba_ensemble_calibrated_moneyline.pkl
INFO:__main__:Metrics written to reports\backtests\nba_ensemble_calibrated_metrics.json
[2025-12-13 16:52:47] Training NBA random_forest model...
INFO:__main__:Loaded tuned params for NBA random_forest from config\tuned_params\nba_random_forest.json
INFO:src.db.models:Persisted 3491 predictions for model random_forest_calibrated_3b1ae8bc
INFO:__main__:Saved model to models\nba_random_forest_calibrated_moneyline.pkl
INFO:__main__:Metrics written to reports\backtests\nba_random_forest_calibrated_metrics.json
[2025-12-13 16:52:50] Training NBA random_forest totals model...
Totals model saved to models\nba_totals_random_forest.pkl
Metrics written to reports\backtests\nba_totals_random_forest_metrics.json
[2025-12-13 16:52:53] Training NBA gradient_boosting model...
INFO:src.db.models:Persisted 3491 predictions for model gradient_boosting_calibrated_2e963334
INFO:__main__:Saved model to models\nba_gradient_boosting_calibrated_moneyline.pkl
INFO:__main__:Metrics written to reports\backtests\nba_gradient_boosting_calibrated_metrics.json
[2025-12-13 16:52:57] Training NBA gradient_boosting totals model...
Totals model saved to models\nba_totals_gradient_boosting.pkl
Metrics written to reports\backtests\nba_totals_gradient_boosting_metrics.json
[2025-12-13 16:52:59] Training CFB ensemble model...
C:\Users\Bobby\AppData\Local\Packages\PythonSoftwareFoundation.Python.3.11_qbz5n2kfra8p0\LocalCache\Local\pypoetry\Cache\virtualenvs\sports-betting-analytics-w0RVEvSZ-py3.11\Lib\site-packages\sklearn\utils\validation.py:2749: UserWarning: X does not have valid feature names, but LGBMClassifier was fitted with feature names
  warnings.warn(
C:\Users\Bobby\AppData\Local\Packages\PythonSoftwareFoundation.Python.3.11_qbz5n2kfra8p0\LocalCache\Local\pypoetry\Cache\virtualenvs\sports-betting-analytics-w0RVEvSZ-py3.11\Lib\site-packages\sklearn\utils\validation.py:2749: UserWarning: X does not have valid feature names, but LGBMClassifier was fitted with feature names
  warnings.warn(
C:\Users\Bobby\AppData\Local\Packages\PythonSoftwareFoundation.Python.3.11_qbz5n2kfra8p0\LocalCache\Local\pypoetry\Cache\virtualenvs\sports-betting-analytics-w0RVEvSZ-py3.11\Lib\site-packages\sklearn\utils\validation.py:2749: UserWarning: X does not have valid feature names, but LGBMClassifier was fitted with feature names
  warnings.warn(
C:\Users\Bobby\AppData\Local\Packages\PythonSoftwareFoundation.Python.3.11_qbz5n2kfra8p0\LocalCache\Local\pypoetry\Cache\virtualenvs\sports-betting-analytics-w0RVEvSZ-py3.11\Lib\site-packages\sklearn\utils\validation.py:2749: UserWarning: X does not have valid feature names, but LGBMClassifier was fitted with feature names
  warnings.warn(
C:\Users\Bobby\AppData\Local\Packages\PythonSoftwareFoundation.Python.3.11_qbz5n2kfra8p0\LocalCache\Local\pypoetry\Cache\virtualenvs\sports-betting-analytics-w0RVEvSZ-py3.11\Lib\site-packages\sklearn\utils\validation.py:2749: UserWarning: X does not have valid feature names, but LGBMClassifier was fitted with feature names
  warnings.warn(
INFO:__main__:Loaded tuned params for CFB random_forest from config\tuned_params\cfb_random_forest.json
INFO:__main__:Ensemble pruning: 6 candidates, 4 kept (threshold=0.050, best_log_loss=0.509)
INFO:src.db.models:Persisted 217 predictions for model ensemble_calibrated_9fbad225
INFO:__main__:Saved model to models\cfb_ensemble_calibrated_moneyline.pkl
INFO:__main__:Metrics written to reports\backtests\cfb_ensemble_calibrated_metrics.json
[2025-12-13 16:53:06] Training CFB random_forest model...
INFO:__main__:Loaded tuned params for CFB random_forest from config\tuned_params\cfb_random_forest.json
INFO:src.db.models:Persisted 217 predictions for model random_forest_calibrated_87fa124f
INFO:__main__:Saved model to models\cfb_random_forest_calibrated_moneyline.pkl
INFO:__main__:Metrics written to reports\backtests\cfb_random_forest_calibrated_metrics.json
[2025-12-13 16:53:10] Training CFB random_forest totals model...
Totals model saved to models\cfb_totals_random_forest.pkl
Metrics written to reports\backtests\cfb_totals_random_forest_metrics.json
[2025-12-13 16:53:12] Training CFB gradient_boosting model...
INFO:src.db.models:Persisted 217 predictions for model gradient_boosting_calibrated_2caae46b
INFO:__main__:Saved model to models\cfb_gradient_boosting_calibrated_moneyline.pkl
INFO:__main__:Metrics written to reports\backtests\cfb_gradient_boosting_calibrated_metrics.json
[2025-12-13 16:53:16] Training CFB gradient_boosting totals model...
Totals model saved to models\cfb_totals_gradient_boosting.pkl
Metrics written to reports\backtests\cfb_totals_gradient_boosting_metrics.json
[2025-12-13 16:53:18] Training NCAAB ensemble model...
C:\Users\Bobby\AppData\Local\Packages\PythonSoftwareFoundation.Python.3.11_qbz5n2kfra8p0\LocalCache\Local\pypoetry\Cache\virtualenvs\sports-betting-analytics-w0RVEvSZ-py3.11\Lib\site-packages\sklearn\utils\validation.py:2749: UserWarning: X does not have valid feature names, but LGBMClassifier was fitted with feature names
  warnings.warn(
C:\Users\Bobby\AppData\Local\Packages\PythonSoftwareFoundation.Python.3.11_qbz5n2kfra8p0\LocalCache\Local\pypoetry\Cache\virtualenvs\sports-betting-analytics-w0RVEvSZ-py3.11\Lib\site-packages\sklearn\utils\validation.py:2749: UserWarning: X does not have valid feature names, but LGBMClassifier was fitted with feature names
  warnings.warn(
C:\Users\Bobby\AppData\Local\Packages\PythonSoftwareFoundation.Python.3.11_qbz5n2kfra8p0\LocalCache\Local\pypoetry\Cache\virtualenvs\sports-betting-analytics-w0RVEvSZ-py3.11\Lib\site-packages\sklearn\utils\validation.py:2749: UserWarning: X does not have valid feature names, but LGBMClassifier was fitted with feature names
  warnings.warn(
C:\Users\Bobby\AppData\Local\Packages\PythonSoftwareFoundation.Python.3.11_qbz5n2kfra8p0\LocalCache\Local\pypoetry\Cache\virtualenvs\sports-betting-analytics-w0RVEvSZ-py3.11\Lib\site-packages\sklearn\utils\validation.py:2749: UserWarning: X does not have valid feature names, but LGBMClassifier was fitted with feature names
  warnings.warn(
C:\Users\Bobby\AppData\Local\Packages\PythonSoftwareFoundation.Python.3.11_qbz5n2kfra8p0\LocalCache\Local\pypoetry\Cache\virtualenvs\sports-betting-analytics-w0RVEvSZ-py3.11\Lib\site-packages\sklearn\utils\validation.py:2749: UserWarning: X does not have valid feature names, but LGBMClassifier was fitted with feature names
  warnings.warn(
INFO:__main__:Loaded tuned params for NCAAB random_forest from config\tuned_params\ncaab_random_forest.json
INFO:__main__:Ensemble pruning: 6 candidates, 6 kept (threshold=0.050, best_log_loss=0.640)
INFO:src.db.models:Persisted 42160 predictions for model ensemble_calibrated_9834394b
INFO:__main__:Saved model to models\ncaab_ensemble_calibrated_moneyline.pkl
INFO:__main__:Metrics written to reports\backtests\ncaab_ensemble_calibrated_metrics.json
[2025-12-13 16:54:41] Training NCAAB random_forest model...
INFO:__main__:Loaded tuned params for NCAAB random_forest from config\tuned_params\ncaab_random_forest.json
INFO:src.db.models:Persisted 42160 predictions for model random_forest_calibrated_79660321
INFO:__main__:Saved model to models\ncaab_random_forest_calibrated_moneyline.pkl
INFO:__main__:Metrics written to reports\backtests\ncaab_random_forest_calibrated_metrics.json
[2025-12-13 16:54:52] Training NCAAB random_forest totals model...
Totals model saved to models\ncaab_totals_random_forest.pkl
Metrics written to reports\backtests\ncaab_totals_random_forest_metrics.json
[2025-12-13 16:54:54] Training NCAAB gradient_boosting model...
INFO:src.db.models:Persisted 42160 predictions for model gradient_boosting_calibrated_1f0b4748
INFO:__main__:Saved model to models\ncaab_gradient_boosting_calibrated_moneyline.pkl
INFO:__main__:Metrics written to reports\backtests\ncaab_gradient_boosting_calibrated_metrics.json
[2025-12-13 16:55:03] Training NCAAB gradient_boosting totals model...
Totals model saved to models\ncaab_totals_gradient_boosting.pkl
Metrics written to reports\backtests\ncaab_totals_gradient_boosting_metrics.json
[2025-12-13 16:55:05] Training NHL ensemble model...
C:\Users\Bobby\AppData\Local\Packages\PythonSoftwareFoundation.Python.3.11_qbz5n2kfra8p0\LocalCache\Local\pypoetry\Cache\virtualenvs\sports-betting-analytics-w0RVEvSZ-py3.11\Lib\site-packages\sklearn\utils\validation.py:2749: UserWarning: X does not have valid feature names, but LGBMClassifier was fitted with feature names
  warnings.warn(
C:\Users\Bobby\AppData\Local\Packages\PythonSoftwareFoundation.Python.3.11_qbz5n2kfra8p0\LocalCache\Local\pypoetry\Cache\virtualenvs\sports-betting-analytics-w0RVEvSZ-py3.11\Lib\site-packages\sklearn\utils\validation.py:2749: UserWarning: X does not have valid feature names, but LGBMClassifier was fitted with feature names
  warnings.warn(
C:\Users\Bobby\AppData\Local\Packages\PythonSoftwareFoundation.Python.3.11_qbz5n2kfra8p0\LocalCache\Local\pypoetry\Cache\virtualenvs\sports-betting-analytics-w0RVEvSZ-py3.11\Lib\site-packages\sklearn\utils\validation.py:2749: UserWarning: X does not have valid feature names, but LGBMClassifier was fitted with feature names
  warnings.warn(
C:\Users\Bobby\AppData\Local\Packages\PythonSoftwareFoundation.Python.3.11_qbz5n2kfra8p0\LocalCache\Local\pypoetry\Cache\virtualenvs\sports-betting-analytics-w0RVEvSZ-py3.11\Lib\site-packages\sklearn\utils\validation.py:2749: UserWarning: X does not have valid feature names, but LGBMClassifier was fitted with feature names
  warnings.warn(
C:\Users\Bobby\AppData\Local\Packages\PythonSoftwareFoundation.Python.3.11_qbz5n2kfra8p0\LocalCache\Local\pypoetry\Cache\virtualenvs\sports-betting-analytics-w0RVEvSZ-py3.11\Lib\site-packages\sklearn\utils\validation.py:2749: UserWarning: X does not have valid feature names, but LGBMClassifier was fitted with feature names
  warnings.warn(
C:\Users\Bobby\AppData\Local\Packages\PythonSoftwareFoundation.Python.3.11_qbz5n2kfra8p0\LocalCache\Local\pypoetry\Cache\virtualenvs\sports-betting-analytics-w0RVEvSZ-py3.11\Lib\site-packages\sklearn\neural_network\_multilayer_perceptron.py:781: ConvergenceWarning: Stochastic Optimizer: Maximum iterations (500) reached and the optimization hasn't converged yet.
  warnings.warn(
C:\Users\Bobby\AppData\Local\Packages\PythonSoftwareFoundation.Python.3.11_qbz5n2kfra8p0\LocalCache\Local\pypoetry\Cache\virtualenvs\sports-betting-analytics-w0RVEvSZ-py3.11\Lib\site-packages\sklearn\neural_network\_multilayer_perceptron.py:781: ConvergenceWarning: Stochastic Optimizer: Maximum iterations (500) reached and the optimization hasn't converged yet.
  warnings.warn(
C:\Users\Bobby\AppData\Local\Packages\PythonSoftwareFoundation.Python.3.11_qbz5n2kfra8p0\LocalCache\Local\pypoetry\Cache\virtualenvs\sports-betting-analytics-w0RVEvSZ-py3.11\Lib\site-packages\sklearn\neural_network\_multilayer_perceptron.py:781: ConvergenceWarning: Stochastic Optimizer: Maximum iterations (500) reached and the optimization hasn't converged yet.
  warnings.warn(
INFO:__main__:Loaded tuned params for NHL random_forest from config\tuned_params\nhl_random_forest.json
INFO:__main__:Ensemble pruning: 6 candidates, 6 kept (threshold=0.050, best_log_loss=0.665)
INFO:src.db.models:Persisted 83 predictions for model ensemble_calibrated_0116bcc3
INFO:__main__:Saved model to models\nhl_ensemble_calibrated_moneyline.pkl
INFO:__main__:Metrics written to reports\backtests\nhl_ensemble_calibrated_metrics.json
[2025-12-13 16:55:12] Training NHL random_forest model...
INFO:__main__:Loaded tuned params for NHL random_forest from config\tuned_params\nhl_random_forest.json
INFO:src.db.models:Persisted 83 predictions for model random_forest_calibrated_0b022d28
INFO:__main__:Saved model to models\nhl_random_forest_calibrated_moneyline.pkl
INFO:__main__:Metrics written to reports\backtests\nhl_random_forest_calibrated_metrics.json
[2025-12-13 16:55:15] Training NHL random_forest totals model...
Totals model saved to models\nhl_totals_random_forest.pkl
Metrics written to reports\backtests\nhl_totals_random_forest_metrics.json
[2025-12-13 16:55:18] Training NHL gradient_boosting model...
INFO:src.db.models:Persisted 83 predictions for model gradient_boosting_calibrated_875203d5
INFO:__main__:Saved model to models\nhl_gradient_boosting_calibrated_moneyline.pkl
INFO:__main__:Metrics written to reports\backtests\nhl_gradient_boosting_calibrated_metrics.json
[2025-12-13 16:55:21] Training NHL gradient_boosting totals model...
Totals model saved to models\nhl_totals_gradient_boosting.pkl
Metrics written to reports\backtests\nhl_totals_gradient_boosting_metrics.json
[2025-12-13 16:55:23] Training EPL ensemble model...
C:\Users\Bobby\AppData\Local\Packages\PythonSoftwareFoundation.Python.3.11_qbz5n2kfra8p0\LocalCache\Local\pypoetry\Cache\virtualenvs\sports-betting-analytics-w0RVEvSZ-py3.11\Lib\site-packages\sklearn\utils\validation.py:2749: UserWarning: X does not have valid feature names, but LGBMClassifier was fitted with feature names
  warnings.warn(
C:\Users\Bobby\AppData\Local\Packages\PythonSoftwareFoundation.Python.3.11_qbz5n2kfra8p0\LocalCache\Local\pypoetry\Cache\virtualenvs\sports-betting-analytics-w0RVEvSZ-py3.11\Lib\site-packages\sklearn\utils\validation.py:2749: UserWarning: X does not have valid feature names, but LGBMClassifier was fitted with feature names
  warnings.warn(
C:\Users\Bobby\AppData\Local\Packages\PythonSoftwareFoundation.Python.3.11_qbz5n2kfra8p0\LocalCache\Local\pypoetry\Cache\virtualenvs\sports-betting-analytics-w0RVEvSZ-py3.11\Lib\site-packages\sklearn\utils\validation.py:2749: UserWarning: X does not have valid feature names, but LGBMClassifier was fitted with feature names
  warnings.warn(
C:\Users\Bobby\AppData\Local\Packages\PythonSoftwareFoundation.Python.3.11_qbz5n2kfra8p0\LocalCache\Local\pypoetry\Cache\virtualenvs\sports-betting-analytics-w0RVEvSZ-py3.11\Lib\site-packages\sklearn\utils\validation.py:2749: UserWarning: X does not have valid feature names, but LGBMClassifier was fitted with feature names
  warnings.warn(
C:\Users\Bobby\AppData\Local\Packages\PythonSoftwareFoundation.Python.3.11_qbz5n2kfra8p0\LocalCache\Local\pypoetry\Cache\virtualenvs\sports-betting-analytics-w0RVEvSZ-py3.11\Lib\site-packages\sklearn\utils\validation.py:2749: UserWarning: X does not have valid feature names, but LGBMClassifier was fitted with feature names
  warnings.warn(
INFO:__main__:Loaded tuned params for EPL random_forest from config\tuned_params\epl_random_forest.json
INFO:__main__:Ensemble pruning: 6 candidates, 6 kept (threshold=0.050, best_log_loss=0.605)
INFO:src.db.models:Persisted 1013 predictions for model ensemble_calibrated_05e30986
INFO:__main__:Saved model to models\epl_ensemble_calibrated_moneyline.pkl
INFO:__main__:Metrics written to reports\backtests\epl_ensemble_calibrated_metrics.json
[2025-12-13 16:55:31] Training EPL random_forest model...
INFO:__main__:Loaded tuned params for EPL random_forest from config\tuned_params\epl_random_forest.json
INFO:src.db.models:Persisted 1013 predictions for model random_forest_calibrated_fb80230f
INFO:__main__:Saved model to models\epl_random_forest_calibrated_moneyline.pkl
INFO:__main__:Metrics written to reports\backtests\epl_random_forest_calibrated_metrics.json
[2025-12-13 16:55:34] Training EPL random_forest totals model...
Totals model saved to models\epl_totals_random_forest.pkl
Metrics written to reports\backtests\epl_totals_random_forest_metrics.json
[2025-12-13 16:55:36] Training EPL gradient_boosting model...
INFO:src.db.models:Persisted 1013 predictions for model gradient_boosting_calibrated_795b7cb5
INFO:__main__:Saved model to models\epl_gradient_boosting_calibrated_moneyline.pkl
INFO:__main__:Metrics written to reports\backtests\epl_gradient_boosting_calibrated_metrics.json
[2025-12-13 16:55:40] Training EPL gradient_boosting totals model...
Totals model saved to models\epl_totals_gradient_boosting.pkl
Metrics written to reports\backtests\epl_totals_gradient_boosting_metrics.json
[2025-12-13 16:55:42] Training LALIGA ensemble model...
C:\Users\Bobby\AppData\Local\Packages\PythonSoftwareFoundation.Python.3.11_qbz5n2kfra8p0\LocalCache\Local\pypoetry\Cache\virtualenvs\sports-betting-analytics-w0RVEvSZ-py3.11\Lib\site-packages\sklearn\utils\validation.py:2749: UserWarning: X does not have valid feature names, but LGBMClassifier was fitted with feature names
  warnings.warn(
C:\Users\Bobby\AppData\Local\Packages\PythonSoftwareFoundation.Python.3.11_qbz5n2kfra8p0\LocalCache\Local\pypoetry\Cache\virtualenvs\sports-betting-analytics-w0RVEvSZ-py3.11\Lib\site-packages\sklearn\utils\validation.py:2749: UserWarning: X does not have valid feature names, but LGBMClassifier was fitted with feature names
  warnings.warn(
C:\Users\Bobby\AppData\Local\Packages\PythonSoftwareFoundation.Python.3.11_qbz5n2kfra8p0\LocalCache\Local\pypoetry\Cache\virtualenvs\sports-betting-analytics-w0RVEvSZ-py3.11\Lib\site-packages\sklearn\utils\validation.py:2749: UserWarning: X does not have valid feature names, but LGBMClassifier was fitted with feature names
  warnings.warn(
C:\Users\Bobby\AppData\Local\Packages\PythonSoftwareFoundation.Python.3.11_qbz5n2kfra8p0\LocalCache\Local\pypoetry\Cache\virtualenvs\sports-betting-analytics-w0RVEvSZ-py3.11\Lib\site-packages\sklearn\utils\validation.py:2749: UserWarning: X does not have valid feature names, but LGBMClassifier was fitted with feature names
  warnings.warn(
C:\Users\Bobby\AppData\Local\Packages\PythonSoftwareFoundation.Python.3.11_qbz5n2kfra8p0\LocalCache\Local\pypoetry\Cache\virtualenvs\sports-betting-analytics-w0RVEvSZ-py3.11\Lib\site-packages\sklearn\utils\validation.py:2749: UserWarning: X does not have valid feature names, but LGBMClassifier was fitted with feature names
  warnings.warn(
INFO:__main__:Loaded tuned params for LALIGA random_forest from config\tuned_params\laliga_random_forest.json
INFO:__main__:Ensemble pruning: 6 candidates, 6 kept (threshold=0.050, best_log_loss=0.540)
INFO:src.db.models:Persisted 1013 predictions for model ensemble_calibrated_fb4ebddd
INFO:__main__:Saved model to models\laliga_ensemble_calibrated_moneyline.pkl
INFO:__main__:Metrics written to reports\backtests\laliga_ensemble_calibrated_metrics.json
[2025-12-13 16:55:50] Training LALIGA random_forest model...
INFO:__main__:Loaded tuned params for LALIGA random_forest from config\tuned_params\laliga_random_forest.json
INFO:src.db.models:Persisted 1013 predictions for model random_forest_calibrated_97aa4026
INFO:__main__:Saved model to models\laliga_random_forest_calibrated_moneyline.pkl
INFO:__main__:Metrics written to reports\backtests\laliga_random_forest_calibrated_metrics.json
[2025-12-13 16:55:54] Training LALIGA random_forest totals model...
Totals model saved to models\laliga_totals_random_forest.pkl
Metrics written to reports\backtests\laliga_totals_random_forest_metrics.json
[2025-12-13 16:55:56] Training LALIGA gradient_boosting model...
INFO:src.db.models:Persisted 1013 predictions for model gradient_boosting_calibrated_f67e8310
INFO:__main__:Saved model to models\laliga_gradient_boosting_calibrated_moneyline.pkl
INFO:__main__:Metrics written to reports\backtests\laliga_gradient_boosting_calibrated_metrics.json
[2025-12-13 16:56:00] Training LALIGA gradient_boosting totals model...
Totals model saved to models\laliga_totals_gradient_boosting.pkl
Metrics written to reports\backtests\laliga_totals_gradient_boosting_metrics.json
[2025-12-13 16:56:02] Training BUNDESLIGA ensemble model...
C:\Users\Bobby\AppData\Local\Packages\PythonSoftwareFoundation.Python.3.11_qbz5n2kfra8p0\LocalCache\Local\pypoetry\Cache\virtualenvs\sports-betting-analytics-w0RVEvSZ-py3.11\Lib\site-packages\sklearn\utils\validation.py:2749: UserWarning: X does not have valid feature names, but LGBMClassifier was fitted with feature names
  warnings.warn(
C:\Users\Bobby\AppData\Local\Packages\PythonSoftwareFoundation.Python.3.11_qbz5n2kfra8p0\LocalCache\Local\pypoetry\Cache\virtualenvs\sports-betting-analytics-w0RVEvSZ-py3.11\Lib\site-packages\sklearn\utils\validation.py:2749: UserWarning: X does not have valid feature names, but LGBMClassifier was fitted with feature names
  warnings.warn(
C:\Users\Bobby\AppData\Local\Packages\PythonSoftwareFoundation.Python.3.11_qbz5n2kfra8p0\LocalCache\Local\pypoetry\Cache\virtualenvs\sports-betting-analytics-w0RVEvSZ-py3.11\Lib\site-packages\sklearn\utils\validation.py:2749: UserWarning: X does not have valid feature names, but LGBMClassifier was fitted with feature names
  warnings.warn(
C:\Users\Bobby\AppData\Local\Packages\PythonSoftwareFoundation.Python.3.11_qbz5n2kfra8p0\LocalCache\Local\pypoetry\Cache\virtualenvs\sports-betting-analytics-w0RVEvSZ-py3.11\Lib\site-packages\sklearn\utils\validation.py:2749: UserWarning: X does not have valid feature names, but LGBMClassifier was fitted with feature names
  warnings.warn(
C:\Users\Bobby\AppData\Local\Packages\PythonSoftwareFoundation.Python.3.11_qbz5n2kfra8p0\LocalCache\Local\pypoetry\Cache\virtualenvs\sports-betting-analytics-w0RVEvSZ-py3.11\Lib\site-packages\sklearn\utils\validation.py:2749: UserWarning: X does not have valid feature names, but LGBMClassifier was fitted with feature names
  warnings.warn(
INFO:__main__:Loaded tuned params for BUNDESLIGA random_forest from config\tuned_params\bundesliga_random_forest.json
INFO:__main__:Ensemble pruning: 6 candidates, 6 kept (threshold=0.050, best_log_loss=0.589)
INFO:src.db.models:Persisted 815 predictions for model ensemble_calibrated_2624b3ad
INFO:__main__:Saved model to models\bundesliga_ensemble_calibrated_moneyline.pkl
INFO:__main__:Metrics written to reports\backtests\bundesliga_ensemble_calibrated_metrics.json
[2025-12-13 16:56:10] Training BUNDESLIGA random_forest model...
INFO:__main__:Loaded tuned params for BUNDESLIGA random_forest from config\tuned_params\bundesliga_random_forest.json
INFO:src.db.models:Persisted 815 predictions for model random_forest_calibrated_82431659
INFO:__main__:Saved model to models\bundesliga_random_forest_calibrated_moneyline.pkl
INFO:__main__:Metrics written to reports\backtests\bundesliga_random_forest_calibrated_metrics.json
[2025-12-13 16:56:14] Training BUNDESLIGA random_forest totals model...
Totals model saved to models\bundesliga_totals_random_forest.pkl
Metrics written to reports\backtests\bundesliga_totals_random_forest_metrics.json
[2025-12-13 16:56:16] Training BUNDESLIGA gradient_boosting model...
INFO:src.db.models:Persisted 815 predictions for model gradient_boosting_calibrated_25a087db
INFO:__main__:Saved model to models\bundesliga_gradient_boosting_calibrated_moneyline.pkl
INFO:__main__:Metrics written to reports\backtests\bundesliga_gradient_boosting_calibrated_metrics.json
[2025-12-13 16:56:20] Training BUNDESLIGA gradient_boosting totals model...
Totals model saved to models\bundesliga_totals_gradient_boosting.pkl
Metrics written to reports\backtests\bundesliga_totals_gradient_boosting_metrics.json
[2025-12-13 16:56:22] Training SERIEA ensemble model...
C:\Users\Bobby\AppData\Local\Packages\PythonSoftwareFoundation.Python.3.11_qbz5n2kfra8p0\LocalCache\Local\pypoetry\Cache\virtualenvs\sports-betting-analytics-w0RVEvSZ-py3.11\Lib\site-packages\sklearn\utils\validation.py:2749: UserWarning: X does not have valid feature names, but LGBMClassifier was fitted with feature names
  warnings.warn(
C:\Users\Bobby\AppData\Local\Packages\PythonSoftwareFoundation.Python.3.11_qbz5n2kfra8p0\LocalCache\Local\pypoetry\Cache\virtualenvs\sports-betting-analytics-w0RVEvSZ-py3.11\Lib\site-packages\sklearn\utils\validation.py:2749: UserWarning: X does not have valid feature names, but LGBMClassifier was fitted with feature names
  warnings.warn(
C:\Users\Bobby\AppData\Local\Packages\PythonSoftwareFoundation.Python.3.11_qbz5n2kfra8p0\LocalCache\Local\pypoetry\Cache\virtualenvs\sports-betting-analytics-w0RVEvSZ-py3.11\Lib\site-packages\sklearn\utils\validation.py:2749: UserWarning: X does not have valid feature names, but LGBMClassifier was fitted with feature names
  warnings.warn(
C:\Users\Bobby\AppData\Local\Packages\PythonSoftwareFoundation.Python.3.11_qbz5n2kfra8p0\LocalCache\Local\pypoetry\Cache\virtualenvs\sports-betting-analytics-w0RVEvSZ-py3.11\Lib\site-packages\sklearn\utils\validation.py:2749: UserWarning: X does not have valid feature names, but LGBMClassifier was fitted with feature names
  warnings.warn(
C:\Users\Bobby\AppData\Local\Packages\PythonSoftwareFoundation.Python.3.11_qbz5n2kfra8p0\LocalCache\Local\pypoetry\Cache\virtualenvs\sports-betting-analytics-w0RVEvSZ-py3.11\Lib\site-packages\sklearn\utils\validation.py:2749: UserWarning: X does not have valid feature names, but LGBMClassifier was fitted with feature names
  warnings.warn(
INFO:__main__:Loaded tuned params for SERIEA random_forest from config\tuned_params\seriea_random_forest.json
INFO:__main__:Ensemble pruning: 6 candidates, 6 kept (threshold=0.050, best_log_loss=0.585)
INFO:src.db.models:Persisted 1003 predictions for model ensemble_calibrated_2b10f800
INFO:__main__:Saved model to models\seriea_ensemble_calibrated_moneyline.pkl
INFO:__main__:Metrics written to reports\backtests\seriea_ensemble_calibrated_metrics.json
[2025-12-13 16:56:29] Training SERIEA random_forest model...
INFO:__main__:Loaded tuned params for SERIEA random_forest from config\tuned_params\seriea_random_forest.json
INFO:src.db.models:Persisted 1003 predictions for model random_forest_calibrated_6c0be5da
INFO:__main__:Saved model to models\seriea_random_forest_calibrated_moneyline.pkl
INFO:__main__:Metrics written to reports\backtests\seriea_random_forest_calibrated_metrics.json
[2025-12-13 16:56:32] Training SERIEA random_forest totals model...
Totals model saved to models\seriea_totals_random_forest.pkl
Metrics written to reports\backtests\seriea_totals_random_forest_metrics.json
[2025-12-13 16:56:34] Training SERIEA gradient_boosting model...
INFO:src.db.models:Persisted 1003 predictions for model gradient_boosting_calibrated_1f84c3f5
INFO:__main__:Saved model to models\seriea_gradient_boosting_calibrated_moneyline.pkl
INFO:__main__:Metrics written to reports\backtests\seriea_gradient_boosting_calibrated_metrics.json
[2025-12-13 16:56:38] Training SERIEA gradient_boosting totals model...
Totals model saved to models\seriea_totals_gradient_boosting.pkl
Metrics written to reports\backtests\seriea_totals_gradient_boosting_metrics.json
[2025-12-13 16:56:40] Training LIGUE1 ensemble model...
C:\Users\Bobby\AppData\Local\Packages\PythonSoftwareFoundation.Python.3.11_qbz5n2kfra8p0\LocalCache\Local\pypoetry\Cache\virtualenvs\sports-betting-analytics-w0RVEvSZ-py3.11\Lib\site-packages\sklearn\utils\validation.py:2749: UserWarning: X does not have valid feature names, but LGBMClassifier was fitted with feature names
  warnings.warn(
C:\Users\Bobby\AppData\Local\Packages\PythonSoftwareFoundation.Python.3.11_qbz5n2kfra8p0\LocalCache\Local\pypoetry\Cache\virtualenvs\sports-betting-analytics-w0RVEvSZ-py3.11\Lib\site-packages\sklearn\utils\validation.py:2749: UserWarning: X does not have valid feature names, but LGBMClassifier was fitted with feature names
  warnings.warn(
C:\Users\Bobby\AppData\Local\Packages\PythonSoftwareFoundation.Python.3.11_qbz5n2kfra8p0\LocalCache\Local\pypoetry\Cache\virtualenvs\sports-betting-analytics-w0RVEvSZ-py3.11\Lib\site-packages\sklearn\utils\validation.py:2749: UserWarning: X does not have valid feature names, but LGBMClassifier was fitted with feature names
  warnings.warn(
C:\Users\Bobby\AppData\Local\Packages\PythonSoftwareFoundation.Python.3.11_qbz5n2kfra8p0\LocalCache\Local\pypoetry\Cache\virtualenvs\sports-betting-analytics-w0RVEvSZ-py3.11\Lib\site-packages\sklearn\utils\validation.py:2749: UserWarning: X does not have valid feature names, but LGBMClassifier was fitted with feature names
  warnings.warn(
C:\Users\Bobby\AppData\Local\Packages\PythonSoftwareFoundation.Python.3.11_qbz5n2kfra8p0\LocalCache\Local\pypoetry\Cache\virtualenvs\sports-betting-analytics-w0RVEvSZ-py3.11\Lib\site-packages\sklearn\utils\validation.py:2749: UserWarning: X does not have valid feature names, but LGBMClassifier was fitted with feature names
  warnings.warn(
INFO:__main__:Loaded tuned params for LIGUE1 random_forest from config\tuned_params\ligue1_random_forest.json
INFO:__main__:Ensemble pruning: 6 candidates, 6 kept (threshold=0.050, best_log_loss=0.592)
INFO:src.db.models:Persisted 1012 predictions for model ensemble_calibrated_cfa8d4bc
INFO:__main__:Saved model to models\ligue1_ensemble_calibrated_moneyline.pkl
INFO:__main__:Metrics written to reports\backtests\ligue1_ensemble_calibrated_metrics.json
[2025-12-13 16:56:48] Training LIGUE1 random_forest model...
INFO:__main__:Loaded tuned params for LIGUE1 random_forest from config\tuned_params\ligue1_random_forest.json
INFO:src.db.models:Persisted 1012 predictions for model random_forest_calibrated_e35bd520
INFO:__main__:Saved model to models\ligue1_random_forest_calibrated_moneyline.pkl
INFO:__main__:Metrics written to reports\backtests\ligue1_random_forest_calibrated_metrics.json
[2025-12-13 16:56:51] Training LIGUE1 random_forest totals model...
Totals model saved to models\ligue1_totals_random_forest.pkl
Metrics written to reports\backtests\ligue1_totals_random_forest_metrics.json
[2025-12-13 16:56:53] Training LIGUE1 gradient_boosting model...
INFO:src.db.models:Persisted 1012 predictions for model gradient_boosting_calibrated_7ee5823b
INFO:__main__:Saved model to models\ligue1_gradient_boosting_calibrated_moneyline.pkl
INFO:__main__:Metrics written to reports\backtests\ligue1_gradient_boosting_calibrated_metrics.json
[2025-12-13 16:56:57] Training LIGUE1 gradient_boosting totals model...
Totals model saved to models\ligue1_totals_gradient_boosting.pkl
Metrics written to reports\backtests\ligue1_totals_gradient_boosting_metrics.json
[2025-12-13 16:56:59] =========================================
[2025-12-13 16:56:59] TRAINING pipeline completed
[2025-12-13 16:56:59] =========================================
**********************
Windows PowerShell transcript end
End time: 20251213165659
**********************
