[2025-12-04 00:35:24] =========================================
[2025-12-04 00:35:24] Starting TRAINING pipeline
[2025-12-04 00:35:24] =========================================
[2025-12-04 00:35:24] Processing leagues: NFL, NBA, CFB, NCAAB, NHL, EPL, LALIGA, BUNDESLIGA, SERIEA, LIGUE1
[2025-12-04 00:35:24] Detecting available soccer seasons from data/raw/results...
[2025-12-04 00:35:26] Detected soccer seasons: EPL:	2022,2023,2024,2025,2026 | BUNDESLIGA:	2016,2023,2024,2025,2026 | LIGUE1:	2016,2023,2024,2025,2026 | LALIGA:	2016,2023,2024,2025,2026 | SERIEA:	2016,2023,2024,2025,2026
[2025-12-04 00:35:26] Step 1: Ingesting historical results and injuries...
[2025-12-04 00:35:27] Ingestion complete
[2025-12-04 00:35:27] Syncing Understat archives for leagues: EPL,La_liga,Bundesliga,Serie_A,Ligue_1 (seasons: 2021,2022,2023,2024,2025)...
[2025-12-04 00:35:29] Fetching Understat match payloads for leagues: EPL,La_liga,Bundesliga,Serie_A,Ligue_1 (seasons: 2024,2025)...
[2025-12-04 00:35:31] Syncing football-data odds archives for leagues: premier-league,la-liga,bundesliga,serie-a,ligue-1...
[2025-12-04 00:35:33] Updating soccer totals from football-data for leagues: premier-league,la-liga,bundesliga,serie-a,ligue-1...
[2025-12-04 00:35:52] Step 2: Refreshing advanced stats...
[2025-12-04 00:35:53] Advanced stats ingestion complete
[2025-12-04 00:35:53] Step 3: Rebuilding datasets...
[2025-12-04 00:35:53] Building dataset for NFL (seasons: 2021, 2022, 2023, 2024, 2025)...
[2025-12-04 00:35:56] Building dataset for NBA (seasons: 2021, 2022, 2023, 2024, 2025)...
[2025-12-04 00:36:04] Building dataset for CFB (seasons: 2021, 2022, 2023, 2024, 2025)...
[2025-12-04 00:36:07] Building dataset for NCAAB (seasons: 2021, 2022, 2023, 2024, 2025)...
[2025-12-04 00:36:09] Building dataset for NHL (seasons: 2021, 2022, 2023, 2024, 2025)...
[2025-12-04 00:36:10] INFO: Augmenting EPL dataset with historical seasons: 2013, 2014, 2015, 2016, 2022, 2023, 2024, 2025, 2026
[2025-12-04 00:36:10] Building dataset for EPL (seasons: 2013, 2014, 2015, 2016, 2022, 2023, 2024, 2025, 2026)...
[2025-12-04 00:36:15] INFO: Augmenting LALIGA dataset with historical seasons: 2013, 2014, 2015, 2016, 2023, 2024, 2025, 2026
[2025-12-04 00:36:15] Building dataset for LALIGA (seasons: 2013, 2014, 2015, 2016, 2023, 2024, 2025, 2026)...
[2025-12-04 00:36:17] INFO: Augmenting BUNDESLIGA dataset with historical seasons: 2013, 2014, 2015, 2016, 2023, 2024, 2025, 2026
[2025-12-04 00:36:17] Building dataset for BUNDESLIGA (seasons: 2013, 2014, 2015, 2016, 2023, 2024, 2025, 2026)...
[2025-12-04 00:36:20] INFO: Augmenting SERIEA dataset with historical seasons: 2013, 2014, 2015, 2016, 2023, 2024, 2025, 2026
[2025-12-04 00:36:20] Building dataset for SERIEA (seasons: 2013, 2014, 2015, 2016, 2023, 2024, 2025, 2026)...
[2025-12-04 00:36:22] INFO: Augmenting LIGUE1 dataset with historical seasons: 2013, 2014, 2015, 2016, 2023, 2024, 2025, 2026
[2025-12-04 00:36:22] Building dataset for LIGUE1 (seasons: 2013, 2014, 2015, 2016, 2023, 2024, 2025, 2026)...
[2025-12-04 00:36:24] Dataset rebuild complete
[2025-12-04 00:36:24] Step 4: Training models...
[2025-12-04 00:36:24] Training NFL ensemble model...
[2025-12-04 00:37:34] Training NFL random_forest model...
[2025-12-04 00:37:40] Training NFL random_forest totals model...
[2025-12-04 00:37:42] Training NFL gradient_boosting model...
[2025-12-04 00:37:50] Training NFL gradient_boosting totals model...
[2025-12-04 00:37:52] Training NBA ensemble model...
[2025-12-04 00:38:10] Training NBA random_forest model...
[2025-12-04 00:38:13] Training NBA random_forest totals model...
[2025-12-04 00:38:15] Training NBA gradient_boosting model...
[2025-12-04 00:38:19] Training NBA gradient_boosting totals model...
[2025-12-04 00:38:21] Training CFB ensemble model...
[2025-12-04 00:38:34] Training CFB random_forest model...
[2025-12-04 00:38:38] Training CFB random_forest totals model...
[2025-12-04 00:38:40] Training CFB gradient_boosting model...
[2025-12-04 00:38:44] Training CFB gradient_boosting totals model...
[2025-12-04 00:38:46] Training NCAAB ensemble model...
[2025-12-04 00:39:13] Training NCAAB random_forest model...
[2025-12-04 00:39:18] Training NCAAB random_forest totals model...
[2025-12-04 00:39:21] Training NCAAB gradient_boosting model...
[2025-12-04 00:39:25] Training NCAAB gradient_boosting totals model...
[2025-12-04 00:39:27] Training NHL ensemble model...
[2025-12-04 00:39:35] Training NHL random_forest model...
[2025-12-04 00:39:38] Training NHL random_forest totals model...
[2025-12-04 00:39:40] Training NHL gradient_boosting model...
[2025-12-04 00:39:44] Training NHL gradient_boosting totals model...
[2025-12-04 00:39:46] Training EPL ensemble model...
[2025-12-04 00:40:08] Training EPL random_forest model...
[2025-12-04 00:40:11] Training EPL random_forest totals model...
[2025-12-04 00:40:13] Training EPL gradient_boosting model...
[2025-12-04 00:40:17] Training EPL gradient_boosting totals model...
[2025-12-04 00:40:19] Training LALIGA ensemble model...
[2025-12-04 00:40:32] Training LALIGA random_forest model...
[2025-12-04 00:40:36] Training LALIGA random_forest totals model...
[2025-12-04 00:40:38] Training LALIGA gradient_boosting model...
[2025-12-04 00:40:42] Training LALIGA gradient_boosting totals model...
[2025-12-04 00:40:43] Training BUNDESLIGA ensemble model...
[2025-12-04 00:40:57] Training BUNDESLIGA random_forest model...
[2025-12-04 00:41:01] Training BUNDESLIGA random_forest totals model...
[2025-12-04 00:41:03] Training BUNDESLIGA gradient_boosting model...
[2025-12-04 00:41:07] Training BUNDESLIGA gradient_boosting totals model...
[2025-12-04 00:41:09] Training SERIEA ensemble model...
[2025-12-04 00:41:23] Training SERIEA random_forest model...
[2025-12-04 00:41:26] Training SERIEA random_forest totals model...
[2025-12-04 00:41:29] Training SERIEA gradient_boosting model...
[2025-12-04 00:41:32] Training SERIEA gradient_boosting totals model...
[2025-12-04 00:41:35] Training LIGUE1 ensemble model...
[2025-12-04 00:41:47] Training LIGUE1 random_forest model...
[2025-12-04 00:41:51] Training LIGUE1 random_forest totals model...
[2025-12-04 00:41:53] Training LIGUE1 gradient_boosting model...
[2025-12-04 00:41:57] Training LIGUE1 gradient_boosting totals model...
[2025-12-04 00:42:00] Model training complete
[2025-12-04 00:42:00] =========================================
[2025-12-04 00:42:00] TRAINING pipeline completed
[2025-12-04 00:42:00] =========================================
